INFO: [VRFC 10-2263] Analyzing Verilog file "C:/Users/yoxo/OneDrive/Documenti/work_dir/Master_Degree_Thesis/PYNQ_SVM_CLASSIFIER/PYNQ_SVM_CLASSIFIER.sim/sim_1/impl/timing/xsim/TB_CLASSIFIER_w_VOTING_time_impl.v" into library xil_defaultlib
INFO: [VRFC 10-311] analyzing module RAM32X1S_UNIQ_BASE_
INFO: [VRFC 10-311] analyzing module RAM32X1S_HD1
INFO: [VRFC 10-311] analyzing module RAM32X1S_HD10
INFO: [VRFC 10-311] analyzing module RAM32X1S_HD11
INFO: [VRFC 10-311] analyzing module RAM32X1S_HD12
INFO: [VRFC 10-311] analyzing module RAM32X1S_HD13
INFO: [VRFC 10-311] analyzing module RAM32X1S_HD14
INFO: [VRFC 10-311] analyzing module RAM32X1S_HD15
INFO: [VRFC 10-311] analyzing module RAM32X1S_HD16
INFO: [VRFC 10-311] analyzing module RAM32X1S_HD17
INFO: [VRFC 10-311] analyzing module RAM32X1S_HD18
INFO: [VRFC 10-311] analyzing module RAM32X1S_HD2
INFO: [VRFC 10-311] analyzing module RAM32X1S_HD3
INFO: [VRFC 10-311] analyzing module RAM32X1S_HD4
INFO: [VRFC 10-311] analyzing module RAM32X1S_HD5
INFO: [VRFC 10-311] analyzing module RAM32X1S_HD6
INFO: [VRFC 10-311] analyzing module RAM32X1S_HD7
INFO: [VRFC 10-311] analyzing module RAM32X1S_HD8
INFO: [VRFC 10-311] analyzing module RAM32X1S_HD9
INFO: [VRFC 10-311] analyzing module Classifier
INFO: [VRFC 10-311] analyzing module DSP_AxB_Cascade
INFO: [VRFC 10-311] analyzing module DSP_AxB_Cascade__1
INFO: [VRFC 10-311] analyzing module DSP_AxB_Cascade__10
INFO: [VRFC 10-311] analyzing module DSP_AxB_Cascade__11
INFO: [VRFC 10-311] analyzing module DSP_AxB_Cascade__12
INFO: [VRFC 10-311] analyzing module DSP_AxB_Cascade__13
INFO: [VRFC 10-311] analyzing module DSP_AxB_Cascade__14
INFO: [VRFC 10-311] analyzing module DSP_AxB_Cascade__15
INFO: [VRFC 10-311] analyzing module DSP_AxB_Cascade__16
INFO: [VRFC 10-311] analyzing module DSP_AxB_Cascade__17
INFO: [VRFC 10-311] analyzing module DSP_AxB_Cascade__18
INFO: [VRFC 10-311] analyzing module DSP_AxB_Cascade__19
INFO: [VRFC 10-311] analyzing module DSP_AxB_Cascade__2
INFO: [VRFC 10-311] analyzing module DSP_AxB_Cascade__20
INFO: [VRFC 10-311] analyzing module DSP_AxB_Cascade__21
INFO: [VRFC 10-311] analyzing module DSP_AxB_Cascade__22
INFO: [VRFC 10-311] analyzing module DSP_AxB_Cascade__23
INFO: [VRFC 10-311] analyzing module DSP_AxB_Cascade__24
INFO: [VRFC 10-311] analyzing module DSP_AxB_Cascade__25
INFO: [VRFC 10-311] analyzing module DSP_AxB_Cascade__26
INFO: [VRFC 10-311] analyzing module DSP_AxB_Cascade__27
INFO: [VRFC 10-311] analyzing module DSP_AxB_Cascade__28
INFO: [VRFC 10-311] analyzing module DSP_AxB_Cascade__29
INFO: [VRFC 10-311] analyzing module DSP_AxB_Cascade__3
INFO: [VRFC 10-311] analyzing module DSP_AxB_Cascade__30
INFO: [VRFC 10-311] analyzing module DSP_AxB_Cascade__31
INFO: [VRFC 10-311] analyzing module DSP_AxB_Cascade__32
INFO: [VRFC 10-311] analyzing module DSP_AxB_Cascade__4
INFO: [VRFC 10-311] analyzing module DSP_AxB_Cascade__5
INFO: [VRFC 10-311] analyzing module DSP_AxB_Cascade__6
INFO: [VRFC 10-311] analyzing module DSP_AxB_Cascade__7
INFO: [VRFC 10-311] analyzing module DSP_AxB_Cascade__8
INFO: [VRFC 10-311] analyzing module DSP_AxB_Cascade__9
INFO: [VRFC 10-311] analyzing module DSP_AxB_Cascade_wo_PCIN
INFO: [VRFC 10-311] analyzing module DSP_AxB_plus_C
INFO: [VRFC 10-311] analyzing module FSM
INFO: [VRFC 10-311] analyzing module FSM_Kernel_Bias
INFO: [VRFC 10-311] analyzing module FSM_SIPO_PCV
INFO: [VRFC 10-311] analyzing module FSM_Voting
INFO: [VRFC 10-311] analyzing module PL_CLASSIFIER_w_VOTING
INFO: [VRFC 10-311] analyzing module RAM_Bias
INFO: [VRFC 10-311] analyzing module RAM_Kernel_Scale
INFO: [VRFC 10-311] analyzing module RAM_Pre_Computed_Vector
INFO: [VRFC 10-311] analyzing module SIPO_buffer
INFO: [VRFC 10-311] analyzing module SVM
INFO: [VRFC 10-311] analyzing module Voting_w_ce
INFO: [VRFC 10-311] analyzing module counter_3b
INFO: [VRFC 10-311] analyzing module counter_3b__1
INFO: [VRFC 10-311] analyzing module counter_3b__2
INFO: [VRFC 10-311] analyzing module counter_3b__3
INFO: [VRFC 10-311] analyzing module counter_3b__4
INFO: [VRFC 10-311] analyzing module counter_3b__5
INFO: [VRFC 10-311] analyzing module double_shift_reg
INFO: [VRFC 10-311] analyzing module double_shift_reg__parameterized1
INFO: [VRFC 10-311] analyzing module double_shift_reg__parameterized11
INFO: [VRFC 10-311] analyzing module double_shift_reg__parameterized13
INFO: [VRFC 10-311] analyzing module double_shift_reg__parameterized15
INFO: [VRFC 10-311] analyzing module double_shift_reg__parameterized17
INFO: [VRFC 10-311] analyzing module double_shift_reg__parameterized19
INFO: [VRFC 10-311] analyzing module double_shift_reg__parameterized21
INFO: [VRFC 10-311] analyzing module double_shift_reg__parameterized23
INFO: [VRFC 10-311] analyzing module double_shift_reg__parameterized25
INFO: [VRFC 10-311] analyzing module double_shift_reg__parameterized27
INFO: [VRFC 10-311] analyzing module double_shift_reg__parameterized29
INFO: [VRFC 10-311] analyzing module double_shift_reg__parameterized3
INFO: [VRFC 10-311] analyzing module double_shift_reg__parameterized31
INFO: [VRFC 10-311] analyzing module double_shift_reg__parameterized33
INFO: [VRFC 10-311] analyzing module double_shift_reg__parameterized35
INFO: [VRFC 10-311] analyzing module double_shift_reg__parameterized37
INFO: [VRFC 10-311] analyzing module double_shift_reg__parameterized39
INFO: [VRFC 10-311] analyzing module double_shift_reg__parameterized41
INFO: [VRFC 10-311] analyzing module double_shift_reg__parameterized43
INFO: [VRFC 10-311] analyzing module double_shift_reg__parameterized45
INFO: [VRFC 10-311] analyzing module double_shift_reg__parameterized47
INFO: [VRFC 10-311] analyzing module double_shift_reg__parameterized49
INFO: [VRFC 10-311] analyzing module double_shift_reg__parameterized5
INFO: [VRFC 10-311] analyzing module double_shift_reg__parameterized51
INFO: [VRFC 10-311] analyzing module double_shift_reg__parameterized53
INFO: [VRFC 10-311] analyzing module double_shift_reg__parameterized55
INFO: [VRFC 10-311] analyzing module double_shift_reg__parameterized57
INFO: [VRFC 10-311] analyzing module double_shift_reg__parameterized59
INFO: [VRFC 10-311] analyzing module double_shift_reg__parameterized61
INFO: [VRFC 10-311] analyzing module double_shift_reg__parameterized63
INFO: [VRFC 10-311] analyzing module double_shift_reg__parameterized7
INFO: [VRFC 10-311] analyzing module double_shift_reg__parameterized9
INFO: [VRFC 10-311] analyzing module incremental_pipe
INFO: [VRFC 10-311] analyzing module xilinx_single_port_ram_no_change
INFO: [VRFC 10-311] analyzing module xilinx_single_port_ram_no_change__parameterized1
INFO: [VRFC 10-311] analyzing module xilinx_single_port_ram_no_change__parameterized3
INFO: [VRFC 10-311] analyzing module glbl
INFO: [VRFC 10-163] Analyzing VHDL file "C:/Users/yoxo/OneDrive/Documenti/work_dir/Master_Degree_Thesis/PYNQ_SVM_CLASSIFIER/PYNQ_SVM_CLASSIFIER.srcs/sim_1/imports/new/TB_CLASSIFIER_w_VOTING.vhd" into library xil_defaultlib
INFO: [VRFC 10-3107] analyzing entity 'TB_CLASSIFIER_w_VOTING'
