Vivado Simulator 2018.3
Time resolution is 1 ps
WARNING: "C:\Xilinx\Vivado\2018.3\data/verilog/src/unisims/LDCE.v" Line 169: Timing violation in scope /TB_CLASSIFIER_w_VOTING/DUT/PM_Voting/win_class_reg[0]/TChk169_130741 at time 573625 ps $width (negedge G,(0:0:0),0,notifier) 
WARNING: "C:\Xilinx\Vivado\2018.3\data/verilog/src/unisims/LDCE.v" Line 169: Timing violation in scope /TB_CLASSIFIER_w_VOTING/DUT/PM_Voting/win_class_reg[1]/TChk169_130741 at time 573625 ps $width (negedge G,(0:0:0),0,notifier) 
WARNING: "C:\Xilinx\Vivado\2018.3\data/verilog/src/unisims/LDCE.v" Line 169: Timing violation in scope /TB_CLASSIFIER_w_VOTING/DUT/PM_Voting/win_class_reg[2]/TChk169_130741 at time 573625 ps $width (negedge G,(0:0:0),0,notifier) 
WARNING: "C:\Xilinx\Vivado\2018.3\data/verilog/src/unisims/LDCE.v" Line 169: Timing violation in scope /TB_CLASSIFIER_w_VOTING/DUT/PM_Voting/win_class_reg[0]/TChk169_130741 at time 1093625 ps $width (negedge G,(0:0:0),0,notifier) 
WARNING: "C:\Xilinx\Vivado\2018.3\data/verilog/src/unisims/LDCE.v" Line 169: Timing violation in scope /TB_CLASSIFIER_w_VOTING/DUT/PM_Voting/win_class_reg[1]/TChk169_130741 at time 1093625 ps $width (negedge G,(0:0:0),0,notifier) 
WARNING: "C:\Xilinx\Vivado\2018.3\data/verilog/src/unisims/LDCE.v" Line 169: Timing violation in scope /TB_CLASSIFIER_w_VOTING/DUT/PM_Voting/win_class_reg[2]/TChk169_130741 at time 1093625 ps $width (negedge G,(0:0:0),0,notifier) 
WARNING: "C:\Xilinx\Vivado\2018.3\data/verilog/src/unisims/LDCE.v" Line 171: Timing violation in scope /TB_CLASSIFIER_w_VOTING/DUT/PM_FSM/pm_FSM_Kernel_Bias/addr_RAM_Bias_reg[1]/TChk171_130743 at time 1132545 ps $width (posedge G,(0:0:0),0,notifier) 
WARNING: "C:\Xilinx\Vivado\2018.3\data/verilog/src/unisims/LDCE.v" Line 171: Timing violation in scope /TB_CLASSIFIER_w_VOTING/DUT/PM_FSM/pm_FSM_Kernel_Bias/addr_RAM_Bias_reg[2]/TChk171_130743 at time 1132545 ps $width (posedge G,(0:0:0),0,notifier) 
WARNING: "C:\Xilinx\Vivado\2018.3\data/verilog/src/unisims/LDCE.v" Line 171: Timing violation in scope /TB_CLASSIFIER_w_VOTING/DUT/PM_FSM/pm_FSM_Kernel_Bias/addr_RAM_Bias_reg[0]/TChk171_130743 at time 1132756 ps $width (posedge G,(0:0:0),0,notifier) 
WARNING: "C:\Xilinx\Vivado\2018.3\data/verilog/src/unisims/LDCE.v" Line 171: Timing violation in scope /TB_CLASSIFIER_w_VOTING/DUT/PM_FSM/pm_FSM_Kernel_Bias/addr_RAM_Bias_reg[3]/TChk171_130743 at time 1132756 ps $width (posedge G,(0:0:0),0,notifier) 
WARNING: "C:\Xilinx\Vivado\2018.3\data/verilog/src/unisims/LDCE.v" Line 169: Timing violation in scope /TB_CLASSIFIER_w_VOTING/DUT/PM_FSM/pm_FSM_Kernel_Bias/addr_RAM_Kernel_Scale_reg[0]/TChk169_130741 at time 1372808 ps $width (negedge G,(0:0:0),0,notifier) 
WARNING: "C:\Xilinx\Vivado\2018.3\data/verilog/src/unisims/LDCE.v" Line 169: Timing violation in scope /TB_CLASSIFIER_w_VOTING/DUT/PM_FSM/pm_FSM_Kernel_Bias/addr_RAM_Kernel_Scale_reg[1]/TChk169_130741 at time 1372808 ps $width (negedge G,(0:0:0),0,notifier) 
WARNING: "C:\Xilinx\Vivado\2018.3\data/verilog/src/unisims/LDCE.v" Line 169: Timing violation in scope /TB_CLASSIFIER_w_VOTING/DUT/PM_FSM/pm_FSM_Kernel_Bias/addr_RAM_Kernel_Scale_reg[2]/TChk169_130741 at time 1372808 ps $width (negedge G,(0:0:0),0,notifier) 
WARNING: "C:\Xilinx\Vivado\2018.3\data/verilog/src/unisims/LDCE.v" Line 169: Timing violation in scope /TB_CLASSIFIER_w_VOTING/DUT/PM_FSM/pm_FSM_Kernel_Bias/addr_RAM_Kernel_Scale_reg[3]/TChk169_130741 at time 1372808 ps $width (negedge G,(0:0:0),0,notifier) 
WARNING: "C:\Xilinx\Vivado\2018.3\data/verilog/src/unisims/LDCE.v" Line 169: Timing violation in scope /TB_CLASSIFIER_w_VOTING/DUT/PM_Voting/win_class_reg[0]/TChk169_130741 at time 1613625 ps $width (negedge G,(0:0:0),0,notifier) 
WARNING: "C:\Xilinx\Vivado\2018.3\data/verilog/src/unisims/LDCE.v" Line 169: Timing violation in scope /TB_CLASSIFIER_w_VOTING/DUT/PM_Voting/win_class_reg[1]/TChk169_130741 at time 1613625 ps $width (negedge G,(0:0:0),0,notifier) 
WARNING: "C:\Xilinx\Vivado\2018.3\data/verilog/src/unisims/LDCE.v" Line 169: Timing violation in scope /TB_CLASSIFIER_w_VOTING/DUT/PM_Voting/win_class_reg[2]/TChk169_130741 at time 1613625 ps $width (negedge G,(0:0:0),0,notifier) 
WARNING: "C:\Xilinx\Vivado\2018.3\data/verilog/src/unisims/LDCE.v" Line 169: Timing violation in scope /TB_CLASSIFIER_w_VOTING/DUT/PM_FSM/pm_FSM_Kernel_Bias/addr_RAM_Kernel_Scale_reg[0]/TChk169_130741 at time 1892808 ps $width (negedge G,(0:0:0),0,notifier) 
WARNING: "C:\Xilinx\Vivado\2018.3\data/verilog/src/unisims/LDCE.v" Line 169: Timing violation in scope /TB_CLASSIFIER_w_VOTING/DUT/PM_FSM/pm_FSM_Kernel_Bias/addr_RAM_Kernel_Scale_reg[1]/TChk169_130741 at time 1892808 ps $width (negedge G,(0:0:0),0,notifier) 
WARNING: "C:\Xilinx\Vivado\2018.3\data/verilog/src/unisims/LDCE.v" Line 169: Timing violation in scope /TB_CLASSIFIER_w_VOTING/DUT/PM_FSM/pm_FSM_Kernel_Bias/addr_RAM_Kernel_Scale_reg[2]/TChk169_130741 at time 1892808 ps $width (negedge G,(0:0:0),0,notifier) 
WARNING: "C:\Xilinx\Vivado\2018.3\data/verilog/src/unisims/LDCE.v" Line 169: Timing violation in scope /TB_CLASSIFIER_w_VOTING/DUT/PM_FSM/pm_FSM_Kernel_Bias/addr_RAM_Kernel_Scale_reg[3]/TChk169_130741 at time 1892808 ps $width (negedge G,(0:0:0),0,notifier) 
WARNING: "C:\Xilinx\Vivado\2018.3\data/verilog/src/unisims/LDCE.v" Line 169: Timing violation in scope /TB_CLASSIFIER_w_VOTING/DUT/PM_Voting/win_class_reg[0]/TChk169_130741 at time 2133625 ps $width (negedge G,(0:0:0),0,notifier) 
WARNING: "C:\Xilinx\Vivado\2018.3\data/verilog/src/unisims/LDCE.v" Line 169: Timing violation in scope /TB_CLASSIFIER_w_VOTING/DUT/PM_Voting/win_class_reg[1]/TChk169_130741 at time 2133625 ps $width (negedge G,(0:0:0),0,notifier) 
WARNING: "C:\Xilinx\Vivado\2018.3\data/verilog/src/unisims/LDCE.v" Line 169: Timing violation in scope /TB_CLASSIFIER_w_VOTING/DUT/PM_Voting/win_class_reg[2]/TChk169_130741 at time 2133625 ps $width (negedge G,(0:0:0),0,notifier) 
WARNING: "C:\Xilinx\Vivado\2018.3\data/verilog/src/unisims/LDCE.v" Line 169: Timing violation in scope /TB_CLASSIFIER_w_VOTING/DUT/PM_FSM/pm_FSM_Kernel_Bias/addr_RAM_Kernel_Scale_reg[0]/TChk169_130741 at time 2412808 ps $width (negedge G,(0:0:0),0,notifier) 
WARNING: "C:\Xilinx\Vivado\2018.3\data/verilog/src/unisims/LDCE.v" Line 169: Timing violation in scope /TB_CLASSIFIER_w_VOTING/DUT/PM_FSM/pm_FSM_Kernel_Bias/addr_RAM_Kernel_Scale_reg[1]/TChk169_130741 at time 2412808 ps $width (negedge G,(0:0:0),0,notifier) 
WARNING: "C:\Xilinx\Vivado\2018.3\data/verilog/src/unisims/LDCE.v" Line 169: Timing violation in scope /TB_CLASSIFIER_w_VOTING/DUT/PM_FSM/pm_FSM_Kernel_Bias/addr_RAM_Kernel_Scale_reg[2]/TChk169_130741 at time 2412808 ps $width (negedge G,(0:0:0),0,notifier) 
WARNING: "C:\Xilinx\Vivado\2018.3\data/verilog/src/unisims/LDCE.v" Line 169: Timing violation in scope /TB_CLASSIFIER_w_VOTING/DUT/PM_FSM/pm_FSM_Kernel_Bias/addr_RAM_Kernel_Scale_reg[3]/TChk169_130741 at time 2412808 ps $width (negedge G,(0:0:0),0,notifier) 
WARNING: "C:\Xilinx\Vivado\2018.3\data/verilog/src/unisims/LDCE.v" Line 163: Timing violation in scope /TB_CLASSIFIER_w_VOTING/DUT/PM_FSM/pm_FSM_SIPO_PCV/addr_RAM_Pre_Computed_Vector_reg[0]/TChk163_130735 at time 5491281 ps $setuphold (posedge G,negedge D,(0:0:0),(0:0:0),notifier,in_clk_enable_p,in_clk_enable_p,G_dly,D_dly) 
WARNING: "C:\Xilinx\Vivado\2018.3\data/verilog/src/unisims/LDCE.v" Line 169: Timing violation in scope /TB_CLASSIFIER_w_VOTING/DUT/PM_Voting/win_class_reg[0]/TChk169_130741 at time 5653625 ps $width (negedge G,(0:0:0),0,notifier) 
WARNING: "C:\Xilinx\Vivado\2018.3\data/verilog/src/unisims/LDCE.v" Line 169: Timing violation in scope /TB_CLASSIFIER_w_VOTING/DUT/PM_Voting/win_class_reg[1]/TChk169_130741 at time 5653625 ps $width (negedge G,(0:0:0),0,notifier) 
WARNING: "C:\Xilinx\Vivado\2018.3\data/verilog/src/unisims/LDCE.v" Line 169: Timing violation in scope /TB_CLASSIFIER_w_VOTING/DUT/PM_Voting/win_class_reg[2]/TChk169_130741 at time 5653625 ps $width (negedge G,(0:0:0),0,notifier) 
WARNING: "C:\Xilinx\Vivado\2018.3\data/verilog/src/unisims/LDCE.v" Line 169: Timing violation in scope /TB_CLASSIFIER_w_VOTING/DUT/PM_FSM/pm_FSM_Kernel_Bias/addr_RAM_Kernel_Scale_reg[0]/TChk169_130741 at time 5932808 ps $width (negedge G,(0:0:0),0,notifier) 
WARNING: "C:\Xilinx\Vivado\2018.3\data/verilog/src/unisims/LDCE.v" Line 169: Timing violation in scope /TB_CLASSIFIER_w_VOTING/DUT/PM_FSM/pm_FSM_Kernel_Bias/addr_RAM_Kernel_Scale_reg[1]/TChk169_130741 at time 5932808 ps $width (negedge G,(0:0:0),0,notifier) 
WARNING: "C:\Xilinx\Vivado\2018.3\data/verilog/src/unisims/LDCE.v" Line 169: Timing violation in scope /TB_CLASSIFIER_w_VOTING/DUT/PM_FSM/pm_FSM_Kernel_Bias/addr_RAM_Kernel_Scale_reg[2]/TChk169_130741 at time 5932808 ps $width (negedge G,(0:0:0),0,notifier) 
WARNING: "C:\Xilinx\Vivado\2018.3\data/verilog/src/unisims/LDCE.v" Line 169: Timing violation in scope /TB_CLASSIFIER_w_VOTING/DUT/PM_FSM/pm_FSM_Kernel_Bias/addr_RAM_Kernel_Scale_reg[3]/TChk169_130741 at time 5932808 ps $width (negedge G,(0:0:0),0,notifier) 
WARNING: "C:\Xilinx\Vivado\2018.3\data/verilog/src/unisims/LDCE.v" Line 169: Timing violation in scope /TB_CLASSIFIER_w_VOTING/DUT/PM_Voting/win_class_reg[0]/TChk169_130741 at time 6173625 ps $width (negedge G,(0:0:0),0,notifier) 
WARNING: "C:\Xilinx\Vivado\2018.3\data/verilog/src/unisims/LDCE.v" Line 169: Timing violation in scope /TB_CLASSIFIER_w_VOTING/DUT/PM_Voting/win_class_reg[1]/TChk169_130741 at time 6173625 ps $width (negedge G,(0:0:0),0,notifier) 
WARNING: "C:\Xilinx\Vivado\2018.3\data/verilog/src/unisims/LDCE.v" Line 169: Timing violation in scope /TB_CLASSIFIER_w_VOTING/DUT/PM_Voting/win_class_reg[2]/TChk169_130741 at time 6173625 ps $width (negedge G,(0:0:0),0,notifier) 
WARNING: "C:\Xilinx\Vivado\2018.3\data/verilog/src/unisims/LDCE.v" Line 169: Timing violation in scope /TB_CLASSIFIER_w_VOTING/DUT/PM_FSM/pm_FSM_Kernel_Bias/addr_RAM_Kernel_Scale_reg[0]/TChk169_130741 at time 6452808 ps $width (negedge G,(0:0:0),0,notifier) 
WARNING: "C:\Xilinx\Vivado\2018.3\data/verilog/src/unisims/LDCE.v" Line 169: Timing violation in scope /TB_CLASSIFIER_w_VOTING/DUT/PM_FSM/pm_FSM_Kernel_Bias/addr_RAM_Kernel_Scale_reg[1]/TChk169_130741 at time 6452808 ps $width (negedge G,(0:0:0),0,notifier) 
WARNING: "C:\Xilinx\Vivado\2018.3\data/verilog/src/unisims/LDCE.v" Line 169: Timing violation in scope /TB_CLASSIFIER_w_VOTING/DUT/PM_FSM/pm_FSM_Kernel_Bias/addr_RAM_Kernel_Scale_reg[2]/TChk169_130741 at time 6452808 ps $width (negedge G,(0:0:0),0,notifier) 
WARNING: "C:\Xilinx\Vivado\2018.3\data/verilog/src/unisims/LDCE.v" Line 169: Timing violation in scope /TB_CLASSIFIER_w_VOTING/DUT/PM_FSM/pm_FSM_Kernel_Bias/addr_RAM_Kernel_Scale_reg[3]/TChk169_130741 at time 6452808 ps $width (negedge G,(0:0:0),0,notifier) 
WARNING: "C:\Xilinx\Vivado\2018.3\data/verilog/src/unisims/LDCE.v" Line 169: Timing violation in scope /TB_CLASSIFIER_w_VOTING/DUT/PM_Voting/win_class_reg[0]/TChk169_130741 at time 6693625 ps $width (negedge G,(0:0:0),0,notifier) 
WARNING: "C:\Xilinx\Vivado\2018.3\data/verilog/src/unisims/LDCE.v" Line 169: Timing violation in scope /TB_CLASSIFIER_w_VOTING/DUT/PM_Voting/win_class_reg[1]/TChk169_130741 at time 6693625 ps $width (negedge G,(0:0:0),0,notifier) 
WARNING: "C:\Xilinx\Vivado\2018.3\data/verilog/src/unisims/LDCE.v" Line 169: Timing violation in scope /TB_CLASSIFIER_w_VOTING/DUT/PM_Voting/win_class_reg[2]/TChk169_130741 at time 6693625 ps $width (negedge G,(0:0:0),0,notifier) 
WARNING: "C:\Xilinx\Vivado\2018.3\data/verilog/src/unisims/LDCE.v" Line 169: Timing violation in scope /TB_CLASSIFIER_w_VOTING/DUT/PM_FSM/pm_FSM_Kernel_Bias/addr_RAM_Kernel_Scale_reg[0]/TChk169_130741 at time 6972808 ps $width (negedge G,(0:0:0),0,notifier) 
WARNING: "C:\Xilinx\Vivado\2018.3\data/verilog/src/unisims/LDCE.v" Line 169: Timing violation in scope /TB_CLASSIFIER_w_VOTING/DUT/PM_FSM/pm_FSM_Kernel_Bias/addr_RAM_Kernel_Scale_reg[1]/TChk169_130741 at time 6972808 ps $width (negedge G,(0:0:0),0,notifier) 
WARNING: "C:\Xilinx\Vivado\2018.3\data/verilog/src/unisims/LDCE.v" Line 169: Timing violation in scope /TB_CLASSIFIER_w_VOTING/DUT/PM_FSM/pm_FSM_Kernel_Bias/addr_RAM_Kernel_Scale_reg[2]/TChk169_130741 at time 6972808 ps $width (negedge G,(0:0:0),0,notifier) 
WARNING: "C:\Xilinx\Vivado\2018.3\data/verilog/src/unisims/LDCE.v" Line 169: Timing violation in scope /TB_CLASSIFIER_w_VOTING/DUT/PM_FSM/pm_FSM_Kernel_Bias/addr_RAM_Kernel_Scale_reg[3]/TChk169_130741 at time 6972808 ps $width (negedge G,(0:0:0),0,notifier) 
WARNING: "C:\Xilinx\Vivado\2018.3\data/verilog/src/unisims/LDCE.v" Line 169: Timing violation in scope /TB_CLASSIFIER_w_VOTING/DUT/PM_Voting/win_class_reg[0]/TChk169_130741 at time 7213625 ps $width (negedge G,(0:0:0),0,notifier) 
WARNING: "C:\Xilinx\Vivado\2018.3\data/verilog/src/unisims/LDCE.v" Line 169: Timing violation in scope /TB_CLASSIFIER_w_VOTING/DUT/PM_Voting/win_class_reg[1]/TChk169_130741 at time 7213625 ps $width (negedge G,(0:0:0),0,notifier) 
WARNING: "C:\Xilinx\Vivado\2018.3\data/verilog/src/unisims/LDCE.v" Line 169: Timing violation in scope /TB_CLASSIFIER_w_VOTING/DUT/PM_Voting/win_class_reg[2]/TChk169_130741 at time 7213625 ps $width (negedge G,(0:0:0),0,notifier) 
WARNING: "C:\Xilinx\Vivado\2018.3\data/verilog/src/unisims/LDCE.v" Line 169: Timing violation in scope /TB_CLASSIFIER_w_VOTING/DUT/PM_FSM/pm_FSM_Kernel_Bias/addr_RAM_Kernel_Scale_reg[0]/TChk169_130741 at time 7492808 ps $width (negedge G,(0:0:0),0,notifier) 
WARNING: "C:\Xilinx\Vivado\2018.3\data/verilog/src/unisims/LDCE.v" Line 169: Timing violation in scope /TB_CLASSIFIER_w_VOTING/DUT/PM_FSM/pm_FSM_Kernel_Bias/addr_RAM_Kernel_Scale_reg[1]/TChk169_130741 at time 7492808 ps $width (negedge G,(0:0:0),0,notifier) 
WARNING: "C:\Xilinx\Vivado\2018.3\data/verilog/src/unisims/LDCE.v" Line 169: Timing violation in scope /TB_CLASSIFIER_w_VOTING/DUT/PM_FSM/pm_FSM_Kernel_Bias/addr_RAM_Kernel_Scale_reg[2]/TChk169_130741 at time 7492808 ps $width (negedge G,(0:0:0),0,notifier) 
WARNING: "C:\Xilinx\Vivado\2018.3\data/verilog/src/unisims/LDCE.v" Line 169: Timing violation in scope /TB_CLASSIFIER_w_VOTING/DUT/PM_FSM/pm_FSM_Kernel_Bias/addr_RAM_Kernel_Scale_reg[3]/TChk169_130741 at time 7492808 ps $width (negedge G,(0:0:0),0,notifier) 
WARNING: "C:\Xilinx\Vivado\2018.3\data/verilog/src/unisims/LDCE.v" Line 169: Timing violation in scope /TB_CLASSIFIER_w_VOTING/DUT/PM_Voting/win_class_reg[0]/TChk169_130741 at time 7733625 ps $width (negedge G,(0:0:0),0,notifier) 
WARNING: "C:\Xilinx\Vivado\2018.3\data/verilog/src/unisims/LDCE.v" Line 169: Timing violation in scope /TB_CLASSIFIER_w_VOTING/DUT/PM_Voting/win_class_reg[1]/TChk169_130741 at time 7733625 ps $width (negedge G,(0:0:0),0,notifier) 
WARNING: "C:\Xilinx\Vivado\2018.3\data/verilog/src/unisims/LDCE.v" Line 169: Timing violation in scope /TB_CLASSIFIER_w_VOTING/DUT/PM_Voting/win_class_reg[2]/TChk169_130741 at time 7733625 ps $width (negedge G,(0:0:0),0,notifier) 
WARNING: "C:\Xilinx\Vivado\2018.3\data/verilog/src/unisims/LDCE.v" Line 169: Timing violation in scope /TB_CLASSIFIER_w_VOTING/DUT/PM_FSM/pm_FSM_Kernel_Bias/addr_RAM_Kernel_Scale_reg[0]/TChk169_130741 at time 8012808 ps $width (negedge G,(0:0:0),0,notifier) 
WARNING: "C:\Xilinx\Vivado\2018.3\data/verilog/src/unisims/LDCE.v" Line 169: Timing violation in scope /TB_CLASSIFIER_w_VOTING/DUT/PM_FSM/pm_FSM_Kernel_Bias/addr_RAM_Kernel_Scale_reg[1]/TChk169_130741 at time 8012808 ps $width (negedge G,(0:0:0),0,notifier) 
WARNING: "C:\Xilinx\Vivado\2018.3\data/verilog/src/unisims/LDCE.v" Line 169: Timing violation in scope /TB_CLASSIFIER_w_VOTING/DUT/PM_FSM/pm_FSM_Kernel_Bias/addr_RAM_Kernel_Scale_reg[2]/TChk169_130741 at time 8012808 ps $width (negedge G,(0:0:0),0,notifier) 
WARNING: "C:\Xilinx\Vivado\2018.3\data/verilog/src/unisims/LDCE.v" Line 169: Timing violation in scope /TB_CLASSIFIER_w_VOTING/DUT/PM_FSM/pm_FSM_Kernel_Bias/addr_RAM_Kernel_Scale_reg[3]/TChk169_130741 at time 8012808 ps $width (negedge G,(0:0:0),0,notifier) 
WARNING: "C:\Xilinx\Vivado\2018.3\data/verilog/src/unisims/LDCE.v" Line 169: Timing violation in scope /TB_CLASSIFIER_w_VOTING/DUT/PM_Voting/win_class_reg[0]/TChk169_130741 at time 8253625 ps $width (negedge G,(0:0:0),0,notifier) 
WARNING: "C:\Xilinx\Vivado\2018.3\data/verilog/src/unisims/LDCE.v" Line 169: Timing violation in scope /TB_CLASSIFIER_w_VOTING/DUT/PM_Voting/win_class_reg[1]/TChk169_130741 at time 8253625 ps $width (negedge G,(0:0:0),0,notifier) 
WARNING: "C:\Xilinx\Vivado\2018.3\data/verilog/src/unisims/LDCE.v" Line 169: Timing violation in scope /TB_CLASSIFIER_w_VOTING/DUT/PM_Voting/win_class_reg[2]/TChk169_130741 at time 8253625 ps $width (negedge G,(0:0:0),0,notifier) 
WARNING: "C:\Xilinx\Vivado\2018.3\data/verilog/src/unisims/LDCE.v" Line 169: Timing violation in scope /TB_CLASSIFIER_w_VOTING/DUT/PM_FSM/pm_FSM_Kernel_Bias/addr_RAM_Kernel_Scale_reg[0]/TChk169_130741 at time 8532808 ps $width (negedge G,(0:0:0),0,notifier) 
WARNING: "C:\Xilinx\Vivado\2018.3\data/verilog/src/unisims/LDCE.v" Line 169: Timing violation in scope /TB_CLASSIFIER_w_VOTING/DUT/PM_FSM/pm_FSM_Kernel_Bias/addr_RAM_Kernel_Scale_reg[1]/TChk169_130741 at time 8532808 ps $width (negedge G,(0:0:0),0,notifier) 
WARNING: "C:\Xilinx\Vivado\2018.3\data/verilog/src/unisims/LDCE.v" Line 169: Timing violation in scope /TB_CLASSIFIER_w_VOTING/DUT/PM_FSM/pm_FSM_Kernel_Bias/addr_RAM_Kernel_Scale_reg[2]/TChk169_130741 at time 8532808 ps $width (negedge G,(0:0:0),0,notifier) 
WARNING: "C:\Xilinx\Vivado\2018.3\data/verilog/src/unisims/LDCE.v" Line 169: Timing violation in scope /TB_CLASSIFIER_w_VOTING/DUT/PM_FSM/pm_FSM_Kernel_Bias/addr_RAM_Kernel_Scale_reg[3]/TChk169_130741 at time 8532808 ps $width (negedge G,(0:0:0),0,notifier) 
WARNING: "C:\Xilinx\Vivado\2018.3\data/verilog/src/unisims/LDCE.v" Line 169: Timing violation in scope /TB_CLASSIFIER_w_VOTING/DUT/PM_Voting/win_class_reg[0]/TChk169_130741 at time 8773625 ps $width (negedge G,(0:0:0),0,notifier) 
WARNING: "C:\Xilinx\Vivado\2018.3\data/verilog/src/unisims/LDCE.v" Line 169: Timing violation in scope /TB_CLASSIFIER_w_VOTING/DUT/PM_Voting/win_class_reg[1]/TChk169_130741 at time 8773625 ps $width (negedge G,(0:0:0),0,notifier) 
WARNING: "C:\Xilinx\Vivado\2018.3\data/verilog/src/unisims/LDCE.v" Line 169: Timing violation in scope /TB_CLASSIFIER_w_VOTING/DUT/PM_Voting/win_class_reg[2]/TChk169_130741 at time 8773625 ps $width (negedge G,(0:0:0),0,notifier) 
WARNING: "C:\Xilinx\Vivado\2018.3\data/verilog/src/unisims/LDCE.v" Line 169: Timing violation in scope /TB_CLASSIFIER_w_VOTING/DUT/PM_FSM/pm_FSM_Kernel_Bias/addr_RAM_Kernel_Scale_reg[0]/TChk169_130741 at time 9052808 ps $width (negedge G,(0:0:0),0,notifier) 
WARNING: "C:\Xilinx\Vivado\2018.3\data/verilog/src/unisims/LDCE.v" Line 169: Timing violation in scope /TB_CLASSIFIER_w_VOTING/DUT/PM_FSM/pm_FSM_Kernel_Bias/addr_RAM_Kernel_Scale_reg[1]/TChk169_130741 at time 9052808 ps $width (negedge G,(0:0:0),0,notifier) 
WARNING: "C:\Xilinx\Vivado\2018.3\data/verilog/src/unisims/LDCE.v" Line 169: Timing violation in scope /TB_CLASSIFIER_w_VOTING/DUT/PM_FSM/pm_FSM_Kernel_Bias/addr_RAM_Kernel_Scale_reg[2]/TChk169_130741 at time 9052808 ps $width (negedge G,(0:0:0),0,notifier) 
WARNING: "C:\Xilinx\Vivado\2018.3\data/verilog/src/unisims/LDCE.v" Line 169: Timing violation in scope /TB_CLASSIFIER_w_VOTING/DUT/PM_FSM/pm_FSM_Kernel_Bias/addr_RAM_Kernel_Scale_reg[3]/TChk169_130741 at time 9052808 ps $width (negedge G,(0:0:0),0,notifier) 
WARNING: "C:\Xilinx\Vivado\2018.3\data/verilog/src/unisims/LDCE.v" Line 169: Timing violation in scope /TB_CLASSIFIER_w_VOTING/DUT/PM_Voting/win_class_reg[0]/TChk169_130741 at time 9293625 ps $width (negedge G,(0:0:0),0,notifier) 
WARNING: "C:\Xilinx\Vivado\2018.3\data/verilog/src/unisims/LDCE.v" Line 169: Timing violation in scope /TB_CLASSIFIER_w_VOTING/DUT/PM_Voting/win_class_reg[1]/TChk169_130741 at time 9293625 ps $width (negedge G,(0:0:0),0,notifier) 
WARNING: "C:\Xilinx\Vivado\2018.3\data/verilog/src/unisims/LDCE.v" Line 169: Timing violation in scope /TB_CLASSIFIER_w_VOTING/DUT/PM_Voting/win_class_reg[2]/TChk169_130741 at time 9293625 ps $width (negedge G,(0:0:0),0,notifier) 
WARNING: "C:\Xilinx\Vivado\2018.3\data/verilog/src/unisims/LDCE.v" Line 169: Timing violation in scope /TB_CLASSIFIER_w_VOTING/DUT/PM_FSM/pm_FSM_Kernel_Bias/addr_RAM_Kernel_Scale_reg[0]/TChk169_130741 at time 9572808 ps $width (negedge G,(0:0:0),0,notifier) 
WARNING: "C:\Xilinx\Vivado\2018.3\data/verilog/src/unisims/LDCE.v" Line 169: Timing violation in scope /TB_CLASSIFIER_w_VOTING/DUT/PM_FSM/pm_FSM_Kernel_Bias/addr_RAM_Kernel_Scale_reg[1]/TChk169_130741 at time 9572808 ps $width (negedge G,(0:0:0),0,notifier) 
WARNING: "C:\Xilinx\Vivado\2018.3\data/verilog/src/unisims/LDCE.v" Line 169: Timing violation in scope /TB_CLASSIFIER_w_VOTING/DUT/PM_FSM/pm_FSM_Kernel_Bias/addr_RAM_Kernel_Scale_reg[2]/TChk169_130741 at time 9572808 ps $width (negedge G,(0:0:0),0,notifier) 
WARNING: "C:\Xilinx\Vivado\2018.3\data/verilog/src/unisims/LDCE.v" Line 169: Timing violation in scope /TB_CLASSIFIER_w_VOTING/DUT/PM_FSM/pm_FSM_Kernel_Bias/addr_RAM_Kernel_Scale_reg[3]/TChk169_130741 at time 9572808 ps $width (negedge G,(0:0:0),0,notifier) 
WARNING: "C:\Xilinx\Vivado\2018.3\data/verilog/src/unisims/LDCE.v" Line 169: Timing violation in scope /TB_CLASSIFIER_w_VOTING/DUT/PM_Voting/win_class_reg[0]/TChk169_130741 at time 9813625 ps $width (negedge G,(0:0:0),0,notifier) 
WARNING: "C:\Xilinx\Vivado\2018.3\data/verilog/src/unisims/LDCE.v" Line 169: Timing violation in scope /TB_CLASSIFIER_w_VOTING/DUT/PM_Voting/win_class_reg[1]/TChk169_130741 at time 9813625 ps $width (negedge G,(0:0:0),0,notifier) 
WARNING: "C:\Xilinx\Vivado\2018.3\data/verilog/src/unisims/LDCE.v" Line 169: Timing violation in scope /TB_CLASSIFIER_w_VOTING/DUT/PM_Voting/win_class_reg[2]/TChk169_130741 at time 9813625 ps $width (negedge G,(0:0:0),0,notifier) 
WARNING: "C:\Xilinx\Vivado\2018.3\data/verilog/src/unisims/LDCE.v" Line 169: Timing violation in scope /TB_CLASSIFIER_w_VOTING/DUT/PM_FSM/pm_FSM_Kernel_Bias/addr_RAM_Kernel_Scale_reg[0]/TChk169_130741 at time 10092808 ps $width (negedge G,(0:0:0),0,notifier) 
WARNING: "C:\Xilinx\Vivado\2018.3\data/verilog/src/unisims/LDCE.v" Line 169: Timing violation in scope /TB_CLASSIFIER_w_VOTING/DUT/PM_FSM/pm_FSM_Kernel_Bias/addr_RAM_Kernel_Scale_reg[1]/TChk169_130741 at time 10092808 ps $width (negedge G,(0:0:0),0,notifier) 
WARNING: "C:\Xilinx\Vivado\2018.3\data/verilog/src/unisims/LDCE.v" Line 169: Timing violation in scope /TB_CLASSIFIER_w_VOTING/DUT/PM_FSM/pm_FSM_Kernel_Bias/addr_RAM_Kernel_Scale_reg[2]/TChk169_130741 at time 10092808 ps $width (negedge G,(0:0:0),0,notifier) 
WARNING: "C:\Xilinx\Vivado\2018.3\data/verilog/src/unisims/LDCE.v" Line 169: Timing violation in scope /TB_CLASSIFIER_w_VOTING/DUT/PM_FSM/pm_FSM_Kernel_Bias/addr_RAM_Kernel_Scale_reg[3]/TChk169_130741 at time 10092808 ps $width (negedge G,(0:0:0),0,notifier) 
WARNING: "C:\Xilinx\Vivado\2018.3\data/verilog/src/unisims/LDCE.v" Line 169: Timing violation in scope /TB_CLASSIFIER_w_VOTING/DUT/PM_Voting/win_class_reg[0]/TChk169_130741 at time 10333625 ps $width (negedge G,(0:0:0),0,notifier) 
WARNING: "C:\Xilinx\Vivado\2018.3\data/verilog/src/unisims/LDCE.v" Line 169: Timing violation in scope /TB_CLASSIFIER_w_VOTING/DUT/PM_Voting/win_class_reg[1]/TChk169_130741 at time 10333625 ps $width (negedge G,(0:0:0),0,notifier) 
WARNING: "C:\Xilinx\Vivado\2018.3\data/verilog/src/unisims/LDCE.v" Line 169: Timing violation in scope /TB_CLASSIFIER_w_VOTING/DUT/PM_Voting/win_class_reg[2]/TChk169_130741 at time 10333625 ps $width (negedge G,(0:0:0),0,notifier) 
WARNING: "C:\Xilinx\Vivado\2018.3\data/verilog/src/unisims/LDCE.v" Line 169: Timing violation in scope /TB_CLASSIFIER_w_VOTING/DUT/PM_FSM/pm_FSM_Kernel_Bias/addr_RAM_Kernel_Scale_reg[0]/TChk169_130741 at time 10612808 ps $width (negedge G,(0:0:0),0,notifier) 
WARNING: "C:\Xilinx\Vivado\2018.3\data/verilog/src/unisims/LDCE.v" Line 169: Timing violation in scope /TB_CLASSIFIER_w_VOTING/DUT/PM_FSM/pm_FSM_Kernel_Bias/addr_RAM_Kernel_Scale_reg[1]/TChk169_130741 at time 10612808 ps $width (negedge G,(0:0:0),0,notifier) 
WARNING: "C:\Xilinx\Vivado\2018.3\data/verilog/src/unisims/LDCE.v" Line 169: Timing violation in scope /TB_CLASSIFIER_w_VOTING/DUT/PM_FSM/pm_FSM_Kernel_Bias/addr_RAM_Kernel_Scale_reg[2]/TChk169_130741 at time 10612808 ps $width (negedge G,(0:0:0),0,notifier) 
WARNING: "C:\Xilinx\Vivado\2018.3\data/verilog/src/unisims/LDCE.v" Line 169: Timing violation in scope /TB_CLASSIFIER_w_VOTING/DUT/PM_FSM/pm_FSM_Kernel_Bias/addr_RAM_Kernel_Scale_reg[3]/TChk169_130741 at time 10612808 ps $width (negedge G,(0:0:0),0,notifier) 
WARNING: "C:\Xilinx\Vivado\2018.3\data/verilog/src/unisims/LDCE.v" Line 169: Timing violation in scope /TB_CLASSIFIER_w_VOTING/DUT/PM_Voting/win_class_reg[0]/TChk169_130741 at time 10853625 ps $width (negedge G,(0:0:0),0,notifier) 
WARNING: "C:\Xilinx\Vivado\2018.3\data/verilog/src/unisims/LDCE.v" Line 169: Timing violation in scope /TB_CLASSIFIER_w_VOTING/DUT/PM_Voting/win_class_reg[1]/TChk169_130741 at time 10853625 ps $width (negedge G,(0:0:0),0,notifier) 
WARNING: "C:\Xilinx\Vivado\2018.3\data/verilog/src/unisims/LDCE.v" Line 169: Timing violation in scope /TB_CLASSIFIER_w_VOTING/DUT/PM_Voting/win_class_reg[2]/TChk169_130741 at time 10853625 ps $width (negedge G,(0:0:0),0,notifier) 
