20:22:38 INFO  : Registering command handlers for SDK TCF services
20:22:40 INFO  : Launching XSCT server: xsct.bat -interactive C:\work\Master_Degree_Thesis\HW_SVM\HW_SVM.sdk\temp_xsdb_launch_script.tcl
20:22:47 INFO  : XSCT server has started successfully.
20:22:47 INFO  : Successfully done setting XSCT server connection channel  
20:22:52 INFO  : Successfully done setting SDK workspace  
20:22:52 INFO  : Processing command line option -hwspec C:/work/Master_Degree_Thesis/HW_SVM/HW_SVM.sdk/hw_svm_wrapper.hdf.
21:50:08 INFO  : 'targets -set -filter {jtag_cable_name =~ "Xilinx PYNQ-Z1 003017A8B8E7A" && level==0} -index 1' command is executed.
21:50:08 INFO  : 'fpga -state' command is executed.
21:50:08 INFO  : Connected to target on host '127.0.0.1' and port '3121'.
21:50:08 INFO  : Jtag cable 'Xilinx PYNQ-Z1 003017A8B8E7A' is selected.
21:50:08 INFO  : 'jtag frequency' command is executed.
21:50:08 INFO  : Sourcing of 'C:/work/Master_Degree_Thesis/HW_SVM/HW_SVM.sdk/hw_svm_wrapper_hw_platform_0/ps7_init.tcl' is done.
21:50:08 INFO  : Context for 'APU' is selected.
21:50:08 INFO  : Hardware design information is loaded from 'C:/work/Master_Degree_Thesis/HW_SVM/HW_SVM.sdk/hw_svm_wrapper_hw_platform_0/system.hdf'.
21:50:08 INFO  : 'configparams force-mem-access 1' command is executed.
21:50:08 INFO  : Context for 'APU' is selected.
21:50:08 INFO  : 'stop' command is executed.
21:50:08 INFO  : 'ps7_init' command is executed.
21:50:08 INFO  : 'ps7_post_config' command is executed.
21:50:08 INFO  : 'configparams force-mem-access 0' command is executed.
21:50:08 INFO  : ----------------XSDB Script----------------
connect -url tcp:127.0.0.1:3121
source C:/work/Master_Degree_Thesis/HW_SVM/HW_SVM.sdk/hw_svm_wrapper_hw_platform_0/ps7_init.tcl
targets -set -nocase -filter {name =~"APU*" && jtag_cable_name =~ "Xilinx PYNQ-Z1 003017A8B8E7A"} -index 0
loadhw -hw C:/work/Master_Degree_Thesis/HW_SVM/HW_SVM.sdk/hw_svm_wrapper_hw_platform_0/system.hdf -mem-ranges [list {0x40000000 0xbfffffff}]
configparams force-mem-access 1
targets -set -nocase -filter {name =~"APU*" && jtag_cable_name =~ "Xilinx PYNQ-Z1 003017A8B8E7A"} -index 0
stop
ps7_init
ps7_post_config
configparams force-mem-access 0
----------------End of Script----------------

21:50:09 INFO  : Memory regions updated for context APU
21:50:09 INFO  : Launch script is exported to file 'C:\work\Master_Degree_Thesis\HW_SVM\HW_SVM.sdk\.sdk\launch_scripts\xilinx_c-c++_application_(system_debugger)\startup.tcl'
21:53:15 INFO  : Disconnected from the channel tcfchan#1.
21:53:16 INFO  : Connected to target on host '127.0.0.1' and port '3121'.
21:53:16 INFO  : Jtag cable 'Xilinx PYNQ-Z1 003017A8B8E7A' is selected.
21:53:16 INFO  : 'jtag frequency' command is executed.
21:53:16 INFO  : Sourcing of 'C:/work/Master_Degree_Thesis/HW_SVM/HW_SVM.sdk/hw_svm_wrapper_hw_platform_0/ps7_init.tcl' is done.
21:53:17 INFO  : 'targets -set -filter {jtag_cable_name =~ "Xilinx PYNQ-Z1 003017A8B8E7A" && level==0} -index 1' command is executed.
21:53:19 INFO  : FPGA configured successfully with bitstream "C:/work/Master_Degree_Thesis/HW_SVM/HW_SVM.sdk/hw_svm_wrapper_hw_platform_0/hw_svm_wrapper.bit"
21:53:19 INFO  : Context for 'APU' is selected.
21:53:21 INFO  : Hardware design information is loaded from 'C:/work/Master_Degree_Thesis/HW_SVM/HW_SVM.sdk/hw_svm_wrapper_hw_platform_0/system.hdf'.
21:53:21 INFO  : 'configparams force-mem-access 1' command is executed.
21:53:21 INFO  : Context for 'APU' is selected.
21:53:21 INFO  : 'stop' command is executed.
21:53:22 INFO  : 'ps7_init' command is executed.
21:53:22 INFO  : 'ps7_post_config' command is executed.
21:53:22 INFO  : Context for processor 'ps7_cortexa9_0' is selected.
21:53:22 INFO  : Processor reset is completed for 'ps7_cortexa9_0'.
21:53:22 INFO  : Context for processor 'ps7_cortexa9_0' is selected.
21:53:22 INFO  : The application 'C:/work/Master_Degree_Thesis/HW_SVM/HW_SVM.sdk/main/Debug/main.elf' is downloaded to processor 'ps7_cortexa9_0'.
21:53:22 INFO  : 'configparams force-mem-access 0' command is executed.
21:53:22 INFO  : ----------------XSDB Script----------------
connect -url tcp:127.0.0.1:3121
source C:/work/Master_Degree_Thesis/HW_SVM/HW_SVM.sdk/hw_svm_wrapper_hw_platform_0/ps7_init.tcl
targets -set -filter {jtag_cable_name =~ "Xilinx PYNQ-Z1 003017A8B8E7A" && level==0} -index 1
fpga -file C:/work/Master_Degree_Thesis/HW_SVM/HW_SVM.sdk/hw_svm_wrapper_hw_platform_0/hw_svm_wrapper.bit
targets -set -nocase -filter {name =~"APU*" && jtag_cable_name =~ "Xilinx PYNQ-Z1 003017A8B8E7A"} -index 0
loadhw -hw C:/work/Master_Degree_Thesis/HW_SVM/HW_SVM.sdk/hw_svm_wrapper_hw_platform_0/system.hdf -mem-ranges [list {0x40000000 0xbfffffff}]
configparams force-mem-access 1
targets -set -nocase -filter {name =~"APU*" && jtag_cable_name =~ "Xilinx PYNQ-Z1 003017A8B8E7A"} -index 0
stop
ps7_init
ps7_post_config
targets -set -nocase -filter {name =~ "ARM*#0" && jtag_cable_name =~ "Xilinx PYNQ-Z1 003017A8B8E7A"} -index 0
rst -processor
targets -set -nocase -filter {name =~ "ARM*#0" && jtag_cable_name =~ "Xilinx PYNQ-Z1 003017A8B8E7A"} -index 0
dow C:/work/Master_Degree_Thesis/HW_SVM/HW_SVM.sdk/main/Debug/main.elf
configparams force-mem-access 0
----------------End of Script----------------

21:53:22 INFO  : Memory regions updated for context APU
21:53:22 INFO  : Context for processor 'ps7_cortexa9_0' is selected.
21:53:22 INFO  : 'con' command is executed.
21:53:22 INFO  : ----------------XSDB Script (After Launch)----------------
targets -set -nocase -filter {name =~ "ARM*#0" && jtag_cable_name =~ "Xilinx PYNQ-Z1 003017A8B8E7A"} -index 0
con
----------------End of Script----------------

21:53:22 INFO  : Launch script is exported to file 'C:\work\Master_Degree_Thesis\HW_SVM\HW_SVM.sdk\.sdk\launch_scripts\xilinx_c-c++_application_(system_debugger)\program.tcl'
21:55:43 INFO  : Disconnected from the channel tcfchan#2.
21:55:44 INFO  : 'targets -set -filter {jtag_cable_name =~ "Xilinx PYNQ-Z1 003017A8B8E7A" && level==0} -index 1' command is executed.
21:55:44 INFO  : 'fpga -state' command is executed.
21:55:48 INFO  : Connected to target on host '127.0.0.1' and port '3121'.
21:55:48 INFO  : Jtag cable 'Xilinx PYNQ-Z1 003017A8B8E7A' is selected.
21:55:48 INFO  : 'jtag frequency' command is executed.
21:55:48 INFO  : Sourcing of 'C:/work/Master_Degree_Thesis/HW_SVM/HW_SVM.sdk/hw_svm_wrapper_hw_platform_0/ps7_init.tcl' is done.
21:55:48 INFO  : Context for 'APU' is selected.
21:55:52 INFO  : Hardware design information is loaded from 'C:/work/Master_Degree_Thesis/HW_SVM/HW_SVM.sdk/hw_svm_wrapper_hw_platform_0/system.hdf'.
21:55:52 INFO  : 'configparams force-mem-access 1' command is executed.
21:55:52 INFO  : Context for 'APU' is selected.
21:55:52 INFO  : 'stop' command is executed.
21:55:52 INFO  : 'ps7_init' command is executed.
21:55:52 INFO  : 'ps7_post_config' command is executed.
21:55:52 INFO  : 'configparams force-mem-access 0' command is executed.
21:55:52 INFO  : ----------------XSDB Script----------------
connect -url tcp:127.0.0.1:3121
source C:/work/Master_Degree_Thesis/HW_SVM/HW_SVM.sdk/hw_svm_wrapper_hw_platform_0/ps7_init.tcl
targets -set -nocase -filter {name =~"APU*" && jtag_cable_name =~ "Xilinx PYNQ-Z1 003017A8B8E7A"} -index 0
loadhw -hw C:/work/Master_Degree_Thesis/HW_SVM/HW_SVM.sdk/hw_svm_wrapper_hw_platform_0/system.hdf -mem-ranges [list {0x40000000 0xbfffffff}]
configparams force-mem-access 1
targets -set -nocase -filter {name =~"APU*" && jtag_cable_name =~ "Xilinx PYNQ-Z1 003017A8B8E7A"} -index 0
stop
ps7_init
ps7_post_config
configparams force-mem-access 0
----------------End of Script----------------

21:55:53 INFO  : Memory regions updated for context APU
21:55:53 INFO  : Launch script is exported to file 'C:\work\Master_Degree_Thesis\HW_SVM\HW_SVM.sdk\.sdk\launch_scripts\xilinx_c-c++_application_(system_debugger)\startup.tcl'
21:56:41 INFO  : Disconnected from the channel tcfchan#3.
21:56:42 INFO  : Connected to target on host '127.0.0.1' and port '3121'.
21:56:43 INFO  : Jtag cable 'Xilinx PYNQ-Z1 003017A8B8E7A' is selected.
21:56:43 INFO  : 'jtag frequency' command is executed.
21:56:43 INFO  : Sourcing of 'C:/work/Master_Degree_Thesis/HW_SVM/HW_SVM.sdk/hw_svm_wrapper_hw_platform_0/ps7_init.tcl' is done.
21:56:43 INFO  : 'targets -set -filter {jtag_cable_name =~ "Xilinx PYNQ-Z1 003017A8B8E7A" && level==0} -index 1' command is executed.
21:56:45 INFO  : FPGA configured successfully with bitstream "C:/work/Master_Degree_Thesis/HW_SVM/HW_SVM.sdk/hw_svm_wrapper_hw_platform_0/hw_svm_wrapper.bit"
21:56:45 INFO  : Context for 'APU' is selected.
21:56:49 INFO  : Hardware design information is loaded from 'C:/work/Master_Degree_Thesis/HW_SVM/HW_SVM.sdk/hw_svm_wrapper_hw_platform_0/system.hdf'.
21:56:49 INFO  : 'configparams force-mem-access 1' command is executed.
21:56:49 INFO  : Context for 'APU' is selected.
21:56:49 INFO  : 'stop' command is executed.
21:56:50 INFO  : 'ps7_init' command is executed.
21:56:50 INFO  : 'ps7_post_config' command is executed.
21:56:50 INFO  : Context for processor 'ps7_cortexa9_0' is selected.
21:56:50 INFO  : Processor reset is completed for 'ps7_cortexa9_0'.
21:56:50 INFO  : Context for processor 'ps7_cortexa9_0' is selected.
21:56:50 INFO  : The application 'C:/work/Master_Degree_Thesis/HW_SVM/HW_SVM.sdk/main/Debug/main.elf' is downloaded to processor 'ps7_cortexa9_0'.
21:56:50 INFO  : 'configparams force-mem-access 0' command is executed.
21:56:50 INFO  : ----------------XSDB Script----------------
connect -url tcp:127.0.0.1:3121
source C:/work/Master_Degree_Thesis/HW_SVM/HW_SVM.sdk/hw_svm_wrapper_hw_platform_0/ps7_init.tcl
targets -set -filter {jtag_cable_name =~ "Xilinx PYNQ-Z1 003017A8B8E7A" && level==0} -index 1
fpga -file C:/work/Master_Degree_Thesis/HW_SVM/HW_SVM.sdk/hw_svm_wrapper_hw_platform_0/hw_svm_wrapper.bit
targets -set -nocase -filter {name =~"APU*" && jtag_cable_name =~ "Xilinx PYNQ-Z1 003017A8B8E7A"} -index 0
loadhw -hw C:/work/Master_Degree_Thesis/HW_SVM/HW_SVM.sdk/hw_svm_wrapper_hw_platform_0/system.hdf -mem-ranges [list {0x40000000 0xbfffffff}]
configparams force-mem-access 1
targets -set -nocase -filter {name =~"APU*" && jtag_cable_name =~ "Xilinx PYNQ-Z1 003017A8B8E7A"} -index 0
stop
ps7_init
ps7_post_config
targets -set -nocase -filter {name =~ "ARM*#0" && jtag_cable_name =~ "Xilinx PYNQ-Z1 003017A8B8E7A"} -index 0
rst -processor
targets -set -nocase -filter {name =~ "ARM*#0" && jtag_cable_name =~ "Xilinx PYNQ-Z1 003017A8B8E7A"} -index 0
dow C:/work/Master_Degree_Thesis/HW_SVM/HW_SVM.sdk/main/Debug/main.elf
configparams force-mem-access 0
----------------End of Script----------------

21:56:50 INFO  : Memory regions updated for context APU
21:56:50 INFO  : Context for processor 'ps7_cortexa9_0' is selected.
21:56:50 INFO  : 'con' command is executed.
21:56:50 INFO  : ----------------XSDB Script (After Launch)----------------
targets -set -nocase -filter {name =~ "ARM*#0" && jtag_cable_name =~ "Xilinx PYNQ-Z1 003017A8B8E7A"} -index 0
con
----------------End of Script----------------

21:56:50 INFO  : Launch script is exported to file 'C:\work\Master_Degree_Thesis\HW_SVM\HW_SVM.sdk\.sdk\launch_scripts\xilinx_c-c++_application_(system_debugger)\program.tcl'
22:03:31 INFO  : Disconnected from the channel tcfchan#4.
22:03:32 INFO  : 'targets -set -filter {jtag_cable_name =~ "Xilinx PYNQ-Z1 003017A8B8E7A" && level==0} -index 1' command is executed.
22:03:32 INFO  : 'fpga -state' command is executed.
22:03:32 INFO  : Connected to target on host '127.0.0.1' and port '3121'.
22:03:32 INFO  : Jtag cable 'Xilinx PYNQ-Z1 003017A8B8E7A' is selected.
22:03:32 INFO  : 'jtag frequency' command is executed.
22:03:32 INFO  : Sourcing of 'C:/work/Master_Degree_Thesis/HW_SVM/HW_SVM.sdk/hw_svm_wrapper_hw_platform_0/ps7_init.tcl' is done.
22:03:32 INFO  : Context for 'APU' is selected.
22:03:36 INFO  : Hardware design information is loaded from 'C:/work/Master_Degree_Thesis/HW_SVM/HW_SVM.sdk/hw_svm_wrapper_hw_platform_0/system.hdf'.
22:03:36 INFO  : 'configparams force-mem-access 1' command is executed.
22:03:36 INFO  : Context for 'APU' is selected.
22:03:36 INFO  : 'stop' command is executed.
22:03:37 INFO  : 'ps7_init' command is executed.
22:03:37 INFO  : 'ps7_post_config' command is executed.
22:03:37 INFO  : 'configparams force-mem-access 0' command is executed.
22:03:37 INFO  : ----------------XSDB Script----------------
connect -url tcp:127.0.0.1:3121
source C:/work/Master_Degree_Thesis/HW_SVM/HW_SVM.sdk/hw_svm_wrapper_hw_platform_0/ps7_init.tcl
targets -set -nocase -filter {name =~"APU*" && jtag_cable_name =~ "Xilinx PYNQ-Z1 003017A8B8E7A"} -index 0
loadhw -hw C:/work/Master_Degree_Thesis/HW_SVM/HW_SVM.sdk/hw_svm_wrapper_hw_platform_0/system.hdf -mem-ranges [list {0x40000000 0xbfffffff}]
configparams force-mem-access 1
targets -set -nocase -filter {name =~"APU*" && jtag_cable_name =~ "Xilinx PYNQ-Z1 003017A8B8E7A"} -index 0
stop
ps7_init
ps7_post_config
configparams force-mem-access 0
----------------End of Script----------------

22:03:37 INFO  : Memory regions updated for context APU
22:03:37 INFO  : Launch script is exported to file 'C:\work\Master_Degree_Thesis\HW_SVM\HW_SVM.sdk\.sdk\launch_scripts\xilinx_c-c++_application_(system_debugger)\startup.tcl'
22:04:48 INFO  : Disconnected from the channel tcfchan#5.
22:04:49 INFO  : Connected to target on host '127.0.0.1' and port '3121'.
22:04:50 INFO  : Jtag cable 'Xilinx PYNQ-Z1 003017A8B8E7A' is selected.
22:04:50 INFO  : 'jtag frequency' command is executed.
22:04:50 INFO  : Sourcing of 'C:/work/Master_Degree_Thesis/HW_SVM/HW_SVM.sdk/hw_svm_wrapper_hw_platform_0/ps7_init.tcl' is done.
22:04:50 INFO  : 'targets -set -filter {jtag_cable_name =~ "Xilinx PYNQ-Z1 003017A8B8E7A" && level==0} -index 1' command is executed.
22:04:52 INFO  : FPGA configured successfully with bitstream "C:/work/Master_Degree_Thesis/HW_SVM/HW_SVM.sdk/hw_svm_wrapper_hw_platform_0/hw_svm_wrapper.bit"
22:04:52 INFO  : Context for 'APU' is selected.
22:04:56 INFO  : Hardware design information is loaded from 'C:/work/Master_Degree_Thesis/HW_SVM/HW_SVM.sdk/hw_svm_wrapper_hw_platform_0/system.hdf'.
22:04:56 INFO  : 'configparams force-mem-access 1' command is executed.
22:04:56 INFO  : Context for 'APU' is selected.
22:04:56 INFO  : 'stop' command is executed.
22:04:56 INFO  : 'ps7_init' command is executed.
22:04:56 INFO  : 'ps7_post_config' command is executed.
22:04:56 INFO  : Context for processor 'ps7_cortexa9_0' is selected.
22:04:56 INFO  : Processor reset is completed for 'ps7_cortexa9_0'.
22:04:56 INFO  : Context for processor 'ps7_cortexa9_0' is selected.
22:04:57 INFO  : The application 'C:/work/Master_Degree_Thesis/HW_SVM/HW_SVM.sdk/main/Debug/main.elf' is downloaded to processor 'ps7_cortexa9_0'.
22:04:57 INFO  : 'configparams force-mem-access 0' command is executed.
22:04:57 INFO  : ----------------XSDB Script----------------
connect -url tcp:127.0.0.1:3121
source C:/work/Master_Degree_Thesis/HW_SVM/HW_SVM.sdk/hw_svm_wrapper_hw_platform_0/ps7_init.tcl
targets -set -filter {jtag_cable_name =~ "Xilinx PYNQ-Z1 003017A8B8E7A" && level==0} -index 1
fpga -file C:/work/Master_Degree_Thesis/HW_SVM/HW_SVM.sdk/hw_svm_wrapper_hw_platform_0/hw_svm_wrapper.bit
targets -set -nocase -filter {name =~"APU*" && jtag_cable_name =~ "Xilinx PYNQ-Z1 003017A8B8E7A"} -index 0
loadhw -hw C:/work/Master_Degree_Thesis/HW_SVM/HW_SVM.sdk/hw_svm_wrapper_hw_platform_0/system.hdf -mem-ranges [list {0x40000000 0xbfffffff}]
configparams force-mem-access 1
targets -set -nocase -filter {name =~"APU*" && jtag_cable_name =~ "Xilinx PYNQ-Z1 003017A8B8E7A"} -index 0
stop
ps7_init
ps7_post_config
targets -set -nocase -filter {name =~ "ARM*#0" && jtag_cable_name =~ "Xilinx PYNQ-Z1 003017A8B8E7A"} -index 0
rst -processor
targets -set -nocase -filter {name =~ "ARM*#0" && jtag_cable_name =~ "Xilinx PYNQ-Z1 003017A8B8E7A"} -index 0
dow C:/work/Master_Degree_Thesis/HW_SVM/HW_SVM.sdk/main/Debug/main.elf
configparams force-mem-access 0
----------------End of Script----------------

22:04:57 INFO  : Memory regions updated for context APU
22:04:57 INFO  : Context for processor 'ps7_cortexa9_0' is selected.
22:04:57 INFO  : 'con' command is executed.
22:04:57 INFO  : ----------------XSDB Script (After Launch)----------------
targets -set -nocase -filter {name =~ "ARM*#0" && jtag_cable_name =~ "Xilinx PYNQ-Z1 003017A8B8E7A"} -index 0
con
----------------End of Script----------------

22:04:57 INFO  : Launch script is exported to file 'C:\work\Master_Degree_Thesis\HW_SVM\HW_SVM.sdk\.sdk\launch_scripts\xilinx_c-c++_application_(system_debugger)\program.tcl'
22:05:43 INFO  : Disconnected from the channel tcfchan#6.
22:05:44 INFO  : Connected to target on host '127.0.0.1' and port '3121'.
22:05:44 INFO  : Jtag cable 'Xilinx PYNQ-Z1 003017A8B8E7A' is selected.
22:05:44 INFO  : 'jtag frequency' command is executed.
22:05:44 INFO  : Sourcing of 'C:/work/Master_Degree_Thesis/HW_SVM/HW_SVM.sdk/hw_svm_wrapper_hw_platform_0/ps7_init.tcl' is done.
22:05:44 INFO  : 'targets -set -filter {jtag_cable_name =~ "Xilinx PYNQ-Z1 003017A8B8E7A" && level==0} -index 1' command is executed.
22:05:47 INFO  : FPGA configured successfully with bitstream "C:/work/Master_Degree_Thesis/HW_SVM/HW_SVM.sdk/hw_svm_wrapper_hw_platform_0/hw_svm_wrapper.bit"
22:05:47 INFO  : Context for 'APU' is selected.
22:05:50 INFO  : Hardware design information is loaded from 'C:/work/Master_Degree_Thesis/HW_SVM/HW_SVM.sdk/hw_svm_wrapper_hw_platform_0/system.hdf'.
22:05:50 INFO  : 'configparams force-mem-access 1' command is executed.
22:05:50 INFO  : Context for 'APU' is selected.
22:05:51 INFO  : 'stop' command is executed.
22:05:55 INFO  : 'ps7_init' command is executed.
22:05:55 INFO  : 'ps7_post_config' command is executed.
22:05:55 INFO  : Context for processor 'ps7_cortexa9_0' is selected.
22:05:56 INFO  : Processor reset is completed for 'ps7_cortexa9_0'.
22:05:56 INFO  : Context for processor 'ps7_cortexa9_0' is selected.
22:05:58 ERROR : Memory write error at 0x100000. AP transaction timeout
22:05:58 INFO  : ----------------XSDB Script----------------
connect -url tcp:127.0.0.1:3121
source C:/work/Master_Degree_Thesis/HW_SVM/HW_SVM.sdk/hw_svm_wrapper_hw_platform_0/ps7_init.tcl
targets -set -filter {jtag_cable_name =~ "Xilinx PYNQ-Z1 003017A8B8E7A" && level==0} -index 1
fpga -file C:/work/Master_Degree_Thesis/HW_SVM/HW_SVM.sdk/hw_svm_wrapper_hw_platform_0/hw_svm_wrapper.bit
targets -set -nocase -filter {name =~"APU*" && jtag_cable_name =~ "Xilinx PYNQ-Z1 003017A8B8E7A"} -index 0
loadhw -hw C:/work/Master_Degree_Thesis/HW_SVM/HW_SVM.sdk/hw_svm_wrapper_hw_platform_0/system.hdf -mem-ranges [list {0x40000000 0xbfffffff}]
configparams force-mem-access 1
targets -set -nocase -filter {name =~"APU*" && jtag_cable_name =~ "Xilinx PYNQ-Z1 003017A8B8E7A"} -index 0
stop
ps7_init
ps7_post_config
targets -set -nocase -filter {name =~ "ARM*#0" && jtag_cable_name =~ "Xilinx PYNQ-Z1 003017A8B8E7A"} -index 0
rst -processor
targets -set -nocase -filter {name =~ "ARM*#0" && jtag_cable_name =~ "Xilinx PYNQ-Z1 003017A8B8E7A"} -index 0
dow C:/work/Master_Degree_Thesis/HW_SVM/HW_SVM.sdk/main/Debug/main.elf
----------------End of Script----------------

22:06:12 INFO  : Connected to target on host '127.0.0.1' and port '3121'.
22:06:12 INFO  : Jtag cable 'Xilinx PYNQ-Z1 003017A8B8E7A' is selected.
22:06:12 INFO  : 'jtag frequency' command is executed.
22:06:12 INFO  : Sourcing of 'C:/work/Master_Degree_Thesis/HW_SVM/HW_SVM.sdk/hw_svm_wrapper_hw_platform_0/ps7_init.tcl' is done.
22:06:12 INFO  : 'targets -set -filter {jtag_cable_name =~ "Xilinx PYNQ-Z1 003017A8B8E7A" && level==0} -index 1' command is executed.
22:06:16 ERROR : fpga configuration failed. DONE PIN is not HIGH
22:06:16 ERROR : Exception occured while running Program FPGA.
java.lang.RuntimeException: fpga configuration failed. DONE PIN is not HIGH
22:06:16 INFO  : ----------------XSDB Script----------------
connect -url tcp:127.0.0.1:3121
source C:/work/Master_Degree_Thesis/HW_SVM/HW_SVM.sdk/hw_svm_wrapper_hw_platform_0/ps7_init.tcl
----------------End of Script----------------

22:06:32 INFO  : 'targets -set -filter {jtag_cable_name =~ "Xilinx PYNQ-Z1 003017A8B8E7A" && level==0} -index 1' command is executed.
22:06:32 INFO  : 'fpga -state' command is executed.
22:06:33 INFO  : Connected to target on host '127.0.0.1' and port '3121'.
22:06:33 INFO  : Jtag cable 'Xilinx PYNQ-Z1 003017A8B8E7A' is selected.
22:06:33 INFO  : 'jtag frequency' command is executed.
22:06:33 INFO  : Sourcing of 'C:/work/Master_Degree_Thesis/HW_SVM/HW_SVM.sdk/hw_svm_wrapper_hw_platform_0/ps7_init.tcl' is done.
22:06:33 INFO  : Context for 'APU' is selected.
22:06:33 INFO  : Hardware design information is loaded from 'C:/work/Master_Degree_Thesis/HW_SVM/HW_SVM.sdk/hw_svm_wrapper_hw_platform_0/system.hdf'.
22:06:33 INFO  : 'configparams force-mem-access 1' command is executed.
22:06:33 INFO  : Context for 'APU' is selected.
22:06:34 INFO  : 'stop' command is executed.
22:06:34 ERROR : AP transaction error, DAP status f0000021
22:06:34 INFO  : ----------------XSDB Script----------------
connect -url tcp:127.0.0.1:3121
source C:/work/Master_Degree_Thesis/HW_SVM/HW_SVM.sdk/hw_svm_wrapper_hw_platform_0/ps7_init.tcl
targets -set -nocase -filter {name =~"APU*" && jtag_cable_name =~ "Xilinx PYNQ-Z1 003017A8B8E7A"} -index 0
loadhw -hw C:/work/Master_Degree_Thesis/HW_SVM/HW_SVM.sdk/hw_svm_wrapper_hw_platform_0/system.hdf -mem-ranges [list {0x40000000 0xbfffffff}]
configparams force-mem-access 1
targets -set -nocase -filter {name =~"APU*" && jtag_cable_name =~ "Xilinx PYNQ-Z1 003017A8B8E7A"} -index 0
stop
ps7_init
----------------End of Script----------------

22:07:00 INFO  : 'targets -set -filter {jtag_cable_name =~ "Xilinx PYNQ-Z1 003017A8B8E7A" && level==0} -index 1' command is executed.
22:07:00 INFO  : 'fpga -state' command is executed.
22:07:00 INFO  : Connected to target on host '127.0.0.1' and port '3121'.
22:07:00 INFO  : Jtag cable 'Xilinx PYNQ-Z1 003017A8B8E7A' is selected.
22:07:00 INFO  : 'jtag frequency' command is executed.
22:07:00 INFO  : Sourcing of 'C:/work/Master_Degree_Thesis/HW_SVM/HW_SVM.sdk/hw_svm_wrapper_hw_platform_0/ps7_init.tcl' is done.
22:07:00 INFO  : Context for 'APU' is selected.
22:07:00 INFO  : Hardware design information is loaded from 'C:/work/Master_Degree_Thesis/HW_SVM/HW_SVM.sdk/hw_svm_wrapper_hw_platform_0/system.hdf'.
22:07:00 INFO  : 'configparams force-mem-access 1' command is executed.
22:07:00 INFO  : Context for 'APU' is selected.
22:07:01 INFO  : 'stop' command is executed.
22:07:01 INFO  : 'ps7_init' command is executed.
22:07:01 INFO  : 'ps7_post_config' command is executed.
22:07:01 INFO  : 'configparams force-mem-access 0' command is executed.
22:07:01 INFO  : ----------------XSDB Script----------------
connect -url tcp:127.0.0.1:3121
source C:/work/Master_Degree_Thesis/HW_SVM/HW_SVM.sdk/hw_svm_wrapper_hw_platform_0/ps7_init.tcl
targets -set -nocase -filter {name =~"APU*" && jtag_cable_name =~ "Xilinx PYNQ-Z1 003017A8B8E7A"} -index 0
loadhw -hw C:/work/Master_Degree_Thesis/HW_SVM/HW_SVM.sdk/hw_svm_wrapper_hw_platform_0/system.hdf -mem-ranges [list {0x40000000 0xbfffffff}]
configparams force-mem-access 1
targets -set -nocase -filter {name =~"APU*" && jtag_cable_name =~ "Xilinx PYNQ-Z1 003017A8B8E7A"} -index 0
stop
ps7_init
ps7_post_config
configparams force-mem-access 0
----------------End of Script----------------

22:07:02 INFO  : Memory regions updated for context APU
22:07:02 INFO  : Launch script is exported to file 'C:\work\Master_Degree_Thesis\HW_SVM\HW_SVM.sdk\.sdk\launch_scripts\xilinx_c-c++_application_(system_debugger)\startup.tcl'
22:08:03 INFO  : Disconnected from the channel tcfchan#7.
22:08:04 INFO  : Connected to target on host '127.0.0.1' and port '3121'.
22:08:04 INFO  : Jtag cable 'Xilinx PYNQ-Z1 003017A8B8E7A' is selected.
22:08:04 INFO  : 'jtag frequency' command is executed.
22:08:04 INFO  : Sourcing of 'C:/work/Master_Degree_Thesis/HW_SVM/HW_SVM.sdk/hw_svm_wrapper_hw_platform_0/ps7_init.tcl' is done.
22:08:05 INFO  : 'targets -set -filter {jtag_cable_name =~ "Xilinx PYNQ-Z1 003017A8B8E7A" && level==0} -index 1' command is executed.
22:08:07 INFO  : FPGA configured successfully with bitstream "C:/work/Master_Degree_Thesis/HW_SVM/HW_SVM.sdk/hw_svm_wrapper_hw_platform_0/hw_svm_wrapper.bit"
22:08:07 INFO  : Context for 'APU' is selected.
22:08:11 INFO  : Hardware design information is loaded from 'C:/work/Master_Degree_Thesis/HW_SVM/HW_SVM.sdk/hw_svm_wrapper_hw_platform_0/system.hdf'.
22:08:11 INFO  : 'configparams force-mem-access 1' command is executed.
22:08:11 INFO  : Context for 'APU' is selected.
22:08:11 INFO  : 'stop' command is executed.
22:08:12 INFO  : 'ps7_init' command is executed.
22:08:12 INFO  : 'ps7_post_config' command is executed.
22:08:12 INFO  : Context for processor 'ps7_cortexa9_0' is selected.
22:08:12 INFO  : Processor reset is completed for 'ps7_cortexa9_0'.
22:08:12 INFO  : Context for processor 'ps7_cortexa9_0' is selected.
22:08:12 INFO  : The application 'C:/work/Master_Degree_Thesis/HW_SVM/HW_SVM.sdk/main/Debug/main.elf' is downloaded to processor 'ps7_cortexa9_0'.
22:08:12 INFO  : 'configparams force-mem-access 0' command is executed.
22:08:12 INFO  : ----------------XSDB Script----------------
connect -url tcp:127.0.0.1:3121
source C:/work/Master_Degree_Thesis/HW_SVM/HW_SVM.sdk/hw_svm_wrapper_hw_platform_0/ps7_init.tcl
targets -set -filter {jtag_cable_name =~ "Xilinx PYNQ-Z1 003017A8B8E7A" && level==0} -index 1
fpga -file C:/work/Master_Degree_Thesis/HW_SVM/HW_SVM.sdk/hw_svm_wrapper_hw_platform_0/hw_svm_wrapper.bit
targets -set -nocase -filter {name =~"APU*" && jtag_cable_name =~ "Xilinx PYNQ-Z1 003017A8B8E7A"} -index 0
loadhw -hw C:/work/Master_Degree_Thesis/HW_SVM/HW_SVM.sdk/hw_svm_wrapper_hw_platform_0/system.hdf -mem-ranges [list {0x40000000 0xbfffffff}]
configparams force-mem-access 1
targets -set -nocase -filter {name =~"APU*" && jtag_cable_name =~ "Xilinx PYNQ-Z1 003017A8B8E7A"} -index 0
stop
ps7_init
ps7_post_config
targets -set -nocase -filter {name =~ "ARM*#0" && jtag_cable_name =~ "Xilinx PYNQ-Z1 003017A8B8E7A"} -index 0
rst -processor
targets -set -nocase -filter {name =~ "ARM*#0" && jtag_cable_name =~ "Xilinx PYNQ-Z1 003017A8B8E7A"} -index 0
dow C:/work/Master_Degree_Thesis/HW_SVM/HW_SVM.sdk/main/Debug/main.elf
configparams force-mem-access 0
----------------End of Script----------------

22:08:13 INFO  : Memory regions updated for context APU
22:08:13 INFO  : Context for processor 'ps7_cortexa9_0' is selected.
22:08:13 INFO  : 'con' command is executed.
22:08:13 INFO  : ----------------XSDB Script (After Launch)----------------
targets -set -nocase -filter {name =~ "ARM*#0" && jtag_cable_name =~ "Xilinx PYNQ-Z1 003017A8B8E7A"} -index 0
con
----------------End of Script----------------

22:08:13 INFO  : Launch script is exported to file 'C:\work\Master_Degree_Thesis\HW_SVM\HW_SVM.sdk\.sdk\launch_scripts\xilinx_c-c++_application_(system_debugger)\program.tcl'
22:09:18 INFO  : Disconnected from the channel tcfchan#8.
22:09:19 INFO  : 'targets -set -filter {jtag_cable_name =~ "Xilinx PYNQ-Z1 003017A8B8E7A" && level==0} -index 1' command is executed.
22:09:19 INFO  : 'fpga -state' command is executed.
22:09:19 INFO  : Connected to target on host '127.0.0.1' and port '3121'.
22:09:20 INFO  : Jtag cable 'Xilinx PYNQ-Z1 003017A8B8E7A' is selected.
22:09:20 INFO  : 'jtag frequency' command is executed.
22:09:20 INFO  : Sourcing of 'C:/work/Master_Degree_Thesis/HW_SVM/HW_SVM.sdk/hw_svm_wrapper_hw_platform_0/ps7_init.tcl' is done.
22:09:20 INFO  : Context for 'APU' is selected.
22:09:25 INFO  : Hardware design information is loaded from 'C:/work/Master_Degree_Thesis/HW_SVM/HW_SVM.sdk/hw_svm_wrapper_hw_platform_0/system.hdf'.
22:09:25 INFO  : 'configparams force-mem-access 1' command is executed.
22:09:25 INFO  : Context for 'APU' is selected.
22:09:25 INFO  : 'stop' command is executed.
22:09:25 INFO  : 'ps7_init' command is executed.
22:09:25 INFO  : 'ps7_post_config' command is executed.
22:09:25 INFO  : 'configparams force-mem-access 0' command is executed.
22:09:25 INFO  : ----------------XSDB Script----------------
connect -url tcp:127.0.0.1:3121
source C:/work/Master_Degree_Thesis/HW_SVM/HW_SVM.sdk/hw_svm_wrapper_hw_platform_0/ps7_init.tcl
targets -set -nocase -filter {name =~"APU*" && jtag_cable_name =~ "Xilinx PYNQ-Z1 003017A8B8E7A"} -index 0
loadhw -hw C:/work/Master_Degree_Thesis/HW_SVM/HW_SVM.sdk/hw_svm_wrapper_hw_platform_0/system.hdf -mem-ranges [list {0x40000000 0xbfffffff}]
configparams force-mem-access 1
targets -set -nocase -filter {name =~"APU*" && jtag_cable_name =~ "Xilinx PYNQ-Z1 003017A8B8E7A"} -index 0
stop
ps7_init
ps7_post_config
configparams force-mem-access 0
----------------End of Script----------------

22:09:25 INFO  : Memory regions updated for context APU
22:09:25 INFO  : Launch script is exported to file 'C:\work\Master_Degree_Thesis\HW_SVM\HW_SVM.sdk\.sdk\launch_scripts\xilinx_c-c++_application_(system_debugger)\startup.tcl'
22:11:16 INFO  : Disconnected from the channel tcfchan#9.
22:11:17 INFO  : 'targets -set -filter {jtag_cable_name =~ "Xilinx PYNQ-Z1 003017A8B8E7A" && level==0} -index 1' command is executed.
22:11:17 INFO  : 'fpga -state' command is executed.
22:11:17 INFO  : Connected to target on host '127.0.0.1' and port '3121'.
22:11:18 INFO  : Jtag cable 'Xilinx PYNQ-Z1 003017A8B8E7A' is selected.
22:11:18 INFO  : 'jtag frequency' command is executed.
22:11:18 INFO  : Sourcing of 'C:/work/Master_Degree_Thesis/HW_SVM/HW_SVM.sdk/hw_svm_wrapper_hw_platform_0/ps7_init.tcl' is done.
22:11:18 INFO  : Context for 'APU' is selected.
22:11:22 INFO  : Hardware design information is loaded from 'C:/work/Master_Degree_Thesis/HW_SVM/HW_SVM.sdk/hw_svm_wrapper_hw_platform_0/system.hdf'.
22:11:22 INFO  : 'configparams force-mem-access 1' command is executed.
22:11:22 INFO  : Context for 'APU' is selected.
22:11:22 INFO  : 'stop' command is executed.
22:11:23 INFO  : 'ps7_init' command is executed.
22:11:23 INFO  : 'ps7_post_config' command is executed.
22:11:23 INFO  : 'configparams force-mem-access 0' command is executed.
22:11:23 INFO  : ----------------XSDB Script----------------
connect -url tcp:127.0.0.1:3121
source C:/work/Master_Degree_Thesis/HW_SVM/HW_SVM.sdk/hw_svm_wrapper_hw_platform_0/ps7_init.tcl
targets -set -nocase -filter {name =~"APU*" && jtag_cable_name =~ "Xilinx PYNQ-Z1 003017A8B8E7A"} -index 0
loadhw -hw C:/work/Master_Degree_Thesis/HW_SVM/HW_SVM.sdk/hw_svm_wrapper_hw_platform_0/system.hdf -mem-ranges [list {0x40000000 0xbfffffff}]
configparams force-mem-access 1
targets -set -nocase -filter {name =~"APU*" && jtag_cable_name =~ "Xilinx PYNQ-Z1 003017A8B8E7A"} -index 0
stop
ps7_init
ps7_post_config
configparams force-mem-access 0
----------------End of Script----------------

22:11:23 INFO  : Memory regions updated for context APU
22:11:23 INFO  : Launch script is exported to file 'C:\work\Master_Degree_Thesis\HW_SVM\HW_SVM.sdk\.sdk\launch_scripts\xilinx_c-c++_application_(system_debugger)\startup.tcl'
22:11:55 INFO  : Disconnected from the channel tcfchan#10.
22:11:56 INFO  : 'targets -set -filter {jtag_cable_name =~ "Xilinx PYNQ-Z1 003017A8B8E7A" && level==0} -index 1' command is executed.
22:11:56 INFO  : 'fpga -state' command is executed.
22:11:56 INFO  : Connected to target on host '127.0.0.1' and port '3121'.
22:11:57 INFO  : Jtag cable 'Xilinx PYNQ-Z1 003017A8B8E7A' is selected.
22:11:57 INFO  : 'jtag frequency' command is executed.
22:11:57 INFO  : Sourcing of 'C:/work/Master_Degree_Thesis/HW_SVM/HW_SVM.sdk/hw_svm_wrapper_hw_platform_0/ps7_init.tcl' is done.
22:11:57 INFO  : Context for 'APU' is selected.
22:12:01 INFO  : Hardware design information is loaded from 'C:/work/Master_Degree_Thesis/HW_SVM/HW_SVM.sdk/hw_svm_wrapper_hw_platform_0/system.hdf'.
22:12:01 INFO  : 'configparams force-mem-access 1' command is executed.
22:12:01 INFO  : Context for 'APU' is selected.
22:12:01 INFO  : 'stop' command is executed.
22:12:02 INFO  : 'ps7_init' command is executed.
22:12:02 INFO  : 'ps7_post_config' command is executed.
22:12:02 INFO  : 'configparams force-mem-access 0' command is executed.
22:12:02 INFO  : ----------------XSDB Script----------------
connect -url tcp:127.0.0.1:3121
source C:/work/Master_Degree_Thesis/HW_SVM/HW_SVM.sdk/hw_svm_wrapper_hw_platform_0/ps7_init.tcl
targets -set -nocase -filter {name =~"APU*" && jtag_cable_name =~ "Xilinx PYNQ-Z1 003017A8B8E7A"} -index 0
loadhw -hw C:/work/Master_Degree_Thesis/HW_SVM/HW_SVM.sdk/hw_svm_wrapper_hw_platform_0/system.hdf -mem-ranges [list {0x40000000 0xbfffffff}]
configparams force-mem-access 1
targets -set -nocase -filter {name =~"APU*" && jtag_cable_name =~ "Xilinx PYNQ-Z1 003017A8B8E7A"} -index 0
stop
ps7_init
ps7_post_config
configparams force-mem-access 0
----------------End of Script----------------

22:12:02 INFO  : Memory regions updated for context APU
22:12:02 INFO  : Launch script is exported to file 'C:\work\Master_Degree_Thesis\HW_SVM\HW_SVM.sdk\.sdk\launch_scripts\xilinx_c-c++_application_(system_debugger)\startup.tcl'
22:12:25 INFO  : Disconnected from the channel tcfchan#11.
22:12:26 INFO  : Connected to target on host '127.0.0.1' and port '3121'.
22:12:26 INFO  : Jtag cable 'Xilinx PYNQ-Z1 003017A8B8E7A' is selected.
22:12:26 INFO  : 'jtag frequency' command is executed.
22:12:26 INFO  : Sourcing of 'C:/work/Master_Degree_Thesis/HW_SVM/HW_SVM.sdk/hw_svm_wrapper_hw_platform_0/ps7_init.tcl' is done.
22:12:26 INFO  : 'targets -set -filter {jtag_cable_name =~ "Xilinx PYNQ-Z1 003017A8B8E7A" && level==0} -index 1' command is executed.
22:12:29 INFO  : FPGA configured successfully with bitstream "C:/work/Master_Degree_Thesis/HW_SVM/HW_SVM.sdk/hw_svm_wrapper_hw_platform_0/hw_svm_wrapper.bit"
22:12:29 INFO  : Context for 'APU' is selected.
22:12:34 INFO  : Hardware design information is loaded from 'C:/work/Master_Degree_Thesis/HW_SVM/HW_SVM.sdk/hw_svm_wrapper_hw_platform_0/system.hdf'.
22:12:34 INFO  : 'configparams force-mem-access 1' command is executed.
22:12:34 INFO  : Context for 'APU' is selected.
22:12:34 INFO  : 'stop' command is executed.
22:12:35 INFO  : 'ps7_init' command is executed.
22:12:35 INFO  : 'ps7_post_config' command is executed.
22:12:35 INFO  : Context for processor 'ps7_cortexa9_0' is selected.
22:12:35 INFO  : Processor reset is completed for 'ps7_cortexa9_0'.
22:12:35 INFO  : Context for processor 'ps7_cortexa9_0' is selected.
22:12:35 INFO  : The application 'C:/work/Master_Degree_Thesis/HW_SVM/HW_SVM.sdk/main/Debug/main.elf' is downloaded to processor 'ps7_cortexa9_0'.
22:12:35 INFO  : 'configparams force-mem-access 0' command is executed.
22:12:35 INFO  : ----------------XSDB Script----------------
connect -url tcp:127.0.0.1:3121
source C:/work/Master_Degree_Thesis/HW_SVM/HW_SVM.sdk/hw_svm_wrapper_hw_platform_0/ps7_init.tcl
targets -set -filter {jtag_cable_name =~ "Xilinx PYNQ-Z1 003017A8B8E7A" && level==0} -index 1
fpga -file C:/work/Master_Degree_Thesis/HW_SVM/HW_SVM.sdk/hw_svm_wrapper_hw_platform_0/hw_svm_wrapper.bit
targets -set -nocase -filter {name =~"APU*" && jtag_cable_name =~ "Xilinx PYNQ-Z1 003017A8B8E7A"} -index 0
loadhw -hw C:/work/Master_Degree_Thesis/HW_SVM/HW_SVM.sdk/hw_svm_wrapper_hw_platform_0/system.hdf -mem-ranges [list {0x40000000 0xbfffffff}]
configparams force-mem-access 1
targets -set -nocase -filter {name =~"APU*" && jtag_cable_name =~ "Xilinx PYNQ-Z1 003017A8B8E7A"} -index 0
stop
ps7_init
ps7_post_config
targets -set -nocase -filter {name =~ "ARM*#0" && jtag_cable_name =~ "Xilinx PYNQ-Z1 003017A8B8E7A"} -index 0
rst -processor
targets -set -nocase -filter {name =~ "ARM*#0" && jtag_cable_name =~ "Xilinx PYNQ-Z1 003017A8B8E7A"} -index 0
dow C:/work/Master_Degree_Thesis/HW_SVM/HW_SVM.sdk/main/Debug/main.elf
configparams force-mem-access 0
----------------End of Script----------------

22:12:35 INFO  : Memory regions updated for context APU
22:12:36 INFO  : Context for processor 'ps7_cortexa9_0' is selected.
22:12:36 INFO  : 'con' command is executed.
22:12:36 INFO  : ----------------XSDB Script (After Launch)----------------
targets -set -nocase -filter {name =~ "ARM*#0" && jtag_cable_name =~ "Xilinx PYNQ-Z1 003017A8B8E7A"} -index 0
con
----------------End of Script----------------

22:12:36 INFO  : Launch script is exported to file 'C:\work\Master_Degree_Thesis\HW_SVM\HW_SVM.sdk\.sdk\launch_scripts\xilinx_c-c++_application_(system_debugger)\program.tcl'
22:19:38 INFO  : Disconnected from the channel tcfchan#12.
22:19:39 INFO  : Connected to target on host '127.0.0.1' and port '3121'.
22:19:39 INFO  : Jtag cable 'Xilinx PYNQ-Z1 003017A8B8E7A' is selected.
22:19:40 INFO  : 'jtag frequency' command is executed.
22:19:40 INFO  : Sourcing of 'C:/work/Master_Degree_Thesis/HW_SVM/HW_SVM.sdk/hw_svm_wrapper_hw_platform_0/ps7_init.tcl' is done.
22:19:40 INFO  : 'targets -set -filter {jtag_cable_name =~ "Xilinx PYNQ-Z1 003017A8B8E7A" && level==0} -index 1' command is executed.
22:19:42 INFO  : FPGA configured successfully with bitstream "C:/work/Master_Degree_Thesis/HW_SVM/HW_SVM.sdk/hw_svm_wrapper_hw_platform_0/hw_svm_wrapper.bit"
22:19:42 INFO  : Context for 'APU' is selected.
22:19:47 INFO  : Hardware design information is loaded from 'C:/work/Master_Degree_Thesis/HW_SVM/HW_SVM.sdk/hw_svm_wrapper_hw_platform_0/system.hdf'.
22:19:47 INFO  : 'configparams force-mem-access 1' command is executed.
22:19:47 INFO  : Context for 'APU' is selected.
22:19:47 INFO  : 'stop' command is executed.
22:19:48 INFO  : 'ps7_init' command is executed.
22:19:48 INFO  : 'ps7_post_config' command is executed.
22:19:48 INFO  : Context for processor 'ps7_cortexa9_0' is selected.
22:19:48 INFO  : Processor reset is completed for 'ps7_cortexa9_0'.
22:19:48 INFO  : Context for processor 'ps7_cortexa9_0' is selected.
22:19:48 INFO  : The application 'C:/work/Master_Degree_Thesis/HW_SVM/HW_SVM.sdk/main/Debug/main.elf' is downloaded to processor 'ps7_cortexa9_0'.
22:19:48 INFO  : 'configparams force-mem-access 0' command is executed.
22:19:48 INFO  : ----------------XSDB Script----------------
connect -url tcp:127.0.0.1:3121
source C:/work/Master_Degree_Thesis/HW_SVM/HW_SVM.sdk/hw_svm_wrapper_hw_platform_0/ps7_init.tcl
targets -set -filter {jtag_cable_name =~ "Xilinx PYNQ-Z1 003017A8B8E7A" && level==0} -index 1
fpga -file C:/work/Master_Degree_Thesis/HW_SVM/HW_SVM.sdk/hw_svm_wrapper_hw_platform_0/hw_svm_wrapper.bit
targets -set -nocase -filter {name =~"APU*" && jtag_cable_name =~ "Xilinx PYNQ-Z1 003017A8B8E7A"} -index 0
loadhw -hw C:/work/Master_Degree_Thesis/HW_SVM/HW_SVM.sdk/hw_svm_wrapper_hw_platform_0/system.hdf -mem-ranges [list {0x40000000 0xbfffffff}]
configparams force-mem-access 1
targets -set -nocase -filter {name =~"APU*" && jtag_cable_name =~ "Xilinx PYNQ-Z1 003017A8B8E7A"} -index 0
stop
ps7_init
ps7_post_config
targets -set -nocase -filter {name =~ "ARM*#0" && jtag_cable_name =~ "Xilinx PYNQ-Z1 003017A8B8E7A"} -index 0
rst -processor
targets -set -nocase -filter {name =~ "ARM*#0" && jtag_cable_name =~ "Xilinx PYNQ-Z1 003017A8B8E7A"} -index 0
dow C:/work/Master_Degree_Thesis/HW_SVM/HW_SVM.sdk/main/Debug/main.elf
configparams force-mem-access 0
----------------End of Script----------------

22:19:48 INFO  : Memory regions updated for context APU
22:19:49 INFO  : Context for processor 'ps7_cortexa9_0' is selected.
22:19:49 INFO  : 'con' command is executed.
22:19:49 INFO  : ----------------XSDB Script (After Launch)----------------
targets -set -nocase -filter {name =~ "ARM*#0" && jtag_cable_name =~ "Xilinx PYNQ-Z1 003017A8B8E7A"} -index 0
con
----------------End of Script----------------

22:19:49 INFO  : Launch script is exported to file 'C:\work\Master_Degree_Thesis\HW_SVM\HW_SVM.sdk\.sdk\launch_scripts\xilinx_c-c++_application_(system_debugger)\program.tcl'
22:27:07 INFO  : Disconnected from the channel tcfchan#13.
22:27:08 INFO  : Connected to target on host '127.0.0.1' and port '3121'.
22:27:08 INFO  : Jtag cable 'Xilinx PYNQ-Z1 003017A8B8E7A' is selected.
22:27:08 INFO  : 'jtag frequency' command is executed.
22:27:08 INFO  : Sourcing of 'C:/work/Master_Degree_Thesis/HW_SVM/HW_SVM.sdk/hw_svm_wrapper_hw_platform_0/ps7_init.tcl' is done.
22:27:08 INFO  : 'targets -set -filter {jtag_cable_name =~ "Xilinx PYNQ-Z1 003017A8B8E7A" && level==0} -index 1' command is executed.
22:27:11 INFO  : FPGA configured successfully with bitstream "C:/work/Master_Degree_Thesis/HW_SVM/HW_SVM.sdk/hw_svm_wrapper_hw_platform_0/hw_svm_wrapper.bit"
22:27:11 INFO  : Context for 'APU' is selected.
22:27:16 INFO  : Hardware design information is loaded from 'C:/work/Master_Degree_Thesis/HW_SVM/HW_SVM.sdk/hw_svm_wrapper_hw_platform_0/system.hdf'.
22:27:16 INFO  : 'configparams force-mem-access 1' command is executed.
22:27:16 INFO  : Context for 'APU' is selected.
22:27:16 INFO  : 'stop' command is executed.
22:27:17 INFO  : 'ps7_init' command is executed.
22:27:17 INFO  : 'ps7_post_config' command is executed.
22:27:17 INFO  : Context for processor 'ps7_cortexa9_0' is selected.
22:27:17 INFO  : Processor reset is completed for 'ps7_cortexa9_0'.
22:27:17 INFO  : Context for processor 'ps7_cortexa9_0' is selected.
22:27:17 INFO  : The application 'C:/work/Master_Degree_Thesis/HW_SVM/HW_SVM.sdk/main/Debug/main.elf' is downloaded to processor 'ps7_cortexa9_0'.
22:27:17 INFO  : 'configparams force-mem-access 0' command is executed.
22:27:17 INFO  : ----------------XSDB Script----------------
connect -url tcp:127.0.0.1:3121
source C:/work/Master_Degree_Thesis/HW_SVM/HW_SVM.sdk/hw_svm_wrapper_hw_platform_0/ps7_init.tcl
targets -set -filter {jtag_cable_name =~ "Xilinx PYNQ-Z1 003017A8B8E7A" && level==0} -index 1
fpga -file C:/work/Master_Degree_Thesis/HW_SVM/HW_SVM.sdk/hw_svm_wrapper_hw_platform_0/hw_svm_wrapper.bit
targets -set -nocase -filter {name =~"APU*" && jtag_cable_name =~ "Xilinx PYNQ-Z1 003017A8B8E7A"} -index 0
loadhw -hw C:/work/Master_Degree_Thesis/HW_SVM/HW_SVM.sdk/hw_svm_wrapper_hw_platform_0/system.hdf -mem-ranges [list {0x40000000 0xbfffffff}]
configparams force-mem-access 1
targets -set -nocase -filter {name =~"APU*" && jtag_cable_name =~ "Xilinx PYNQ-Z1 003017A8B8E7A"} -index 0
stop
ps7_init
ps7_post_config
targets -set -nocase -filter {name =~ "ARM*#0" && jtag_cable_name =~ "Xilinx PYNQ-Z1 003017A8B8E7A"} -index 0
rst -processor
targets -set -nocase -filter {name =~ "ARM*#0" && jtag_cable_name =~ "Xilinx PYNQ-Z1 003017A8B8E7A"} -index 0
dow C:/work/Master_Degree_Thesis/HW_SVM/HW_SVM.sdk/main/Debug/main.elf
configparams force-mem-access 0
----------------End of Script----------------

22:27:17 INFO  : Memory regions updated for context APU
22:27:17 INFO  : Context for processor 'ps7_cortexa9_0' is selected.
22:27:17 INFO  : 'con' command is executed.
22:27:17 INFO  : ----------------XSDB Script (After Launch)----------------
targets -set -nocase -filter {name =~ "ARM*#0" && jtag_cable_name =~ "Xilinx PYNQ-Z1 003017A8B8E7A"} -index 0
con
----------------End of Script----------------

22:27:17 INFO  : Launch script is exported to file 'C:\work\Master_Degree_Thesis\HW_SVM\HW_SVM.sdk\.sdk\launch_scripts\xilinx_c-c++_application_(system_debugger)\program.tcl'
22:28:11 INFO  : Disconnected from the channel tcfchan#14.
22:28:12 INFO  : Connected to target on host '127.0.0.1' and port '3121'.
22:28:13 INFO  : Jtag cable 'Xilinx PYNQ-Z1 003017A8B8E7A' is selected.
22:28:13 INFO  : 'jtag frequency' command is executed.
22:28:13 INFO  : Sourcing of 'C:/work/Master_Degree_Thesis/HW_SVM/HW_SVM.sdk/hw_svm_wrapper_hw_platform_0/ps7_init.tcl' is done.
22:28:13 INFO  : 'targets -set -filter {jtag_cable_name =~ "Xilinx PYNQ-Z1 003017A8B8E7A" && level==0} -index 1' command is executed.
22:28:15 INFO  : FPGA configured successfully with bitstream "C:/work/Master_Degree_Thesis/HW_SVM/HW_SVM.sdk/hw_svm_wrapper_hw_platform_0/hw_svm_wrapper.bit"
22:28:15 INFO  : Context for 'APU' is selected.
22:28:20 INFO  : Hardware design information is loaded from 'C:/work/Master_Degree_Thesis/HW_SVM/HW_SVM.sdk/hw_svm_wrapper_hw_platform_0/system.hdf'.
22:28:20 INFO  : 'configparams force-mem-access 1' command is executed.
22:28:20 INFO  : Context for 'APU' is selected.
22:28:20 INFO  : 'stop' command is executed.
22:28:21 INFO  : 'ps7_init' command is executed.
22:28:21 INFO  : 'ps7_post_config' command is executed.
22:28:21 INFO  : Context for processor 'ps7_cortexa9_0' is selected.
22:28:21 INFO  : Processor reset is completed for 'ps7_cortexa9_0'.
22:28:21 INFO  : Context for processor 'ps7_cortexa9_0' is selected.
22:28:22 INFO  : The application 'C:/work/Master_Degree_Thesis/HW_SVM/HW_SVM.sdk/main/Debug/main.elf' is downloaded to processor 'ps7_cortexa9_0'.
22:28:22 INFO  : 'configparams force-mem-access 0' command is executed.
22:28:22 INFO  : ----------------XSDB Script----------------
connect -url tcp:127.0.0.1:3121
source C:/work/Master_Degree_Thesis/HW_SVM/HW_SVM.sdk/hw_svm_wrapper_hw_platform_0/ps7_init.tcl
targets -set -filter {jtag_cable_name =~ "Xilinx PYNQ-Z1 003017A8B8E7A" && level==0} -index 1
fpga -file C:/work/Master_Degree_Thesis/HW_SVM/HW_SVM.sdk/hw_svm_wrapper_hw_platform_0/hw_svm_wrapper.bit
targets -set -nocase -filter {name =~"APU*" && jtag_cable_name =~ "Xilinx PYNQ-Z1 003017A8B8E7A"} -index 0
loadhw -hw C:/work/Master_Degree_Thesis/HW_SVM/HW_SVM.sdk/hw_svm_wrapper_hw_platform_0/system.hdf -mem-ranges [list {0x40000000 0xbfffffff}]
configparams force-mem-access 1
targets -set -nocase -filter {name =~"APU*" && jtag_cable_name =~ "Xilinx PYNQ-Z1 003017A8B8E7A"} -index 0
stop
ps7_init
ps7_post_config
targets -set -nocase -filter {name =~ "ARM*#0" && jtag_cable_name =~ "Xilinx PYNQ-Z1 003017A8B8E7A"} -index 0
rst -processor
targets -set -nocase -filter {name =~ "ARM*#0" && jtag_cable_name =~ "Xilinx PYNQ-Z1 003017A8B8E7A"} -index 0
dow C:/work/Master_Degree_Thesis/HW_SVM/HW_SVM.sdk/main/Debug/main.elf
configparams force-mem-access 0
----------------End of Script----------------

22:28:22 INFO  : Memory regions updated for context APU
22:28:22 INFO  : Context for processor 'ps7_cortexa9_0' is selected.
22:28:22 INFO  : 'con' command is executed.
22:28:22 INFO  : ----------------XSDB Script (After Launch)----------------
targets -set -nocase -filter {name =~ "ARM*#0" && jtag_cable_name =~ "Xilinx PYNQ-Z1 003017A8B8E7A"} -index 0
con
----------------End of Script----------------

22:28:22 INFO  : Launch script is exported to file 'C:\work\Master_Degree_Thesis\HW_SVM\HW_SVM.sdk\.sdk\launch_scripts\xilinx_c-c++_application_(system_debugger)\program.tcl'
22:29:48 INFO  : Disconnected from the channel tcfchan#15.
22:29:50 INFO  : Connected to target on host '127.0.0.1' and port '3121'.
22:29:50 INFO  : Jtag cable 'Xilinx PYNQ-Z1 003017A8B8E7A' is selected.
22:29:50 INFO  : 'jtag frequency' command is executed.
22:29:50 INFO  : Sourcing of 'C:/work/Master_Degree_Thesis/HW_SVM/HW_SVM.sdk/hw_svm_wrapper_hw_platform_0/ps7_init.tcl' is done.
22:29:50 INFO  : 'targets -set -filter {jtag_cable_name =~ "Xilinx PYNQ-Z1 003017A8B8E7A" && level==0} -index 1' command is executed.
22:29:53 INFO  : FPGA configured successfully with bitstream "C:/work/Master_Degree_Thesis/HW_SVM/HW_SVM.sdk/hw_svm_wrapper_hw_platform_0/hw_svm_wrapper.bit"
22:29:53 INFO  : Context for 'APU' is selected.
22:29:57 INFO  : Hardware design information is loaded from 'C:/work/Master_Degree_Thesis/HW_SVM/HW_SVM.sdk/hw_svm_wrapper_hw_platform_0/system.hdf'.
22:29:57 INFO  : 'configparams force-mem-access 1' command is executed.
22:29:57 INFO  : Context for 'APU' is selected.
22:29:57 INFO  : 'stop' command is executed.
22:29:57 ERROR : Memory read error at 0xF8007080. AHB AP transaction error, DAP status f0000021
22:29:57 INFO  : ----------------XSDB Script----------------
connect -url tcp:127.0.0.1:3121
source C:/work/Master_Degree_Thesis/HW_SVM/HW_SVM.sdk/hw_svm_wrapper_hw_platform_0/ps7_init.tcl
targets -set -filter {jtag_cable_name =~ "Xilinx PYNQ-Z1 003017A8B8E7A" && level==0} -index 1
fpga -file C:/work/Master_Degree_Thesis/HW_SVM/HW_SVM.sdk/hw_svm_wrapper_hw_platform_0/hw_svm_wrapper.bit
targets -set -nocase -filter {name =~"APU*" && jtag_cable_name =~ "Xilinx PYNQ-Z1 003017A8B8E7A"} -index 0
loadhw -hw C:/work/Master_Degree_Thesis/HW_SVM/HW_SVM.sdk/hw_svm_wrapper_hw_platform_0/system.hdf -mem-ranges [list {0x40000000 0xbfffffff}]
configparams force-mem-access 1
targets -set -nocase -filter {name =~"APU*" && jtag_cable_name =~ "Xilinx PYNQ-Z1 003017A8B8E7A"} -index 0
stop
ps7_init
----------------End of Script----------------

22:30:06 INFO  : Connected to target on host '127.0.0.1' and port '3121'.
22:30:07 INFO  : Jtag cable 'Xilinx PYNQ-Z1 003017A8B8E7A' is selected.
22:30:07 INFO  : 'jtag frequency' command is executed.
22:30:07 INFO  : Sourcing of 'C:/work/Master_Degree_Thesis/HW_SVM/HW_SVM.sdk/hw_svm_wrapper_hw_platform_0/ps7_init.tcl' is done.
22:30:07 INFO  : 'targets -set -filter {jtag_cable_name =~ "Xilinx PYNQ-Z1 003017A8B8E7A" && level==0} -index 1' command is executed.
22:30:11 ERROR : fpga configuration failed. DONE PIN is not HIGH
22:30:11 ERROR : Exception occured while running Program FPGA.
java.lang.RuntimeException: fpga configuration failed. DONE PIN is not HIGH
22:30:11 INFO  : ----------------XSDB Script----------------
connect -url tcp:127.0.0.1:3121
source C:/work/Master_Degree_Thesis/HW_SVM/HW_SVM.sdk/hw_svm_wrapper_hw_platform_0/ps7_init.tcl
----------------End of Script----------------

22:31:11 INFO  : 'targets -set -filter {jtag_cable_name =~ "Xilinx PYNQ-Z1 003017A8B8E7A" && level==0} -index 1' command is executed.
22:31:11 INFO  : 'fpga -state' command is executed.
22:31:11 INFO  : Connected to target on host '127.0.0.1' and port '3121'.
22:31:11 INFO  : Jtag cable 'Xilinx PYNQ-Z1 003017A8B8E7A' is selected.
22:31:11 INFO  : 'jtag frequency' command is executed.
22:31:11 INFO  : Sourcing of 'C:/work/Master_Degree_Thesis/HW_SVM/HW_SVM.sdk/hw_svm_wrapper_hw_platform_0/ps7_init.tcl' is done.
22:31:11 INFO  : Context for 'APU' is selected.
22:31:11 INFO  : Hardware design information is loaded from 'C:/work/Master_Degree_Thesis/HW_SVM/HW_SVM.sdk/hw_svm_wrapper_hw_platform_0/system.hdf'.
22:31:11 INFO  : 'configparams force-mem-access 1' command is executed.
22:31:11 INFO  : Context for 'APU' is selected.
22:31:11 INFO  : 'stop' command is executed.
22:31:12 INFO  : 'ps7_init' command is executed.
22:31:12 INFO  : 'ps7_post_config' command is executed.
22:31:12 INFO  : 'configparams force-mem-access 0' command is executed.
22:31:12 INFO  : ----------------XSDB Script----------------
connect -url tcp:127.0.0.1:3121
source C:/work/Master_Degree_Thesis/HW_SVM/HW_SVM.sdk/hw_svm_wrapper_hw_platform_0/ps7_init.tcl
targets -set -nocase -filter {name =~"APU*" && jtag_cable_name =~ "Xilinx PYNQ-Z1 003017A8B8E7A"} -index 0
loadhw -hw C:/work/Master_Degree_Thesis/HW_SVM/HW_SVM.sdk/hw_svm_wrapper_hw_platform_0/system.hdf -mem-ranges [list {0x40000000 0xbfffffff}]
configparams force-mem-access 1
targets -set -nocase -filter {name =~"APU*" && jtag_cable_name =~ "Xilinx PYNQ-Z1 003017A8B8E7A"} -index 0
stop
ps7_init
ps7_post_config
configparams force-mem-access 0
----------------End of Script----------------

22:31:12 INFO  : Memory regions updated for context APU
22:31:12 INFO  : Launch script is exported to file 'C:\work\Master_Degree_Thesis\HW_SVM\HW_SVM.sdk\.sdk\launch_scripts\xilinx_c-c++_application_(system_debugger)\startup.tcl'
22:31:44 INFO  : Connected to target on host '127.0.0.1' and port '3121'.
22:31:45 INFO  : Jtag cable 'Xilinx PYNQ-Z1 003017A8B8E7A' is selected.
22:31:45 INFO  : 'jtag frequency' command is executed.
22:31:45 INFO  : Sourcing of 'C:/work/Master_Degree_Thesis/HW_SVM/HW_SVM.sdk/hw_svm_wrapper_hw_platform_0/ps7_init.tcl' is done.
22:31:45 INFO  : 'targets -set -filter {jtag_cable_name =~ "Xilinx PYNQ-Z1 003017A8B8E7A" && level==0} -index 1' command is executed.
22:31:48 INFO  : FPGA configured successfully with bitstream "C:/work/Master_Degree_Thesis/HW_SVM/HW_SVM.sdk/hw_svm_wrapper_hw_platform_0/hw_svm_wrapper.bit"
22:31:48 INFO  : Context for 'APU' is selected.
22:31:48 INFO  : Hardware design information is loaded from 'C:/work/Master_Degree_Thesis/HW_SVM/HW_SVM.sdk/hw_svm_wrapper_hw_platform_0/system.hdf'.
22:31:48 INFO  : 'configparams force-mem-access 1' command is executed.
22:31:48 INFO  : Context for 'APU' is selected.
22:31:48 INFO  : 'stop' command is executed.
22:31:49 INFO  : 'ps7_init' command is executed.
22:31:49 INFO  : 'ps7_post_config' command is executed.
22:31:49 INFO  : Context for processor 'ps7_cortexa9_0' is selected.
22:31:49 INFO  : Processor reset is completed for 'ps7_cortexa9_0'.
22:31:49 INFO  : Context for processor 'ps7_cortexa9_0' is selected.
22:31:49 INFO  : The application 'C:/work/Master_Degree_Thesis/HW_SVM/HW_SVM.sdk/main/Debug/main.elf' is downloaded to processor 'ps7_cortexa9_0'.
22:31:49 INFO  : 'configparams force-mem-access 0' command is executed.
22:31:49 INFO  : ----------------XSDB Script----------------
connect -url tcp:127.0.0.1:3121
source C:/work/Master_Degree_Thesis/HW_SVM/HW_SVM.sdk/hw_svm_wrapper_hw_platform_0/ps7_init.tcl
targets -set -filter {jtag_cable_name =~ "Xilinx PYNQ-Z1 003017A8B8E7A" && level==0} -index 1
fpga -file C:/work/Master_Degree_Thesis/HW_SVM/HW_SVM.sdk/hw_svm_wrapper_hw_platform_0/hw_svm_wrapper.bit
targets -set -nocase -filter {name =~"APU*" && jtag_cable_name =~ "Xilinx PYNQ-Z1 003017A8B8E7A"} -index 0
loadhw -hw C:/work/Master_Degree_Thesis/HW_SVM/HW_SVM.sdk/hw_svm_wrapper_hw_platform_0/system.hdf -mem-ranges [list {0x40000000 0xbfffffff}]
configparams force-mem-access 1
targets -set -nocase -filter {name =~"APU*" && jtag_cable_name =~ "Xilinx PYNQ-Z1 003017A8B8E7A"} -index 0
stop
ps7_init
ps7_post_config
targets -set -nocase -filter {name =~ "ARM*#0" && jtag_cable_name =~ "Xilinx PYNQ-Z1 003017A8B8E7A"} -index 0
rst -processor
targets -set -nocase -filter {name =~ "ARM*#0" && jtag_cable_name =~ "Xilinx PYNQ-Z1 003017A8B8E7A"} -index 0
dow C:/work/Master_Degree_Thesis/HW_SVM/HW_SVM.sdk/main/Debug/main.elf
configparams force-mem-access 0
----------------End of Script----------------

22:31:49 INFO  : Memory regions updated for context APU
22:31:50 INFO  : Context for processor 'ps7_cortexa9_0' is selected.
22:31:50 INFO  : 'con' command is executed.
22:31:50 INFO  : ----------------XSDB Script (After Launch)----------------
targets -set -nocase -filter {name =~ "ARM*#0" && jtag_cable_name =~ "Xilinx PYNQ-Z1 003017A8B8E7A"} -index 0
con
----------------End of Script----------------

22:31:50 INFO  : Launch script is exported to file 'C:\work\Master_Degree_Thesis\HW_SVM\HW_SVM.sdk\.sdk\launch_scripts\xilinx_c-c++_application_(system_debugger)\program.tcl'
22:33:16 INFO  : Disconnected from the channel tcfchan#16.
22:33:16 WARN  : channel "tcfchan#16" closed
