19:20:33 INFO  : Registering command handlers for SDK TCF services
19:20:34 INFO  : Launching XSCT server: xsct.bat -interactive C:\Users\yoxo\OneDrive\Documenti\work_dir\Master_Degree_Thesis\PYNQ_SVM_CLASSIFIER\PYNQ_SVM_CLASSIFIER.sdk\temp_xsdb_launch_script.tcl
19:20:39 INFO  : XSCT server has started successfully.
19:20:39 INFO  : Successfully done setting XSCT server connection channel  
19:20:44 INFO  : Successfully done setting SDK workspace  
19:20:44 INFO  : Processing command line option -hwspec C:/Users/yoxo/OneDrive/Documenti/work_dir/Master_Degree_Thesis/PYNQ_SVM_CLASSIFIER/PYNQ_SVM_CLASSIFIER.sdk/embedded_system_wrapper.hdf.
19:41:43 INFO  : Connected to target on host '127.0.0.1' and port '3121'.
19:41:45 INFO  : Connected to target on host '127.0.0.1' and port '3121'.
19:41:50 INFO  : Connected to target on host '127.0.0.1' and port '3121'.
19:41:53 INFO  : Connected to target on host '127.0.0.1' and port '3121'.
19:43:16 INFO  : Connected to target on host '127.0.0.1' and port '3121'.
19:43:16 INFO  : Jtag cable 'Xilinx PYNQ-Z1 003017A8B8E7A' is selected.
19:43:16 INFO  : 'jtag frequency' command is executed.
19:43:16 INFO  : Sourcing of 'C:/Users/yoxo/OneDrive/Documenti/work_dir/Master_Degree_Thesis/PYNQ_SVM_CLASSIFIER/PYNQ_SVM_CLASSIFIER.sdk/embedded_system_wrapper_hw_platform_0/ps7_init.tcl' is done.
19:43:16 INFO  : 'targets -set -filter {jtag_cable_name =~ "Xilinx PYNQ-Z1 003017A8B8E7A" && level==0} -index 1' command is executed.
19:43:18 INFO  : FPGA configured successfully with bitstream "C:/Users/yoxo/OneDrive/Documenti/work_dir/Master_Degree_Thesis/PYNQ_SVM_CLASSIFIER/PYNQ_SVM_CLASSIFIER.sdk/embedded_system_wrapper_hw_platform_0/embedded_system_wrapper.bit"
19:43:18 INFO  : Context for 'APU' is selected.
19:43:19 INFO  : Hardware design information is loaded from 'C:/Users/yoxo/OneDrive/Documenti/work_dir/Master_Degree_Thesis/PYNQ_SVM_CLASSIFIER/PYNQ_SVM_CLASSIFIER.sdk/embedded_system_wrapper_hw_platform_0/system.hdf'.
19:43:19 INFO  : 'configparams force-mem-access 1' command is executed.
19:43:19 INFO  : Context for 'APU' is selected.
19:43:19 INFO  : 'stop' command is executed.
19:43:19 INFO  : 'ps7_init' command is executed.
19:43:19 INFO  : Context for processor 'ps7_cortexa9_0' is selected.
19:43:19 INFO  : Processor reset is completed for 'ps7_cortexa9_0'.
19:43:19 INFO  : Context for processor 'ps7_cortexa9_0' is selected.
19:43:20 INFO  : The application 'C:/Users/yoxo/OneDrive/Documenti/work_dir/Master_Degree_Thesis/PYNQ_SVM_CLASSIFIER/PYNQ_SVM_CLASSIFIER.sdk/main_system/Debug/main_system.elf' is downloaded to processor 'ps7_cortexa9_0'.
19:43:20 INFO  : 'configparams force-mem-access 0' command is executed.
19:43:20 INFO  : ----------------XSDB Script----------------
connect -url tcp:127.0.0.1:3121
source C:/Users/yoxo/OneDrive/Documenti/work_dir/Master_Degree_Thesis/PYNQ_SVM_CLASSIFIER/PYNQ_SVM_CLASSIFIER.sdk/embedded_system_wrapper_hw_platform_0/ps7_init.tcl
targets -set -filter {jtag_cable_name =~ "Xilinx PYNQ-Z1 003017A8B8E7A" && level==0} -index 1
fpga -file C:/Users/yoxo/OneDrive/Documenti/work_dir/Master_Degree_Thesis/PYNQ_SVM_CLASSIFIER/PYNQ_SVM_CLASSIFIER.sdk/embedded_system_wrapper_hw_platform_0/embedded_system_wrapper.bit
targets -set -nocase -filter {name =~"APU*" && jtag_cable_name =~ "Xilinx PYNQ-Z1 003017A8B8E7A"} -index 0
loadhw -hw C:/Users/yoxo/OneDrive/Documenti/work_dir/Master_Degree_Thesis/PYNQ_SVM_CLASSIFIER/PYNQ_SVM_CLASSIFIER.sdk/embedded_system_wrapper_hw_platform_0/system.hdf -mem-ranges [list {0x40000000 0xbfffffff}]
configparams force-mem-access 1
targets -set -nocase -filter {name =~"APU*" && jtag_cable_name =~ "Xilinx PYNQ-Z1 003017A8B8E7A"} -index 0
stop
ps7_init
targets -set -nocase -filter {name =~ "ARM*#0" && jtag_cable_name =~ "Xilinx PYNQ-Z1 003017A8B8E7A"} -index 0
rst -processor
targets -set -nocase -filter {name =~ "ARM*#0" && jtag_cable_name =~ "Xilinx PYNQ-Z1 003017A8B8E7A"} -index 0
dow C:/Users/yoxo/OneDrive/Documenti/work_dir/Master_Degree_Thesis/PYNQ_SVM_CLASSIFIER/PYNQ_SVM_CLASSIFIER.sdk/main_system/Debug/main_system.elf
configparams force-mem-access 0
----------------End of Script----------------

19:43:20 INFO  : Memory regions updated for context APU
19:43:20 INFO  : Context for processor 'ps7_cortexa9_0' is selected.
19:43:20 INFO  : 'con' command is executed.
19:43:20 INFO  : ----------------XSDB Script (After Launch)----------------
targets -set -nocase -filter {name =~ "ARM*#0" && jtag_cable_name =~ "Xilinx PYNQ-Z1 003017A8B8E7A"} -index 0
con
----------------End of Script----------------

19:43:20 INFO  : Launch script is exported to file 'C:\Users\yoxo\OneDrive\Documenti\work_dir\Master_Degree_Thesis\PYNQ_SVM_CLASSIFIER\PYNQ_SVM_CLASSIFIER.sdk\.sdk\launch_scripts\xilinx_c-c++_application_(system_debugger)\system_debugger_on_local.tcl'
19:43:48 INFO  : Disconnected from the channel tcfchan#1.
19:43:49 INFO  : Connected to target on host '127.0.0.1' and port '3121'.
19:43:49 INFO  : Jtag cable 'Xilinx PYNQ-Z1 003017A8B8E7A' is selected.
19:43:49 INFO  : 'jtag frequency' command is executed.
19:43:49 INFO  : Sourcing of 'C:/Users/yoxo/OneDrive/Documenti/work_dir/Master_Degree_Thesis/PYNQ_SVM_CLASSIFIER/PYNQ_SVM_CLASSIFIER.sdk/embedded_system_wrapper_hw_platform_0/ps7_init.tcl' is done.
19:43:49 INFO  : 'targets -set -filter {jtag_cable_name =~ "Xilinx PYNQ-Z1 003017A8B8E7A" && level==0} -index 1' command is executed.
19:43:52 INFO  : FPGA configured successfully with bitstream "C:/Users/yoxo/OneDrive/Documenti/work_dir/Master_Degree_Thesis/PYNQ_SVM_CLASSIFIER/PYNQ_SVM_CLASSIFIER.sdk/embedded_system_wrapper_hw_platform_0/embedded_system_wrapper.bit"
19:43:52 INFO  : Context for 'APU' is selected.
19:43:56 INFO  : Hardware design information is loaded from 'C:/Users/yoxo/OneDrive/Documenti/work_dir/Master_Degree_Thesis/PYNQ_SVM_CLASSIFIER/PYNQ_SVM_CLASSIFIER.sdk/embedded_system_wrapper_hw_platform_0/system.hdf'.
19:43:56 INFO  : 'configparams force-mem-access 1' command is executed.
19:43:56 INFO  : Context for 'APU' is selected.
19:43:57 INFO  : 'stop' command is executed.
19:43:59 INFO  : 'ps7_init' command is executed.
19:43:59 INFO  : Context for processor 'ps7_cortexa9_0' is selected.
19:43:59 INFO  : Processor reset is completed for 'ps7_cortexa9_0'.
19:43:59 INFO  : Context for processor 'ps7_cortexa9_0' is selected.
19:44:01 ERROR : Memory write error at 0x100000. APB AP transaction error, DAP status f0000021
19:44:01 INFO  : ----------------XSDB Script----------------
connect -url tcp:127.0.0.1:3121
source C:/Users/yoxo/OneDrive/Documenti/work_dir/Master_Degree_Thesis/PYNQ_SVM_CLASSIFIER/PYNQ_SVM_CLASSIFIER.sdk/embedded_system_wrapper_hw_platform_0/ps7_init.tcl
targets -set -filter {jtag_cable_name =~ "Xilinx PYNQ-Z1 003017A8B8E7A" && level==0} -index 1
fpga -file C:/Users/yoxo/OneDrive/Documenti/work_dir/Master_Degree_Thesis/PYNQ_SVM_CLASSIFIER/PYNQ_SVM_CLASSIFIER.sdk/embedded_system_wrapper_hw_platform_0/embedded_system_wrapper.bit
targets -set -nocase -filter {name =~"APU*" && jtag_cable_name =~ "Xilinx PYNQ-Z1 003017A8B8E7A"} -index 0
loadhw -hw C:/Users/yoxo/OneDrive/Documenti/work_dir/Master_Degree_Thesis/PYNQ_SVM_CLASSIFIER/PYNQ_SVM_CLASSIFIER.sdk/embedded_system_wrapper_hw_platform_0/system.hdf -mem-ranges [list {0x40000000 0xbfffffff}]
configparams force-mem-access 1
targets -set -nocase -filter {name =~"APU*" && jtag_cable_name =~ "Xilinx PYNQ-Z1 003017A8B8E7A"} -index 0
stop
ps7_init
targets -set -nocase -filter {name =~ "ARM*#0" && jtag_cable_name =~ "Xilinx PYNQ-Z1 003017A8B8E7A"} -index 0
rst -processor
targets -set -nocase -filter {name =~ "ARM*#0" && jtag_cable_name =~ "Xilinx PYNQ-Z1 003017A8B8E7A"} -index 0
dow C:/Users/yoxo/OneDrive/Documenti/work_dir/Master_Degree_Thesis/PYNQ_SVM_CLASSIFIER/PYNQ_SVM_CLASSIFIER.sdk/main_system/Debug/main_system.elf
----------------End of Script----------------

19:45:23 INFO  : Connected to target on host '127.0.0.1' and port '3121'.
19:45:23 INFO  : Jtag cable 'Xilinx PYNQ-Z1 003017A8B8E7A' is selected.
19:45:23 INFO  : 'jtag frequency' command is executed.
19:45:23 INFO  : Sourcing of 'C:/Users/yoxo/OneDrive/Documenti/work_dir/Master_Degree_Thesis/PYNQ_SVM_CLASSIFIER/PYNQ_SVM_CLASSIFIER.sdk/embedded_system_wrapper_hw_platform_0/ps7_init.tcl' is done.
19:45:23 INFO  : 'targets -set -filter {jtag_cable_name =~ "Xilinx PYNQ-Z1 003017A8B8E7A" && level==0} -index 1' command is executed.
19:45:27 ERROR : fpga configuration failed. DONE PIN is not HIGH
19:45:27 ERROR : Exception occured while running Program FPGA.
java.lang.RuntimeException: fpga configuration failed. DONE PIN is not HIGH
19:45:27 INFO  : ----------------XSDB Script----------------
connect -url tcp:127.0.0.1:3121
source C:/Users/yoxo/OneDrive/Documenti/work_dir/Master_Degree_Thesis/PYNQ_SVM_CLASSIFIER/PYNQ_SVM_CLASSIFIER.sdk/embedded_system_wrapper_hw_platform_0/ps7_init.tcl
----------------End of Script----------------

19:46:50 INFO  : Connected to target on host '127.0.0.1' and port '3121'.
19:46:50 INFO  : Jtag cable 'Xilinx PYNQ-Z1 003017A8B8E7A' is selected.
19:46:50 INFO  : 'jtag frequency' command is executed.
19:46:50 INFO  : Sourcing of 'C:/Users/yoxo/OneDrive/Documenti/work_dir/Master_Degree_Thesis/PYNQ_SVM_CLASSIFIER/PYNQ_SVM_CLASSIFIER.sdk/embedded_system_wrapper_hw_platform_0/ps7_init.tcl' is done.
19:46:50 INFO  : Context for 'APU' is selected.
19:46:51 INFO  : System reset is completed.
19:46:54 INFO  : 'after 3000' command is executed.
19:46:54 INFO  : 'targets -set -filter {jtag_cable_name =~ "Xilinx PYNQ-Z1 003017A8B8E7A" && level==0} -index 1' command is executed.
19:46:56 INFO  : FPGA configured successfully with bitstream "C:/Users/yoxo/OneDrive/Documenti/work_dir/Master_Degree_Thesis/PYNQ_SVM_CLASSIFIER/PYNQ_SVM_CLASSIFIER.sdk/embedded_system_wrapper_hw_platform_0/embedded_system_wrapper.bit"
19:46:56 INFO  : Context for 'APU' is selected.
19:46:56 INFO  : Hardware design information is loaded from 'C:/Users/yoxo/OneDrive/Documenti/work_dir/Master_Degree_Thesis/PYNQ_SVM_CLASSIFIER/PYNQ_SVM_CLASSIFIER.sdk/embedded_system_wrapper_hw_platform_0/system.hdf'.
19:46:56 INFO  : 'configparams force-mem-access 1' command is executed.
19:46:56 INFO  : Context for 'APU' is selected.
19:46:57 INFO  : 'ps7_init' command is executed.
19:46:57 INFO  : 'ps7_post_config' command is executed.
19:46:57 INFO  : Context for processor 'ps7_cortexa9_0' is selected.
19:46:57 INFO  : The application 'C:/Users/yoxo/OneDrive/Documenti/work_dir/Master_Degree_Thesis/PYNQ_SVM_CLASSIFIER/PYNQ_SVM_CLASSIFIER.sdk/main_system/Debug/main_system.elf' is downloaded to processor 'ps7_cortexa9_0'.
19:46:57 INFO  : 'configparams force-mem-access 0' command is executed.
19:46:57 INFO  : ----------------XSDB Script----------------
connect -url tcp:127.0.0.1:3121
source C:/Users/yoxo/OneDrive/Documenti/work_dir/Master_Degree_Thesis/PYNQ_SVM_CLASSIFIER/PYNQ_SVM_CLASSIFIER.sdk/embedded_system_wrapper_hw_platform_0/ps7_init.tcl
targets -set -nocase -filter {name =~"APU*" && jtag_cable_name =~ "Xilinx PYNQ-Z1 003017A8B8E7A"} -index 0
rst -system
after 3000
targets -set -filter {jtag_cable_name =~ "Xilinx PYNQ-Z1 003017A8B8E7A" && level==0} -index 1
fpga -file C:/Users/yoxo/OneDrive/Documenti/work_dir/Master_Degree_Thesis/PYNQ_SVM_CLASSIFIER/PYNQ_SVM_CLASSIFIER.sdk/embedded_system_wrapper_hw_platform_0/embedded_system_wrapper.bit
targets -set -nocase -filter {name =~"APU*" && jtag_cable_name =~ "Xilinx PYNQ-Z1 003017A8B8E7A"} -index 0
loadhw -hw C:/Users/yoxo/OneDrive/Documenti/work_dir/Master_Degree_Thesis/PYNQ_SVM_CLASSIFIER/PYNQ_SVM_CLASSIFIER.sdk/embedded_system_wrapper_hw_platform_0/system.hdf -mem-ranges [list {0x40000000 0xbfffffff}]
configparams force-mem-access 1
targets -set -nocase -filter {name =~"APU*" && jtag_cable_name =~ "Xilinx PYNQ-Z1 003017A8B8E7A"} -index 0
ps7_init
ps7_post_config
targets -set -nocase -filter {name =~ "ARM*#0" && jtag_cable_name =~ "Xilinx PYNQ-Z1 003017A8B8E7A"} -index 0
dow C:/Users/yoxo/OneDrive/Documenti/work_dir/Master_Degree_Thesis/PYNQ_SVM_CLASSIFIER/PYNQ_SVM_CLASSIFIER.sdk/main_system/Debug/main_system.elf
configparams force-mem-access 0
----------------End of Script----------------

19:46:57 INFO  : Memory regions updated for context APU
19:46:58 INFO  : Context for processor 'ps7_cortexa9_0' is selected.
19:46:58 INFO  : 'con' command is executed.
19:46:58 INFO  : ----------------XSDB Script (After Launch)----------------
targets -set -nocase -filter {name =~ "ARM*#0" && jtag_cable_name =~ "Xilinx PYNQ-Z1 003017A8B8E7A"} -index 0
con
----------------End of Script----------------

19:46:58 INFO  : Launch script is exported to file 'C:\Users\yoxo\OneDrive\Documenti\work_dir\Master_Degree_Thesis\PYNQ_SVM_CLASSIFIER\PYNQ_SVM_CLASSIFIER.sdk\.sdk\launch_scripts\xilinx_c-c++_application_(system_debugger)\system_debugger_on_local.tcl'
19:56:14 INFO  : Disconnected from the channel tcfchan#2.
20:53:58 INFO  : Registering command handlers for SDK TCF services
20:54:01 INFO  : Launching XSCT server: xsct.bat -interactive C:\Users\yoxo\OneDrive\Documenti\work_dir\Master_Degree_Thesis\PYNQ_SVM_CLASSIFIER\PYNQ_SVM_CLASSIFIER.sdk\temp_xsdb_launch_script.tcl
20:54:07 INFO  : XSCT server has started successfully.
20:54:13 INFO  : Successfully done setting XSCT server connection channel  
20:54:13 INFO  : Successfully done setting SDK workspace  
20:54:13 INFO  : Processing command line option -hwspec C:/Users/yoxo/OneDrive/Documenti/work_dir/Master_Degree_Thesis/PYNQ_SVM_CLASSIFIER/PYNQ_SVM_CLASSIFIER.sdk/embedded_system_wrapper.hdf.
20:54:13 INFO  : Checking for hwspec changes in the project embedded_system_wrapper_hw_platform_0.
20:56:11 INFO  : Connected to target on host '127.0.0.1' and port '3121'.
20:56:11 INFO  : Jtag cable 'Xilinx PYNQ-Z1 003017A8B8E7A' is selected.
20:56:11 INFO  : 'jtag frequency' command is executed.
20:56:11 INFO  : Sourcing of 'C:/Users/yoxo/OneDrive/Documenti/work_dir/Master_Degree_Thesis/PYNQ_SVM_CLASSIFIER/PYNQ_SVM_CLASSIFIER.sdk/embedded_system_wrapper_hw_platform_0/ps7_init.tcl' is done.
20:56:11 INFO  : Context for 'APU' is selected.
20:56:12 INFO  : System reset is completed.
20:56:15 INFO  : 'after 3000' command is executed.
20:56:15 INFO  : 'targets -set -filter {jtag_cable_name =~ "Xilinx PYNQ-Z1 003017A8B8E7A" && level==0} -index 1' command is executed.
20:56:17 INFO  : FPGA configured successfully with bitstream "C:/Users/yoxo/OneDrive/Documenti/work_dir/Master_Degree_Thesis/PYNQ_SVM_CLASSIFIER/PYNQ_SVM_CLASSIFIER.sdk/embedded_system_wrapper_hw_platform_0/embedded_system_wrapper.bit"
20:56:17 INFO  : Context for 'APU' is selected.
20:56:17 INFO  : Hardware design information is loaded from 'C:/Users/yoxo/OneDrive/Documenti/work_dir/Master_Degree_Thesis/PYNQ_SVM_CLASSIFIER/PYNQ_SVM_CLASSIFIER.sdk/embedded_system_wrapper_hw_platform_0/system.hdf'.
20:56:17 INFO  : 'configparams force-mem-access 1' command is executed.
20:56:17 INFO  : Context for 'APU' is selected.
20:56:18 INFO  : 'ps7_init' command is executed.
20:56:18 INFO  : 'ps7_post_config' command is executed.
20:56:18 INFO  : Context for processor 'ps7_cortexa9_0' is selected.
20:56:18 INFO  : The application 'C:/Users/yoxo/OneDrive/Documenti/work_dir/Master_Degree_Thesis/PYNQ_SVM_CLASSIFIER/PYNQ_SVM_CLASSIFIER.sdk/main_system/Debug/main_system.elf' is downloaded to processor 'ps7_cortexa9_0'.
20:56:18 INFO  : 'configparams force-mem-access 0' command is executed.
20:56:18 INFO  : ----------------XSDB Script----------------
connect -url tcp:127.0.0.1:3121
source C:/Users/yoxo/OneDrive/Documenti/work_dir/Master_Degree_Thesis/PYNQ_SVM_CLASSIFIER/PYNQ_SVM_CLASSIFIER.sdk/embedded_system_wrapper_hw_platform_0/ps7_init.tcl
targets -set -nocase -filter {name =~"APU*" && jtag_cable_name =~ "Xilinx PYNQ-Z1 003017A8B8E7A"} -index 0
rst -system
after 3000
targets -set -filter {jtag_cable_name =~ "Xilinx PYNQ-Z1 003017A8B8E7A" && level==0} -index 1
fpga -file C:/Users/yoxo/OneDrive/Documenti/work_dir/Master_Degree_Thesis/PYNQ_SVM_CLASSIFIER/PYNQ_SVM_CLASSIFIER.sdk/embedded_system_wrapper_hw_platform_0/embedded_system_wrapper.bit
targets -set -nocase -filter {name =~"APU*" && jtag_cable_name =~ "Xilinx PYNQ-Z1 003017A8B8E7A"} -index 0
loadhw -hw C:/Users/yoxo/OneDrive/Documenti/work_dir/Master_Degree_Thesis/PYNQ_SVM_CLASSIFIER/PYNQ_SVM_CLASSIFIER.sdk/embedded_system_wrapper_hw_platform_0/system.hdf -mem-ranges [list {0x40000000 0xbfffffff}]
configparams force-mem-access 1
targets -set -nocase -filter {name =~"APU*" && jtag_cable_name =~ "Xilinx PYNQ-Z1 003017A8B8E7A"} -index 0
ps7_init
ps7_post_config
targets -set -nocase -filter {name =~ "ARM*#0" && jtag_cable_name =~ "Xilinx PYNQ-Z1 003017A8B8E7A"} -index 0
dow C:/Users/yoxo/OneDrive/Documenti/work_dir/Master_Degree_Thesis/PYNQ_SVM_CLASSIFIER/PYNQ_SVM_CLASSIFIER.sdk/main_system/Debug/main_system.elf
configparams force-mem-access 0
----------------End of Script----------------

20:56:18 INFO  : Memory regions updated for context APU
20:56:18 INFO  : Context for processor 'ps7_cortexa9_0' is selected.
20:56:18 INFO  : 'con' command is executed.
20:56:18 INFO  : ----------------XSDB Script (After Launch)----------------
targets -set -nocase -filter {name =~ "ARM*#0" && jtag_cable_name =~ "Xilinx PYNQ-Z1 003017A8B8E7A"} -index 0
con
----------------End of Script----------------

20:56:18 INFO  : Launch script is exported to file 'C:\Users\yoxo\OneDrive\Documenti\work_dir\Master_Degree_Thesis\PYNQ_SVM_CLASSIFIER\PYNQ_SVM_CLASSIFIER.sdk\.sdk\launch_scripts\xilinx_c-c++_application_(system_debugger)\system_debugger_on_local.tcl'
20:58:10 INFO  : Disconnected from the channel tcfchan#1.
20:58:11 INFO  : Connected to target on host '127.0.0.1' and port '3121'.
20:58:11 INFO  : Jtag cable 'Xilinx PYNQ-Z1 003017A8B8E7A' is selected.
20:58:11 INFO  : 'jtag frequency' command is executed.
20:58:11 INFO  : Sourcing of 'C:/Users/yoxo/OneDrive/Documenti/work_dir/Master_Degree_Thesis/PYNQ_SVM_CLASSIFIER/PYNQ_SVM_CLASSIFIER.sdk/embedded_system_wrapper_hw_platform_0/ps7_init.tcl' is done.
20:58:11 INFO  : Context for 'APU' is selected.
20:58:11 INFO  : System reset is completed.
20:58:14 INFO  : 'after 3000' command is executed.
20:58:14 INFO  : 'targets -set -filter {jtag_cable_name =~ "Xilinx PYNQ-Z1 003017A8B8E7A" && level==0} -index 1' command is executed.
20:58:16 INFO  : FPGA configured successfully with bitstream "C:/Users/yoxo/OneDrive/Documenti/work_dir/Master_Degree_Thesis/PYNQ_SVM_CLASSIFIER/PYNQ_SVM_CLASSIFIER.sdk/embedded_system_wrapper_hw_platform_0/embedded_system_wrapper.bit"
20:58:17 INFO  : Context for 'APU' is selected.
20:58:22 INFO  : Hardware design information is loaded from 'C:/Users/yoxo/OneDrive/Documenti/work_dir/Master_Degree_Thesis/PYNQ_SVM_CLASSIFIER/PYNQ_SVM_CLASSIFIER.sdk/embedded_system_wrapper_hw_platform_0/system.hdf'.
20:58:22 INFO  : 'configparams force-mem-access 1' command is executed.
20:58:22 INFO  : Context for 'APU' is selected.
20:58:23 INFO  : 'ps7_init' command is executed.
20:58:23 INFO  : 'ps7_post_config' command is executed.
20:58:23 INFO  : Context for processor 'ps7_cortexa9_0' is selected.
20:58:23 INFO  : The application 'C:/Users/yoxo/OneDrive/Documenti/work_dir/Master_Degree_Thesis/PYNQ_SVM_CLASSIFIER/PYNQ_SVM_CLASSIFIER.sdk/main_system/Debug/main_system.elf' is downloaded to processor 'ps7_cortexa9_0'.
20:58:23 INFO  : 'configparams force-mem-access 0' command is executed.
20:58:23 INFO  : ----------------XSDB Script----------------
connect -url tcp:127.0.0.1:3121
source C:/Users/yoxo/OneDrive/Documenti/work_dir/Master_Degree_Thesis/PYNQ_SVM_CLASSIFIER/PYNQ_SVM_CLASSIFIER.sdk/embedded_system_wrapper_hw_platform_0/ps7_init.tcl
targets -set -nocase -filter {name =~"APU*" && jtag_cable_name =~ "Xilinx PYNQ-Z1 003017A8B8E7A"} -index 0
rst -system
after 3000
targets -set -filter {jtag_cable_name =~ "Xilinx PYNQ-Z1 003017A8B8E7A" && level==0} -index 1
fpga -file C:/Users/yoxo/OneDrive/Documenti/work_dir/Master_Degree_Thesis/PYNQ_SVM_CLASSIFIER/PYNQ_SVM_CLASSIFIER.sdk/embedded_system_wrapper_hw_platform_0/embedded_system_wrapper.bit
targets -set -nocase -filter {name =~"APU*" && jtag_cable_name =~ "Xilinx PYNQ-Z1 003017A8B8E7A"} -index 0
loadhw -hw C:/Users/yoxo/OneDrive/Documenti/work_dir/Master_Degree_Thesis/PYNQ_SVM_CLASSIFIER/PYNQ_SVM_CLASSIFIER.sdk/embedded_system_wrapper_hw_platform_0/system.hdf -mem-ranges [list {0x40000000 0xbfffffff}]
configparams force-mem-access 1
targets -set -nocase -filter {name =~"APU*" && jtag_cable_name =~ "Xilinx PYNQ-Z1 003017A8B8E7A"} -index 0
ps7_init
ps7_post_config
targets -set -nocase -filter {name =~ "ARM*#0" && jtag_cable_name =~ "Xilinx PYNQ-Z1 003017A8B8E7A"} -index 0
dow C:/Users/yoxo/OneDrive/Documenti/work_dir/Master_Degree_Thesis/PYNQ_SVM_CLASSIFIER/PYNQ_SVM_CLASSIFIER.sdk/main_system/Debug/main_system.elf
configparams force-mem-access 0
----------------End of Script----------------

20:58:23 INFO  : Memory regions updated for context APU
20:58:24 INFO  : Context for processor 'ps7_cortexa9_0' is selected.
20:58:24 INFO  : 'con' command is executed.
20:58:24 INFO  : ----------------XSDB Script (After Launch)----------------
targets -set -nocase -filter {name =~ "ARM*#0" && jtag_cable_name =~ "Xilinx PYNQ-Z1 003017A8B8E7A"} -index 0
con
----------------End of Script----------------

20:58:24 INFO  : Launch script is exported to file 'C:\Users\yoxo\OneDrive\Documenti\work_dir\Master_Degree_Thesis\PYNQ_SVM_CLASSIFIER\PYNQ_SVM_CLASSIFIER.sdk\.sdk\launch_scripts\xilinx_c-c++_application_(system_debugger)\system_debugger_on_local.tcl'
20:59:35 INFO  : Disconnected from the channel tcfchan#2.
20:59:36 INFO  : 'targets -set -filter {jtag_cable_name =~ "Xilinx PYNQ-Z1 003017A8B8E7A" && level==0} -index 1' command is executed.
20:59:36 INFO  : 'fpga -state' command is executed.
20:59:36 INFO  : Connected to target on host '127.0.0.1' and port '3121'.
20:59:36 INFO  : Jtag cable 'Xilinx PYNQ-Z1 003017A8B8E7A' is selected.
20:59:36 INFO  : 'jtag frequency' command is executed.
20:59:36 INFO  : Sourcing of 'C:/Users/yoxo/OneDrive/Documenti/work_dir/Master_Degree_Thesis/PYNQ_SVM_CLASSIFIER/PYNQ_SVM_CLASSIFIER.sdk/embedded_system_wrapper_hw_platform_0/ps7_init.tcl' is done.
20:59:36 INFO  : Context for 'APU' is selected.
20:59:41 INFO  : Hardware design information is loaded from 'C:/Users/yoxo/OneDrive/Documenti/work_dir/Master_Degree_Thesis/PYNQ_SVM_CLASSIFIER/PYNQ_SVM_CLASSIFIER.sdk/embedded_system_wrapper_hw_platform_0/system.hdf'.
20:59:41 INFO  : 'configparams force-mem-access 1' command is executed.
20:59:41 INFO  : Context for 'APU' is selected.
20:59:41 INFO  : 'stop' command is executed.
20:59:42 INFO  : 'ps7_init' command is executed.
20:59:42 INFO  : 'ps7_post_config' command is executed.
20:59:42 INFO  : Context for processor 'ps7_cortexa9_0' is selected.
20:59:42 INFO  : Processor reset is completed for 'ps7_cortexa9_0'.
20:59:42 INFO  : Context for processor 'ps7_cortexa9_0' is selected.
20:59:42 INFO  : The application 'C:/Users/yoxo/OneDrive/Documenti/work_dir/Master_Degree_Thesis/PYNQ_SVM_CLASSIFIER/PYNQ_SVM_CLASSIFIER.sdk/main_system/Debug/main_system.elf' is downloaded to processor 'ps7_cortexa9_0'.
20:59:42 INFO  : 'configparams force-mem-access 0' command is executed.
20:59:42 INFO  : ----------------XSDB Script----------------
connect -url tcp:127.0.0.1:3121
source C:/Users/yoxo/OneDrive/Documenti/work_dir/Master_Degree_Thesis/PYNQ_SVM_CLASSIFIER/PYNQ_SVM_CLASSIFIER.sdk/embedded_system_wrapper_hw_platform_0/ps7_init.tcl
targets -set -nocase -filter {name =~"APU*" && jtag_cable_name =~ "Xilinx PYNQ-Z1 003017A8B8E7A"} -index 0
loadhw -hw C:/Users/yoxo/OneDrive/Documenti/work_dir/Master_Degree_Thesis/PYNQ_SVM_CLASSIFIER/PYNQ_SVM_CLASSIFIER.sdk/embedded_system_wrapper_hw_platform_0/system.hdf -mem-ranges [list {0x40000000 0xbfffffff}]
configparams force-mem-access 1
targets -set -nocase -filter {name =~"APU*" && jtag_cable_name =~ "Xilinx PYNQ-Z1 003017A8B8E7A"} -index 0
stop
ps7_init
ps7_post_config
targets -set -nocase -filter {name =~ "ARM*#0" && jtag_cable_name =~ "Xilinx PYNQ-Z1 003017A8B8E7A"} -index 0
rst -processor
targets -set -nocase -filter {name =~ "ARM*#0" && jtag_cable_name =~ "Xilinx PYNQ-Z1 003017A8B8E7A"} -index 0
dow C:/Users/yoxo/OneDrive/Documenti/work_dir/Master_Degree_Thesis/PYNQ_SVM_CLASSIFIER/PYNQ_SVM_CLASSIFIER.sdk/main_system/Debug/main_system.elf
configparams force-mem-access 0
----------------End of Script----------------

20:59:42 INFO  : Memory regions updated for context APU
20:59:43 INFO  : Context for processor 'ps7_cortexa9_0' is selected.
20:59:43 INFO  : 'con' command is executed.
20:59:43 INFO  : ----------------XSDB Script (After Launch)----------------
targets -set -nocase -filter {name =~ "ARM*#0" && jtag_cable_name =~ "Xilinx PYNQ-Z1 003017A8B8E7A"} -index 0
con
----------------End of Script----------------

20:59:43 INFO  : Launch script is exported to file 'C:\Users\yoxo\OneDrive\Documenti\work_dir\Master_Degree_Thesis\PYNQ_SVM_CLASSIFIER\PYNQ_SVM_CLASSIFIER.sdk\.sdk\launch_scripts\xilinx_c-c++_application_(system_debugger)\system_debugger_on_local.tcl'
21:01:26 INFO  : Disconnected from the channel tcfchan#3.
21:01:27 INFO  : 'targets -set -filter {jtag_cable_name =~ "Xilinx PYNQ-Z1 003017A8B8E7A" && level==0} -index 1' command is executed.
21:01:28 INFO  : 'fpga -state' command is executed.
21:01:28 INFO  : Connected to target on host '127.0.0.1' and port '3121'.
21:01:28 INFO  : Jtag cable 'Xilinx PYNQ-Z1 003017A8B8E7A' is selected.
21:01:28 INFO  : 'jtag frequency' command is executed.
21:01:28 INFO  : Sourcing of 'C:/Users/yoxo/OneDrive/Documenti/work_dir/Master_Degree_Thesis/PYNQ_SVM_CLASSIFIER/PYNQ_SVM_CLASSIFIER.sdk/embedded_system_wrapper_hw_platform_0/ps7_init.tcl' is done.
21:01:28 INFO  : Context for 'APU' is selected.
21:01:32 INFO  : Hardware design information is loaded from 'C:/Users/yoxo/OneDrive/Documenti/work_dir/Master_Degree_Thesis/PYNQ_SVM_CLASSIFIER/PYNQ_SVM_CLASSIFIER.sdk/embedded_system_wrapper_hw_platform_0/system.hdf'.
21:01:32 INFO  : 'configparams force-mem-access 1' command is executed.
21:01:32 INFO  : Context for 'APU' is selected.
21:01:32 INFO  : 'stop' command is executed.
21:01:33 INFO  : 'ps7_init' command is executed.
21:01:33 INFO  : 'ps7_post_config' command is executed.
21:01:33 INFO  : Context for processor 'ps7_cortexa9_0' is selected.
21:01:33 INFO  : Processor reset is completed for 'ps7_cortexa9_0'.
21:01:33 INFO  : Context for processor 'ps7_cortexa9_0' is selected.
21:01:33 INFO  : The application 'C:/Users/yoxo/OneDrive/Documenti/work_dir/Master_Degree_Thesis/PYNQ_SVM_CLASSIFIER/PYNQ_SVM_CLASSIFIER.sdk/main_system/Debug/main_system.elf' is downloaded to processor 'ps7_cortexa9_0'.
21:01:33 INFO  : 'configparams force-mem-access 0' command is executed.
21:01:33 INFO  : ----------------XSDB Script----------------
connect -url tcp:127.0.0.1:3121
source C:/Users/yoxo/OneDrive/Documenti/work_dir/Master_Degree_Thesis/PYNQ_SVM_CLASSIFIER/PYNQ_SVM_CLASSIFIER.sdk/embedded_system_wrapper_hw_platform_0/ps7_init.tcl
targets -set -nocase -filter {name =~"APU*" && jtag_cable_name =~ "Xilinx PYNQ-Z1 003017A8B8E7A"} -index 0
loadhw -hw C:/Users/yoxo/OneDrive/Documenti/work_dir/Master_Degree_Thesis/PYNQ_SVM_CLASSIFIER/PYNQ_SVM_CLASSIFIER.sdk/embedded_system_wrapper_hw_platform_0/system.hdf -mem-ranges [list {0x40000000 0xbfffffff}]
configparams force-mem-access 1
targets -set -nocase -filter {name =~"APU*" && jtag_cable_name =~ "Xilinx PYNQ-Z1 003017A8B8E7A"} -index 0
stop
ps7_init
ps7_post_config
targets -set -nocase -filter {name =~ "ARM*#0" && jtag_cable_name =~ "Xilinx PYNQ-Z1 003017A8B8E7A"} -index 0
rst -processor
targets -set -nocase -filter {name =~ "ARM*#0" && jtag_cable_name =~ "Xilinx PYNQ-Z1 003017A8B8E7A"} -index 0
dow C:/Users/yoxo/OneDrive/Documenti/work_dir/Master_Degree_Thesis/PYNQ_SVM_CLASSIFIER/PYNQ_SVM_CLASSIFIER.sdk/main_system/Debug/main_system.elf
configparams force-mem-access 0
----------------End of Script----------------

21:01:33 INFO  : Memory regions updated for context APU
21:01:33 INFO  : Context for processor 'ps7_cortexa9_0' is selected.
21:01:33 INFO  : 'con' command is executed.
21:01:33 INFO  : ----------------XSDB Script (After Launch)----------------
targets -set -nocase -filter {name =~ "ARM*#0" && jtag_cable_name =~ "Xilinx PYNQ-Z1 003017A8B8E7A"} -index 0
con
----------------End of Script----------------

21:01:33 INFO  : Launch script is exported to file 'C:\Users\yoxo\OneDrive\Documenti\work_dir\Master_Degree_Thesis\PYNQ_SVM_CLASSIFIER\PYNQ_SVM_CLASSIFIER.sdk\.sdk\launch_scripts\xilinx_c-c++_application_(system_debugger)\system_debugger_on_local.tcl'
21:04:02 INFO  : Disconnected from the channel tcfchan#4.
21:04:03 INFO  : 'targets -set -filter {jtag_cable_name =~ "Xilinx PYNQ-Z1 003017A8B8E7A" && level==0} -index 1' command is executed.
21:04:03 INFO  : 'fpga -state' command is executed.
21:04:03 INFO  : Connected to target on host '127.0.0.1' and port '3121'.
21:04:03 INFO  : Jtag cable 'Xilinx PYNQ-Z1 003017A8B8E7A' is selected.
21:04:03 INFO  : 'jtag frequency' command is executed.
21:04:03 INFO  : Sourcing of 'C:/Users/yoxo/OneDrive/Documenti/work_dir/Master_Degree_Thesis/PYNQ_SVM_CLASSIFIER/PYNQ_SVM_CLASSIFIER.sdk/embedded_system_wrapper_hw_platform_0/ps7_init.tcl' is done.
21:04:03 INFO  : Context for 'APU' is selected.
21:04:08 INFO  : Hardware design information is loaded from 'C:/Users/yoxo/OneDrive/Documenti/work_dir/Master_Degree_Thesis/PYNQ_SVM_CLASSIFIER/PYNQ_SVM_CLASSIFIER.sdk/embedded_system_wrapper_hw_platform_0/system.hdf'.
21:04:08 INFO  : 'configparams force-mem-access 1' command is executed.
21:04:08 INFO  : Context for 'APU' is selected.
21:04:08 INFO  : 'stop' command is executed.
21:04:09 INFO  : 'ps7_init' command is executed.
21:04:09 INFO  : 'ps7_post_config' command is executed.
21:04:09 INFO  : Context for processor 'ps7_cortexa9_0' is selected.
21:04:09 INFO  : Processor reset is completed for 'ps7_cortexa9_0'.
21:04:09 INFO  : Context for processor 'ps7_cortexa9_0' is selected.
21:04:09 INFO  : The application 'C:/Users/yoxo/OneDrive/Documenti/work_dir/Master_Degree_Thesis/PYNQ_SVM_CLASSIFIER/PYNQ_SVM_CLASSIFIER.sdk/main_system/Debug/main_system.elf' is downloaded to processor 'ps7_cortexa9_0'.
21:04:09 INFO  : 'configparams force-mem-access 0' command is executed.
21:04:09 INFO  : ----------------XSDB Script----------------
connect -url tcp:127.0.0.1:3121
source C:/Users/yoxo/OneDrive/Documenti/work_dir/Master_Degree_Thesis/PYNQ_SVM_CLASSIFIER/PYNQ_SVM_CLASSIFIER.sdk/embedded_system_wrapper_hw_platform_0/ps7_init.tcl
targets -set -nocase -filter {name =~"APU*" && jtag_cable_name =~ "Xilinx PYNQ-Z1 003017A8B8E7A"} -index 0
loadhw -hw C:/Users/yoxo/OneDrive/Documenti/work_dir/Master_Degree_Thesis/PYNQ_SVM_CLASSIFIER/PYNQ_SVM_CLASSIFIER.sdk/embedded_system_wrapper_hw_platform_0/system.hdf -mem-ranges [list {0x40000000 0xbfffffff}]
configparams force-mem-access 1
targets -set -nocase -filter {name =~"APU*" && jtag_cable_name =~ "Xilinx PYNQ-Z1 003017A8B8E7A"} -index 0
stop
ps7_init
ps7_post_config
targets -set -nocase -filter {name =~ "ARM*#0" && jtag_cable_name =~ "Xilinx PYNQ-Z1 003017A8B8E7A"} -index 0
rst -processor
targets -set -nocase -filter {name =~ "ARM*#0" && jtag_cable_name =~ "Xilinx PYNQ-Z1 003017A8B8E7A"} -index 0
dow C:/Users/yoxo/OneDrive/Documenti/work_dir/Master_Degree_Thesis/PYNQ_SVM_CLASSIFIER/PYNQ_SVM_CLASSIFIER.sdk/main_system/Debug/main_system.elf
configparams force-mem-access 0
----------------End of Script----------------

21:04:09 INFO  : Memory regions updated for context APU
21:04:10 INFO  : Context for processor 'ps7_cortexa9_0' is selected.
21:04:10 INFO  : 'con' command is executed.
21:04:10 INFO  : ----------------XSDB Script (After Launch)----------------
targets -set -nocase -filter {name =~ "ARM*#0" && jtag_cable_name =~ "Xilinx PYNQ-Z1 003017A8B8E7A"} -index 0
con
----------------End of Script----------------

21:04:10 INFO  : Launch script is exported to file 'C:\Users\yoxo\OneDrive\Documenti\work_dir\Master_Degree_Thesis\PYNQ_SVM_CLASSIFIER\PYNQ_SVM_CLASSIFIER.sdk\.sdk\launch_scripts\xilinx_c-c++_application_(system_debugger)\system_debugger_on_local.tcl'
21:04:46 INFO  : Disconnected from the channel tcfchan#5.
21:04:47 INFO  : 'targets -set -filter {jtag_cable_name =~ "Xilinx PYNQ-Z1 003017A8B8E7A" && level==0} -index 1' command is executed.
21:04:47 INFO  : 'fpga -state' command is executed.
21:04:47 INFO  : Connected to target on host '127.0.0.1' and port '3121'.
21:04:47 INFO  : Jtag cable 'Xilinx PYNQ-Z1 003017A8B8E7A' is selected.
21:04:47 INFO  : 'jtag frequency' command is executed.
21:04:47 INFO  : Sourcing of 'C:/Users/yoxo/OneDrive/Documenti/work_dir/Master_Degree_Thesis/PYNQ_SVM_CLASSIFIER/PYNQ_SVM_CLASSIFIER.sdk/embedded_system_wrapper_hw_platform_0/ps7_init.tcl' is done.
21:04:47 INFO  : Context for 'APU' is selected.
21:04:51 INFO  : Hardware design information is loaded from 'C:/Users/yoxo/OneDrive/Documenti/work_dir/Master_Degree_Thesis/PYNQ_SVM_CLASSIFIER/PYNQ_SVM_CLASSIFIER.sdk/embedded_system_wrapper_hw_platform_0/system.hdf'.
21:04:51 INFO  : 'configparams force-mem-access 1' command is executed.
21:04:51 INFO  : Context for 'APU' is selected.
21:04:52 INFO  : 'stop' command is executed.
21:04:52 INFO  : 'ps7_init' command is executed.
21:04:52 INFO  : 'ps7_post_config' command is executed.
21:04:52 INFO  : Context for processor 'ps7_cortexa9_0' is selected.
21:04:52 INFO  : Processor reset is completed for 'ps7_cortexa9_0'.
21:04:52 INFO  : Context for processor 'ps7_cortexa9_0' is selected.
21:04:53 INFO  : The application 'C:/Users/yoxo/OneDrive/Documenti/work_dir/Master_Degree_Thesis/PYNQ_SVM_CLASSIFIER/PYNQ_SVM_CLASSIFIER.sdk/main_system/Debug/main_system.elf' is downloaded to processor 'ps7_cortexa9_0'.
21:04:53 INFO  : 'configparams force-mem-access 0' command is executed.
21:04:53 INFO  : ----------------XSDB Script----------------
connect -url tcp:127.0.0.1:3121
source C:/Users/yoxo/OneDrive/Documenti/work_dir/Master_Degree_Thesis/PYNQ_SVM_CLASSIFIER/PYNQ_SVM_CLASSIFIER.sdk/embedded_system_wrapper_hw_platform_0/ps7_init.tcl
targets -set -nocase -filter {name =~"APU*" && jtag_cable_name =~ "Xilinx PYNQ-Z1 003017A8B8E7A"} -index 0
loadhw -hw C:/Users/yoxo/OneDrive/Documenti/work_dir/Master_Degree_Thesis/PYNQ_SVM_CLASSIFIER/PYNQ_SVM_CLASSIFIER.sdk/embedded_system_wrapper_hw_platform_0/system.hdf -mem-ranges [list {0x40000000 0xbfffffff}]
configparams force-mem-access 1
targets -set -nocase -filter {name =~"APU*" && jtag_cable_name =~ "Xilinx PYNQ-Z1 003017A8B8E7A"} -index 0
stop
ps7_init
ps7_post_config
targets -set -nocase -filter {name =~ "ARM*#0" && jtag_cable_name =~ "Xilinx PYNQ-Z1 003017A8B8E7A"} -index 0
rst -processor
targets -set -nocase -filter {name =~ "ARM*#0" && jtag_cable_name =~ "Xilinx PYNQ-Z1 003017A8B8E7A"} -index 0
dow C:/Users/yoxo/OneDrive/Documenti/work_dir/Master_Degree_Thesis/PYNQ_SVM_CLASSIFIER/PYNQ_SVM_CLASSIFIER.sdk/main_system/Debug/main_system.elf
configparams force-mem-access 0
----------------End of Script----------------

21:04:53 INFO  : Memory regions updated for context APU
21:04:53 INFO  : Context for processor 'ps7_cortexa9_0' is selected.
21:04:53 INFO  : 'con' command is executed.
21:04:53 INFO  : ----------------XSDB Script (After Launch)----------------
targets -set -nocase -filter {name =~ "ARM*#0" && jtag_cable_name =~ "Xilinx PYNQ-Z1 003017A8B8E7A"} -index 0
con
----------------End of Script----------------

21:04:53 INFO  : Launch script is exported to file 'C:\Users\yoxo\OneDrive\Documenti\work_dir\Master_Degree_Thesis\PYNQ_SVM_CLASSIFIER\PYNQ_SVM_CLASSIFIER.sdk\.sdk\launch_scripts\xilinx_c-c++_application_(system_debugger)\system_debugger_on_local.tcl'
21:39:19 INFO  : Disconnected from the channel tcfchan#6.
21:35:33 INFO  : Registering command handlers for SDK TCF services
21:35:35 INFO  : Launching XSCT server: xsct.bat -interactive C:\Users\yoxo\OneDrive\Documenti\work_dir\Master_Degree_Thesis\PYNQ_SVM_CLASSIFIER\PYNQ_SVM_CLASSIFIER.sdk\temp_xsdb_launch_script.tcl
21:35:42 INFO  : XSCT server has started successfully.
21:35:42 INFO  : Successfully done setting XSCT server connection channel  
21:35:51 INFO  : Successfully done setting SDK workspace  
21:35:51 INFO  : Processing command line option -hwspec C:/Users/yoxo/OneDrive/Documenti/work_dir/Master_Degree_Thesis/PYNQ_SVM_CLASSIFIER/PYNQ_SVM_CLASSIFIER.sdk/embedded_system_wrapper.hdf.
21:35:51 INFO  : Checking for hwspec changes in the project embedded_system_wrapper_hw_platform_0.
21:37:31 INFO  : Example project main_system_bsp_xaxicdma_example_simple_poll_1 has been created successfully.
22:05:37 INFO  : Example project main_system_bsp_xbram_example_1 has been created successfully.
19:16:04 INFO  : Launching XSCT server: xsct.bat -interactive C:\Users\yoxo\OneDrive\Documenti\work_dir\Master_Degree_Thesis\PYNQ_SVM_CLASSIFIER\PYNQ_SVM_CLASSIFIER.sdk\temp_xsdb_launch_script.tcl
19:16:09 INFO  : XSCT server has started successfully.
19:16:09 INFO  : Successfully done setting XSCT server connection channel  
19:16:20 INFO  : Successfully done setting SDK workspace  
19:16:23 INFO  : Registering command handlers for SDK TCF services
19:16:25 INFO  : Processing command line option -hwspec C:/Users/yoxo/OneDrive/Documenti/work_dir/Master_Degree_Thesis/PYNQ_SVM_CLASSIFIER/PYNQ_SVM_CLASSIFIER.sdk/embedded_system_wrapper.hdf.
19:16:25 INFO  : Checking for hwspec changes in the project embedded_system_wrapper_hw_platform_0.
19:56:16 INFO  : Connected to target on host '127.0.0.1' and port '3121'.
19:56:16 INFO  : Jtag cable 'Xilinx PYNQ-Z1 003017A8B8E7A' is selected.
19:56:16 INFO  : 'jtag frequency' command is executed.
19:56:16 INFO  : Sourcing of 'C:/Users/yoxo/OneDrive/Documenti/work_dir/Master_Degree_Thesis/PYNQ_SVM_CLASSIFIER/PYNQ_SVM_CLASSIFIER.sdk/embedded_system_wrapper_hw_platform_0/ps7_init.tcl' is done.
19:56:16 INFO  : 'targets -set -filter {jtag_cable_name =~ "Xilinx PYNQ-Z1 003017A8B8E7A" && level==0} -index 1' command is executed.
19:56:18 INFO  : FPGA configured successfully with bitstream "C:/Users/yoxo/OneDrive/Documenti/work_dir/Master_Degree_Thesis/PYNQ_SVM_CLASSIFIER/PYNQ_SVM_CLASSIFIER.sdk/embedded_system_wrapper_hw_platform_0/embedded_system_wrapper.bit"
19:56:18 INFO  : Context for 'APU' is selected.
19:56:19 INFO  : Hardware design information is loaded from 'C:/Users/yoxo/OneDrive/Documenti/work_dir/Master_Degree_Thesis/PYNQ_SVM_CLASSIFIER/PYNQ_SVM_CLASSIFIER.sdk/embedded_system_wrapper_hw_platform_0/system.hdf'.
19:56:19 INFO  : 'configparams force-mem-access 1' command is executed.
19:56:19 INFO  : Context for 'APU' is selected.
19:56:19 INFO  : 'stop' command is executed.
19:56:19 INFO  : 'ps7_init' command is executed.
19:56:19 INFO  : 'ps7_post_config' command is executed.
19:56:19 INFO  : Context for processor 'ps7_cortexa9_0' is selected.
19:56:19 INFO  : Processor reset is completed for 'ps7_cortexa9_0'.
19:56:19 INFO  : Context for processor 'ps7_cortexa9_0' is selected.
19:56:19 INFO  : The application 'C:/Users/yoxo/OneDrive/Documenti/work_dir/Master_Degree_Thesis/PYNQ_SVM_CLASSIFIER/PYNQ_SVM_CLASSIFIER.sdk/main_system/Debug/main_system.elf' is downloaded to processor 'ps7_cortexa9_0'.
19:56:19 INFO  : 'configparams force-mem-access 0' command is executed.
19:56:19 INFO  : ----------------XSDB Script----------------
connect -url tcp:127.0.0.1:3121
source C:/Users/yoxo/OneDrive/Documenti/work_dir/Master_Degree_Thesis/PYNQ_SVM_CLASSIFIER/PYNQ_SVM_CLASSIFIER.sdk/embedded_system_wrapper_hw_platform_0/ps7_init.tcl
targets -set -filter {jtag_cable_name =~ "Xilinx PYNQ-Z1 003017A8B8E7A" && level==0} -index 1
fpga -file C:/Users/yoxo/OneDrive/Documenti/work_dir/Master_Degree_Thesis/PYNQ_SVM_CLASSIFIER/PYNQ_SVM_CLASSIFIER.sdk/embedded_system_wrapper_hw_platform_0/embedded_system_wrapper.bit
targets -set -nocase -filter {name =~"APU*" && jtag_cable_name =~ "Xilinx PYNQ-Z1 003017A8B8E7A"} -index 0
loadhw -hw C:/Users/yoxo/OneDrive/Documenti/work_dir/Master_Degree_Thesis/PYNQ_SVM_CLASSIFIER/PYNQ_SVM_CLASSIFIER.sdk/embedded_system_wrapper_hw_platform_0/system.hdf -mem-ranges [list {0x40000000 0xbfffffff}]
configparams force-mem-access 1
targets -set -nocase -filter {name =~"APU*" && jtag_cable_name =~ "Xilinx PYNQ-Z1 003017A8B8E7A"} -index 0
stop
ps7_init
ps7_post_config
targets -set -nocase -filter {name =~ "ARM*#0" && jtag_cable_name =~ "Xilinx PYNQ-Z1 003017A8B8E7A"} -index 0
rst -processor
targets -set -nocase -filter {name =~ "ARM*#0" && jtag_cable_name =~ "Xilinx PYNQ-Z1 003017A8B8E7A"} -index 0
dow C:/Users/yoxo/OneDrive/Documenti/work_dir/Master_Degree_Thesis/PYNQ_SVM_CLASSIFIER/PYNQ_SVM_CLASSIFIER.sdk/main_system/Debug/main_system.elf
configparams force-mem-access 0
----------------End of Script----------------

19:56:19 INFO  : Memory regions updated for context APU
19:56:20 INFO  : Context for processor 'ps7_cortexa9_0' is selected.
19:56:20 INFO  : 'con' command is executed.
19:56:20 INFO  : ----------------XSDB Script (After Launch)----------------
targets -set -nocase -filter {name =~ "ARM*#0" && jtag_cable_name =~ "Xilinx PYNQ-Z1 003017A8B8E7A"} -index 0
con
----------------End of Script----------------

19:56:20 INFO  : Launch script is exported to file 'C:\Users\yoxo\OneDrive\Documenti\work_dir\Master_Degree_Thesis\PYNQ_SVM_CLASSIFIER\PYNQ_SVM_CLASSIFIER.sdk\.sdk\launch_scripts\xilinx_c-c++_application_(system_debugger)\system_debugger_on_local.tcl'
19:58:25 INFO  : Disconnected from the channel tcfchan#1.
19:58:26 INFO  : Connected to target on host '127.0.0.1' and port '3121'.
19:58:26 INFO  : Jtag cable 'Xilinx PYNQ-Z1 003017A8B8E7A' is selected.
19:58:26 INFO  : 'jtag frequency' command is executed.
19:58:26 INFO  : Sourcing of 'C:/Users/yoxo/OneDrive/Documenti/work_dir/Master_Degree_Thesis/PYNQ_SVM_CLASSIFIER/PYNQ_SVM_CLASSIFIER.sdk/embedded_system_wrapper_hw_platform_0/ps7_init.tcl' is done.
19:58:26 INFO  : 'targets -set -filter {jtag_cable_name =~ "Xilinx PYNQ-Z1 003017A8B8E7A" && level==0} -index 1' command is executed.
19:58:28 INFO  : FPGA configured successfully with bitstream "C:/Users/yoxo/OneDrive/Documenti/work_dir/Master_Degree_Thesis/PYNQ_SVM_CLASSIFIER/PYNQ_SVM_CLASSIFIER.sdk/embedded_system_wrapper_hw_platform_0/embedded_system_wrapper.bit"
19:58:29 INFO  : Context for 'APU' is selected.
19:58:32 INFO  : Hardware design information is loaded from 'C:/Users/yoxo/OneDrive/Documenti/work_dir/Master_Degree_Thesis/PYNQ_SVM_CLASSIFIER/PYNQ_SVM_CLASSIFIER.sdk/embedded_system_wrapper_hw_platform_0/system.hdf'.
19:58:32 INFO  : 'configparams force-mem-access 1' command is executed.
19:58:32 INFO  : Context for 'APU' is selected.
19:58:32 INFO  : 'stop' command is executed.
19:58:33 INFO  : 'ps7_init' command is executed.
19:58:33 INFO  : 'ps7_post_config' command is executed.
19:58:33 INFO  : Context for processor 'ps7_cortexa9_0' is selected.
19:58:33 INFO  : Processor reset is completed for 'ps7_cortexa9_0'.
19:58:33 INFO  : Context for processor 'ps7_cortexa9_0' is selected.
19:58:33 INFO  : The application 'C:/Users/yoxo/OneDrive/Documenti/work_dir/Master_Degree_Thesis/PYNQ_SVM_CLASSIFIER/PYNQ_SVM_CLASSIFIER.sdk/main_system/Debug/main_system.elf' is downloaded to processor 'ps7_cortexa9_0'.
19:58:33 INFO  : 'configparams force-mem-access 0' command is executed.
19:58:33 INFO  : ----------------XSDB Script----------------
connect -url tcp:127.0.0.1:3121
source C:/Users/yoxo/OneDrive/Documenti/work_dir/Master_Degree_Thesis/PYNQ_SVM_CLASSIFIER/PYNQ_SVM_CLASSIFIER.sdk/embedded_system_wrapper_hw_platform_0/ps7_init.tcl
targets -set -filter {jtag_cable_name =~ "Xilinx PYNQ-Z1 003017A8B8E7A" && level==0} -index 1
fpga -file C:/Users/yoxo/OneDrive/Documenti/work_dir/Master_Degree_Thesis/PYNQ_SVM_CLASSIFIER/PYNQ_SVM_CLASSIFIER.sdk/embedded_system_wrapper_hw_platform_0/embedded_system_wrapper.bit
targets -set -nocase -filter {name =~"APU*" && jtag_cable_name =~ "Xilinx PYNQ-Z1 003017A8B8E7A"} -index 0
loadhw -hw C:/Users/yoxo/OneDrive/Documenti/work_dir/Master_Degree_Thesis/PYNQ_SVM_CLASSIFIER/PYNQ_SVM_CLASSIFIER.sdk/embedded_system_wrapper_hw_platform_0/system.hdf -mem-ranges [list {0x40000000 0xbfffffff}]
configparams force-mem-access 1
targets -set -nocase -filter {name =~"APU*" && jtag_cable_name =~ "Xilinx PYNQ-Z1 003017A8B8E7A"} -index 0
stop
ps7_init
ps7_post_config
targets -set -nocase -filter {name =~ "ARM*#0" && jtag_cable_name =~ "Xilinx PYNQ-Z1 003017A8B8E7A"} -index 0
rst -processor
targets -set -nocase -filter {name =~ "ARM*#0" && jtag_cable_name =~ "Xilinx PYNQ-Z1 003017A8B8E7A"} -index 0
dow C:/Users/yoxo/OneDrive/Documenti/work_dir/Master_Degree_Thesis/PYNQ_SVM_CLASSIFIER/PYNQ_SVM_CLASSIFIER.sdk/main_system/Debug/main_system.elf
configparams force-mem-access 0
----------------End of Script----------------

19:58:33 INFO  : Memory regions updated for context APU
19:58:33 INFO  : Context for processor 'ps7_cortexa9_0' is selected.
19:58:33 INFO  : 'con' command is executed.
19:58:33 INFO  : ----------------XSDB Script (After Launch)----------------
targets -set -nocase -filter {name =~ "ARM*#0" && jtag_cable_name =~ "Xilinx PYNQ-Z1 003017A8B8E7A"} -index 0
con
----------------End of Script----------------

19:58:33 INFO  : Launch script is exported to file 'C:\Users\yoxo\OneDrive\Documenti\work_dir\Master_Degree_Thesis\PYNQ_SVM_CLASSIFIER\PYNQ_SVM_CLASSIFIER.sdk\.sdk\launch_scripts\xilinx_c-c++_application_(system_debugger)\system_debugger_on_local.tcl'
19:59:38 INFO  : Disconnected from the channel tcfchan#2.
19:59:39 INFO  : Connected to target on host '127.0.0.1' and port '3121'.
19:59:39 INFO  : Jtag cable 'Xilinx PYNQ-Z1 003017A8B8E7A' is selected.
19:59:39 INFO  : 'jtag frequency' command is executed.
19:59:39 INFO  : Sourcing of 'C:/Users/yoxo/OneDrive/Documenti/work_dir/Master_Degree_Thesis/PYNQ_SVM_CLASSIFIER/PYNQ_SVM_CLASSIFIER.sdk/embedded_system_wrapper_hw_platform_0/ps7_init.tcl' is done.
19:59:39 INFO  : 'targets -set -filter {jtag_cable_name =~ "Xilinx PYNQ-Z1 003017A8B8E7A" && level==0} -index 1' command is executed.
19:59:41 INFO  : FPGA configured successfully with bitstream "C:/Users/yoxo/OneDrive/Documenti/work_dir/Master_Degree_Thesis/PYNQ_SVM_CLASSIFIER/PYNQ_SVM_CLASSIFIER.sdk/embedded_system_wrapper_hw_platform_0/embedded_system_wrapper.bit"
19:59:41 INFO  : Context for 'APU' is selected.
19:59:44 INFO  : Hardware design information is loaded from 'C:/Users/yoxo/OneDrive/Documenti/work_dir/Master_Degree_Thesis/PYNQ_SVM_CLASSIFIER/PYNQ_SVM_CLASSIFIER.sdk/embedded_system_wrapper_hw_platform_0/system.hdf'.
19:59:44 INFO  : 'configparams force-mem-access 1' command is executed.
19:59:44 INFO  : Context for 'APU' is selected.
19:59:44 INFO  : 'stop' command is executed.
19:59:45 INFO  : 'ps7_init' command is executed.
19:59:45 INFO  : 'ps7_post_config' command is executed.
19:59:45 INFO  : Context for processor 'ps7_cortexa9_0' is selected.
19:59:45 INFO  : Processor reset is completed for 'ps7_cortexa9_0'.
19:59:45 INFO  : Context for processor 'ps7_cortexa9_0' is selected.
19:59:45 INFO  : The application 'C:/Users/yoxo/OneDrive/Documenti/work_dir/Master_Degree_Thesis/PYNQ_SVM_CLASSIFIER/PYNQ_SVM_CLASSIFIER.sdk/main_system/Debug/main_system.elf' is downloaded to processor 'ps7_cortexa9_0'.
19:59:45 INFO  : 'configparams force-mem-access 0' command is executed.
19:59:45 INFO  : ----------------XSDB Script----------------
connect -url tcp:127.0.0.1:3121
source C:/Users/yoxo/OneDrive/Documenti/work_dir/Master_Degree_Thesis/PYNQ_SVM_CLASSIFIER/PYNQ_SVM_CLASSIFIER.sdk/embedded_system_wrapper_hw_platform_0/ps7_init.tcl
targets -set -filter {jtag_cable_name =~ "Xilinx PYNQ-Z1 003017A8B8E7A" && level==0} -index 1
fpga -file C:/Users/yoxo/OneDrive/Documenti/work_dir/Master_Degree_Thesis/PYNQ_SVM_CLASSIFIER/PYNQ_SVM_CLASSIFIER.sdk/embedded_system_wrapper_hw_platform_0/embedded_system_wrapper.bit
targets -set -nocase -filter {name =~"APU*" && jtag_cable_name =~ "Xilinx PYNQ-Z1 003017A8B8E7A"} -index 0
loadhw -hw C:/Users/yoxo/OneDrive/Documenti/work_dir/Master_Degree_Thesis/PYNQ_SVM_CLASSIFIER/PYNQ_SVM_CLASSIFIER.sdk/embedded_system_wrapper_hw_platform_0/system.hdf -mem-ranges [list {0x40000000 0xbfffffff}]
configparams force-mem-access 1
targets -set -nocase -filter {name =~"APU*" && jtag_cable_name =~ "Xilinx PYNQ-Z1 003017A8B8E7A"} -index 0
stop
ps7_init
ps7_post_config
targets -set -nocase -filter {name =~ "ARM*#0" && jtag_cable_name =~ "Xilinx PYNQ-Z1 003017A8B8E7A"} -index 0
rst -processor
targets -set -nocase -filter {name =~ "ARM*#0" && jtag_cable_name =~ "Xilinx PYNQ-Z1 003017A8B8E7A"} -index 0
dow C:/Users/yoxo/OneDrive/Documenti/work_dir/Master_Degree_Thesis/PYNQ_SVM_CLASSIFIER/PYNQ_SVM_CLASSIFIER.sdk/main_system/Debug/main_system.elf
configparams force-mem-access 0
----------------End of Script----------------

19:59:45 INFO  : Memory regions updated for context APU
19:59:45 INFO  : Context for processor 'ps7_cortexa9_0' is selected.
19:59:45 INFO  : 'con' command is executed.
19:59:45 INFO  : ----------------XSDB Script (After Launch)----------------
targets -set -nocase -filter {name =~ "ARM*#0" && jtag_cable_name =~ "Xilinx PYNQ-Z1 003017A8B8E7A"} -index 0
con
----------------End of Script----------------

19:59:45 INFO  : Launch script is exported to file 'C:\Users\yoxo\OneDrive\Documenti\work_dir\Master_Degree_Thesis\PYNQ_SVM_CLASSIFIER\PYNQ_SVM_CLASSIFIER.sdk\.sdk\launch_scripts\xilinx_c-c++_application_(system_debugger)\system_debugger_on_local.tcl'
20:01:12 INFO  : Disconnected from the channel tcfchan#3.
20:01:13 INFO  : Connected to target on host '127.0.0.1' and port '3121'.
20:01:13 INFO  : Jtag cable 'Xilinx PYNQ-Z1 003017A8B8E7A' is selected.
20:01:13 INFO  : 'jtag frequency' command is executed.
20:01:13 INFO  : Sourcing of 'C:/Users/yoxo/OneDrive/Documenti/work_dir/Master_Degree_Thesis/PYNQ_SVM_CLASSIFIER/PYNQ_SVM_CLASSIFIER.sdk/embedded_system_wrapper_hw_platform_0/ps7_init.tcl' is done.
20:01:13 INFO  : 'targets -set -filter {jtag_cable_name =~ "Xilinx PYNQ-Z1 003017A8B8E7A" && level==0} -index 1' command is executed.
20:01:16 INFO  : FPGA configured successfully with bitstream "C:/Users/yoxo/OneDrive/Documenti/work_dir/Master_Degree_Thesis/PYNQ_SVM_CLASSIFIER/PYNQ_SVM_CLASSIFIER.sdk/embedded_system_wrapper_hw_platform_0/embedded_system_wrapper.bit"
20:01:16 INFO  : Context for 'APU' is selected.
20:01:19 INFO  : Hardware design information is loaded from 'C:/Users/yoxo/OneDrive/Documenti/work_dir/Master_Degree_Thesis/PYNQ_SVM_CLASSIFIER/PYNQ_SVM_CLASSIFIER.sdk/embedded_system_wrapper_hw_platform_0/system.hdf'.
20:01:19 INFO  : 'configparams force-mem-access 1' command is executed.
20:01:19 INFO  : Context for 'APU' is selected.
20:01:19 INFO  : 'stop' command is executed.
20:01:19 INFO  : 'ps7_init' command is executed.
20:01:19 INFO  : 'ps7_post_config' command is executed.
20:01:19 INFO  : Context for processor 'ps7_cortexa9_0' is selected.
20:01:20 INFO  : Processor reset is completed for 'ps7_cortexa9_0'.
20:01:20 INFO  : Context for processor 'ps7_cortexa9_0' is selected.
20:01:20 INFO  : The application 'C:/Users/yoxo/OneDrive/Documenti/work_dir/Master_Degree_Thesis/PYNQ_SVM_CLASSIFIER/PYNQ_SVM_CLASSIFIER.sdk/main_system/Debug/main_system.elf' is downloaded to processor 'ps7_cortexa9_0'.
20:01:20 INFO  : 'configparams force-mem-access 0' command is executed.
20:01:20 INFO  : ----------------XSDB Script----------------
connect -url tcp:127.0.0.1:3121
source C:/Users/yoxo/OneDrive/Documenti/work_dir/Master_Degree_Thesis/PYNQ_SVM_CLASSIFIER/PYNQ_SVM_CLASSIFIER.sdk/embedded_system_wrapper_hw_platform_0/ps7_init.tcl
targets -set -filter {jtag_cable_name =~ "Xilinx PYNQ-Z1 003017A8B8E7A" && level==0} -index 1
fpga -file C:/Users/yoxo/OneDrive/Documenti/work_dir/Master_Degree_Thesis/PYNQ_SVM_CLASSIFIER/PYNQ_SVM_CLASSIFIER.sdk/embedded_system_wrapper_hw_platform_0/embedded_system_wrapper.bit
targets -set -nocase -filter {name =~"APU*" && jtag_cable_name =~ "Xilinx PYNQ-Z1 003017A8B8E7A"} -index 0
loadhw -hw C:/Users/yoxo/OneDrive/Documenti/work_dir/Master_Degree_Thesis/PYNQ_SVM_CLASSIFIER/PYNQ_SVM_CLASSIFIER.sdk/embedded_system_wrapper_hw_platform_0/system.hdf -mem-ranges [list {0x40000000 0xbfffffff}]
configparams force-mem-access 1
targets -set -nocase -filter {name =~"APU*" && jtag_cable_name =~ "Xilinx PYNQ-Z1 003017A8B8E7A"} -index 0
stop
ps7_init
ps7_post_config
targets -set -nocase -filter {name =~ "ARM*#0" && jtag_cable_name =~ "Xilinx PYNQ-Z1 003017A8B8E7A"} -index 0
rst -processor
targets -set -nocase -filter {name =~ "ARM*#0" && jtag_cable_name =~ "Xilinx PYNQ-Z1 003017A8B8E7A"} -index 0
dow C:/Users/yoxo/OneDrive/Documenti/work_dir/Master_Degree_Thesis/PYNQ_SVM_CLASSIFIER/PYNQ_SVM_CLASSIFIER.sdk/main_system/Debug/main_system.elf
configparams force-mem-access 0
----------------End of Script----------------

20:01:20 INFO  : Memory regions updated for context APU
20:01:20 INFO  : Context for processor 'ps7_cortexa9_0' is selected.
20:01:20 INFO  : 'con' command is executed.
20:01:20 INFO  : ----------------XSDB Script (After Launch)----------------
targets -set -nocase -filter {name =~ "ARM*#0" && jtag_cable_name =~ "Xilinx PYNQ-Z1 003017A8B8E7A"} -index 0
con
----------------End of Script----------------

20:01:20 INFO  : Launch script is exported to file 'C:\Users\yoxo\OneDrive\Documenti\work_dir\Master_Degree_Thesis\PYNQ_SVM_CLASSIFIER\PYNQ_SVM_CLASSIFIER.sdk\.sdk\launch_scripts\xilinx_c-c++_application_(system_debugger)\system_debugger_on_local.tcl'
20:02:59 INFO  : Disconnected from the channel tcfchan#4.
20:03:00 INFO  : 'targets -set -filter {jtag_cable_name =~ "Xilinx PYNQ-Z1 003017A8B8E7A" && level==0} -index 1' command is executed.
20:03:00 INFO  : 'fpga -state' command is executed.
20:03:00 INFO  : Connected to target on host '127.0.0.1' and port '3121'.
20:03:00 INFO  : Jtag cable 'Xilinx PYNQ-Z1 003017A8B8E7A' is selected.
20:03:00 INFO  : 'jtag frequency' command is executed.
20:03:00 INFO  : Sourcing of 'C:/Users/yoxo/OneDrive/Documenti/work_dir/Master_Degree_Thesis/PYNQ_SVM_CLASSIFIER/PYNQ_SVM_CLASSIFIER.sdk/embedded_system_wrapper_hw_platform_0/ps7_init.tcl' is done.
20:03:00 INFO  : Context for 'APU' is selected.
20:03:03 INFO  : Hardware design information is loaded from 'C:/Users/yoxo/OneDrive/Documenti/work_dir/Master_Degree_Thesis/PYNQ_SVM_CLASSIFIER/PYNQ_SVM_CLASSIFIER.sdk/embedded_system_wrapper_hw_platform_0/system.hdf'.
20:03:03 INFO  : 'configparams force-mem-access 1' command is executed.
20:03:04 INFO  : Context for 'APU' is selected.
20:03:04 INFO  : 'stop' command is executed.
20:03:05 INFO  : 'ps7_init' command is executed.
20:03:05 INFO  : 'ps7_post_config' command is executed.
20:03:06 INFO  : Context for processor 'ps7_cortexa9_0' is selected.
20:03:06 INFO  : Processor reset is completed for 'ps7_cortexa9_0'.
20:03:06 INFO  : Context for processor 'ps7_cortexa9_0' is selected.
20:03:08 ERROR : Memory write error at 0x100000. AP transaction timeout
20:03:08 INFO  : ----------------XSDB Script----------------
connect -url tcp:127.0.0.1:3121
source C:/Users/yoxo/OneDrive/Documenti/work_dir/Master_Degree_Thesis/PYNQ_SVM_CLASSIFIER/PYNQ_SVM_CLASSIFIER.sdk/embedded_system_wrapper_hw_platform_0/ps7_init.tcl
targets -set -nocase -filter {name =~"APU*" && jtag_cable_name =~ "Xilinx PYNQ-Z1 003017A8B8E7A"} -index 0
loadhw -hw C:/Users/yoxo/OneDrive/Documenti/work_dir/Master_Degree_Thesis/PYNQ_SVM_CLASSIFIER/PYNQ_SVM_CLASSIFIER.sdk/embedded_system_wrapper_hw_platform_0/system.hdf -mem-ranges [list {0x40000000 0xbfffffff}]
configparams force-mem-access 1
targets -set -nocase -filter {name =~"APU*" && jtag_cable_name =~ "Xilinx PYNQ-Z1 003017A8B8E7A"} -index 0
stop
ps7_init
ps7_post_config
targets -set -nocase -filter {name =~ "ARM*#0" && jtag_cable_name =~ "Xilinx PYNQ-Z1 003017A8B8E7A"} -index 0
rst -processor
targets -set -nocase -filter {name =~ "ARM*#0" && jtag_cable_name =~ "Xilinx PYNQ-Z1 003017A8B8E7A"} -index 0
dow C:/Users/yoxo/OneDrive/Documenti/work_dir/Master_Degree_Thesis/PYNQ_SVM_CLASSIFIER/PYNQ_SVM_CLASSIFIER.sdk/main_system/Debug/main_system.elf
----------------End of Script----------------

20:03:21 INFO  : 'targets -set -filter {jtag_cable_name =~ "Xilinx PYNQ-Z1 003017A8B8E7A" && level==0} -index 1' command is executed.
20:03:21 INFO  : 'fpga -state' command is executed.
20:03:21 INFO  : Connected to target on host '127.0.0.1' and port '3121'.
20:03:21 INFO  : Jtag cable 'Xilinx PYNQ-Z1 003017A8B8E7A' is selected.
20:03:21 INFO  : 'jtag frequency' command is executed.
20:03:21 INFO  : Sourcing of 'C:/Users/yoxo/OneDrive/Documenti/work_dir/Master_Degree_Thesis/PYNQ_SVM_CLASSIFIER/PYNQ_SVM_CLASSIFIER.sdk/embedded_system_wrapper_hw_platform_0/ps7_init.tcl' is done.
20:03:21 INFO  : Context for 'APU' is selected.
20:03:21 INFO  : Hardware design information is loaded from 'C:/Users/yoxo/OneDrive/Documenti/work_dir/Master_Degree_Thesis/PYNQ_SVM_CLASSIFIER/PYNQ_SVM_CLASSIFIER.sdk/embedded_system_wrapper_hw_platform_0/system.hdf'.
20:03:21 INFO  : 'configparams force-mem-access 1' command is executed.
20:03:21 INFO  : Context for 'APU' is selected.
20:03:21 INFO  : 'stop' command is executed.
20:03:21 ERROR : AP transaction error, DAP status f0000021
20:03:21 INFO  : ----------------XSDB Script----------------
connect -url tcp:127.0.0.1:3121
source C:/Users/yoxo/OneDrive/Documenti/work_dir/Master_Degree_Thesis/PYNQ_SVM_CLASSIFIER/PYNQ_SVM_CLASSIFIER.sdk/embedded_system_wrapper_hw_platform_0/ps7_init.tcl
targets -set -nocase -filter {name =~"APU*" && jtag_cable_name =~ "Xilinx PYNQ-Z1 003017A8B8E7A"} -index 0
loadhw -hw C:/Users/yoxo/OneDrive/Documenti/work_dir/Master_Degree_Thesis/PYNQ_SVM_CLASSIFIER/PYNQ_SVM_CLASSIFIER.sdk/embedded_system_wrapper_hw_platform_0/system.hdf -mem-ranges [list {0x40000000 0xbfffffff}]
configparams force-mem-access 1
targets -set -nocase -filter {name =~"APU*" && jtag_cable_name =~ "Xilinx PYNQ-Z1 003017A8B8E7A"} -index 0
stop
ps7_init
----------------End of Script----------------

20:03:28 INFO  : Connected to target on host '127.0.0.1' and port '3121'.
20:03:28 INFO  : Jtag cable 'Xilinx PYNQ-Z1 003017A8B8E7A' is selected.
20:03:28 INFO  : 'jtag frequency' command is executed.
20:03:28 INFO  : Sourcing of 'C:/Users/yoxo/OneDrive/Documenti/work_dir/Master_Degree_Thesis/PYNQ_SVM_CLASSIFIER/PYNQ_SVM_CLASSIFIER.sdk/embedded_system_wrapper_hw_platform_0/ps7_init.tcl' is done.
20:03:28 INFO  : 'targets -set -filter {jtag_cable_name =~ "Xilinx PYNQ-Z1 003017A8B8E7A" && level==0} -index 1' command is executed.
20:03:32 ERROR : fpga configuration failed. DONE PIN is not HIGH
20:03:32 ERROR : Exception occured while running Program FPGA.
java.lang.RuntimeException: fpga configuration failed. DONE PIN is not HIGH
20:03:32 INFO  : ----------------XSDB Script----------------
connect -url tcp:127.0.0.1:3121
source C:/Users/yoxo/OneDrive/Documenti/work_dir/Master_Degree_Thesis/PYNQ_SVM_CLASSIFIER/PYNQ_SVM_CLASSIFIER.sdk/embedded_system_wrapper_hw_platform_0/ps7_init.tcl
----------------End of Script----------------

20:04:03 INFO  : Connected to target on host '127.0.0.1' and port '3121'.
20:04:03 INFO  : Jtag cable 'Xilinx PYNQ-Z1 003017A8B8E7A' is selected.
20:04:03 INFO  : 'jtag frequency' command is executed.
20:04:03 INFO  : Sourcing of 'C:/Users/yoxo/OneDrive/Documenti/work_dir/Master_Degree_Thesis/PYNQ_SVM_CLASSIFIER/PYNQ_SVM_CLASSIFIER.sdk/embedded_system_wrapper_hw_platform_0/ps7_init.tcl' is done.
20:04:03 INFO  : 'targets -set -filter {jtag_cable_name =~ "Xilinx PYNQ-Z1 003017A8B8E7A" && level==0} -index 1' command is executed.
20:04:06 ERROR : fpga configuration failed. DONE PIN is not HIGH
20:04:07 ERROR : Exception occured while running Program FPGA.
java.lang.RuntimeException: fpga configuration failed. DONE PIN is not HIGH
20:04:07 INFO  : ----------------XSDB Script----------------
connect -url tcp:127.0.0.1:3121
source C:/Users/yoxo/OneDrive/Documenti/work_dir/Master_Degree_Thesis/PYNQ_SVM_CLASSIFIER/PYNQ_SVM_CLASSIFIER.sdk/embedded_system_wrapper_hw_platform_0/ps7_init.tcl
----------------End of Script----------------

20:06:14 INFO  : Connected to target on host '127.0.0.1' and port '3121'.
20:06:14 INFO  : Jtag cable 'Xilinx PYNQ-Z1 003017A8B8E7A' is selected.
20:06:14 INFO  : 'jtag frequency' command is executed.
20:06:14 INFO  : Sourcing of 'C:/Users/yoxo/OneDrive/Documenti/work_dir/Master_Degree_Thesis/PYNQ_SVM_CLASSIFIER/PYNQ_SVM_CLASSIFIER.sdk/embedded_system_wrapper_hw_platform_0/ps7_init.tcl' is done.
20:06:15 INFO  : 'targets -set -filter {jtag_cable_name =~ "Xilinx PYNQ-Z1 003017A8B8E7A" && level==0} -index 1' command is executed.
20:06:17 INFO  : FPGA configured successfully with bitstream "C:/Users/yoxo/OneDrive/Documenti/work_dir/Master_Degree_Thesis/PYNQ_SVM_CLASSIFIER/PYNQ_SVM_CLASSIFIER.sdk/embedded_system_wrapper_hw_platform_0/embedded_system_wrapper.bit"
20:06:17 INFO  : Context for 'APU' is selected.
20:06:17 INFO  : Hardware design information is loaded from 'C:/Users/yoxo/OneDrive/Documenti/work_dir/Master_Degree_Thesis/PYNQ_SVM_CLASSIFIER/PYNQ_SVM_CLASSIFIER.sdk/embedded_system_wrapper_hw_platform_0/system.hdf'.
20:06:17 INFO  : 'configparams force-mem-access 1' command is executed.
20:06:17 INFO  : Context for 'APU' is selected.
20:06:17 INFO  : 'stop' command is executed.
20:06:18 INFO  : 'ps7_init' command is executed.
20:06:18 INFO  : 'ps7_post_config' command is executed.
20:06:18 INFO  : Context for processor 'ps7_cortexa9_0' is selected.
20:06:18 INFO  : Processor reset is completed for 'ps7_cortexa9_0'.
20:06:18 INFO  : Context for processor 'ps7_cortexa9_0' is selected.
20:06:18 INFO  : The application 'C:/Users/yoxo/OneDrive/Documenti/work_dir/Master_Degree_Thesis/PYNQ_SVM_CLASSIFIER/PYNQ_SVM_CLASSIFIER.sdk/main_system/Debug/main_system.elf' is downloaded to processor 'ps7_cortexa9_0'.
20:06:18 INFO  : 'configparams force-mem-access 0' command is executed.
20:06:18 INFO  : ----------------XSDB Script----------------
connect -url tcp:127.0.0.1:3121
source C:/Users/yoxo/OneDrive/Documenti/work_dir/Master_Degree_Thesis/PYNQ_SVM_CLASSIFIER/PYNQ_SVM_CLASSIFIER.sdk/embedded_system_wrapper_hw_platform_0/ps7_init.tcl
targets -set -filter {jtag_cable_name =~ "Xilinx PYNQ-Z1 003017A8B8E7A" && level==0} -index 1
fpga -file C:/Users/yoxo/OneDrive/Documenti/work_dir/Master_Degree_Thesis/PYNQ_SVM_CLASSIFIER/PYNQ_SVM_CLASSIFIER.sdk/embedded_system_wrapper_hw_platform_0/embedded_system_wrapper.bit
targets -set -nocase -filter {name =~"APU*" && jtag_cable_name =~ "Xilinx PYNQ-Z1 003017A8B8E7A"} -index 0
loadhw -hw C:/Users/yoxo/OneDrive/Documenti/work_dir/Master_Degree_Thesis/PYNQ_SVM_CLASSIFIER/PYNQ_SVM_CLASSIFIER.sdk/embedded_system_wrapper_hw_platform_0/system.hdf -mem-ranges [list {0x40000000 0xbfffffff}]
configparams force-mem-access 1
targets -set -nocase -filter {name =~"APU*" && jtag_cable_name =~ "Xilinx PYNQ-Z1 003017A8B8E7A"} -index 0
stop
ps7_init
ps7_post_config
targets -set -nocase -filter {name =~ "ARM*#0" && jtag_cable_name =~ "Xilinx PYNQ-Z1 003017A8B8E7A"} -index 0
rst -processor
targets -set -nocase -filter {name =~ "ARM*#0" && jtag_cable_name =~ "Xilinx PYNQ-Z1 003017A8B8E7A"} -index 0
dow C:/Users/yoxo/OneDrive/Documenti/work_dir/Master_Degree_Thesis/PYNQ_SVM_CLASSIFIER/PYNQ_SVM_CLASSIFIER.sdk/main_system/Debug/main_system.elf
configparams force-mem-access 0
----------------End of Script----------------

20:06:19 INFO  : Memory regions updated for context APU
20:06:19 INFO  : Context for processor 'ps7_cortexa9_0' is selected.
20:06:19 INFO  : 'con' command is executed.
20:06:19 INFO  : ----------------XSDB Script (After Launch)----------------
targets -set -nocase -filter {name =~ "ARM*#0" && jtag_cable_name =~ "Xilinx PYNQ-Z1 003017A8B8E7A"} -index 0
con
----------------End of Script----------------

20:06:19 INFO  : Launch script is exported to file 'C:\Users\yoxo\OneDrive\Documenti\work_dir\Master_Degree_Thesis\PYNQ_SVM_CLASSIFIER\PYNQ_SVM_CLASSIFIER.sdk\.sdk\launch_scripts\xilinx_c-c++_application_(system_debugger)\system_debugger_on_local.tcl'
20:07:10 INFO  : Disconnected from the channel tcfchan#5.
20:07:12 INFO  : Connected to target on host '127.0.0.1' and port '3121'.
20:07:12 INFO  : Jtag cable 'Xilinx PYNQ-Z1 003017A8B8E7A' is selected.
20:07:12 INFO  : 'jtag frequency' command is executed.
20:07:12 INFO  : Sourcing of 'C:/Users/yoxo/OneDrive/Documenti/work_dir/Master_Degree_Thesis/PYNQ_SVM_CLASSIFIER/PYNQ_SVM_CLASSIFIER.sdk/embedded_system_wrapper_hw_platform_0/ps7_init.tcl' is done.
20:07:12 INFO  : 'targets -set -filter {jtag_cable_name =~ "Xilinx PYNQ-Z1 003017A8B8E7A" && level==0} -index 1' command is executed.
20:07:14 INFO  : FPGA configured successfully with bitstream "C:/Users/yoxo/OneDrive/Documenti/work_dir/Master_Degree_Thesis/PYNQ_SVM_CLASSIFIER/PYNQ_SVM_CLASSIFIER.sdk/embedded_system_wrapper_hw_platform_0/embedded_system_wrapper.bit"
20:07:14 INFO  : Context for 'APU' is selected.
20:07:19 INFO  : Hardware design information is loaded from 'C:/Users/yoxo/OneDrive/Documenti/work_dir/Master_Degree_Thesis/PYNQ_SVM_CLASSIFIER/PYNQ_SVM_CLASSIFIER.sdk/embedded_system_wrapper_hw_platform_0/system.hdf'.
20:07:19 INFO  : 'configparams force-mem-access 1' command is executed.
20:07:19 INFO  : Context for 'APU' is selected.
20:07:19 INFO  : 'stop' command is executed.
20:07:20 INFO  : 'ps7_init' command is executed.
20:07:20 INFO  : 'ps7_post_config' command is executed.
20:07:20 INFO  : Context for processor 'ps7_cortexa9_0' is selected.
20:07:20 INFO  : Processor reset is completed for 'ps7_cortexa9_0'.
20:07:20 INFO  : Context for processor 'ps7_cortexa9_0' is selected.
20:07:20 INFO  : The application 'C:/Users/yoxo/OneDrive/Documenti/work_dir/Master_Degree_Thesis/PYNQ_SVM_CLASSIFIER/PYNQ_SVM_CLASSIFIER.sdk/main_system/Debug/main_system.elf' is downloaded to processor 'ps7_cortexa9_0'.
20:07:20 INFO  : 'configparams force-mem-access 0' command is executed.
20:07:20 INFO  : ----------------XSDB Script----------------
connect -url tcp:127.0.0.1:3121
source C:/Users/yoxo/OneDrive/Documenti/work_dir/Master_Degree_Thesis/PYNQ_SVM_CLASSIFIER/PYNQ_SVM_CLASSIFIER.sdk/embedded_system_wrapper_hw_platform_0/ps7_init.tcl
targets -set -filter {jtag_cable_name =~ "Xilinx PYNQ-Z1 003017A8B8E7A" && level==0} -index 1
fpga -file C:/Users/yoxo/OneDrive/Documenti/work_dir/Master_Degree_Thesis/PYNQ_SVM_CLASSIFIER/PYNQ_SVM_CLASSIFIER.sdk/embedded_system_wrapper_hw_platform_0/embedded_system_wrapper.bit
targets -set -nocase -filter {name =~"APU*" && jtag_cable_name =~ "Xilinx PYNQ-Z1 003017A8B8E7A"} -index 0
loadhw -hw C:/Users/yoxo/OneDrive/Documenti/work_dir/Master_Degree_Thesis/PYNQ_SVM_CLASSIFIER/PYNQ_SVM_CLASSIFIER.sdk/embedded_system_wrapper_hw_platform_0/system.hdf -mem-ranges [list {0x40000000 0xbfffffff}]
configparams force-mem-access 1
targets -set -nocase -filter {name =~"APU*" && jtag_cable_name =~ "Xilinx PYNQ-Z1 003017A8B8E7A"} -index 0
stop
ps7_init
ps7_post_config
targets -set -nocase -filter {name =~ "ARM*#0" && jtag_cable_name =~ "Xilinx PYNQ-Z1 003017A8B8E7A"} -index 0
rst -processor
targets -set -nocase -filter {name =~ "ARM*#0" && jtag_cable_name =~ "Xilinx PYNQ-Z1 003017A8B8E7A"} -index 0
dow C:/Users/yoxo/OneDrive/Documenti/work_dir/Master_Degree_Thesis/PYNQ_SVM_CLASSIFIER/PYNQ_SVM_CLASSIFIER.sdk/main_system/Debug/main_system.elf
configparams force-mem-access 0
----------------End of Script----------------

20:07:20 INFO  : Memory regions updated for context APU
20:07:21 INFO  : Context for processor 'ps7_cortexa9_0' is selected.
20:07:21 INFO  : 'con' command is executed.
20:07:21 INFO  : ----------------XSDB Script (After Launch)----------------
targets -set -nocase -filter {name =~ "ARM*#0" && jtag_cable_name =~ "Xilinx PYNQ-Z1 003017A8B8E7A"} -index 0
con
----------------End of Script----------------

20:07:21 INFO  : Launch script is exported to file 'C:\Users\yoxo\OneDrive\Documenti\work_dir\Master_Degree_Thesis\PYNQ_SVM_CLASSIFIER\PYNQ_SVM_CLASSIFIER.sdk\.sdk\launch_scripts\xilinx_c-c++_application_(system_debugger)\system_debugger_on_local.tcl'
21:27:21 INFO  : Disconnected from the channel tcfchan#6.
21:27:22 INFO  : Connected to target on host '127.0.0.1' and port '3121'.
21:27:23 INFO  : Jtag cable 'Xilinx PYNQ-Z1 003017A8B8E7A' is selected.
21:27:23 INFO  : 'jtag frequency' command is executed.
21:27:23 INFO  : Sourcing of 'C:/Users/yoxo/OneDrive/Documenti/work_dir/Master_Degree_Thesis/PYNQ_SVM_CLASSIFIER/PYNQ_SVM_CLASSIFIER.sdk/embedded_system_wrapper_hw_platform_0/ps7_init.tcl' is done.
21:27:23 INFO  : 'targets -set -filter {jtag_cable_name =~ "Xilinx PYNQ-Z1 003017A8B8E7A" && level==0} -index 1' command is executed.
21:27:25 INFO  : FPGA configured successfully with bitstream "C:/Users/yoxo/OneDrive/Documenti/work_dir/Master_Degree_Thesis/PYNQ_SVM_CLASSIFIER/PYNQ_SVM_CLASSIFIER.sdk/embedded_system_wrapper_hw_platform_0/embedded_system_wrapper.bit"
21:27:25 INFO  : Context for 'APU' is selected.
21:27:30 INFO  : Hardware design information is loaded from 'C:/Users/yoxo/OneDrive/Documenti/work_dir/Master_Degree_Thesis/PYNQ_SVM_CLASSIFIER/PYNQ_SVM_CLASSIFIER.sdk/embedded_system_wrapper_hw_platform_0/system.hdf'.
21:27:30 INFO  : 'configparams force-mem-access 1' command is executed.
21:27:30 INFO  : Context for 'APU' is selected.
21:27:30 INFO  : 'stop' command is executed.
21:27:31 INFO  : 'ps7_init' command is executed.
21:27:31 INFO  : 'ps7_post_config' command is executed.
21:27:31 INFO  : Context for processor 'ps7_cortexa9_0' is selected.
21:27:31 INFO  : Processor reset is completed for 'ps7_cortexa9_0'.
21:27:31 INFO  : Context for processor 'ps7_cortexa9_0' is selected.
21:27:31 INFO  : The application 'C:/Users/yoxo/OneDrive/Documenti/work_dir/Master_Degree_Thesis/PYNQ_SVM_CLASSIFIER/PYNQ_SVM_CLASSIFIER.sdk/main_system/Release/main_system.elf' is downloaded to processor 'ps7_cortexa9_0'.
21:27:31 INFO  : 'configparams force-mem-access 0' command is executed.
21:27:31 INFO  : ----------------XSDB Script----------------
connect -url tcp:127.0.0.1:3121
source C:/Users/yoxo/OneDrive/Documenti/work_dir/Master_Degree_Thesis/PYNQ_SVM_CLASSIFIER/PYNQ_SVM_CLASSIFIER.sdk/embedded_system_wrapper_hw_platform_0/ps7_init.tcl
targets -set -filter {jtag_cable_name =~ "Xilinx PYNQ-Z1 003017A8B8E7A" && level==0} -index 1
fpga -file C:/Users/yoxo/OneDrive/Documenti/work_dir/Master_Degree_Thesis/PYNQ_SVM_CLASSIFIER/PYNQ_SVM_CLASSIFIER.sdk/embedded_system_wrapper_hw_platform_0/embedded_system_wrapper.bit
targets -set -nocase -filter {name =~"APU*" && jtag_cable_name =~ "Xilinx PYNQ-Z1 003017A8B8E7A"} -index 0
loadhw -hw C:/Users/yoxo/OneDrive/Documenti/work_dir/Master_Degree_Thesis/PYNQ_SVM_CLASSIFIER/PYNQ_SVM_CLASSIFIER.sdk/embedded_system_wrapper_hw_platform_0/system.hdf -mem-ranges [list {0x40000000 0xbfffffff}]
configparams force-mem-access 1
targets -set -nocase -filter {name =~"APU*" && jtag_cable_name =~ "Xilinx PYNQ-Z1 003017A8B8E7A"} -index 0
stop
ps7_init
ps7_post_config
targets -set -nocase -filter {name =~ "ARM*#0" && jtag_cable_name =~ "Xilinx PYNQ-Z1 003017A8B8E7A"} -index 0
rst -processor
targets -set -nocase -filter {name =~ "ARM*#0" && jtag_cable_name =~ "Xilinx PYNQ-Z1 003017A8B8E7A"} -index 0
dow C:/Users/yoxo/OneDrive/Documenti/work_dir/Master_Degree_Thesis/PYNQ_SVM_CLASSIFIER/PYNQ_SVM_CLASSIFIER.sdk/main_system/Release/main_system.elf
configparams force-mem-access 0
----------------End of Script----------------

21:27:31 INFO  : Memory regions updated for context APU
21:27:31 INFO  : Context for processor 'ps7_cortexa9_0' is selected.
21:27:31 INFO  : 'con' command is executed.
21:27:31 INFO  : ----------------XSDB Script (After Launch)----------------
targets -set -nocase -filter {name =~ "ARM*#0" && jtag_cable_name =~ "Xilinx PYNQ-Z1 003017A8B8E7A"} -index 0
con
----------------End of Script----------------

21:27:31 INFO  : Launch script is exported to file 'C:\Users\yoxo\OneDrive\Documenti\work_dir\Master_Degree_Thesis\PYNQ_SVM_CLASSIFIER\PYNQ_SVM_CLASSIFIER.sdk\.sdk\launch_scripts\xilinx_c-c++_application_(system_debugger)\system_debugger_on_local.tcl'
21:29:27 INFO  : Disconnected from the channel tcfchan#7.
21:29:28 INFO  : Connected to target on host '127.0.0.1' and port '3121'.
21:29:28 INFO  : Jtag cable 'Xilinx PYNQ-Z1 003017A8B8E7A' is selected.
21:29:28 INFO  : 'jtag frequency' command is executed.
21:29:28 INFO  : Sourcing of 'C:/Users/yoxo/OneDrive/Documenti/work_dir/Master_Degree_Thesis/PYNQ_SVM_CLASSIFIER/PYNQ_SVM_CLASSIFIER.sdk/embedded_system_wrapper_hw_platform_0/ps7_init.tcl' is done.
21:29:28 INFO  : Context for 'APU' is selected.
21:29:29 INFO  : System reset is completed.
21:29:32 INFO  : 'after 3000' command is executed.
21:29:32 INFO  : 'targets -set -filter {jtag_cable_name =~ "Xilinx PYNQ-Z1 003017A8B8E7A" && level==0} -index 1' command is executed.
21:29:34 INFO  : FPGA configured successfully with bitstream "C:/Users/yoxo/OneDrive/Documenti/work_dir/Master_Degree_Thesis/PYNQ_SVM_CLASSIFIER/PYNQ_SVM_CLASSIFIER.sdk/embedded_system_wrapper_hw_platform_0/embedded_system_wrapper.bit"
21:29:34 INFO  : Context for 'APU' is selected.
21:29:39 INFO  : Hardware design information is loaded from 'C:/Users/yoxo/OneDrive/Documenti/work_dir/Master_Degree_Thesis/PYNQ_SVM_CLASSIFIER/PYNQ_SVM_CLASSIFIER.sdk/embedded_system_wrapper_hw_platform_0/system.hdf'.
21:29:39 INFO  : 'configparams force-mem-access 1' command is executed.
21:29:39 INFO  : Context for 'APU' is selected.
21:29:40 INFO  : 'ps7_init' command is executed.
21:29:40 INFO  : 'ps7_post_config' command is executed.
21:29:40 INFO  : Context for processor 'ps7_cortexa9_0' is selected.
21:29:40 INFO  : The application 'C:/Users/yoxo/OneDrive/Documenti/work_dir/Master_Degree_Thesis/PYNQ_SVM_CLASSIFIER/PYNQ_SVM_CLASSIFIER.sdk/main_system/Debug/main_system.elf' is downloaded to processor 'ps7_cortexa9_0'.
21:29:40 INFO  : 'configparams force-mem-access 0' command is executed.
21:29:40 INFO  : ----------------XSDB Script----------------
connect -url tcp:127.0.0.1:3121
source C:/Users/yoxo/OneDrive/Documenti/work_dir/Master_Degree_Thesis/PYNQ_SVM_CLASSIFIER/PYNQ_SVM_CLASSIFIER.sdk/embedded_system_wrapper_hw_platform_0/ps7_init.tcl
targets -set -nocase -filter {name =~"APU*" && jtag_cable_name =~ "Xilinx PYNQ-Z1 003017A8B8E7A"} -index 0
rst -system
after 3000
targets -set -filter {jtag_cable_name =~ "Xilinx PYNQ-Z1 003017A8B8E7A" && level==0} -index 1
fpga -file C:/Users/yoxo/OneDrive/Documenti/work_dir/Master_Degree_Thesis/PYNQ_SVM_CLASSIFIER/PYNQ_SVM_CLASSIFIER.sdk/embedded_system_wrapper_hw_platform_0/embedded_system_wrapper.bit
targets -set -nocase -filter {name =~"APU*" && jtag_cable_name =~ "Xilinx PYNQ-Z1 003017A8B8E7A"} -index 0
loadhw -hw C:/Users/yoxo/OneDrive/Documenti/work_dir/Master_Degree_Thesis/PYNQ_SVM_CLASSIFIER/PYNQ_SVM_CLASSIFIER.sdk/embedded_system_wrapper_hw_platform_0/system.hdf -mem-ranges [list {0x40000000 0xbfffffff}]
configparams force-mem-access 1
targets -set -nocase -filter {name =~"APU*" && jtag_cable_name =~ "Xilinx PYNQ-Z1 003017A8B8E7A"} -index 0
ps7_init
ps7_post_config
targets -set -nocase -filter {name =~ "ARM*#0" && jtag_cable_name =~ "Xilinx PYNQ-Z1 003017A8B8E7A"} -index 0
dow C:/Users/yoxo/OneDrive/Documenti/work_dir/Master_Degree_Thesis/PYNQ_SVM_CLASSIFIER/PYNQ_SVM_CLASSIFIER.sdk/main_system/Debug/main_system.elf
configparams force-mem-access 0
----------------End of Script----------------

21:29:40 INFO  : Memory regions updated for context APU
21:29:40 INFO  : Context for processor 'ps7_cortexa9_0' is selected.
21:29:40 INFO  : 'con' command is executed.
21:29:40 INFO  : ----------------XSDB Script (After Launch)----------------
targets -set -nocase -filter {name =~ "ARM*#0" && jtag_cable_name =~ "Xilinx PYNQ-Z1 003017A8B8E7A"} -index 0
con
----------------End of Script----------------

21:29:40 INFO  : Launch script is exported to file 'C:\Users\yoxo\OneDrive\Documenti\work_dir\Master_Degree_Thesis\PYNQ_SVM_CLASSIFIER\PYNQ_SVM_CLASSIFIER.sdk\.sdk\launch_scripts\xilinx_c-c++_application_(system_debugger)\system_debugger_on_local.tcl'
21:30:12 INFO  : Disconnected from the channel tcfchan#8.
21:30:13 INFO  : Connected to target on host '127.0.0.1' and port '3121'.
21:30:13 INFO  : Jtag cable 'Xilinx PYNQ-Z1 003017A8B8E7A' is selected.
21:30:13 INFO  : 'jtag frequency' command is executed.
21:30:13 INFO  : Sourcing of 'C:/Users/yoxo/OneDrive/Documenti/work_dir/Master_Degree_Thesis/PYNQ_SVM_CLASSIFIER/PYNQ_SVM_CLASSIFIER.sdk/embedded_system_wrapper_hw_platform_0/ps7_init.tcl' is done.
21:30:13 INFO  : 'targets -set -filter {jtag_cable_name =~ "Xilinx PYNQ-Z1 003017A8B8E7A" && level==0} -index 1' command is executed.
21:30:16 INFO  : FPGA configured successfully with bitstream "C:/Users/yoxo/OneDrive/Documenti/work_dir/Master_Degree_Thesis/PYNQ_SVM_CLASSIFIER/PYNQ_SVM_CLASSIFIER.sdk/embedded_system_wrapper_hw_platform_0/embedded_system_wrapper.bit"
21:30:16 INFO  : Context for 'APU' is selected.
21:30:21 INFO  : Hardware design information is loaded from 'C:/Users/yoxo/OneDrive/Documenti/work_dir/Master_Degree_Thesis/PYNQ_SVM_CLASSIFIER/PYNQ_SVM_CLASSIFIER.sdk/embedded_system_wrapper_hw_platform_0/system.hdf'.
21:30:21 INFO  : 'configparams force-mem-access 1' command is executed.
21:30:21 INFO  : Context for 'APU' is selected.
21:30:21 INFO  : 'stop' command is executed.
21:30:22 INFO  : 'ps7_init' command is executed.
21:30:22 INFO  : 'ps7_post_config' command is executed.
21:30:22 INFO  : Context for processor 'ps7_cortexa9_0' is selected.
21:30:22 INFO  : Processor reset is completed for 'ps7_cortexa9_0'.
21:30:22 INFO  : Context for processor 'ps7_cortexa9_0' is selected.
21:30:22 INFO  : The application 'C:/Users/yoxo/OneDrive/Documenti/work_dir/Master_Degree_Thesis/PYNQ_SVM_CLASSIFIER/PYNQ_SVM_CLASSIFIER.sdk/main_system/Debug/main_system.elf' is downloaded to processor 'ps7_cortexa9_0'.
21:30:22 INFO  : 'configparams force-mem-access 0' command is executed.
21:30:22 INFO  : ----------------XSDB Script----------------
connect -url tcp:127.0.0.1:3121
source C:/Users/yoxo/OneDrive/Documenti/work_dir/Master_Degree_Thesis/PYNQ_SVM_CLASSIFIER/PYNQ_SVM_CLASSIFIER.sdk/embedded_system_wrapper_hw_platform_0/ps7_init.tcl
targets -set -filter {jtag_cable_name =~ "Xilinx PYNQ-Z1 003017A8B8E7A" && level==0} -index 1
fpga -file C:/Users/yoxo/OneDrive/Documenti/work_dir/Master_Degree_Thesis/PYNQ_SVM_CLASSIFIER/PYNQ_SVM_CLASSIFIER.sdk/embedded_system_wrapper_hw_platform_0/embedded_system_wrapper.bit
targets -set -nocase -filter {name =~"APU*" && jtag_cable_name =~ "Xilinx PYNQ-Z1 003017A8B8E7A"} -index 0
loadhw -hw C:/Users/yoxo/OneDrive/Documenti/work_dir/Master_Degree_Thesis/PYNQ_SVM_CLASSIFIER/PYNQ_SVM_CLASSIFIER.sdk/embedded_system_wrapper_hw_platform_0/system.hdf -mem-ranges [list {0x40000000 0xbfffffff}]
configparams force-mem-access 1
targets -set -nocase -filter {name =~"APU*" && jtag_cable_name =~ "Xilinx PYNQ-Z1 003017A8B8E7A"} -index 0
stop
ps7_init
ps7_post_config
targets -set -nocase -filter {name =~ "ARM*#0" && jtag_cable_name =~ "Xilinx PYNQ-Z1 003017A8B8E7A"} -index 0
rst -processor
targets -set -nocase -filter {name =~ "ARM*#0" && jtag_cable_name =~ "Xilinx PYNQ-Z1 003017A8B8E7A"} -index 0
dow C:/Users/yoxo/OneDrive/Documenti/work_dir/Master_Degree_Thesis/PYNQ_SVM_CLASSIFIER/PYNQ_SVM_CLASSIFIER.sdk/main_system/Debug/main_system.elf
configparams force-mem-access 0
----------------End of Script----------------

21:30:22 INFO  : Memory regions updated for context APU
21:30:22 INFO  : Context for processor 'ps7_cortexa9_0' is selected.
21:30:22 INFO  : 'con' command is executed.
21:30:22 INFO  : ----------------XSDB Script (After Launch)----------------
targets -set -nocase -filter {name =~ "ARM*#0" && jtag_cable_name =~ "Xilinx PYNQ-Z1 003017A8B8E7A"} -index 0
con
----------------End of Script----------------

21:30:22 INFO  : Launch script is exported to file 'C:\Users\yoxo\OneDrive\Documenti\work_dir\Master_Degree_Thesis\PYNQ_SVM_CLASSIFIER\PYNQ_SVM_CLASSIFIER.sdk\.sdk\launch_scripts\xilinx_c-c++_application_(system_debugger)\system_debugger_on_local.tcl'
21:34:59 INFO  : Disconnected from the channel tcfchan#9.
21:35:00 INFO  : Connected to target on host '127.0.0.1' and port '3121'.
21:35:00 INFO  : Jtag cable 'Xilinx PYNQ-Z1 003017A8B8E7A' is selected.
21:35:00 INFO  : 'jtag frequency' command is executed.
21:35:00 INFO  : Sourcing of 'C:/Users/yoxo/OneDrive/Documenti/work_dir/Master_Degree_Thesis/PYNQ_SVM_CLASSIFIER/PYNQ_SVM_CLASSIFIER.sdk/embedded_system_wrapper_hw_platform_0/ps7_init.tcl' is done.
21:35:00 INFO  : 'targets -set -filter {jtag_cable_name =~ "Xilinx PYNQ-Z1 003017A8B8E7A" && level==0} -index 1' command is executed.
21:35:03 INFO  : FPGA configured successfully with bitstream "C:/Users/yoxo/OneDrive/Documenti/work_dir/Master_Degree_Thesis/PYNQ_SVM_CLASSIFIER/PYNQ_SVM_CLASSIFIER.sdk/embedded_system_wrapper_hw_platform_0/embedded_system_wrapper.bit"
21:35:03 INFO  : Context for 'APU' is selected.
21:35:09 INFO  : Hardware design information is loaded from 'C:/Users/yoxo/OneDrive/Documenti/work_dir/Master_Degree_Thesis/PYNQ_SVM_CLASSIFIER/PYNQ_SVM_CLASSIFIER.sdk/embedded_system_wrapper_hw_platform_0/system.hdf'.
21:35:09 INFO  : 'configparams force-mem-access 1' command is executed.
21:35:09 INFO  : Context for 'APU' is selected.
21:35:09 INFO  : 'stop' command is executed.
21:35:10 INFO  : 'ps7_init' command is executed.
21:35:10 INFO  : 'ps7_post_config' command is executed.
21:35:10 INFO  : Context for processor 'ps7_cortexa9_0' is selected.
21:35:10 INFO  : Processor reset is completed for 'ps7_cortexa9_0'.
21:35:10 INFO  : Context for processor 'ps7_cortexa9_0' is selected.
21:35:10 INFO  : The application 'C:/Users/yoxo/OneDrive/Documenti/work_dir/Master_Degree_Thesis/PYNQ_SVM_CLASSIFIER/PYNQ_SVM_CLASSIFIER.sdk/main_system/Debug/main_system.elf' is downloaded to processor 'ps7_cortexa9_0'.
21:35:10 INFO  : 'configparams force-mem-access 0' command is executed.
21:35:10 INFO  : ----------------XSDB Script----------------
connect -url tcp:127.0.0.1:3121
source C:/Users/yoxo/OneDrive/Documenti/work_dir/Master_Degree_Thesis/PYNQ_SVM_CLASSIFIER/PYNQ_SVM_CLASSIFIER.sdk/embedded_system_wrapper_hw_platform_0/ps7_init.tcl
targets -set -filter {jtag_cable_name =~ "Xilinx PYNQ-Z1 003017A8B8E7A" && level==0} -index 1
fpga -file C:/Users/yoxo/OneDrive/Documenti/work_dir/Master_Degree_Thesis/PYNQ_SVM_CLASSIFIER/PYNQ_SVM_CLASSIFIER.sdk/embedded_system_wrapper_hw_platform_0/embedded_system_wrapper.bit
targets -set -nocase -filter {name =~"APU*" && jtag_cable_name =~ "Xilinx PYNQ-Z1 003017A8B8E7A"} -index 0
loadhw -hw C:/Users/yoxo/OneDrive/Documenti/work_dir/Master_Degree_Thesis/PYNQ_SVM_CLASSIFIER/PYNQ_SVM_CLASSIFIER.sdk/embedded_system_wrapper_hw_platform_0/system.hdf -mem-ranges [list {0x40000000 0xbfffffff}]
configparams force-mem-access 1
targets -set -nocase -filter {name =~"APU*" && jtag_cable_name =~ "Xilinx PYNQ-Z1 003017A8B8E7A"} -index 0
stop
ps7_init
ps7_post_config
targets -set -nocase -filter {name =~ "ARM*#0" && jtag_cable_name =~ "Xilinx PYNQ-Z1 003017A8B8E7A"} -index 0
rst -processor
targets -set -nocase -filter {name =~ "ARM*#0" && jtag_cable_name =~ "Xilinx PYNQ-Z1 003017A8B8E7A"} -index 0
dow C:/Users/yoxo/OneDrive/Documenti/work_dir/Master_Degree_Thesis/PYNQ_SVM_CLASSIFIER/PYNQ_SVM_CLASSIFIER.sdk/main_system/Debug/main_system.elf
configparams force-mem-access 0
----------------End of Script----------------

21:35:10 INFO  : Memory regions updated for context APU
21:35:10 INFO  : Context for processor 'ps7_cortexa9_0' is selected.
21:35:10 INFO  : 'con' command is executed.
21:35:10 INFO  : ----------------XSDB Script (After Launch)----------------
targets -set -nocase -filter {name =~ "ARM*#0" && jtag_cable_name =~ "Xilinx PYNQ-Z1 003017A8B8E7A"} -index 0
con
----------------End of Script----------------

21:35:10 INFO  : Launch script is exported to file 'C:\Users\yoxo\OneDrive\Documenti\work_dir\Master_Degree_Thesis\PYNQ_SVM_CLASSIFIER\PYNQ_SVM_CLASSIFIER.sdk\.sdk\launch_scripts\xilinx_c-c++_application_(system_debugger)\system_debugger_on_local.tcl'
22:16:11 INFO  : Disconnected from the channel tcfchan#10.
15:24:40 INFO  : Registering command handlers for SDK TCF services
15:24:42 INFO  : Launching XSCT server: xsct.bat -interactive C:\Users\yoxo\OneDrive\Documenti\work_dir\Master_Degree_Thesis\PYNQ_SVM_CLASSIFIER\PYNQ_SVM_CLASSIFIER.sdk\temp_xsdb_launch_script.tcl
15:24:48 INFO  : XSCT server has started successfully.
15:24:54 INFO  : Successfully done setting XSCT server connection channel  
15:24:54 INFO  : Successfully done setting SDK workspace  
15:24:54 INFO  : Processing command line option -hwspec C:/Users/yoxo/OneDrive/Documenti/work_dir/Master_Degree_Thesis/PYNQ_SVM_CLASSIFIER/PYNQ_SVM_CLASSIFIER.sdk/embedded_system_wrapper.hdf.
15:24:54 INFO  : Checking for hwspec changes in the project embedded_system_wrapper_hw_platform_0.
16:43:56 INFO  : Registering command handlers for SDK TCF services
16:43:57 INFO  : Launching XSCT server: xsct.bat -interactive C:\Users\yoxo\OneDrive\Documenti\work_dir\Master_Degree_Thesis\PYNQ_SVM_CLASSIFIER\PYNQ_SVM_CLASSIFIER.sdk\temp_xsdb_launch_script.tcl
16:44:00 INFO  : XSCT server has started successfully.
16:44:01 INFO  : Successfully done setting XSCT server connection channel  
16:44:01 INFO  : Successfully done setting SDK workspace  
16:44:01 INFO  : Processing command line option -hwspec C:/Users/yoxo/OneDrive/Documenti/work_dir/Master_Degree_Thesis/PYNQ_SVM_CLASSIFIER/PYNQ_SVM_CLASSIFIER.sdk/embedded_system_wrapper.hdf.
16:44:01 INFO  : Checking for hwspec changes in the project embedded_system_wrapper_hw_platform_0.
16:45:53 INFO  : Connected to target on host '127.0.0.1' and port '3121'.
16:45:59 INFO  : Connected to target on host '127.0.0.1' and port '3121'.
16:46:13 INFO  : Connected to target on host '127.0.0.1' and port '3121'.
16:46:13 INFO  : Jtag cable 'Xilinx PYNQ-Z1 003017A8B8E7A' is selected.
16:46:13 INFO  : 'jtag frequency' command is executed.
16:46:13 INFO  : Sourcing of 'C:/Users/yoxo/OneDrive/Documenti/work_dir/Master_Degree_Thesis/PYNQ_SVM_CLASSIFIER/PYNQ_SVM_CLASSIFIER.sdk/embedded_system_wrapper_hw_platform_0/ps7_init.tcl' is done.
16:46:13 INFO  : 'targets -set -filter {jtag_cable_name =~ "Xilinx PYNQ-Z1 003017A8B8E7A" && level==0} -index 1' command is executed.
16:46:15 INFO  : FPGA configured successfully with bitstream "C:/Users/yoxo/OneDrive/Documenti/work_dir/Master_Degree_Thesis/PYNQ_SVM_CLASSIFIER/PYNQ_SVM_CLASSIFIER.sdk/embedded_system_wrapper_hw_platform_0/embedded_system_wrapper.bit"
16:46:16 INFO  : Context for 'APU' is selected.
16:46:16 INFO  : Hardware design information is loaded from 'C:/Users/yoxo/OneDrive/Documenti/work_dir/Master_Degree_Thesis/PYNQ_SVM_CLASSIFIER/PYNQ_SVM_CLASSIFIER.sdk/embedded_system_wrapper_hw_platform_0/system.hdf'.
16:46:16 INFO  : 'configparams force-mem-access 1' command is executed.
16:46:16 INFO  : Context for 'APU' is selected.
16:46:16 INFO  : 'stop' command is executed.
16:46:16 INFO  : 'ps7_init' command is executed.
16:46:16 INFO  : 'ps7_post_config' command is executed.
16:46:16 INFO  : Context for processor 'ps7_cortexa9_0' is selected.
16:46:16 INFO  : Processor reset is completed for 'ps7_cortexa9_0'.
16:46:16 INFO  : Context for processor 'ps7_cortexa9_0' is selected.
16:46:17 INFO  : The application 'C:/Users/yoxo/OneDrive/Documenti/work_dir/Master_Degree_Thesis/PYNQ_SVM_CLASSIFIER/PYNQ_SVM_CLASSIFIER.sdk/main_system/Debug/main_system.elf' is downloaded to processor 'ps7_cortexa9_0'.
16:46:17 INFO  : 'configparams force-mem-access 0' command is executed.
16:46:17 INFO  : ----------------XSDB Script----------------
connect -url tcp:127.0.0.1:3121
source C:/Users/yoxo/OneDrive/Documenti/work_dir/Master_Degree_Thesis/PYNQ_SVM_CLASSIFIER/PYNQ_SVM_CLASSIFIER.sdk/embedded_system_wrapper_hw_platform_0/ps7_init.tcl
targets -set -filter {jtag_cable_name =~ "Xilinx PYNQ-Z1 003017A8B8E7A" && level==0} -index 1
fpga -file C:/Users/yoxo/OneDrive/Documenti/work_dir/Master_Degree_Thesis/PYNQ_SVM_CLASSIFIER/PYNQ_SVM_CLASSIFIER.sdk/embedded_system_wrapper_hw_platform_0/embedded_system_wrapper.bit
targets -set -nocase -filter {name =~"APU*" && jtag_cable_name =~ "Xilinx PYNQ-Z1 003017A8B8E7A"} -index 0
loadhw -hw C:/Users/yoxo/OneDrive/Documenti/work_dir/Master_Degree_Thesis/PYNQ_SVM_CLASSIFIER/PYNQ_SVM_CLASSIFIER.sdk/embedded_system_wrapper_hw_platform_0/system.hdf -mem-ranges [list {0x40000000 0xbfffffff}]
configparams force-mem-access 1
targets -set -nocase -filter {name =~"APU*" && jtag_cable_name =~ "Xilinx PYNQ-Z1 003017A8B8E7A"} -index 0
stop
ps7_init
ps7_post_config
targets -set -nocase -filter {name =~ "ARM*#0" && jtag_cable_name =~ "Xilinx PYNQ-Z1 003017A8B8E7A"} -index 0
rst -processor
targets -set -nocase -filter {name =~ "ARM*#0" && jtag_cable_name =~ "Xilinx PYNQ-Z1 003017A8B8E7A"} -index 0
dow C:/Users/yoxo/OneDrive/Documenti/work_dir/Master_Degree_Thesis/PYNQ_SVM_CLASSIFIER/PYNQ_SVM_CLASSIFIER.sdk/main_system/Debug/main_system.elf
configparams force-mem-access 0
----------------End of Script----------------

16:46:17 INFO  : Memory regions updated for context APU
16:46:17 INFO  : Context for processor 'ps7_cortexa9_0' is selected.
16:46:17 INFO  : 'con' command is executed.
16:46:17 INFO  : ----------------XSDB Script (After Launch)----------------
targets -set -nocase -filter {name =~ "ARM*#0" && jtag_cable_name =~ "Xilinx PYNQ-Z1 003017A8B8E7A"} -index 0
con
----------------End of Script----------------

16:46:17 INFO  : Launch script is exported to file 'C:\Users\yoxo\OneDrive\Documenti\work_dir\Master_Degree_Thesis\PYNQ_SVM_CLASSIFIER\PYNQ_SVM_CLASSIFIER.sdk\.sdk\launch_scripts\xilinx_c-c++_application_(system_debugger)\system_debugger_on_local.tcl'
16:47:51 INFO  : Disconnected from the channel tcfchan#1.
16:47:52 INFO  : Connected to target on host '127.0.0.1' and port '3121'.
16:47:52 INFO  : Jtag cable 'Xilinx PYNQ-Z1 003017A8B8E7A' is selected.
16:47:52 INFO  : 'jtag frequency' command is executed.
16:47:52 INFO  : Sourcing of 'C:/Users/yoxo/OneDrive/Documenti/work_dir/Master_Degree_Thesis/PYNQ_SVM_CLASSIFIER/PYNQ_SVM_CLASSIFIER.sdk/embedded_system_wrapper_hw_platform_0/ps7_init.tcl' is done.
16:47:52 INFO  : 'targets -set -filter {jtag_cable_name =~ "Xilinx PYNQ-Z1 003017A8B8E7A" && level==0} -index 1' command is executed.
16:47:54 INFO  : FPGA configured successfully with bitstream "C:/Users/yoxo/OneDrive/Documenti/work_dir/Master_Degree_Thesis/PYNQ_SVM_CLASSIFIER/PYNQ_SVM_CLASSIFIER.sdk/embedded_system_wrapper_hw_platform_0/embedded_system_wrapper.bit"
16:47:54 INFO  : Context for 'APU' is selected.
16:47:58 INFO  : Hardware design information is loaded from 'C:/Users/yoxo/OneDrive/Documenti/work_dir/Master_Degree_Thesis/PYNQ_SVM_CLASSIFIER/PYNQ_SVM_CLASSIFIER.sdk/embedded_system_wrapper_hw_platform_0/system.hdf'.
16:47:58 INFO  : 'configparams force-mem-access 1' command is executed.
16:47:58 INFO  : Context for 'APU' is selected.
16:47:58 INFO  : 'stop' command is executed.
16:47:58 INFO  : 'ps7_init' command is executed.
16:47:59 INFO  : 'ps7_post_config' command is executed.
16:47:59 INFO  : Context for processor 'ps7_cortexa9_0' is selected.
16:47:59 INFO  : Processor reset is completed for 'ps7_cortexa9_0'.
16:47:59 INFO  : Context for processor 'ps7_cortexa9_0' is selected.
16:47:59 INFO  : The application 'C:/Users/yoxo/OneDrive/Documenti/work_dir/Master_Degree_Thesis/PYNQ_SVM_CLASSIFIER/PYNQ_SVM_CLASSIFIER.sdk/main_system/Debug/main_system.elf' is downloaded to processor 'ps7_cortexa9_0'.
16:47:59 INFO  : 'configparams force-mem-access 0' command is executed.
16:47:59 INFO  : ----------------XSDB Script----------------
connect -url tcp:127.0.0.1:3121
source C:/Users/yoxo/OneDrive/Documenti/work_dir/Master_Degree_Thesis/PYNQ_SVM_CLASSIFIER/PYNQ_SVM_CLASSIFIER.sdk/embedded_system_wrapper_hw_platform_0/ps7_init.tcl
targets -set -filter {jtag_cable_name =~ "Xilinx PYNQ-Z1 003017A8B8E7A" && level==0} -index 1
fpga -file C:/Users/yoxo/OneDrive/Documenti/work_dir/Master_Degree_Thesis/PYNQ_SVM_CLASSIFIER/PYNQ_SVM_CLASSIFIER.sdk/embedded_system_wrapper_hw_platform_0/embedded_system_wrapper.bit
targets -set -nocase -filter {name =~"APU*" && jtag_cable_name =~ "Xilinx PYNQ-Z1 003017A8B8E7A"} -index 0
loadhw -hw C:/Users/yoxo/OneDrive/Documenti/work_dir/Master_Degree_Thesis/PYNQ_SVM_CLASSIFIER/PYNQ_SVM_CLASSIFIER.sdk/embedded_system_wrapper_hw_platform_0/system.hdf -mem-ranges [list {0x40000000 0xbfffffff}]
configparams force-mem-access 1
targets -set -nocase -filter {name =~"APU*" && jtag_cable_name =~ "Xilinx PYNQ-Z1 003017A8B8E7A"} -index 0
stop
ps7_init
ps7_post_config
targets -set -nocase -filter {name =~ "ARM*#0" && jtag_cable_name =~ "Xilinx PYNQ-Z1 003017A8B8E7A"} -index 0
rst -processor
targets -set -nocase -filter {name =~ "ARM*#0" && jtag_cable_name =~ "Xilinx PYNQ-Z1 003017A8B8E7A"} -index 0
dow C:/Users/yoxo/OneDrive/Documenti/work_dir/Master_Degree_Thesis/PYNQ_SVM_CLASSIFIER/PYNQ_SVM_CLASSIFIER.sdk/main_system/Debug/main_system.elf
configparams force-mem-access 0
----------------End of Script----------------

16:47:59 INFO  : Memory regions updated for context APU
16:47:59 INFO  : Context for processor 'ps7_cortexa9_0' is selected.
16:47:59 INFO  : 'con' command is executed.
16:47:59 INFO  : ----------------XSDB Script (After Launch)----------------
targets -set -nocase -filter {name =~ "ARM*#0" && jtag_cable_name =~ "Xilinx PYNQ-Z1 003017A8B8E7A"} -index 0
con
----------------End of Script----------------

16:47:59 INFO  : Launch script is exported to file 'C:\Users\yoxo\OneDrive\Documenti\work_dir\Master_Degree_Thesis\PYNQ_SVM_CLASSIFIER\PYNQ_SVM_CLASSIFIER.sdk\.sdk\launch_scripts\xilinx_c-c++_application_(system_debugger)\system_debugger_on_local.tcl'
16:49:35 INFO  : Disconnected from the channel tcfchan#2.
16:49:36 INFO  : Connected to target on host '127.0.0.1' and port '3121'.
16:49:36 INFO  : Jtag cable 'Xilinx PYNQ-Z1 003017A8B8E7A' is selected.
16:49:36 INFO  : 'jtag frequency' command is executed.
16:49:36 INFO  : Sourcing of 'C:/Users/yoxo/OneDrive/Documenti/work_dir/Master_Degree_Thesis/PYNQ_SVM_CLASSIFIER/PYNQ_SVM_CLASSIFIER.sdk/embedded_system_wrapper_hw_platform_0/ps7_init.tcl' is done.
16:49:36 INFO  : 'targets -set -filter {jtag_cable_name =~ "Xilinx PYNQ-Z1 003017A8B8E7A" && level==0} -index 1' command is executed.
16:49:39 INFO  : FPGA configured successfully with bitstream "C:/Users/yoxo/OneDrive/Documenti/work_dir/Master_Degree_Thesis/PYNQ_SVM_CLASSIFIER/PYNQ_SVM_CLASSIFIER.sdk/embedded_system_wrapper_hw_platform_0/embedded_system_wrapper.bit"
16:49:39 INFO  : Context for 'APU' is selected.
16:49:42 INFO  : Hardware design information is loaded from 'C:/Users/yoxo/OneDrive/Documenti/work_dir/Master_Degree_Thesis/PYNQ_SVM_CLASSIFIER/PYNQ_SVM_CLASSIFIER.sdk/embedded_system_wrapper_hw_platform_0/system.hdf'.
16:49:42 INFO  : 'configparams force-mem-access 1' command is executed.
16:49:42 INFO  : Context for 'APU' is selected.
16:49:42 INFO  : 'stop' command is executed.
16:49:42 INFO  : 'ps7_init' command is executed.
16:49:42 INFO  : 'ps7_post_config' command is executed.
16:49:43 INFO  : Context for processor 'ps7_cortexa9_0' is selected.
16:49:43 INFO  : Processor reset is completed for 'ps7_cortexa9_0'.
16:49:43 INFO  : Context for processor 'ps7_cortexa9_0' is selected.
16:49:43 INFO  : The application 'C:/Users/yoxo/OneDrive/Documenti/work_dir/Master_Degree_Thesis/PYNQ_SVM_CLASSIFIER/PYNQ_SVM_CLASSIFIER.sdk/main_system/Debug/main_system.elf' is downloaded to processor 'ps7_cortexa9_0'.
16:49:43 INFO  : 'configparams force-mem-access 0' command is executed.
16:49:43 INFO  : ----------------XSDB Script----------------
connect -url tcp:127.0.0.1:3121
source C:/Users/yoxo/OneDrive/Documenti/work_dir/Master_Degree_Thesis/PYNQ_SVM_CLASSIFIER/PYNQ_SVM_CLASSIFIER.sdk/embedded_system_wrapper_hw_platform_0/ps7_init.tcl
targets -set -filter {jtag_cable_name =~ "Xilinx PYNQ-Z1 003017A8B8E7A" && level==0} -index 1
fpga -file C:/Users/yoxo/OneDrive/Documenti/work_dir/Master_Degree_Thesis/PYNQ_SVM_CLASSIFIER/PYNQ_SVM_CLASSIFIER.sdk/embedded_system_wrapper_hw_platform_0/embedded_system_wrapper.bit
targets -set -nocase -filter {name =~"APU*" && jtag_cable_name =~ "Xilinx PYNQ-Z1 003017A8B8E7A"} -index 0
loadhw -hw C:/Users/yoxo/OneDrive/Documenti/work_dir/Master_Degree_Thesis/PYNQ_SVM_CLASSIFIER/PYNQ_SVM_CLASSIFIER.sdk/embedded_system_wrapper_hw_platform_0/system.hdf -mem-ranges [list {0x40000000 0xbfffffff}]
configparams force-mem-access 1
targets -set -nocase -filter {name =~"APU*" && jtag_cable_name =~ "Xilinx PYNQ-Z1 003017A8B8E7A"} -index 0
stop
ps7_init
ps7_post_config
targets -set -nocase -filter {name =~ "ARM*#0" && jtag_cable_name =~ "Xilinx PYNQ-Z1 003017A8B8E7A"} -index 0
rst -processor
targets -set -nocase -filter {name =~ "ARM*#0" && jtag_cable_name =~ "Xilinx PYNQ-Z1 003017A8B8E7A"} -index 0
dow C:/Users/yoxo/OneDrive/Documenti/work_dir/Master_Degree_Thesis/PYNQ_SVM_CLASSIFIER/PYNQ_SVM_CLASSIFIER.sdk/main_system/Debug/main_system.elf
configparams force-mem-access 0
----------------End of Script----------------

16:49:43 INFO  : Memory regions updated for context APU
16:49:43 INFO  : Context for processor 'ps7_cortexa9_0' is selected.
16:49:43 INFO  : 'con' command is executed.
16:49:43 INFO  : ----------------XSDB Script (After Launch)----------------
targets -set -nocase -filter {name =~ "ARM*#0" && jtag_cable_name =~ "Xilinx PYNQ-Z1 003017A8B8E7A"} -index 0
con
----------------End of Script----------------

16:49:43 INFO  : Launch script is exported to file 'C:\Users\yoxo\OneDrive\Documenti\work_dir\Master_Degree_Thesis\PYNQ_SVM_CLASSIFIER\PYNQ_SVM_CLASSIFIER.sdk\.sdk\launch_scripts\xilinx_c-c++_application_(system_debugger)\system_debugger_on_local.tcl'
17:51:59 INFO  : Disconnected from the channel tcfchan#3.
