
*** Running vivado
    with args -log embedded_system_axis_to_bram_Kernel_0_0.vds -m64 -product Vivado -mode batch -messageDb vivado.pb -notrace -source embedded_system_axis_to_bram_Kernel_0_0.tcl


****** Vivado v2018.3 (64-bit)
  **** SW Build 2405991 on Thu Dec  6 23:38:27 MST 2018
  **** IP Build 2404404 on Fri Dec  7 01:43:56 MST 2018
    ** Copyright 1986-2018 Xilinx, Inc. All Rights Reserved.

source embedded_system_axis_to_bram_Kernel_0_0.tcl -notrace
INFO: [IP_Flow 19-234] Refreshing IP repositories
INFO: [IP_Flow 19-1700] Loaded user IP repository 'c:/Users/yoxo/OneDrive/Documenti/work_dir/Master_Degree_Thesis/PYNQ_SVM_CLASSIFIER/PYNQ_SVM_CLASSIFIER.srcs'.
INFO: [IP_Flow 19-1700] Loaded user IP repository 'c:/Users/yoxo/AppData/Roaming/Xilinx/ip_repo'.
INFO: [IP_Flow 19-2313] Loaded Vivado IP repository 'C:/Xilinx/Vivado/2018.3/data/ip'.
update_ip_catalog: Time (s): cpu = 00:00:05 ; elapsed = 00:00:06 . Memory (MB): peak = 267.039 ; gain = 18.078
WARNING: [IP_Flow 19-4995] The host OS only allows 260 characters in a normal path. The IP cache path is more than 80 characters. If you experience issues with IP caching, please consider changing the IP cache to a location with a shorter path. Alternately consider using the OS subst command to map part of the path to a drive letter. 
Current IP cache path is c:/Users/yoxo/OneDrive/Documenti/work_dir/Master_Degree_Thesis/PYNQ_SVM_CLASSIFIER/PYNQ_SVM_CLASSIFIER.cache/ip 
Command: synth_design -top embedded_system_axis_to_bram_Kernel_0_0 -part xc7z020clg400-1 -mode out_of_context
Starting synth_design
Attempting to get a license for feature 'Synthesis' and/or device 'xc7z020'
INFO: [Common 17-349] Got license for feature 'Synthesis' and/or device 'xc7z020'
INFO: Launching helper process for spawning children vivado processes
INFO: Helper process launched with PID 4552 
---------------------------------------------------------------------------------
Starting Synthesize : Time (s): cpu = 00:00:08 ; elapsed = 00:00:08 . Memory (MB): peak = 383.195 ; gain = 98.398
---------------------------------------------------------------------------------
INFO: [Synth 8-638] synthesizing module 'embedded_system_axis_to_bram_Kernel_0_0' [c:/Users/yoxo/OneDrive/Documenti/work_dir/Master_Degree_Thesis/PYNQ_SVM_CLASSIFIER/PYNQ_SVM_CLASSIFIER.srcs/sources_1/bd/embedded_system/ip/embedded_system_axis_to_bram_Kernel_0_0/synth/embedded_system_axis_to_bram_Kernel_0_0.vhd:70]
	Parameter n_in_bit bound to: 32 - type: integer 
	Parameter n_out_bit bound to: 12 - type: integer 
INFO: [Synth 8-3491] module 'axis_to_bram_Kernel' declared at 'C:/Users/yoxo/OneDrive/Documenti/work_dir/Master_Degree_Thesis/PYNQ_SVM_CLASSIFIER/PYNQ_SVM_CLASSIFIER.srcs/sources_1/new/axis_to_bram_Kernel.vhd:4' bound to instance 'U0' of component 'axis_to_bram_Kernel' [c:/Users/yoxo/OneDrive/Documenti/work_dir/Master_Degree_Thesis/PYNQ_SVM_CLASSIFIER/PYNQ_SVM_CLASSIFIER.srcs/sources_1/bd/embedded_system/ip/embedded_system_axis_to_bram_Kernel_0_0/synth/embedded_system_axis_to_bram_Kernel_0_0.vhd:106]
INFO: [Synth 8-638] synthesizing module 'axis_to_bram_Kernel' [C:/Users/yoxo/OneDrive/Documenti/work_dir/Master_Degree_Thesis/PYNQ_SVM_CLASSIFIER/PYNQ_SVM_CLASSIFIER.srcs/sources_1/new/axis_to_bram_Kernel.vhd:27]
	Parameter n_in_bit bound to: 32 - type: integer 
	Parameter n_out_bit bound to: 12 - type: integer 
INFO: [Synth 8-638] synthesizing module 'AXIS_BRAM_mng' [C:/Users/yoxo/OneDrive/Documenti/work_dir/Master_Degree_Thesis/PYNQ_SVM_CLASSIFIER/PYNQ_SVM_CLASSIFIER.srcs/sources_1/new/AXIS_BRAM_mng.vhd:26]
INFO: [Synth 8-256] done synthesizing module 'AXIS_BRAM_mng' (1#1) [C:/Users/yoxo/OneDrive/Documenti/work_dir/Master_Degree_Thesis/PYNQ_SVM_CLASSIFIER/PYNQ_SVM_CLASSIFIER.srcs/sources_1/new/AXIS_BRAM_mng.vhd:26]
INFO: [Synth 8-638] synthesizing module 'SIPO_shift_reg_w_full' [C:/Users/yoxo/OneDrive/Documenti/work_dir/Master_Degree_Thesis/PYNQ_SVM_CLASSIFIER/PYNQ_SVM_CLASSIFIER.srcs/sources_1/new/SIPO_shift_reg_w_full.vhd:21]
	Parameter n_in_bit bound to: 32 - type: integer 
	Parameter depth bound to: 1 - type: integer 
	Parameter n_out_bit bound to: 12 - type: integer 
INFO: [Synth 8-256] done synthesizing module 'SIPO_shift_reg_w_full' (2#1) [C:/Users/yoxo/OneDrive/Documenti/work_dir/Master_Degree_Thesis/PYNQ_SVM_CLASSIFIER/PYNQ_SVM_CLASSIFIER.srcs/sources_1/new/SIPO_shift_reg_w_full.vhd:21]
INFO: [Synth 8-256] done synthesizing module 'axis_to_bram_Kernel' (3#1) [C:/Users/yoxo/OneDrive/Documenti/work_dir/Master_Degree_Thesis/PYNQ_SVM_CLASSIFIER/PYNQ_SVM_CLASSIFIER.srcs/sources_1/new/axis_to_bram_Kernel.vhd:27]
INFO: [Synth 8-256] done synthesizing module 'embedded_system_axis_to_bram_Kernel_0_0' (4#1) [c:/Users/yoxo/OneDrive/Documenti/work_dir/Master_Degree_Thesis/PYNQ_SVM_CLASSIFIER/PYNQ_SVM_CLASSIFIER.srcs/sources_1/bd/embedded_system/ip/embedded_system_axis_to_bram_Kernel_0_0/synth/embedded_system_axis_to_bram_Kernel_0_0.vhd:70]
---------------------------------------------------------------------------------
Finished Synthesize : Time (s): cpu = 00:00:10 ; elapsed = 00:00:11 . Memory (MB): peak = 439.406 ; gain = 154.609
---------------------------------------------------------------------------------
---------------------------------------------------------------------------------
Finished Constraint Validation : Time (s): cpu = 00:00:10 ; elapsed = 00:00:12 . Memory (MB): peak = 439.406 ; gain = 154.609
---------------------------------------------------------------------------------
---------------------------------------------------------------------------------
Start Loading Part and Timing Information
---------------------------------------------------------------------------------
Loading part: xc7z020clg400-1
---------------------------------------------------------------------------------
Finished Loading Part and Timing Information : Time (s): cpu = 00:00:11 ; elapsed = 00:00:12 . Memory (MB): peak = 439.406 ; gain = 154.609
---------------------------------------------------------------------------------
INFO: [Device 21-403] Loading part xc7z020clg400-1
---------------------------------------------------------------------------------
Finished RTL Optimization Phase 2 : Time (s): cpu = 00:00:11 ; elapsed = 00:00:12 . Memory (MB): peak = 439.406 ; gain = 154.609
---------------------------------------------------------------------------------

Report RTL Partitions: 
+-+--------------+------------+----------+
| |RTL Partition |Replication |Instances |
+-+--------------+------------+----------+
+-+--------------+------------+----------+
No constraint files found.
---------------------------------------------------------------------------------
Start RTL Component Statistics 
---------------------------------------------------------------------------------
Detailed RTL Component Info : 
+---Adders : 
	   2 Input      4 Bit       Adders := 1     
	   2 Input      2 Bit       Adders := 1     
+---Registers : 
	               32 Bit    Registers := 1     
	                4 Bit    Registers := 1     
	                2 Bit    Registers := 1     
---------------------------------------------------------------------------------
Finished RTL Component Statistics 
---------------------------------------------------------------------------------
---------------------------------------------------------------------------------
Start RTL Hierarchical Component Statistics 
---------------------------------------------------------------------------------
Hierarchical RTL Component report 
Module AXIS_BRAM_mng 
Detailed RTL Component Info : 
+---Adders : 
	   2 Input      4 Bit       Adders := 1     
+---Registers : 
	                4 Bit    Registers := 1     
Module SIPO_shift_reg_w_full 
Detailed RTL Component Info : 
+---Adders : 
	   2 Input      2 Bit       Adders := 1     
+---Registers : 
	               32 Bit    Registers := 1     
	                2 Bit    Registers := 1     
---------------------------------------------------------------------------------
Finished RTL Hierarchical Component Statistics
---------------------------------------------------------------------------------
---------------------------------------------------------------------------------
Start Part Resource Summary
---------------------------------------------------------------------------------
Part Resources:
DSPs: 220 (col length:60)
BRAMs: 280 (col length: RAMB18 60 RAMB36 30)
---------------------------------------------------------------------------------
Finished Part Resource Summary
---------------------------------------------------------------------------------
No constraint files found.
---------------------------------------------------------------------------------
Start Cross Boundary and Area Optimization
---------------------------------------------------------------------------------
Warning: Parallel synthesis criteria is not met 
---------------------------------------------------------------------------------
Finished Cross Boundary and Area Optimization : Time (s): cpu = 00:00:21 ; elapsed = 00:00:25 . Memory (MB): peak = 593.910 ; gain = 309.113
---------------------------------------------------------------------------------

Report RTL Partitions: 
+-+--------------+------------+----------+
| |RTL Partition |Replication |Instances |
+-+--------------+------------+----------+
+-+--------------+------------+----------+
No constraint files found.
---------------------------------------------------------------------------------
Start Timing Optimization
---------------------------------------------------------------------------------
---------------------------------------------------------------------------------
Finished Timing Optimization : Time (s): cpu = 00:00:21 ; elapsed = 00:00:25 . Memory (MB): peak = 593.910 ; gain = 309.113
---------------------------------------------------------------------------------

Report RTL Partitions: 
+-+--------------+------------+----------+
| |RTL Partition |Replication |Instances |
+-+--------------+------------+----------+
+-+--------------+------------+----------+
---------------------------------------------------------------------------------
Start Technology Mapping
---------------------------------------------------------------------------------
INFO: [Synth 8-3333] propagating constant 0 across sequential element (\U0/SIPO/gen_IF_DEPTH_FF.count_reg[1] )
---------------------------------------------------------------------------------
Finished Technology Mapping : Time (s): cpu = 00:00:21 ; elapsed = 00:00:25 . Memory (MB): peak = 594.773 ; gain = 309.977
---------------------------------------------------------------------------------

Report RTL Partitions: 
+-+--------------+------------+----------+
| |RTL Partition |Replication |Instances |
+-+--------------+------------+----------+
+-+--------------+------------+----------+
---------------------------------------------------------------------------------
Start IO Insertion
---------------------------------------------------------------------------------
---------------------------------------------------------------------------------
Start Flattening Before IO Insertion
---------------------------------------------------------------------------------
---------------------------------------------------------------------------------
Finished Flattening Before IO Insertion
---------------------------------------------------------------------------------
---------------------------------------------------------------------------------
Start Final Netlist Cleanup
---------------------------------------------------------------------------------
---------------------------------------------------------------------------------
Finished Final Netlist Cleanup
---------------------------------------------------------------------------------
---------------------------------------------------------------------------------
Finished IO Insertion : Time (s): cpu = 00:00:24 ; elapsed = 00:00:29 . Memory (MB): peak = 594.773 ; gain = 309.977
---------------------------------------------------------------------------------

Report Check Netlist: 
+------+------------------+-------+---------+-------+------------------+
|      |Item              |Errors |Warnings |Status |Description       |
+------+------------------+-------+---------+-------+------------------+
|1     |multi_driven_nets |      0|        0|Passed |Multi driven nets |
+------+------------------+-------+---------+-------+------------------+
---------------------------------------------------------------------------------
Start Renaming Generated Instances
---------------------------------------------------------------------------------
---------------------------------------------------------------------------------
Finished Renaming Generated Instances : Time (s): cpu = 00:00:24 ; elapsed = 00:00:29 . Memory (MB): peak = 594.773 ; gain = 309.977
---------------------------------------------------------------------------------

Report RTL Partitions: 
+-+--------------+------------+----------+
| |RTL Partition |Replication |Instances |
+-+--------------+------------+----------+
+-+--------------+------------+----------+
---------------------------------------------------------------------------------
Start Rebuilding User Hierarchy
---------------------------------------------------------------------------------
---------------------------------------------------------------------------------
Finished Rebuilding User Hierarchy : Time (s): cpu = 00:00:24 ; elapsed = 00:00:29 . Memory (MB): peak = 594.773 ; gain = 309.977
---------------------------------------------------------------------------------
---------------------------------------------------------------------------------
Start Renaming Generated Ports
---------------------------------------------------------------------------------
---------------------------------------------------------------------------------
Finished Renaming Generated Ports : Time (s): cpu = 00:00:24 ; elapsed = 00:00:29 . Memory (MB): peak = 594.773 ; gain = 309.977
---------------------------------------------------------------------------------
---------------------------------------------------------------------------------
Start Handling Custom Attributes
---------------------------------------------------------------------------------
---------------------------------------------------------------------------------
Finished Handling Custom Attributes : Time (s): cpu = 00:00:24 ; elapsed = 00:00:29 . Memory (MB): peak = 594.773 ; gain = 309.977
---------------------------------------------------------------------------------
---------------------------------------------------------------------------------
Start Renaming Generated Nets
---------------------------------------------------------------------------------
---------------------------------------------------------------------------------
Finished Renaming Generated Nets : Time (s): cpu = 00:00:24 ; elapsed = 00:00:29 . Memory (MB): peak = 594.773 ; gain = 309.977
---------------------------------------------------------------------------------
---------------------------------------------------------------------------------
Start Writing Synthesis Report
---------------------------------------------------------------------------------

Report BlackBoxes: 
+-+--------------+----------+
| |BlackBox name |Instances |
+-+--------------+----------+
+-+--------------+----------+

Report Cell Usage: 
+------+-----+------+
|      |Cell |Count |
+------+-----+------+
|1     |LUT1 |     2|
|2     |LUT2 |     1|
|3     |LUT3 |     2|
|4     |LUT4 |     1|
|5     |FDCE |     4|
|6     |FDRE |    13|
+------+-----+------+

Report Instance Areas: 
+------+---------+----------------------+------+
|      |Instance |Module                |Cells |
+------+---------+----------------------+------+
|1     |top      |                      |    23|
|2     |  U0     |axis_to_bram_Kernel   |    23|
|3     |    MNG  |AXIS_BRAM_mng         |     9|
|4     |    SIPO |SIPO_shift_reg_w_full |    14|
+------+---------+----------------------+------+
---------------------------------------------------------------------------------
Finished Writing Synthesis Report : Time (s): cpu = 00:00:24 ; elapsed = 00:00:29 . Memory (MB): peak = 594.773 ; gain = 309.977
---------------------------------------------------------------------------------
Synthesis finished with 0 errors, 0 critical warnings and 0 warnings.
Synthesis Optimization Runtime : Time (s): cpu = 00:00:24 ; elapsed = 00:00:29 . Memory (MB): peak = 594.773 ; gain = 309.977
Synthesis Optimization Complete : Time (s): cpu = 00:00:24 ; elapsed = 00:00:29 . Memory (MB): peak = 594.773 ; gain = 309.977
INFO: [Project 1-571] Translating synthesized netlist
INFO: [Project 1-570] Preparing netlist for logic optimization
INFO: [Opt 31-138] Pushed 0 inverter(s) to 0 load pin(s).
Netlist sorting complete. Time (s): cpu = 00:00:00 ; elapsed = 00:00:00 . Memory (MB): peak = 707.363 ; gain = 0.000
INFO: [Project 1-111] Unisim Transformation Summary:
No Unisim elements were transformed.

INFO: [Common 17-83] Releasing license: Synthesis
21 Infos, 1 Warnings, 0 Critical Warnings and 0 Errors encountered.
synth_design completed successfully
synth_design: Time (s): cpu = 00:00:37 ; elapsed = 00:00:46 . Memory (MB): peak = 707.363 ; gain = 428.934
Netlist sorting complete. Time (s): cpu = 00:00:00 ; elapsed = 00:00:00 . Memory (MB): peak = 707.363 ; gain = 0.000
WARNING: [Constraints 18-5210] No constraints selected for write.
Resolution: This message can indicate that there are no constraints for the design, or it can indicate that the used_in flags are set such that the constraints are ignored. This later case is used when running synth_design to not write synthesis constraints to the resulting checkpoint. Instead, project constraints are read when the synthesized design is opened.
INFO: [Timing 38-35] Done setting XDC timing constraints.
INFO: [Common 17-1381] The checkpoint 'C:/Users/yoxo/OneDrive/Documenti/work_dir/Master_Degree_Thesis/PYNQ_SVM_CLASSIFIER/PYNQ_SVM_CLASSIFIER.runs/embedded_system_axis_to_bram_Kernel_0_0_synth_1/embedded_system_axis_to_bram_Kernel_0_0.dcp' has been generated.
write_checkpoint: Time (s): cpu = 00:00:20 ; elapsed = 00:00:21 . Memory (MB): peak = 1185.766 ; gain = 478.402
INFO: [Coretcl 2-1174] Renamed 3 cell refs.
Netlist sorting complete. Time (s): cpu = 00:00:00 ; elapsed = 00:00:00 . Memory (MB): peak = 1186.281 ; gain = 0.000
WARNING: [Constraints 18-5210] No constraints selected for write.
Resolution: This message can indicate that there are no constraints for the design, or it can indicate that the used_in flags are set such that the constraints are ignored. This later case is used when running synth_design to not write synthesis constraints to the resulting checkpoint. Instead, project constraints are read when the synthesized design is opened.
INFO: [Common 17-1381] The checkpoint 'C:/Users/yoxo/OneDrive/Documenti/work_dir/Master_Degree_Thesis/PYNQ_SVM_CLASSIFIER/PYNQ_SVM_CLASSIFIER.runs/embedded_system_axis_to_bram_Kernel_0_0_synth_1/embedded_system_axis_to_bram_Kernel_0_0.dcp' has been generated.
INFO: [runtcl-4] Executing : report_utilization -file embedded_system_axis_to_bram_Kernel_0_0_utilization_synth.rpt -pb embedded_system_axis_to_bram_Kernel_0_0_utilization_synth.pb
INFO: [Common 17-206] Exiting Vivado at Thu Dec  8 12:50:43 2022...
