Copyright 1986-2018 Xilinx, Inc. All Rights Reserved.
--------------------------------------------------------------------------------------------------------------------------------------------------------------------------------------------------------
| Tool Version : Vivado v.2018.3 (win64) Build 2405991 Thu Dec  6 23:38:27 MST 2018
| Date         : Wed Mar 22 17:20:20 2023
| Host         : peppe-pc running 64-bit major release  (build 9200)
| Command      : report_methodology -file PL_CLASSIFIER_w_VOTING_methodology_drc_routed.rpt -pb PL_CLASSIFIER_w_VOTING_methodology_drc_routed.pb -rpx PL_CLASSIFIER_w_VOTING_methodology_drc_routed.rpx
| Design       : PL_CLASSIFIER_w_VOTING
| Device       : xc7z020clg400-1
| Speed File   : -1
| Design State : Fully Routed
--------------------------------------------------------------------------------------------------------------------------------------------------------------------------------------------------------

Report Methodology

Table of Contents
-----------------
1. REPORT SUMMARY
2. REPORT DETAILS

1. REPORT SUMMARY
-----------------
            Netlist: netlist
          Floorplan: design_1
      Design limits: <entire design considered>
             Max violations: <unlimited>
             Violations found: 532
+-----------+----------+-------------------------------+------------+
| Rule      | Severity | Description                   | Violations |
+-----------+----------+-------------------------------+------------+
| LUTAR-1   | Warning  | LUT drives async reset alert  | 1          |
| TIMING-18 | Warning  | Missing input or output delay | 519        |
| TIMING-20 | Warning  | Non-clocked latch             | 12         |
+-----------+----------+-------------------------------+------------+

2. REPORT DETAILS
-----------------
LUTAR-1#1 Warning
LUT drives async reset alert  
LUT cell PM_FSM/pm_FSM_Voting/reset_voting_INST_0, with 2 or more inputs, drives asynchronous preset/clear pin(s) PM_Voting/count_clk_reg[0]/CLR, PM_Voting/count_clk_reg[1]/CLR, PM_Voting/count_clk_reg[2]/CLR, PM_Voting/count_clk_reg[3]/CLR, PM_Voting/count_clk_reg[4]/CLR, PM_Voting/sign_classifier_s_reg/CLR, PM_Voting/tick_reg/CLR, PM_Voting/win_class_reg[0]/CLR, PM_Voting/win_class_reg[1]/CLR, PM_Voting/win_class_reg[2]/CLR, PM_Voting/win_class_valid_reg/CLR. The LUT may glitch and trigger an unexpected reset, even if it is a properly timed path.
Related violations: <none>

TIMING-18#1 Warning
Missing input or output delay  
An input delay is missing on axi_resetn relative to clock(s) clk
Related violations: <none>

TIMING-18#2 Warning
Missing input or output delay  
An input delay is missing on bram_addr_Bias[0] relative to clock(s) clk
Related violations: <none>

TIMING-18#3 Warning
Missing input or output delay  
An input delay is missing on bram_addr_Bias[1] relative to clock(s) clk
Related violations: <none>

TIMING-18#4 Warning
Missing input or output delay  
An input delay is missing on bram_addr_Bias[2] relative to clock(s) clk
Related violations: <none>

TIMING-18#5 Warning
Missing input or output delay  
An input delay is missing on bram_addr_Bias[3] relative to clock(s) clk
Related violations: <none>

TIMING-18#6 Warning
Missing input or output delay  
An input delay is missing on bram_addr_Kernel_Scale[0] relative to clock(s) clk
Related violations: <none>

TIMING-18#7 Warning
Missing input or output delay  
An input delay is missing on bram_addr_Kernel_Scale[1] relative to clock(s) clk
Related violations: <none>

TIMING-18#8 Warning
Missing input or output delay  
An input delay is missing on bram_addr_Kernel_Scale[2] relative to clock(s) clk
Related violations: <none>

TIMING-18#9 Warning
Missing input or output delay  
An input delay is missing on bram_addr_Kernel_Scale[3] relative to clock(s) clk
Related violations: <none>

TIMING-18#10 Warning
Missing input or output delay  
An input delay is missing on bram_addr_Pre_Comp_Vect[0] relative to clock(s) clk
Related violations: <none>

TIMING-18#11 Warning
Missing input or output delay  
An input delay is missing on bram_addr_Pre_Comp_Vect[1] relative to clock(s) clk
Related violations: <none>

TIMING-18#12 Warning
Missing input or output delay  
An input delay is missing on bram_addr_Pre_Comp_Vect[2] relative to clock(s) clk
Related violations: <none>

TIMING-18#13 Warning
Missing input or output delay  
An input delay is missing on bram_addr_Pre_Comp_Vect[3] relative to clock(s) clk
Related violations: <none>

TIMING-18#14 Warning
Missing input or output delay  
An input delay is missing on bram_en_Bias relative to clock(s) clk
Related violations: <none>

TIMING-18#15 Warning
Missing input or output delay  
An input delay is missing on bram_en_Kernel_Scale relative to clock(s) clk
Related violations: <none>

TIMING-18#16 Warning
Missing input or output delay  
An input delay is missing on bram_en_Pre_Comp_Vect relative to clock(s) clk
Related violations: <none>

TIMING-18#17 Warning
Missing input or output delay  
An input delay is missing on bram_we_Bias relative to clock(s) clk
Related violations: <none>

TIMING-18#18 Warning
Missing input or output delay  
An input delay is missing on bram_we_Kernel_Scale relative to clock(s) clk
Related violations: <none>

TIMING-18#19 Warning
Missing input or output delay  
An input delay is missing on bram_we_Pre_Comp_Vect relative to clock(s) clk
Related violations: <none>

TIMING-18#20 Warning
Missing input or output delay  
An input delay is missing on bram_wrdata_Bias[0] relative to clock(s) clk
Related violations: <none>

TIMING-18#21 Warning
Missing input or output delay  
An input delay is missing on bram_wrdata_Bias[1] relative to clock(s) clk
Related violations: <none>

TIMING-18#22 Warning
Missing input or output delay  
An input delay is missing on bram_wrdata_Bias[2] relative to clock(s) clk
Related violations: <none>

TIMING-18#23 Warning
Missing input or output delay  
An input delay is missing on bram_wrdata_Bias[3] relative to clock(s) clk
Related violations: <none>

TIMING-18#24 Warning
Missing input or output delay  
An input delay is missing on bram_wrdata_Bias[4] relative to clock(s) clk
Related violations: <none>

TIMING-18#25 Warning
Missing input or output delay  
An input delay is missing on bram_wrdata_Bias[5] relative to clock(s) clk
Related violations: <none>

TIMING-18#26 Warning
Missing input or output delay  
An input delay is missing on bram_wrdata_Bias[6] relative to clock(s) clk
Related violations: <none>

TIMING-18#27 Warning
Missing input or output delay  
An input delay is missing on bram_wrdata_Kernel_Scale[0] relative to clock(s) clk
Related violations: <none>

TIMING-18#28 Warning
Missing input or output delay  
An input delay is missing on bram_wrdata_Kernel_Scale[10] relative to clock(s) clk
Related violations: <none>

TIMING-18#29 Warning
Missing input or output delay  
An input delay is missing on bram_wrdata_Kernel_Scale[11] relative to clock(s) clk
Related violations: <none>

TIMING-18#30 Warning
Missing input or output delay  
An input delay is missing on bram_wrdata_Kernel_Scale[1] relative to clock(s) clk
Related violations: <none>

TIMING-18#31 Warning
Missing input or output delay  
An input delay is missing on bram_wrdata_Kernel_Scale[2] relative to clock(s) clk
Related violations: <none>

TIMING-18#32 Warning
Missing input or output delay  
An input delay is missing on bram_wrdata_Kernel_Scale[3] relative to clock(s) clk
Related violations: <none>

TIMING-18#33 Warning
Missing input or output delay  
An input delay is missing on bram_wrdata_Kernel_Scale[4] relative to clock(s) clk
Related violations: <none>

TIMING-18#34 Warning
Missing input or output delay  
An input delay is missing on bram_wrdata_Kernel_Scale[5] relative to clock(s) clk
Related violations: <none>

TIMING-18#35 Warning
Missing input or output delay  
An input delay is missing on bram_wrdata_Kernel_Scale[6] relative to clock(s) clk
Related violations: <none>

TIMING-18#36 Warning
Missing input or output delay  
An input delay is missing on bram_wrdata_Kernel_Scale[7] relative to clock(s) clk
Related violations: <none>

TIMING-18#37 Warning
Missing input or output delay  
An input delay is missing on bram_wrdata_Kernel_Scale[8] relative to clock(s) clk
Related violations: <none>

TIMING-18#38 Warning
Missing input or output delay  
An input delay is missing on bram_wrdata_Kernel_Scale[9] relative to clock(s) clk
Related violations: <none>

TIMING-18#39 Warning
Missing input or output delay  
An input delay is missing on bram_wrdata_Pre_Comp_Vect[0] relative to clock(s) clk
Related violations: <none>

TIMING-18#40 Warning
Missing input or output delay  
An input delay is missing on bram_wrdata_Pre_Comp_Vect[100] relative to clock(s) clk
Related violations: <none>

TIMING-18#41 Warning
Missing input or output delay  
An input delay is missing on bram_wrdata_Pre_Comp_Vect[101] relative to clock(s) clk
Related violations: <none>

TIMING-18#42 Warning
Missing input or output delay  
An input delay is missing on bram_wrdata_Pre_Comp_Vect[102] relative to clock(s) clk
Related violations: <none>

TIMING-18#43 Warning
Missing input or output delay  
An input delay is missing on bram_wrdata_Pre_Comp_Vect[103] relative to clock(s) clk
Related violations: <none>

TIMING-18#44 Warning
Missing input or output delay  
An input delay is missing on bram_wrdata_Pre_Comp_Vect[104] relative to clock(s) clk
Related violations: <none>

TIMING-18#45 Warning
Missing input or output delay  
An input delay is missing on bram_wrdata_Pre_Comp_Vect[105] relative to clock(s) clk
Related violations: <none>

TIMING-18#46 Warning
Missing input or output delay  
An input delay is missing on bram_wrdata_Pre_Comp_Vect[106] relative to clock(s) clk
Related violations: <none>

TIMING-18#47 Warning
Missing input or output delay  
An input delay is missing on bram_wrdata_Pre_Comp_Vect[107] relative to clock(s) clk
Related violations: <none>

TIMING-18#48 Warning
Missing input or output delay  
An input delay is missing on bram_wrdata_Pre_Comp_Vect[108] relative to clock(s) clk
Related violations: <none>

TIMING-18#49 Warning
Missing input or output delay  
An input delay is missing on bram_wrdata_Pre_Comp_Vect[109] relative to clock(s) clk
Related violations: <none>

TIMING-18#50 Warning
Missing input or output delay  
An input delay is missing on bram_wrdata_Pre_Comp_Vect[10] relative to clock(s) clk
Related violations: <none>

TIMING-18#51 Warning
Missing input or output delay  
An input delay is missing on bram_wrdata_Pre_Comp_Vect[110] relative to clock(s) clk
Related violations: <none>

TIMING-18#52 Warning
Missing input or output delay  
An input delay is missing on bram_wrdata_Pre_Comp_Vect[111] relative to clock(s) clk
Related violations: <none>

TIMING-18#53 Warning
Missing input or output delay  
An input delay is missing on bram_wrdata_Pre_Comp_Vect[112] relative to clock(s) clk
Related violations: <none>

TIMING-18#54 Warning
Missing input or output delay  
An input delay is missing on bram_wrdata_Pre_Comp_Vect[113] relative to clock(s) clk
Related violations: <none>

TIMING-18#55 Warning
Missing input or output delay  
An input delay is missing on bram_wrdata_Pre_Comp_Vect[114] relative to clock(s) clk
Related violations: <none>

TIMING-18#56 Warning
Missing input or output delay  
An input delay is missing on bram_wrdata_Pre_Comp_Vect[115] relative to clock(s) clk
Related violations: <none>

TIMING-18#57 Warning
Missing input or output delay  
An input delay is missing on bram_wrdata_Pre_Comp_Vect[116] relative to clock(s) clk
Related violations: <none>

TIMING-18#58 Warning
Missing input or output delay  
An input delay is missing on bram_wrdata_Pre_Comp_Vect[117] relative to clock(s) clk
Related violations: <none>

TIMING-18#59 Warning
Missing input or output delay  
An input delay is missing on bram_wrdata_Pre_Comp_Vect[118] relative to clock(s) clk
Related violations: <none>

TIMING-18#60 Warning
Missing input or output delay  
An input delay is missing on bram_wrdata_Pre_Comp_Vect[119] relative to clock(s) clk
Related violations: <none>

TIMING-18#61 Warning
Missing input or output delay  
An input delay is missing on bram_wrdata_Pre_Comp_Vect[11] relative to clock(s) clk
Related violations: <none>

TIMING-18#62 Warning
Missing input or output delay  
An input delay is missing on bram_wrdata_Pre_Comp_Vect[120] relative to clock(s) clk
Related violations: <none>

TIMING-18#63 Warning
Missing input or output delay  
An input delay is missing on bram_wrdata_Pre_Comp_Vect[121] relative to clock(s) clk
Related violations: <none>

TIMING-18#64 Warning
Missing input or output delay  
An input delay is missing on bram_wrdata_Pre_Comp_Vect[122] relative to clock(s) clk
Related violations: <none>

TIMING-18#65 Warning
Missing input or output delay  
An input delay is missing on bram_wrdata_Pre_Comp_Vect[123] relative to clock(s) clk
Related violations: <none>

TIMING-18#66 Warning
Missing input or output delay  
An input delay is missing on bram_wrdata_Pre_Comp_Vect[124] relative to clock(s) clk
Related violations: <none>

TIMING-18#67 Warning
Missing input or output delay  
An input delay is missing on bram_wrdata_Pre_Comp_Vect[125] relative to clock(s) clk
Related violations: <none>

TIMING-18#68 Warning
Missing input or output delay  
An input delay is missing on bram_wrdata_Pre_Comp_Vect[126] relative to clock(s) clk
Related violations: <none>

TIMING-18#69 Warning
Missing input or output delay  
An input delay is missing on bram_wrdata_Pre_Comp_Vect[127] relative to clock(s) clk
Related violations: <none>

TIMING-18#70 Warning
Missing input or output delay  
An input delay is missing on bram_wrdata_Pre_Comp_Vect[128] relative to clock(s) clk
Related violations: <none>

TIMING-18#71 Warning
Missing input or output delay  
An input delay is missing on bram_wrdata_Pre_Comp_Vect[129] relative to clock(s) clk
Related violations: <none>

TIMING-18#72 Warning
Missing input or output delay  
An input delay is missing on bram_wrdata_Pre_Comp_Vect[12] relative to clock(s) clk
Related violations: <none>

TIMING-18#73 Warning
Missing input or output delay  
An input delay is missing on bram_wrdata_Pre_Comp_Vect[130] relative to clock(s) clk
Related violations: <none>

TIMING-18#74 Warning
Missing input or output delay  
An input delay is missing on bram_wrdata_Pre_Comp_Vect[131] relative to clock(s) clk
Related violations: <none>

TIMING-18#75 Warning
Missing input or output delay  
An input delay is missing on bram_wrdata_Pre_Comp_Vect[132] relative to clock(s) clk
Related violations: <none>

TIMING-18#76 Warning
Missing input or output delay  
An input delay is missing on bram_wrdata_Pre_Comp_Vect[133] relative to clock(s) clk
Related violations: <none>

TIMING-18#77 Warning
Missing input or output delay  
An input delay is missing on bram_wrdata_Pre_Comp_Vect[134] relative to clock(s) clk
Related violations: <none>

TIMING-18#78 Warning
Missing input or output delay  
An input delay is missing on bram_wrdata_Pre_Comp_Vect[135] relative to clock(s) clk
Related violations: <none>

TIMING-18#79 Warning
Missing input or output delay  
An input delay is missing on bram_wrdata_Pre_Comp_Vect[136] relative to clock(s) clk
Related violations: <none>

TIMING-18#80 Warning
Missing input or output delay  
An input delay is missing on bram_wrdata_Pre_Comp_Vect[137] relative to clock(s) clk
Related violations: <none>

TIMING-18#81 Warning
Missing input or output delay  
An input delay is missing on bram_wrdata_Pre_Comp_Vect[138] relative to clock(s) clk
Related violations: <none>

TIMING-18#82 Warning
Missing input or output delay  
An input delay is missing on bram_wrdata_Pre_Comp_Vect[139] relative to clock(s) clk
Related violations: <none>

TIMING-18#83 Warning
Missing input or output delay  
An input delay is missing on bram_wrdata_Pre_Comp_Vect[13] relative to clock(s) clk
Related violations: <none>

TIMING-18#84 Warning
Missing input or output delay  
An input delay is missing on bram_wrdata_Pre_Comp_Vect[140] relative to clock(s) clk
Related violations: <none>

TIMING-18#85 Warning
Missing input or output delay  
An input delay is missing on bram_wrdata_Pre_Comp_Vect[141] relative to clock(s) clk
Related violations: <none>

TIMING-18#86 Warning
Missing input or output delay  
An input delay is missing on bram_wrdata_Pre_Comp_Vect[142] relative to clock(s) clk
Related violations: <none>

TIMING-18#87 Warning
Missing input or output delay  
An input delay is missing on bram_wrdata_Pre_Comp_Vect[143] relative to clock(s) clk
Related violations: <none>

TIMING-18#88 Warning
Missing input or output delay  
An input delay is missing on bram_wrdata_Pre_Comp_Vect[144] relative to clock(s) clk
Related violations: <none>

TIMING-18#89 Warning
Missing input or output delay  
An input delay is missing on bram_wrdata_Pre_Comp_Vect[145] relative to clock(s) clk
Related violations: <none>

TIMING-18#90 Warning
Missing input or output delay  
An input delay is missing on bram_wrdata_Pre_Comp_Vect[146] relative to clock(s) clk
Related violations: <none>

TIMING-18#91 Warning
Missing input or output delay  
An input delay is missing on bram_wrdata_Pre_Comp_Vect[147] relative to clock(s) clk
Related violations: <none>

TIMING-18#92 Warning
Missing input or output delay  
An input delay is missing on bram_wrdata_Pre_Comp_Vect[148] relative to clock(s) clk
Related violations: <none>

TIMING-18#93 Warning
Missing input or output delay  
An input delay is missing on bram_wrdata_Pre_Comp_Vect[149] relative to clock(s) clk
Related violations: <none>

TIMING-18#94 Warning
Missing input or output delay  
An input delay is missing on bram_wrdata_Pre_Comp_Vect[14] relative to clock(s) clk
Related violations: <none>

TIMING-18#95 Warning
Missing input or output delay  
An input delay is missing on bram_wrdata_Pre_Comp_Vect[150] relative to clock(s) clk
Related violations: <none>

TIMING-18#96 Warning
Missing input or output delay  
An input delay is missing on bram_wrdata_Pre_Comp_Vect[151] relative to clock(s) clk
Related violations: <none>

TIMING-18#97 Warning
Missing input or output delay  
An input delay is missing on bram_wrdata_Pre_Comp_Vect[152] relative to clock(s) clk
Related violations: <none>

TIMING-18#98 Warning
Missing input or output delay  
An input delay is missing on bram_wrdata_Pre_Comp_Vect[153] relative to clock(s) clk
Related violations: <none>

TIMING-18#99 Warning
Missing input or output delay  
An input delay is missing on bram_wrdata_Pre_Comp_Vect[154] relative to clock(s) clk
Related violations: <none>

TIMING-18#100 Warning
Missing input or output delay  
An input delay is missing on bram_wrdata_Pre_Comp_Vect[155] relative to clock(s) clk
Related violations: <none>

TIMING-18#101 Warning
Missing input or output delay  
An input delay is missing on bram_wrdata_Pre_Comp_Vect[156] relative to clock(s) clk
Related violations: <none>

TIMING-18#102 Warning
Missing input or output delay  
An input delay is missing on bram_wrdata_Pre_Comp_Vect[157] relative to clock(s) clk
Related violations: <none>

TIMING-18#103 Warning
Missing input or output delay  
An input delay is missing on bram_wrdata_Pre_Comp_Vect[158] relative to clock(s) clk
Related violations: <none>

TIMING-18#104 Warning
Missing input or output delay  
An input delay is missing on bram_wrdata_Pre_Comp_Vect[159] relative to clock(s) clk
Related violations: <none>

TIMING-18#105 Warning
Missing input or output delay  
An input delay is missing on bram_wrdata_Pre_Comp_Vect[15] relative to clock(s) clk
Related violations: <none>

TIMING-18#106 Warning
Missing input or output delay  
An input delay is missing on bram_wrdata_Pre_Comp_Vect[160] relative to clock(s) clk
Related violations: <none>

TIMING-18#107 Warning
Missing input or output delay  
An input delay is missing on bram_wrdata_Pre_Comp_Vect[161] relative to clock(s) clk
Related violations: <none>

TIMING-18#108 Warning
Missing input or output delay  
An input delay is missing on bram_wrdata_Pre_Comp_Vect[162] relative to clock(s) clk
Related violations: <none>

TIMING-18#109 Warning
Missing input or output delay  
An input delay is missing on bram_wrdata_Pre_Comp_Vect[163] relative to clock(s) clk
Related violations: <none>

TIMING-18#110 Warning
Missing input or output delay  
An input delay is missing on bram_wrdata_Pre_Comp_Vect[164] relative to clock(s) clk
Related violations: <none>

TIMING-18#111 Warning
Missing input or output delay  
An input delay is missing on bram_wrdata_Pre_Comp_Vect[165] relative to clock(s) clk
Related violations: <none>

TIMING-18#112 Warning
Missing input or output delay  
An input delay is missing on bram_wrdata_Pre_Comp_Vect[166] relative to clock(s) clk
Related violations: <none>

TIMING-18#113 Warning
Missing input or output delay  
An input delay is missing on bram_wrdata_Pre_Comp_Vect[167] relative to clock(s) clk
Related violations: <none>

TIMING-18#114 Warning
Missing input or output delay  
An input delay is missing on bram_wrdata_Pre_Comp_Vect[168] relative to clock(s) clk
Related violations: <none>

TIMING-18#115 Warning
Missing input or output delay  
An input delay is missing on bram_wrdata_Pre_Comp_Vect[169] relative to clock(s) clk
Related violations: <none>

TIMING-18#116 Warning
Missing input or output delay  
An input delay is missing on bram_wrdata_Pre_Comp_Vect[16] relative to clock(s) clk
Related violations: <none>

TIMING-18#117 Warning
Missing input or output delay  
An input delay is missing on bram_wrdata_Pre_Comp_Vect[170] relative to clock(s) clk
Related violations: <none>

TIMING-18#118 Warning
Missing input or output delay  
An input delay is missing on bram_wrdata_Pre_Comp_Vect[171] relative to clock(s) clk
Related violations: <none>

TIMING-18#119 Warning
Missing input or output delay  
An input delay is missing on bram_wrdata_Pre_Comp_Vect[172] relative to clock(s) clk
Related violations: <none>

TIMING-18#120 Warning
Missing input or output delay  
An input delay is missing on bram_wrdata_Pre_Comp_Vect[173] relative to clock(s) clk
Related violations: <none>

TIMING-18#121 Warning
Missing input or output delay  
An input delay is missing on bram_wrdata_Pre_Comp_Vect[174] relative to clock(s) clk
Related violations: <none>

TIMING-18#122 Warning
Missing input or output delay  
An input delay is missing on bram_wrdata_Pre_Comp_Vect[175] relative to clock(s) clk
Related violations: <none>

TIMING-18#123 Warning
Missing input or output delay  
An input delay is missing on bram_wrdata_Pre_Comp_Vect[176] relative to clock(s) clk
Related violations: <none>

TIMING-18#124 Warning
Missing input or output delay  
An input delay is missing on bram_wrdata_Pre_Comp_Vect[177] relative to clock(s) clk
Related violations: <none>

TIMING-18#125 Warning
Missing input or output delay  
An input delay is missing on bram_wrdata_Pre_Comp_Vect[178] relative to clock(s) clk
Related violations: <none>

TIMING-18#126 Warning
Missing input or output delay  
An input delay is missing on bram_wrdata_Pre_Comp_Vect[179] relative to clock(s) clk
Related violations: <none>

TIMING-18#127 Warning
Missing input or output delay  
An input delay is missing on bram_wrdata_Pre_Comp_Vect[17] relative to clock(s) clk
Related violations: <none>

TIMING-18#128 Warning
Missing input or output delay  
An input delay is missing on bram_wrdata_Pre_Comp_Vect[180] relative to clock(s) clk
Related violations: <none>

TIMING-18#129 Warning
Missing input or output delay  
An input delay is missing on bram_wrdata_Pre_Comp_Vect[181] relative to clock(s) clk
Related violations: <none>

TIMING-18#130 Warning
Missing input or output delay  
An input delay is missing on bram_wrdata_Pre_Comp_Vect[182] relative to clock(s) clk
Related violations: <none>

TIMING-18#131 Warning
Missing input or output delay  
An input delay is missing on bram_wrdata_Pre_Comp_Vect[183] relative to clock(s) clk
Related violations: <none>

TIMING-18#132 Warning
Missing input or output delay  
An input delay is missing on bram_wrdata_Pre_Comp_Vect[184] relative to clock(s) clk
Related violations: <none>

TIMING-18#133 Warning
Missing input or output delay  
An input delay is missing on bram_wrdata_Pre_Comp_Vect[185] relative to clock(s) clk
Related violations: <none>

TIMING-18#134 Warning
Missing input or output delay  
An input delay is missing on bram_wrdata_Pre_Comp_Vect[186] relative to clock(s) clk
Related violations: <none>

TIMING-18#135 Warning
Missing input or output delay  
An input delay is missing on bram_wrdata_Pre_Comp_Vect[187] relative to clock(s) clk
Related violations: <none>

TIMING-18#136 Warning
Missing input or output delay  
An input delay is missing on bram_wrdata_Pre_Comp_Vect[188] relative to clock(s) clk
Related violations: <none>

TIMING-18#137 Warning
Missing input or output delay  
An input delay is missing on bram_wrdata_Pre_Comp_Vect[189] relative to clock(s) clk
Related violations: <none>

TIMING-18#138 Warning
Missing input or output delay  
An input delay is missing on bram_wrdata_Pre_Comp_Vect[18] relative to clock(s) clk
Related violations: <none>

TIMING-18#139 Warning
Missing input or output delay  
An input delay is missing on bram_wrdata_Pre_Comp_Vect[190] relative to clock(s) clk
Related violations: <none>

TIMING-18#140 Warning
Missing input or output delay  
An input delay is missing on bram_wrdata_Pre_Comp_Vect[191] relative to clock(s) clk
Related violations: <none>

TIMING-18#141 Warning
Missing input or output delay  
An input delay is missing on bram_wrdata_Pre_Comp_Vect[192] relative to clock(s) clk
Related violations: <none>

TIMING-18#142 Warning
Missing input or output delay  
An input delay is missing on bram_wrdata_Pre_Comp_Vect[193] relative to clock(s) clk
Related violations: <none>

TIMING-18#143 Warning
Missing input or output delay  
An input delay is missing on bram_wrdata_Pre_Comp_Vect[194] relative to clock(s) clk
Related violations: <none>

TIMING-18#144 Warning
Missing input or output delay  
An input delay is missing on bram_wrdata_Pre_Comp_Vect[195] relative to clock(s) clk
Related violations: <none>

TIMING-18#145 Warning
Missing input or output delay  
An input delay is missing on bram_wrdata_Pre_Comp_Vect[196] relative to clock(s) clk
Related violations: <none>

TIMING-18#146 Warning
Missing input or output delay  
An input delay is missing on bram_wrdata_Pre_Comp_Vect[197] relative to clock(s) clk
Related violations: <none>

TIMING-18#147 Warning
Missing input or output delay  
An input delay is missing on bram_wrdata_Pre_Comp_Vect[198] relative to clock(s) clk
Related violations: <none>

TIMING-18#148 Warning
Missing input or output delay  
An input delay is missing on bram_wrdata_Pre_Comp_Vect[199] relative to clock(s) clk
Related violations: <none>

TIMING-18#149 Warning
Missing input or output delay  
An input delay is missing on bram_wrdata_Pre_Comp_Vect[19] relative to clock(s) clk
Related violations: <none>

TIMING-18#150 Warning
Missing input or output delay  
An input delay is missing on bram_wrdata_Pre_Comp_Vect[1] relative to clock(s) clk
Related violations: <none>

TIMING-18#151 Warning
Missing input or output delay  
An input delay is missing on bram_wrdata_Pre_Comp_Vect[200] relative to clock(s) clk
Related violations: <none>

TIMING-18#152 Warning
Missing input or output delay  
An input delay is missing on bram_wrdata_Pre_Comp_Vect[201] relative to clock(s) clk
Related violations: <none>

TIMING-18#153 Warning
Missing input or output delay  
An input delay is missing on bram_wrdata_Pre_Comp_Vect[202] relative to clock(s) clk
Related violations: <none>

TIMING-18#154 Warning
Missing input or output delay  
An input delay is missing on bram_wrdata_Pre_Comp_Vect[203] relative to clock(s) clk
Related violations: <none>

TIMING-18#155 Warning
Missing input or output delay  
An input delay is missing on bram_wrdata_Pre_Comp_Vect[204] relative to clock(s) clk
Related violations: <none>

TIMING-18#156 Warning
Missing input or output delay  
An input delay is missing on bram_wrdata_Pre_Comp_Vect[205] relative to clock(s) clk
Related violations: <none>

TIMING-18#157 Warning
Missing input or output delay  
An input delay is missing on bram_wrdata_Pre_Comp_Vect[206] relative to clock(s) clk
Related violations: <none>

TIMING-18#158 Warning
Missing input or output delay  
An input delay is missing on bram_wrdata_Pre_Comp_Vect[207] relative to clock(s) clk
Related violations: <none>

TIMING-18#159 Warning
Missing input or output delay  
An input delay is missing on bram_wrdata_Pre_Comp_Vect[208] relative to clock(s) clk
Related violations: <none>

TIMING-18#160 Warning
Missing input or output delay  
An input delay is missing on bram_wrdata_Pre_Comp_Vect[209] relative to clock(s) clk
Related violations: <none>

TIMING-18#161 Warning
Missing input or output delay  
An input delay is missing on bram_wrdata_Pre_Comp_Vect[20] relative to clock(s) clk
Related violations: <none>

TIMING-18#162 Warning
Missing input or output delay  
An input delay is missing on bram_wrdata_Pre_Comp_Vect[210] relative to clock(s) clk
Related violations: <none>

TIMING-18#163 Warning
Missing input or output delay  
An input delay is missing on bram_wrdata_Pre_Comp_Vect[211] relative to clock(s) clk
Related violations: <none>

TIMING-18#164 Warning
Missing input or output delay  
An input delay is missing on bram_wrdata_Pre_Comp_Vect[212] relative to clock(s) clk
Related violations: <none>

TIMING-18#165 Warning
Missing input or output delay  
An input delay is missing on bram_wrdata_Pre_Comp_Vect[213] relative to clock(s) clk
Related violations: <none>

TIMING-18#166 Warning
Missing input or output delay  
An input delay is missing on bram_wrdata_Pre_Comp_Vect[214] relative to clock(s) clk
Related violations: <none>

TIMING-18#167 Warning
Missing input or output delay  
An input delay is missing on bram_wrdata_Pre_Comp_Vect[215] relative to clock(s) clk
Related violations: <none>

TIMING-18#168 Warning
Missing input or output delay  
An input delay is missing on bram_wrdata_Pre_Comp_Vect[216] relative to clock(s) clk
Related violations: <none>

TIMING-18#169 Warning
Missing input or output delay  
An input delay is missing on bram_wrdata_Pre_Comp_Vect[217] relative to clock(s) clk
Related violations: <none>

TIMING-18#170 Warning
Missing input or output delay  
An input delay is missing on bram_wrdata_Pre_Comp_Vect[218] relative to clock(s) clk
Related violations: <none>

TIMING-18#171 Warning
Missing input or output delay  
An input delay is missing on bram_wrdata_Pre_Comp_Vect[219] relative to clock(s) clk
Related violations: <none>

TIMING-18#172 Warning
Missing input or output delay  
An input delay is missing on bram_wrdata_Pre_Comp_Vect[21] relative to clock(s) clk
Related violations: <none>

TIMING-18#173 Warning
Missing input or output delay  
An input delay is missing on bram_wrdata_Pre_Comp_Vect[220] relative to clock(s) clk
Related violations: <none>

TIMING-18#174 Warning
Missing input or output delay  
An input delay is missing on bram_wrdata_Pre_Comp_Vect[221] relative to clock(s) clk
Related violations: <none>

TIMING-18#175 Warning
Missing input or output delay  
An input delay is missing on bram_wrdata_Pre_Comp_Vect[222] relative to clock(s) clk
Related violations: <none>

TIMING-18#176 Warning
Missing input or output delay  
An input delay is missing on bram_wrdata_Pre_Comp_Vect[223] relative to clock(s) clk
Related violations: <none>

TIMING-18#177 Warning
Missing input or output delay  
An input delay is missing on bram_wrdata_Pre_Comp_Vect[224] relative to clock(s) clk
Related violations: <none>

TIMING-18#178 Warning
Missing input or output delay  
An input delay is missing on bram_wrdata_Pre_Comp_Vect[225] relative to clock(s) clk
Related violations: <none>

TIMING-18#179 Warning
Missing input or output delay  
An input delay is missing on bram_wrdata_Pre_Comp_Vect[226] relative to clock(s) clk
Related violations: <none>

TIMING-18#180 Warning
Missing input or output delay  
An input delay is missing on bram_wrdata_Pre_Comp_Vect[227] relative to clock(s) clk
Related violations: <none>

TIMING-18#181 Warning
Missing input or output delay  
An input delay is missing on bram_wrdata_Pre_Comp_Vect[228] relative to clock(s) clk
Related violations: <none>

TIMING-18#182 Warning
Missing input or output delay  
An input delay is missing on bram_wrdata_Pre_Comp_Vect[229] relative to clock(s) clk
Related violations: <none>

TIMING-18#183 Warning
Missing input or output delay  
An input delay is missing on bram_wrdata_Pre_Comp_Vect[22] relative to clock(s) clk
Related violations: <none>

TIMING-18#184 Warning
Missing input or output delay  
An input delay is missing on bram_wrdata_Pre_Comp_Vect[230] relative to clock(s) clk
Related violations: <none>

TIMING-18#185 Warning
Missing input or output delay  
An input delay is missing on bram_wrdata_Pre_Comp_Vect[231] relative to clock(s) clk
Related violations: <none>

TIMING-18#186 Warning
Missing input or output delay  
An input delay is missing on bram_wrdata_Pre_Comp_Vect[232] relative to clock(s) clk
Related violations: <none>

TIMING-18#187 Warning
Missing input or output delay  
An input delay is missing on bram_wrdata_Pre_Comp_Vect[233] relative to clock(s) clk
Related violations: <none>

TIMING-18#188 Warning
Missing input or output delay  
An input delay is missing on bram_wrdata_Pre_Comp_Vect[234] relative to clock(s) clk
Related violations: <none>

TIMING-18#189 Warning
Missing input or output delay  
An input delay is missing on bram_wrdata_Pre_Comp_Vect[235] relative to clock(s) clk
Related violations: <none>

TIMING-18#190 Warning
Missing input or output delay  
An input delay is missing on bram_wrdata_Pre_Comp_Vect[236] relative to clock(s) clk
Related violations: <none>

TIMING-18#191 Warning
Missing input or output delay  
An input delay is missing on bram_wrdata_Pre_Comp_Vect[237] relative to clock(s) clk
Related violations: <none>

TIMING-18#192 Warning
Missing input or output delay  
An input delay is missing on bram_wrdata_Pre_Comp_Vect[238] relative to clock(s) clk
Related violations: <none>

TIMING-18#193 Warning
Missing input or output delay  
An input delay is missing on bram_wrdata_Pre_Comp_Vect[239] relative to clock(s) clk
Related violations: <none>

TIMING-18#194 Warning
Missing input or output delay  
An input delay is missing on bram_wrdata_Pre_Comp_Vect[23] relative to clock(s) clk
Related violations: <none>

TIMING-18#195 Warning
Missing input or output delay  
An input delay is missing on bram_wrdata_Pre_Comp_Vect[240] relative to clock(s) clk
Related violations: <none>

TIMING-18#196 Warning
Missing input or output delay  
An input delay is missing on bram_wrdata_Pre_Comp_Vect[241] relative to clock(s) clk
Related violations: <none>

TIMING-18#197 Warning
Missing input or output delay  
An input delay is missing on bram_wrdata_Pre_Comp_Vect[242] relative to clock(s) clk
Related violations: <none>

TIMING-18#198 Warning
Missing input or output delay  
An input delay is missing on bram_wrdata_Pre_Comp_Vect[243] relative to clock(s) clk
Related violations: <none>

TIMING-18#199 Warning
Missing input or output delay  
An input delay is missing on bram_wrdata_Pre_Comp_Vect[244] relative to clock(s) clk
Related violations: <none>

TIMING-18#200 Warning
Missing input or output delay  
An input delay is missing on bram_wrdata_Pre_Comp_Vect[245] relative to clock(s) clk
Related violations: <none>

TIMING-18#201 Warning
Missing input or output delay  
An input delay is missing on bram_wrdata_Pre_Comp_Vect[246] relative to clock(s) clk
Related violations: <none>

TIMING-18#202 Warning
Missing input or output delay  
An input delay is missing on bram_wrdata_Pre_Comp_Vect[247] relative to clock(s) clk
Related violations: <none>

TIMING-18#203 Warning
Missing input or output delay  
An input delay is missing on bram_wrdata_Pre_Comp_Vect[248] relative to clock(s) clk
Related violations: <none>

TIMING-18#204 Warning
Missing input or output delay  
An input delay is missing on bram_wrdata_Pre_Comp_Vect[249] relative to clock(s) clk
Related violations: <none>

TIMING-18#205 Warning
Missing input or output delay  
An input delay is missing on bram_wrdata_Pre_Comp_Vect[24] relative to clock(s) clk
Related violations: <none>

TIMING-18#206 Warning
Missing input or output delay  
An input delay is missing on bram_wrdata_Pre_Comp_Vect[250] relative to clock(s) clk
Related violations: <none>

TIMING-18#207 Warning
Missing input or output delay  
An input delay is missing on bram_wrdata_Pre_Comp_Vect[251] relative to clock(s) clk
Related violations: <none>

TIMING-18#208 Warning
Missing input or output delay  
An input delay is missing on bram_wrdata_Pre_Comp_Vect[252] relative to clock(s) clk
Related violations: <none>

TIMING-18#209 Warning
Missing input or output delay  
An input delay is missing on bram_wrdata_Pre_Comp_Vect[253] relative to clock(s) clk
Related violations: <none>

TIMING-18#210 Warning
Missing input or output delay  
An input delay is missing on bram_wrdata_Pre_Comp_Vect[254] relative to clock(s) clk
Related violations: <none>

TIMING-18#211 Warning
Missing input or output delay  
An input delay is missing on bram_wrdata_Pre_Comp_Vect[255] relative to clock(s) clk
Related violations: <none>

TIMING-18#212 Warning
Missing input or output delay  
An input delay is missing on bram_wrdata_Pre_Comp_Vect[256] relative to clock(s) clk
Related violations: <none>

TIMING-18#213 Warning
Missing input or output delay  
An input delay is missing on bram_wrdata_Pre_Comp_Vect[257] relative to clock(s) clk
Related violations: <none>

TIMING-18#214 Warning
Missing input or output delay  
An input delay is missing on bram_wrdata_Pre_Comp_Vect[258] relative to clock(s) clk
Related violations: <none>

TIMING-18#215 Warning
Missing input or output delay  
An input delay is missing on bram_wrdata_Pre_Comp_Vect[259] relative to clock(s) clk
Related violations: <none>

TIMING-18#216 Warning
Missing input or output delay  
An input delay is missing on bram_wrdata_Pre_Comp_Vect[25] relative to clock(s) clk
Related violations: <none>

TIMING-18#217 Warning
Missing input or output delay  
An input delay is missing on bram_wrdata_Pre_Comp_Vect[260] relative to clock(s) clk
Related violations: <none>

TIMING-18#218 Warning
Missing input or output delay  
An input delay is missing on bram_wrdata_Pre_Comp_Vect[261] relative to clock(s) clk
Related violations: <none>

TIMING-18#219 Warning
Missing input or output delay  
An input delay is missing on bram_wrdata_Pre_Comp_Vect[262] relative to clock(s) clk
Related violations: <none>

TIMING-18#220 Warning
Missing input or output delay  
An input delay is missing on bram_wrdata_Pre_Comp_Vect[263] relative to clock(s) clk
Related violations: <none>

TIMING-18#221 Warning
Missing input or output delay  
An input delay is missing on bram_wrdata_Pre_Comp_Vect[264] relative to clock(s) clk
Related violations: <none>

TIMING-18#222 Warning
Missing input or output delay  
An input delay is missing on bram_wrdata_Pre_Comp_Vect[265] relative to clock(s) clk
Related violations: <none>

TIMING-18#223 Warning
Missing input or output delay  
An input delay is missing on bram_wrdata_Pre_Comp_Vect[266] relative to clock(s) clk
Related violations: <none>

TIMING-18#224 Warning
Missing input or output delay  
An input delay is missing on bram_wrdata_Pre_Comp_Vect[267] relative to clock(s) clk
Related violations: <none>

TIMING-18#225 Warning
Missing input or output delay  
An input delay is missing on bram_wrdata_Pre_Comp_Vect[268] relative to clock(s) clk
Related violations: <none>

TIMING-18#226 Warning
Missing input or output delay  
An input delay is missing on bram_wrdata_Pre_Comp_Vect[269] relative to clock(s) clk
Related violations: <none>

TIMING-18#227 Warning
Missing input or output delay  
An input delay is missing on bram_wrdata_Pre_Comp_Vect[26] relative to clock(s) clk
Related violations: <none>

TIMING-18#228 Warning
Missing input or output delay  
An input delay is missing on bram_wrdata_Pre_Comp_Vect[270] relative to clock(s) clk
Related violations: <none>

TIMING-18#229 Warning
Missing input or output delay  
An input delay is missing on bram_wrdata_Pre_Comp_Vect[271] relative to clock(s) clk
Related violations: <none>

TIMING-18#230 Warning
Missing input or output delay  
An input delay is missing on bram_wrdata_Pre_Comp_Vect[272] relative to clock(s) clk
Related violations: <none>

TIMING-18#231 Warning
Missing input or output delay  
An input delay is missing on bram_wrdata_Pre_Comp_Vect[273] relative to clock(s) clk
Related violations: <none>

TIMING-18#232 Warning
Missing input or output delay  
An input delay is missing on bram_wrdata_Pre_Comp_Vect[274] relative to clock(s) clk
Related violations: <none>

TIMING-18#233 Warning
Missing input or output delay  
An input delay is missing on bram_wrdata_Pre_Comp_Vect[275] relative to clock(s) clk
Related violations: <none>

TIMING-18#234 Warning
Missing input or output delay  
An input delay is missing on bram_wrdata_Pre_Comp_Vect[276] relative to clock(s) clk
Related violations: <none>

TIMING-18#235 Warning
Missing input or output delay  
An input delay is missing on bram_wrdata_Pre_Comp_Vect[277] relative to clock(s) clk
Related violations: <none>

TIMING-18#236 Warning
Missing input or output delay  
An input delay is missing on bram_wrdata_Pre_Comp_Vect[278] relative to clock(s) clk
Related violations: <none>

TIMING-18#237 Warning
Missing input or output delay  
An input delay is missing on bram_wrdata_Pre_Comp_Vect[279] relative to clock(s) clk
Related violations: <none>

TIMING-18#238 Warning
Missing input or output delay  
An input delay is missing on bram_wrdata_Pre_Comp_Vect[27] relative to clock(s) clk
Related violations: <none>

TIMING-18#239 Warning
Missing input or output delay  
An input delay is missing on bram_wrdata_Pre_Comp_Vect[280] relative to clock(s) clk
Related violations: <none>

TIMING-18#240 Warning
Missing input or output delay  
An input delay is missing on bram_wrdata_Pre_Comp_Vect[281] relative to clock(s) clk
Related violations: <none>

TIMING-18#241 Warning
Missing input or output delay  
An input delay is missing on bram_wrdata_Pre_Comp_Vect[282] relative to clock(s) clk
Related violations: <none>

TIMING-18#242 Warning
Missing input or output delay  
An input delay is missing on bram_wrdata_Pre_Comp_Vect[283] relative to clock(s) clk
Related violations: <none>

TIMING-18#243 Warning
Missing input or output delay  
An input delay is missing on bram_wrdata_Pre_Comp_Vect[284] relative to clock(s) clk
Related violations: <none>

TIMING-18#244 Warning
Missing input or output delay  
An input delay is missing on bram_wrdata_Pre_Comp_Vect[285] relative to clock(s) clk
Related violations: <none>

TIMING-18#245 Warning
Missing input or output delay  
An input delay is missing on bram_wrdata_Pre_Comp_Vect[286] relative to clock(s) clk
Related violations: <none>

TIMING-18#246 Warning
Missing input or output delay  
An input delay is missing on bram_wrdata_Pre_Comp_Vect[287] relative to clock(s) clk
Related violations: <none>

TIMING-18#247 Warning
Missing input or output delay  
An input delay is missing on bram_wrdata_Pre_Comp_Vect[288] relative to clock(s) clk
Related violations: <none>

TIMING-18#248 Warning
Missing input or output delay  
An input delay is missing on bram_wrdata_Pre_Comp_Vect[289] relative to clock(s) clk
Related violations: <none>

TIMING-18#249 Warning
Missing input or output delay  
An input delay is missing on bram_wrdata_Pre_Comp_Vect[28] relative to clock(s) clk
Related violations: <none>

TIMING-18#250 Warning
Missing input or output delay  
An input delay is missing on bram_wrdata_Pre_Comp_Vect[290] relative to clock(s) clk
Related violations: <none>

TIMING-18#251 Warning
Missing input or output delay  
An input delay is missing on bram_wrdata_Pre_Comp_Vect[291] relative to clock(s) clk
Related violations: <none>

TIMING-18#252 Warning
Missing input or output delay  
An input delay is missing on bram_wrdata_Pre_Comp_Vect[292] relative to clock(s) clk
Related violations: <none>

TIMING-18#253 Warning
Missing input or output delay  
An input delay is missing on bram_wrdata_Pre_Comp_Vect[293] relative to clock(s) clk
Related violations: <none>

TIMING-18#254 Warning
Missing input or output delay  
An input delay is missing on bram_wrdata_Pre_Comp_Vect[294] relative to clock(s) clk
Related violations: <none>

TIMING-18#255 Warning
Missing input or output delay  
An input delay is missing on bram_wrdata_Pre_Comp_Vect[295] relative to clock(s) clk
Related violations: <none>

TIMING-18#256 Warning
Missing input or output delay  
An input delay is missing on bram_wrdata_Pre_Comp_Vect[296] relative to clock(s) clk
Related violations: <none>

TIMING-18#257 Warning
Missing input or output delay  
An input delay is missing on bram_wrdata_Pre_Comp_Vect[297] relative to clock(s) clk
Related violations: <none>

TIMING-18#258 Warning
Missing input or output delay  
An input delay is missing on bram_wrdata_Pre_Comp_Vect[298] relative to clock(s) clk
Related violations: <none>

TIMING-18#259 Warning
Missing input or output delay  
An input delay is missing on bram_wrdata_Pre_Comp_Vect[299] relative to clock(s) clk
Related violations: <none>

TIMING-18#260 Warning
Missing input or output delay  
An input delay is missing on bram_wrdata_Pre_Comp_Vect[29] relative to clock(s) clk
Related violations: <none>

TIMING-18#261 Warning
Missing input or output delay  
An input delay is missing on bram_wrdata_Pre_Comp_Vect[2] relative to clock(s) clk
Related violations: <none>

TIMING-18#262 Warning
Missing input or output delay  
An input delay is missing on bram_wrdata_Pre_Comp_Vect[300] relative to clock(s) clk
Related violations: <none>

TIMING-18#263 Warning
Missing input or output delay  
An input delay is missing on bram_wrdata_Pre_Comp_Vect[301] relative to clock(s) clk
Related violations: <none>

TIMING-18#264 Warning
Missing input or output delay  
An input delay is missing on bram_wrdata_Pre_Comp_Vect[302] relative to clock(s) clk
Related violations: <none>

TIMING-18#265 Warning
Missing input or output delay  
An input delay is missing on bram_wrdata_Pre_Comp_Vect[303] relative to clock(s) clk
Related violations: <none>

TIMING-18#266 Warning
Missing input or output delay  
An input delay is missing on bram_wrdata_Pre_Comp_Vect[304] relative to clock(s) clk
Related violations: <none>

TIMING-18#267 Warning
Missing input or output delay  
An input delay is missing on bram_wrdata_Pre_Comp_Vect[305] relative to clock(s) clk
Related violations: <none>

TIMING-18#268 Warning
Missing input or output delay  
An input delay is missing on bram_wrdata_Pre_Comp_Vect[306] relative to clock(s) clk
Related violations: <none>

TIMING-18#269 Warning
Missing input or output delay  
An input delay is missing on bram_wrdata_Pre_Comp_Vect[307] relative to clock(s) clk
Related violations: <none>

TIMING-18#270 Warning
Missing input or output delay  
An input delay is missing on bram_wrdata_Pre_Comp_Vect[308] relative to clock(s) clk
Related violations: <none>

TIMING-18#271 Warning
Missing input or output delay  
An input delay is missing on bram_wrdata_Pre_Comp_Vect[309] relative to clock(s) clk
Related violations: <none>

TIMING-18#272 Warning
Missing input or output delay  
An input delay is missing on bram_wrdata_Pre_Comp_Vect[30] relative to clock(s) clk
Related violations: <none>

TIMING-18#273 Warning
Missing input or output delay  
An input delay is missing on bram_wrdata_Pre_Comp_Vect[310] relative to clock(s) clk
Related violations: <none>

TIMING-18#274 Warning
Missing input or output delay  
An input delay is missing on bram_wrdata_Pre_Comp_Vect[311] relative to clock(s) clk
Related violations: <none>

TIMING-18#275 Warning
Missing input or output delay  
An input delay is missing on bram_wrdata_Pre_Comp_Vect[312] relative to clock(s) clk
Related violations: <none>

TIMING-18#276 Warning
Missing input or output delay  
An input delay is missing on bram_wrdata_Pre_Comp_Vect[313] relative to clock(s) clk
Related violations: <none>

TIMING-18#277 Warning
Missing input or output delay  
An input delay is missing on bram_wrdata_Pre_Comp_Vect[314] relative to clock(s) clk
Related violations: <none>

TIMING-18#278 Warning
Missing input or output delay  
An input delay is missing on bram_wrdata_Pre_Comp_Vect[315] relative to clock(s) clk
Related violations: <none>

TIMING-18#279 Warning
Missing input or output delay  
An input delay is missing on bram_wrdata_Pre_Comp_Vect[316] relative to clock(s) clk
Related violations: <none>

TIMING-18#280 Warning
Missing input or output delay  
An input delay is missing on bram_wrdata_Pre_Comp_Vect[317] relative to clock(s) clk
Related violations: <none>

TIMING-18#281 Warning
Missing input or output delay  
An input delay is missing on bram_wrdata_Pre_Comp_Vect[318] relative to clock(s) clk
Related violations: <none>

TIMING-18#282 Warning
Missing input or output delay  
An input delay is missing on bram_wrdata_Pre_Comp_Vect[319] relative to clock(s) clk
Related violations: <none>

TIMING-18#283 Warning
Missing input or output delay  
An input delay is missing on bram_wrdata_Pre_Comp_Vect[31] relative to clock(s) clk
Related violations: <none>

TIMING-18#284 Warning
Missing input or output delay  
An input delay is missing on bram_wrdata_Pre_Comp_Vect[320] relative to clock(s) clk
Related violations: <none>

TIMING-18#285 Warning
Missing input or output delay  
An input delay is missing on bram_wrdata_Pre_Comp_Vect[321] relative to clock(s) clk
Related violations: <none>

TIMING-18#286 Warning
Missing input or output delay  
An input delay is missing on bram_wrdata_Pre_Comp_Vect[322] relative to clock(s) clk
Related violations: <none>

TIMING-18#287 Warning
Missing input or output delay  
An input delay is missing on bram_wrdata_Pre_Comp_Vect[323] relative to clock(s) clk
Related violations: <none>

TIMING-18#288 Warning
Missing input or output delay  
An input delay is missing on bram_wrdata_Pre_Comp_Vect[324] relative to clock(s) clk
Related violations: <none>

TIMING-18#289 Warning
Missing input or output delay  
An input delay is missing on bram_wrdata_Pre_Comp_Vect[325] relative to clock(s) clk
Related violations: <none>

TIMING-18#290 Warning
Missing input or output delay  
An input delay is missing on bram_wrdata_Pre_Comp_Vect[326] relative to clock(s) clk
Related violations: <none>

TIMING-18#291 Warning
Missing input or output delay  
An input delay is missing on bram_wrdata_Pre_Comp_Vect[327] relative to clock(s) clk
Related violations: <none>

TIMING-18#292 Warning
Missing input or output delay  
An input delay is missing on bram_wrdata_Pre_Comp_Vect[328] relative to clock(s) clk
Related violations: <none>

TIMING-18#293 Warning
Missing input or output delay  
An input delay is missing on bram_wrdata_Pre_Comp_Vect[329] relative to clock(s) clk
Related violations: <none>

TIMING-18#294 Warning
Missing input or output delay  
An input delay is missing on bram_wrdata_Pre_Comp_Vect[32] relative to clock(s) clk
Related violations: <none>

TIMING-18#295 Warning
Missing input or output delay  
An input delay is missing on bram_wrdata_Pre_Comp_Vect[330] relative to clock(s) clk
Related violations: <none>

TIMING-18#296 Warning
Missing input or output delay  
An input delay is missing on bram_wrdata_Pre_Comp_Vect[331] relative to clock(s) clk
Related violations: <none>

TIMING-18#297 Warning
Missing input or output delay  
An input delay is missing on bram_wrdata_Pre_Comp_Vect[332] relative to clock(s) clk
Related violations: <none>

TIMING-18#298 Warning
Missing input or output delay  
An input delay is missing on bram_wrdata_Pre_Comp_Vect[333] relative to clock(s) clk
Related violations: <none>

TIMING-18#299 Warning
Missing input or output delay  
An input delay is missing on bram_wrdata_Pre_Comp_Vect[334] relative to clock(s) clk
Related violations: <none>

TIMING-18#300 Warning
Missing input or output delay  
An input delay is missing on bram_wrdata_Pre_Comp_Vect[335] relative to clock(s) clk
Related violations: <none>

TIMING-18#301 Warning
Missing input or output delay  
An input delay is missing on bram_wrdata_Pre_Comp_Vect[336] relative to clock(s) clk
Related violations: <none>

TIMING-18#302 Warning
Missing input or output delay  
An input delay is missing on bram_wrdata_Pre_Comp_Vect[337] relative to clock(s) clk
Related violations: <none>

TIMING-18#303 Warning
Missing input or output delay  
An input delay is missing on bram_wrdata_Pre_Comp_Vect[338] relative to clock(s) clk
Related violations: <none>

TIMING-18#304 Warning
Missing input or output delay  
An input delay is missing on bram_wrdata_Pre_Comp_Vect[339] relative to clock(s) clk
Related violations: <none>

TIMING-18#305 Warning
Missing input or output delay  
An input delay is missing on bram_wrdata_Pre_Comp_Vect[33] relative to clock(s) clk
Related violations: <none>

TIMING-18#306 Warning
Missing input or output delay  
An input delay is missing on bram_wrdata_Pre_Comp_Vect[340] relative to clock(s) clk
Related violations: <none>

TIMING-18#307 Warning
Missing input or output delay  
An input delay is missing on bram_wrdata_Pre_Comp_Vect[341] relative to clock(s) clk
Related violations: <none>

TIMING-18#308 Warning
Missing input or output delay  
An input delay is missing on bram_wrdata_Pre_Comp_Vect[342] relative to clock(s) clk
Related violations: <none>

TIMING-18#309 Warning
Missing input or output delay  
An input delay is missing on bram_wrdata_Pre_Comp_Vect[343] relative to clock(s) clk
Related violations: <none>

TIMING-18#310 Warning
Missing input or output delay  
An input delay is missing on bram_wrdata_Pre_Comp_Vect[344] relative to clock(s) clk
Related violations: <none>

TIMING-18#311 Warning
Missing input or output delay  
An input delay is missing on bram_wrdata_Pre_Comp_Vect[345] relative to clock(s) clk
Related violations: <none>

TIMING-18#312 Warning
Missing input or output delay  
An input delay is missing on bram_wrdata_Pre_Comp_Vect[346] relative to clock(s) clk
Related violations: <none>

TIMING-18#313 Warning
Missing input or output delay  
An input delay is missing on bram_wrdata_Pre_Comp_Vect[347] relative to clock(s) clk
Related violations: <none>

TIMING-18#314 Warning
Missing input or output delay  
An input delay is missing on bram_wrdata_Pre_Comp_Vect[348] relative to clock(s) clk
Related violations: <none>

TIMING-18#315 Warning
Missing input or output delay  
An input delay is missing on bram_wrdata_Pre_Comp_Vect[349] relative to clock(s) clk
Related violations: <none>

TIMING-18#316 Warning
Missing input or output delay  
An input delay is missing on bram_wrdata_Pre_Comp_Vect[34] relative to clock(s) clk
Related violations: <none>

TIMING-18#317 Warning
Missing input or output delay  
An input delay is missing on bram_wrdata_Pre_Comp_Vect[350] relative to clock(s) clk
Related violations: <none>

TIMING-18#318 Warning
Missing input or output delay  
An input delay is missing on bram_wrdata_Pre_Comp_Vect[351] relative to clock(s) clk
Related violations: <none>

TIMING-18#319 Warning
Missing input or output delay  
An input delay is missing on bram_wrdata_Pre_Comp_Vect[352] relative to clock(s) clk
Related violations: <none>

TIMING-18#320 Warning
Missing input or output delay  
An input delay is missing on bram_wrdata_Pre_Comp_Vect[353] relative to clock(s) clk
Related violations: <none>

TIMING-18#321 Warning
Missing input or output delay  
An input delay is missing on bram_wrdata_Pre_Comp_Vect[354] relative to clock(s) clk
Related violations: <none>

TIMING-18#322 Warning
Missing input or output delay  
An input delay is missing on bram_wrdata_Pre_Comp_Vect[355] relative to clock(s) clk
Related violations: <none>

TIMING-18#323 Warning
Missing input or output delay  
An input delay is missing on bram_wrdata_Pre_Comp_Vect[356] relative to clock(s) clk
Related violations: <none>

TIMING-18#324 Warning
Missing input or output delay  
An input delay is missing on bram_wrdata_Pre_Comp_Vect[357] relative to clock(s) clk
Related violations: <none>

TIMING-18#325 Warning
Missing input or output delay  
An input delay is missing on bram_wrdata_Pre_Comp_Vect[358] relative to clock(s) clk
Related violations: <none>

TIMING-18#326 Warning
Missing input or output delay  
An input delay is missing on bram_wrdata_Pre_Comp_Vect[359] relative to clock(s) clk
Related violations: <none>

TIMING-18#327 Warning
Missing input or output delay  
An input delay is missing on bram_wrdata_Pre_Comp_Vect[35] relative to clock(s) clk
Related violations: <none>

TIMING-18#328 Warning
Missing input or output delay  
An input delay is missing on bram_wrdata_Pre_Comp_Vect[360] relative to clock(s) clk
Related violations: <none>

TIMING-18#329 Warning
Missing input or output delay  
An input delay is missing on bram_wrdata_Pre_Comp_Vect[361] relative to clock(s) clk
Related violations: <none>

TIMING-18#330 Warning
Missing input or output delay  
An input delay is missing on bram_wrdata_Pre_Comp_Vect[362] relative to clock(s) clk
Related violations: <none>

TIMING-18#331 Warning
Missing input or output delay  
An input delay is missing on bram_wrdata_Pre_Comp_Vect[363] relative to clock(s) clk
Related violations: <none>

TIMING-18#332 Warning
Missing input or output delay  
An input delay is missing on bram_wrdata_Pre_Comp_Vect[364] relative to clock(s) clk
Related violations: <none>

TIMING-18#333 Warning
Missing input or output delay  
An input delay is missing on bram_wrdata_Pre_Comp_Vect[365] relative to clock(s) clk
Related violations: <none>

TIMING-18#334 Warning
Missing input or output delay  
An input delay is missing on bram_wrdata_Pre_Comp_Vect[366] relative to clock(s) clk
Related violations: <none>

TIMING-18#335 Warning
Missing input or output delay  
An input delay is missing on bram_wrdata_Pre_Comp_Vect[367] relative to clock(s) clk
Related violations: <none>

TIMING-18#336 Warning
Missing input or output delay  
An input delay is missing on bram_wrdata_Pre_Comp_Vect[368] relative to clock(s) clk
Related violations: <none>

TIMING-18#337 Warning
Missing input or output delay  
An input delay is missing on bram_wrdata_Pre_Comp_Vect[369] relative to clock(s) clk
Related violations: <none>

TIMING-18#338 Warning
Missing input or output delay  
An input delay is missing on bram_wrdata_Pre_Comp_Vect[36] relative to clock(s) clk
Related violations: <none>

TIMING-18#339 Warning
Missing input or output delay  
An input delay is missing on bram_wrdata_Pre_Comp_Vect[370] relative to clock(s) clk
Related violations: <none>

TIMING-18#340 Warning
Missing input or output delay  
An input delay is missing on bram_wrdata_Pre_Comp_Vect[371] relative to clock(s) clk
Related violations: <none>

TIMING-18#341 Warning
Missing input or output delay  
An input delay is missing on bram_wrdata_Pre_Comp_Vect[372] relative to clock(s) clk
Related violations: <none>

TIMING-18#342 Warning
Missing input or output delay  
An input delay is missing on bram_wrdata_Pre_Comp_Vect[373] relative to clock(s) clk
Related violations: <none>

TIMING-18#343 Warning
Missing input or output delay  
An input delay is missing on bram_wrdata_Pre_Comp_Vect[374] relative to clock(s) clk
Related violations: <none>

TIMING-18#344 Warning
Missing input or output delay  
An input delay is missing on bram_wrdata_Pre_Comp_Vect[375] relative to clock(s) clk
Related violations: <none>

TIMING-18#345 Warning
Missing input or output delay  
An input delay is missing on bram_wrdata_Pre_Comp_Vect[376] relative to clock(s) clk
Related violations: <none>

TIMING-18#346 Warning
Missing input or output delay  
An input delay is missing on bram_wrdata_Pre_Comp_Vect[377] relative to clock(s) clk
Related violations: <none>

TIMING-18#347 Warning
Missing input or output delay  
An input delay is missing on bram_wrdata_Pre_Comp_Vect[378] relative to clock(s) clk
Related violations: <none>

TIMING-18#348 Warning
Missing input or output delay  
An input delay is missing on bram_wrdata_Pre_Comp_Vect[379] relative to clock(s) clk
Related violations: <none>

TIMING-18#349 Warning
Missing input or output delay  
An input delay is missing on bram_wrdata_Pre_Comp_Vect[37] relative to clock(s) clk
Related violations: <none>

TIMING-18#350 Warning
Missing input or output delay  
An input delay is missing on bram_wrdata_Pre_Comp_Vect[380] relative to clock(s) clk
Related violations: <none>

TIMING-18#351 Warning
Missing input or output delay  
An input delay is missing on bram_wrdata_Pre_Comp_Vect[381] relative to clock(s) clk
Related violations: <none>

TIMING-18#352 Warning
Missing input or output delay  
An input delay is missing on bram_wrdata_Pre_Comp_Vect[382] relative to clock(s) clk
Related violations: <none>

TIMING-18#353 Warning
Missing input or output delay  
An input delay is missing on bram_wrdata_Pre_Comp_Vect[383] relative to clock(s) clk
Related violations: <none>

TIMING-18#354 Warning
Missing input or output delay  
An input delay is missing on bram_wrdata_Pre_Comp_Vect[384] relative to clock(s) clk
Related violations: <none>

TIMING-18#355 Warning
Missing input or output delay  
An input delay is missing on bram_wrdata_Pre_Comp_Vect[385] relative to clock(s) clk
Related violations: <none>

TIMING-18#356 Warning
Missing input or output delay  
An input delay is missing on bram_wrdata_Pre_Comp_Vect[386] relative to clock(s) clk
Related violations: <none>

TIMING-18#357 Warning
Missing input or output delay  
An input delay is missing on bram_wrdata_Pre_Comp_Vect[387] relative to clock(s) clk
Related violations: <none>

TIMING-18#358 Warning
Missing input or output delay  
An input delay is missing on bram_wrdata_Pre_Comp_Vect[388] relative to clock(s) clk
Related violations: <none>

TIMING-18#359 Warning
Missing input or output delay  
An input delay is missing on bram_wrdata_Pre_Comp_Vect[389] relative to clock(s) clk
Related violations: <none>

TIMING-18#360 Warning
Missing input or output delay  
An input delay is missing on bram_wrdata_Pre_Comp_Vect[38] relative to clock(s) clk
Related violations: <none>

TIMING-18#361 Warning
Missing input or output delay  
An input delay is missing on bram_wrdata_Pre_Comp_Vect[390] relative to clock(s) clk
Related violations: <none>

TIMING-18#362 Warning
Missing input or output delay  
An input delay is missing on bram_wrdata_Pre_Comp_Vect[391] relative to clock(s) clk
Related violations: <none>

TIMING-18#363 Warning
Missing input or output delay  
An input delay is missing on bram_wrdata_Pre_Comp_Vect[392] relative to clock(s) clk
Related violations: <none>

TIMING-18#364 Warning
Missing input or output delay  
An input delay is missing on bram_wrdata_Pre_Comp_Vect[393] relative to clock(s) clk
Related violations: <none>

TIMING-18#365 Warning
Missing input or output delay  
An input delay is missing on bram_wrdata_Pre_Comp_Vect[394] relative to clock(s) clk
Related violations: <none>

TIMING-18#366 Warning
Missing input or output delay  
An input delay is missing on bram_wrdata_Pre_Comp_Vect[395] relative to clock(s) clk
Related violations: <none>

TIMING-18#367 Warning
Missing input or output delay  
An input delay is missing on bram_wrdata_Pre_Comp_Vect[396] relative to clock(s) clk
Related violations: <none>

TIMING-18#368 Warning
Missing input or output delay  
An input delay is missing on bram_wrdata_Pre_Comp_Vect[397] relative to clock(s) clk
Related violations: <none>

TIMING-18#369 Warning
Missing input or output delay  
An input delay is missing on bram_wrdata_Pre_Comp_Vect[398] relative to clock(s) clk
Related violations: <none>

TIMING-18#370 Warning
Missing input or output delay  
An input delay is missing on bram_wrdata_Pre_Comp_Vect[399] relative to clock(s) clk
Related violations: <none>

TIMING-18#371 Warning
Missing input or output delay  
An input delay is missing on bram_wrdata_Pre_Comp_Vect[39] relative to clock(s) clk
Related violations: <none>

TIMING-18#372 Warning
Missing input or output delay  
An input delay is missing on bram_wrdata_Pre_Comp_Vect[3] relative to clock(s) clk
Related violations: <none>

TIMING-18#373 Warning
Missing input or output delay  
An input delay is missing on bram_wrdata_Pre_Comp_Vect[400] relative to clock(s) clk
Related violations: <none>

TIMING-18#374 Warning
Missing input or output delay  
An input delay is missing on bram_wrdata_Pre_Comp_Vect[401] relative to clock(s) clk
Related violations: <none>

TIMING-18#375 Warning
Missing input or output delay  
An input delay is missing on bram_wrdata_Pre_Comp_Vect[402] relative to clock(s) clk
Related violations: <none>

TIMING-18#376 Warning
Missing input or output delay  
An input delay is missing on bram_wrdata_Pre_Comp_Vect[403] relative to clock(s) clk
Related violations: <none>

TIMING-18#377 Warning
Missing input or output delay  
An input delay is missing on bram_wrdata_Pre_Comp_Vect[404] relative to clock(s) clk
Related violations: <none>

TIMING-18#378 Warning
Missing input or output delay  
An input delay is missing on bram_wrdata_Pre_Comp_Vect[405] relative to clock(s) clk
Related violations: <none>

TIMING-18#379 Warning
Missing input or output delay  
An input delay is missing on bram_wrdata_Pre_Comp_Vect[406] relative to clock(s) clk
Related violations: <none>

TIMING-18#380 Warning
Missing input or output delay  
An input delay is missing on bram_wrdata_Pre_Comp_Vect[407] relative to clock(s) clk
Related violations: <none>

TIMING-18#381 Warning
Missing input or output delay  
An input delay is missing on bram_wrdata_Pre_Comp_Vect[40] relative to clock(s) clk
Related violations: <none>

TIMING-18#382 Warning
Missing input or output delay  
An input delay is missing on bram_wrdata_Pre_Comp_Vect[41] relative to clock(s) clk
Related violations: <none>

TIMING-18#383 Warning
Missing input or output delay  
An input delay is missing on bram_wrdata_Pre_Comp_Vect[42] relative to clock(s) clk
Related violations: <none>

TIMING-18#384 Warning
Missing input or output delay  
An input delay is missing on bram_wrdata_Pre_Comp_Vect[43] relative to clock(s) clk
Related violations: <none>

TIMING-18#385 Warning
Missing input or output delay  
An input delay is missing on bram_wrdata_Pre_Comp_Vect[44] relative to clock(s) clk
Related violations: <none>

TIMING-18#386 Warning
Missing input or output delay  
An input delay is missing on bram_wrdata_Pre_Comp_Vect[45] relative to clock(s) clk
Related violations: <none>

TIMING-18#387 Warning
Missing input or output delay  
An input delay is missing on bram_wrdata_Pre_Comp_Vect[46] relative to clock(s) clk
Related violations: <none>

TIMING-18#388 Warning
Missing input or output delay  
An input delay is missing on bram_wrdata_Pre_Comp_Vect[47] relative to clock(s) clk
Related violations: <none>

TIMING-18#389 Warning
Missing input or output delay  
An input delay is missing on bram_wrdata_Pre_Comp_Vect[48] relative to clock(s) clk
Related violations: <none>

TIMING-18#390 Warning
Missing input or output delay  
An input delay is missing on bram_wrdata_Pre_Comp_Vect[49] relative to clock(s) clk
Related violations: <none>

TIMING-18#391 Warning
Missing input or output delay  
An input delay is missing on bram_wrdata_Pre_Comp_Vect[4] relative to clock(s) clk
Related violations: <none>

TIMING-18#392 Warning
Missing input or output delay  
An input delay is missing on bram_wrdata_Pre_Comp_Vect[50] relative to clock(s) clk
Related violations: <none>

TIMING-18#393 Warning
Missing input or output delay  
An input delay is missing on bram_wrdata_Pre_Comp_Vect[51] relative to clock(s) clk
Related violations: <none>

TIMING-18#394 Warning
Missing input or output delay  
An input delay is missing on bram_wrdata_Pre_Comp_Vect[52] relative to clock(s) clk
Related violations: <none>

TIMING-18#395 Warning
Missing input or output delay  
An input delay is missing on bram_wrdata_Pre_Comp_Vect[53] relative to clock(s) clk
Related violations: <none>

TIMING-18#396 Warning
Missing input or output delay  
An input delay is missing on bram_wrdata_Pre_Comp_Vect[54] relative to clock(s) clk
Related violations: <none>

TIMING-18#397 Warning
Missing input or output delay  
An input delay is missing on bram_wrdata_Pre_Comp_Vect[55] relative to clock(s) clk
Related violations: <none>

TIMING-18#398 Warning
Missing input or output delay  
An input delay is missing on bram_wrdata_Pre_Comp_Vect[56] relative to clock(s) clk
Related violations: <none>

TIMING-18#399 Warning
Missing input or output delay  
An input delay is missing on bram_wrdata_Pre_Comp_Vect[57] relative to clock(s) clk
Related violations: <none>

TIMING-18#400 Warning
Missing input or output delay  
An input delay is missing on bram_wrdata_Pre_Comp_Vect[58] relative to clock(s) clk
Related violations: <none>

TIMING-18#401 Warning
Missing input or output delay  
An input delay is missing on bram_wrdata_Pre_Comp_Vect[59] relative to clock(s) clk
Related violations: <none>

TIMING-18#402 Warning
Missing input or output delay  
An input delay is missing on bram_wrdata_Pre_Comp_Vect[5] relative to clock(s) clk
Related violations: <none>

TIMING-18#403 Warning
Missing input or output delay  
An input delay is missing on bram_wrdata_Pre_Comp_Vect[60] relative to clock(s) clk
Related violations: <none>

TIMING-18#404 Warning
Missing input or output delay  
An input delay is missing on bram_wrdata_Pre_Comp_Vect[61] relative to clock(s) clk
Related violations: <none>

TIMING-18#405 Warning
Missing input or output delay  
An input delay is missing on bram_wrdata_Pre_Comp_Vect[62] relative to clock(s) clk
Related violations: <none>

TIMING-18#406 Warning
Missing input or output delay  
An input delay is missing on bram_wrdata_Pre_Comp_Vect[63] relative to clock(s) clk
Related violations: <none>

TIMING-18#407 Warning
Missing input or output delay  
An input delay is missing on bram_wrdata_Pre_Comp_Vect[64] relative to clock(s) clk
Related violations: <none>

TIMING-18#408 Warning
Missing input or output delay  
An input delay is missing on bram_wrdata_Pre_Comp_Vect[65] relative to clock(s) clk
Related violations: <none>

TIMING-18#409 Warning
Missing input or output delay  
An input delay is missing on bram_wrdata_Pre_Comp_Vect[66] relative to clock(s) clk
Related violations: <none>

TIMING-18#410 Warning
Missing input or output delay  
An input delay is missing on bram_wrdata_Pre_Comp_Vect[67] relative to clock(s) clk
Related violations: <none>

TIMING-18#411 Warning
Missing input or output delay  
An input delay is missing on bram_wrdata_Pre_Comp_Vect[68] relative to clock(s) clk
Related violations: <none>

TIMING-18#412 Warning
Missing input or output delay  
An input delay is missing on bram_wrdata_Pre_Comp_Vect[69] relative to clock(s) clk
Related violations: <none>

TIMING-18#413 Warning
Missing input or output delay  
An input delay is missing on bram_wrdata_Pre_Comp_Vect[6] relative to clock(s) clk
Related violations: <none>

TIMING-18#414 Warning
Missing input or output delay  
An input delay is missing on bram_wrdata_Pre_Comp_Vect[70] relative to clock(s) clk
Related violations: <none>

TIMING-18#415 Warning
Missing input or output delay  
An input delay is missing on bram_wrdata_Pre_Comp_Vect[71] relative to clock(s) clk
Related violations: <none>

TIMING-18#416 Warning
Missing input or output delay  
An input delay is missing on bram_wrdata_Pre_Comp_Vect[72] relative to clock(s) clk
Related violations: <none>

TIMING-18#417 Warning
Missing input or output delay  
An input delay is missing on bram_wrdata_Pre_Comp_Vect[73] relative to clock(s) clk
Related violations: <none>

TIMING-18#418 Warning
Missing input or output delay  
An input delay is missing on bram_wrdata_Pre_Comp_Vect[74] relative to clock(s) clk
Related violations: <none>

TIMING-18#419 Warning
Missing input or output delay  
An input delay is missing on bram_wrdata_Pre_Comp_Vect[75] relative to clock(s) clk
Related violations: <none>

TIMING-18#420 Warning
Missing input or output delay  
An input delay is missing on bram_wrdata_Pre_Comp_Vect[76] relative to clock(s) clk
Related violations: <none>

TIMING-18#421 Warning
Missing input or output delay  
An input delay is missing on bram_wrdata_Pre_Comp_Vect[77] relative to clock(s) clk
Related violations: <none>

TIMING-18#422 Warning
Missing input or output delay  
An input delay is missing on bram_wrdata_Pre_Comp_Vect[78] relative to clock(s) clk
Related violations: <none>

TIMING-18#423 Warning
Missing input or output delay  
An input delay is missing on bram_wrdata_Pre_Comp_Vect[79] relative to clock(s) clk
Related violations: <none>

TIMING-18#424 Warning
Missing input or output delay  
An input delay is missing on bram_wrdata_Pre_Comp_Vect[7] relative to clock(s) clk
Related violations: <none>

TIMING-18#425 Warning
Missing input or output delay  
An input delay is missing on bram_wrdata_Pre_Comp_Vect[80] relative to clock(s) clk
Related violations: <none>

TIMING-18#426 Warning
Missing input or output delay  
An input delay is missing on bram_wrdata_Pre_Comp_Vect[81] relative to clock(s) clk
Related violations: <none>

TIMING-18#427 Warning
Missing input or output delay  
An input delay is missing on bram_wrdata_Pre_Comp_Vect[82] relative to clock(s) clk
Related violations: <none>

TIMING-18#428 Warning
Missing input or output delay  
An input delay is missing on bram_wrdata_Pre_Comp_Vect[83] relative to clock(s) clk
Related violations: <none>

TIMING-18#429 Warning
Missing input or output delay  
An input delay is missing on bram_wrdata_Pre_Comp_Vect[84] relative to clock(s) clk
Related violations: <none>

TIMING-18#430 Warning
Missing input or output delay  
An input delay is missing on bram_wrdata_Pre_Comp_Vect[85] relative to clock(s) clk
Related violations: <none>

TIMING-18#431 Warning
Missing input or output delay  
An input delay is missing on bram_wrdata_Pre_Comp_Vect[86] relative to clock(s) clk
Related violations: <none>

TIMING-18#432 Warning
Missing input or output delay  
An input delay is missing on bram_wrdata_Pre_Comp_Vect[87] relative to clock(s) clk
Related violations: <none>

TIMING-18#433 Warning
Missing input or output delay  
An input delay is missing on bram_wrdata_Pre_Comp_Vect[88] relative to clock(s) clk
Related violations: <none>

TIMING-18#434 Warning
Missing input or output delay  
An input delay is missing on bram_wrdata_Pre_Comp_Vect[89] relative to clock(s) clk
Related violations: <none>

TIMING-18#435 Warning
Missing input or output delay  
An input delay is missing on bram_wrdata_Pre_Comp_Vect[8] relative to clock(s) clk
Related violations: <none>

TIMING-18#436 Warning
Missing input or output delay  
An input delay is missing on bram_wrdata_Pre_Comp_Vect[90] relative to clock(s) clk
Related violations: <none>

TIMING-18#437 Warning
Missing input or output delay  
An input delay is missing on bram_wrdata_Pre_Comp_Vect[91] relative to clock(s) clk
Related violations: <none>

TIMING-18#438 Warning
Missing input or output delay  
An input delay is missing on bram_wrdata_Pre_Comp_Vect[92] relative to clock(s) clk
Related violations: <none>

TIMING-18#439 Warning
Missing input or output delay  
An input delay is missing on bram_wrdata_Pre_Comp_Vect[93] relative to clock(s) clk
Related violations: <none>

TIMING-18#440 Warning
Missing input or output delay  
An input delay is missing on bram_wrdata_Pre_Comp_Vect[94] relative to clock(s) clk
Related violations: <none>

TIMING-18#441 Warning
Missing input or output delay  
An input delay is missing on bram_wrdata_Pre_Comp_Vect[95] relative to clock(s) clk
Related violations: <none>

TIMING-18#442 Warning
Missing input or output delay  
An input delay is missing on bram_wrdata_Pre_Comp_Vect[96] relative to clock(s) clk
Related violations: <none>

TIMING-18#443 Warning
Missing input or output delay  
An input delay is missing on bram_wrdata_Pre_Comp_Vect[97] relative to clock(s) clk
Related violations: <none>

TIMING-18#444 Warning
Missing input or output delay  
An input delay is missing on bram_wrdata_Pre_Comp_Vect[98] relative to clock(s) clk
Related violations: <none>

TIMING-18#445 Warning
Missing input or output delay  
An input delay is missing on bram_wrdata_Pre_Comp_Vect[99] relative to clock(s) clk
Related violations: <none>

TIMING-18#446 Warning
Missing input or output delay  
An input delay is missing on bram_wrdata_Pre_Comp_Vect[9] relative to clock(s) clk
Related violations: <none>

TIMING-18#447 Warning
Missing input or output delay  
An input delay is missing on classification relative to clock(s) clk
Related violations: <none>

TIMING-18#448 Warning
Missing input or output delay  
An input delay is missing on m_axis_tready relative to clock(s) clk
Related violations: <none>

TIMING-18#449 Warning
Missing input or output delay  
An input delay is missing on s_axis_tdata[0] relative to clock(s) clk
Related violations: <none>

TIMING-18#450 Warning
Missing input or output delay  
An input delay is missing on s_axis_tdata[10] relative to clock(s) clk
Related violations: <none>

TIMING-18#451 Warning
Missing input or output delay  
An input delay is missing on s_axis_tdata[11] relative to clock(s) clk
Related violations: <none>

TIMING-18#452 Warning
Missing input or output delay  
An input delay is missing on s_axis_tdata[12] relative to clock(s) clk
Related violations: <none>

TIMING-18#453 Warning
Missing input or output delay  
An input delay is missing on s_axis_tdata[13] relative to clock(s) clk
Related violations: <none>

TIMING-18#454 Warning
Missing input or output delay  
An input delay is missing on s_axis_tdata[14] relative to clock(s) clk
Related violations: <none>

TIMING-18#455 Warning
Missing input or output delay  
An input delay is missing on s_axis_tdata[15] relative to clock(s) clk
Related violations: <none>

TIMING-18#456 Warning
Missing input or output delay  
An input delay is missing on s_axis_tdata[16] relative to clock(s) clk
Related violations: <none>

TIMING-18#457 Warning
Missing input or output delay  
An input delay is missing on s_axis_tdata[17] relative to clock(s) clk
Related violations: <none>

TIMING-18#458 Warning
Missing input or output delay  
An input delay is missing on s_axis_tdata[18] relative to clock(s) clk
Related violations: <none>

TIMING-18#459 Warning
Missing input or output delay  
An input delay is missing on s_axis_tdata[19] relative to clock(s) clk
Related violations: <none>

TIMING-18#460 Warning
Missing input or output delay  
An input delay is missing on s_axis_tdata[1] relative to clock(s) clk
Related violations: <none>

TIMING-18#461 Warning
Missing input or output delay  
An input delay is missing on s_axis_tdata[20] relative to clock(s) clk
Related violations: <none>

TIMING-18#462 Warning
Missing input or output delay  
An input delay is missing on s_axis_tdata[21] relative to clock(s) clk
Related violations: <none>

TIMING-18#463 Warning
Missing input or output delay  
An input delay is missing on s_axis_tdata[22] relative to clock(s) clk
Related violations: <none>

TIMING-18#464 Warning
Missing input or output delay  
An input delay is missing on s_axis_tdata[23] relative to clock(s) clk
Related violations: <none>

TIMING-18#465 Warning
Missing input or output delay  
An input delay is missing on s_axis_tdata[24] relative to clock(s) clk
Related violations: <none>

TIMING-18#466 Warning
Missing input or output delay  
An input delay is missing on s_axis_tdata[25] relative to clock(s) clk
Related violations: <none>

TIMING-18#467 Warning
Missing input or output delay  
An input delay is missing on s_axis_tdata[26] relative to clock(s) clk
Related violations: <none>

TIMING-18#468 Warning
Missing input or output delay  
An input delay is missing on s_axis_tdata[27] relative to clock(s) clk
Related violations: <none>

TIMING-18#469 Warning
Missing input or output delay  
An input delay is missing on s_axis_tdata[28] relative to clock(s) clk
Related violations: <none>

TIMING-18#470 Warning
Missing input or output delay  
An input delay is missing on s_axis_tdata[29] relative to clock(s) clk
Related violations: <none>

TIMING-18#471 Warning
Missing input or output delay  
An input delay is missing on s_axis_tdata[2] relative to clock(s) clk
Related violations: <none>

TIMING-18#472 Warning
Missing input or output delay  
An input delay is missing on s_axis_tdata[30] relative to clock(s) clk
Related violations: <none>

TIMING-18#473 Warning
Missing input or output delay  
An input delay is missing on s_axis_tdata[31] relative to clock(s) clk
Related violations: <none>

TIMING-18#474 Warning
Missing input or output delay  
An input delay is missing on s_axis_tdata[3] relative to clock(s) clk
Related violations: <none>

TIMING-18#475 Warning
Missing input or output delay  
An input delay is missing on s_axis_tdata[4] relative to clock(s) clk
Related violations: <none>

TIMING-18#476 Warning
Missing input or output delay  
An input delay is missing on s_axis_tdata[5] relative to clock(s) clk
Related violations: <none>

TIMING-18#477 Warning
Missing input or output delay  
An input delay is missing on s_axis_tdata[6] relative to clock(s) clk
Related violations: <none>

TIMING-18#478 Warning
Missing input or output delay  
An input delay is missing on s_axis_tdata[7] relative to clock(s) clk
Related violations: <none>

TIMING-18#479 Warning
Missing input or output delay  
An input delay is missing on s_axis_tdata[8] relative to clock(s) clk
Related violations: <none>

TIMING-18#480 Warning
Missing input or output delay  
An input delay is missing on s_axis_tdata[9] relative to clock(s) clk
Related violations: <none>

TIMING-18#481 Warning
Missing input or output delay  
An input delay is missing on s_axis_tvalid relative to clock(s) clk
Related violations: <none>

TIMING-18#482 Warning
Missing input or output delay  
An input delay is missing on start relative to clock(s) clk
Related violations: <none>

TIMING-18#483 Warning
Missing input or output delay  
An output delay is missing on m_axis_tdata[0] relative to clock(s) clk
Related violations: <none>

TIMING-18#484 Warning
Missing input or output delay  
An output delay is missing on m_axis_tdata[10] relative to clock(s) clk
Related violations: <none>

TIMING-18#485 Warning
Missing input or output delay  
An output delay is missing on m_axis_tdata[11] relative to clock(s) clk
Related violations: <none>

TIMING-18#486 Warning
Missing input or output delay  
An output delay is missing on m_axis_tdata[12] relative to clock(s) clk
Related violations: <none>

TIMING-18#487 Warning
Missing input or output delay  
An output delay is missing on m_axis_tdata[13] relative to clock(s) clk
Related violations: <none>

TIMING-18#488 Warning
Missing input or output delay  
An output delay is missing on m_axis_tdata[14] relative to clock(s) clk
Related violations: <none>

TIMING-18#489 Warning
Missing input or output delay  
An output delay is missing on m_axis_tdata[15] relative to clock(s) clk
Related violations: <none>

TIMING-18#490 Warning
Missing input or output delay  
An output delay is missing on m_axis_tdata[16] relative to clock(s) clk
Related violations: <none>

TIMING-18#491 Warning
Missing input or output delay  
An output delay is missing on m_axis_tdata[17] relative to clock(s) clk
Related violations: <none>

TIMING-18#492 Warning
Missing input or output delay  
An output delay is missing on m_axis_tdata[18] relative to clock(s) clk
Related violations: <none>

TIMING-18#493 Warning
Missing input or output delay  
An output delay is missing on m_axis_tdata[19] relative to clock(s) clk
Related violations: <none>

TIMING-18#494 Warning
Missing input or output delay  
An output delay is missing on m_axis_tdata[1] relative to clock(s) clk
Related violations: <none>

TIMING-18#495 Warning
Missing input or output delay  
An output delay is missing on m_axis_tdata[20] relative to clock(s) clk
Related violations: <none>

TIMING-18#496 Warning
Missing input or output delay  
An output delay is missing on m_axis_tdata[21] relative to clock(s) clk
Related violations: <none>

TIMING-18#497 Warning
Missing input or output delay  
An output delay is missing on m_axis_tdata[22] relative to clock(s) clk
Related violations: <none>

TIMING-18#498 Warning
Missing input or output delay  
An output delay is missing on m_axis_tdata[23] relative to clock(s) clk
Related violations: <none>

TIMING-18#499 Warning
Missing input or output delay  
An output delay is missing on m_axis_tdata[24] relative to clock(s) clk
Related violations: <none>

TIMING-18#500 Warning
Missing input or output delay  
An output delay is missing on m_axis_tdata[25] relative to clock(s) clk
Related violations: <none>

TIMING-18#501 Warning
Missing input or output delay  
An output delay is missing on m_axis_tdata[26] relative to clock(s) clk
Related violations: <none>

TIMING-18#502 Warning
Missing input or output delay  
An output delay is missing on m_axis_tdata[27] relative to clock(s) clk
Related violations: <none>

TIMING-18#503 Warning
Missing input or output delay  
An output delay is missing on m_axis_tdata[28] relative to clock(s) clk
Related violations: <none>

TIMING-18#504 Warning
Missing input or output delay  
An output delay is missing on m_axis_tdata[29] relative to clock(s) clk
Related violations: <none>

TIMING-18#505 Warning
Missing input or output delay  
An output delay is missing on m_axis_tdata[2] relative to clock(s) clk
Related violations: <none>

TIMING-18#506 Warning
Missing input or output delay  
An output delay is missing on m_axis_tdata[30] relative to clock(s) clk
Related violations: <none>

TIMING-18#507 Warning
Missing input or output delay  
An output delay is missing on m_axis_tdata[31] relative to clock(s) clk
Related violations: <none>

TIMING-18#508 Warning
Missing input or output delay  
An output delay is missing on m_axis_tdata[3] relative to clock(s) clk
Related violations: <none>

TIMING-18#509 Warning
Missing input or output delay  
An output delay is missing on m_axis_tdata[4] relative to clock(s) clk
Related violations: <none>

TIMING-18#510 Warning
Missing input or output delay  
An output delay is missing on m_axis_tdata[5] relative to clock(s) clk
Related violations: <none>

TIMING-18#511 Warning
Missing input or output delay  
An output delay is missing on m_axis_tdata[6] relative to clock(s) clk
Related violations: <none>

TIMING-18#512 Warning
Missing input or output delay  
An output delay is missing on m_axis_tdata[7] relative to clock(s) clk
Related violations: <none>

TIMING-18#513 Warning
Missing input or output delay  
An output delay is missing on m_axis_tdata[8] relative to clock(s) clk
Related violations: <none>

TIMING-18#514 Warning
Missing input or output delay  
An output delay is missing on m_axis_tdata[9] relative to clock(s) clk
Related violations: <none>

TIMING-18#515 Warning
Missing input or output delay  
An output delay is missing on m_axis_tvalid relative to clock(s) clk
Related violations: <none>

TIMING-18#516 Warning
Missing input or output delay  
An output delay is missing on s_axis_tready relative to clock(s) clk
Related violations: <none>

TIMING-18#517 Warning
Missing input or output delay  
An output delay is missing on trig_axis_to_BRAM_Bias relative to clock(s) clk
Related violations: <none>

TIMING-18#518 Warning
Missing input or output delay  
An output delay is missing on trig_axis_to_BRAM_Kernel_Scale relative to clock(s) clk
Related violations: <none>

TIMING-18#519 Warning
Missing input or output delay  
An output delay is missing on trig_axis_to_BRAM_PCV relative to clock(s) clk
Related violations: <none>

TIMING-20#1 Warning
Non-clocked latch  
The latch PM_FSM/pm_FSM_Kernel_Bias/addr_RAM_Bias_reg[0] cannot be properly analyzed as its control pin PM_FSM/pm_FSM_Kernel_Bias/addr_RAM_Bias_reg[0]/G is not reached by a timing clock
Related violations: <none>

TIMING-20#2 Warning
Non-clocked latch  
The latch PM_FSM/pm_FSM_Kernel_Bias/addr_RAM_Bias_reg[1] cannot be properly analyzed as its control pin PM_FSM/pm_FSM_Kernel_Bias/addr_RAM_Bias_reg[1]/G is not reached by a timing clock
Related violations: <none>

TIMING-20#3 Warning
Non-clocked latch  
The latch PM_FSM/pm_FSM_Kernel_Bias/addr_RAM_Bias_reg[2] cannot be properly analyzed as its control pin PM_FSM/pm_FSM_Kernel_Bias/addr_RAM_Bias_reg[2]/G is not reached by a timing clock
Related violations: <none>

TIMING-20#4 Warning
Non-clocked latch  
The latch PM_FSM/pm_FSM_Kernel_Bias/addr_RAM_Bias_reg[3] cannot be properly analyzed as its control pin PM_FSM/pm_FSM_Kernel_Bias/addr_RAM_Bias_reg[3]/G is not reached by a timing clock
Related violations: <none>

TIMING-20#5 Warning
Non-clocked latch  
The latch PM_FSM/pm_FSM_Kernel_Bias/addr_RAM_Kernel_Scale_reg[0] cannot be properly analyzed as its control pin PM_FSM/pm_FSM_Kernel_Bias/addr_RAM_Kernel_Scale_reg[0]/G is not reached by a timing clock
Related violations: <none>

TIMING-20#6 Warning
Non-clocked latch  
The latch PM_FSM/pm_FSM_Kernel_Bias/addr_RAM_Kernel_Scale_reg[1] cannot be properly analyzed as its control pin PM_FSM/pm_FSM_Kernel_Bias/addr_RAM_Kernel_Scale_reg[1]/G is not reached by a timing clock
Related violations: <none>

TIMING-20#7 Warning
Non-clocked latch  
The latch PM_FSM/pm_FSM_Kernel_Bias/addr_RAM_Kernel_Scale_reg[2] cannot be properly analyzed as its control pin PM_FSM/pm_FSM_Kernel_Bias/addr_RAM_Kernel_Scale_reg[2]/G is not reached by a timing clock
Related violations: <none>

TIMING-20#8 Warning
Non-clocked latch  
The latch PM_FSM/pm_FSM_Kernel_Bias/addr_RAM_Kernel_Scale_reg[3] cannot be properly analyzed as its control pin PM_FSM/pm_FSM_Kernel_Bias/addr_RAM_Kernel_Scale_reg[3]/G is not reached by a timing clock
Related violations: <none>

TIMING-20#9 Warning
Non-clocked latch  
The latch PM_FSM/pm_FSM_SIPO_PCV/addr_RAM_Pre_Computed_Vector_reg[0] cannot be properly analyzed as its control pin PM_FSM/pm_FSM_SIPO_PCV/addr_RAM_Pre_Computed_Vector_reg[0]/G is not reached by a timing clock
Related violations: <none>

TIMING-20#10 Warning
Non-clocked latch  
The latch PM_FSM/pm_FSM_SIPO_PCV/addr_RAM_Pre_Computed_Vector_reg[1] cannot be properly analyzed as its control pin PM_FSM/pm_FSM_SIPO_PCV/addr_RAM_Pre_Computed_Vector_reg[1]/G is not reached by a timing clock
Related violations: <none>

TIMING-20#11 Warning
Non-clocked latch  
The latch PM_FSM/pm_FSM_SIPO_PCV/addr_RAM_Pre_Computed_Vector_reg[2] cannot be properly analyzed as its control pin PM_FSM/pm_FSM_SIPO_PCV/addr_RAM_Pre_Computed_Vector_reg[2]/G is not reached by a timing clock
Related violations: <none>

TIMING-20#12 Warning
Non-clocked latch  
The latch PM_FSM/pm_FSM_SIPO_PCV/addr_RAM_Pre_Computed_Vector_reg[3] cannot be properly analyzed as its control pin PM_FSM/pm_FSM_SIPO_PCV/addr_RAM_Pre_Computed_Vector_reg[3]/G is not reached by a timing clock
Related violations: <none>


