Copyright 1986-2018 Xilinx, Inc. All Rights Reserved.
-------------------------------------------------------------------------------------------------------------------------------------------------------------------------------------------
| Tool Version     : Vivado v.2018.3 (win64) Build 2405991 Thu Dec  6 23:38:27 MST 2018
| Date             : Sun Nov 20 19:07:57 2022
| Host             : peppe-pc running 64-bit major release  (build 9200)
| Command          : report_power -file embedded_system_wrapper_power_routed.rpt -pb embedded_system_wrapper_power_summary_routed.pb -rpx embedded_system_wrapper_power_routed.rpx
| Design           : embedded_system_wrapper
| Device           : xc7z020clg400-1
| Design State     : routed
| Grade            : commercial
| Process          : typical
| Characterization : Production
-------------------------------------------------------------------------------------------------------------------------------------------------------------------------------------------

Power Report

Table of Contents
-----------------
1. Summary
1.1 On-Chip Components
1.2 Power Supply Summary
1.3 Confidence Level
2. Settings
2.1 Environment
2.2 Clock Constraints
3. Detailed Reports
3.1 By Hierarchy

1. Summary
----------

+--------------------------+--------------+
| Total On-Chip Power (W)  | 1.431        |
| Design Power Budget (W)  | Unspecified* |
| Power Budget Margin (W)  | NA           |
| Dynamic (W)              | 1.293        |
| Device Static (W)        | 0.138        |
| Effective TJA (C/W)      | 11.5         |
| Max Ambient (C)          | 68.5         |
| Junction Temperature (C) | 41.5         |
| Confidence Level         | Medium       |
| Setting File             | ---          |
| Simulation Activity File | ---          |
| Design Nets Matched      | NA           |
+--------------------------+--------------+
* Specify Design Power Budget using, set_operating_conditions -design_power_budget <value in Watts>


1.1 On-Chip Components
----------------------

+--------------------------+-----------+----------+-----------+-----------------+
| On-Chip                  | Power (W) | Used     | Available | Utilization (%) |
+--------------------------+-----------+----------+-----------+-----------------+
| Clocks                   |     0.016 |       24 |       --- |             --- |
| Slice Logic              |     0.005 |    29685 |       --- |             --- |
|   LUT as Logic           |     0.005 |     8604 |     53200 |           16.17 |
|   CARRY4                 |    <0.001 |      432 |     13300 |            3.25 |
|   Register               |    <0.001 |    14476 |    106400 |           13.61 |
|   LUT as Shift Register  |    <0.001 |     1750 |     17400 |           10.06 |
|   LUT as Distributed RAM |    <0.001 |       61 |     17400 |            0.35 |
|   F7/F8 Muxes            |    <0.001 |       99 |     53200 |            0.19 |
|   Others                 |     0.000 |     1534 |       --- |             --- |
| Signals                  |     0.005 |    23047 |       --- |             --- |
| Block RAM                |     0.010 |     32.5 |       140 |           23.21 |
| DSPs                     |    <0.001 |       35 |       220 |           15.91 |
| PS7                      |     1.256 |        1 |       --- |             --- |
| Static Power             |     0.138 |          |           |                 |
| Total                    |     1.431 |          |           |                 |
+--------------------------+-----------+----------+-----------+-----------------+


1.2 Power Supply Summary
------------------------

+-----------+-------------+-----------+-------------+------------+
| Source    | Voltage (V) | Total (A) | Dynamic (A) | Static (A) |
+-----------+-------------+-----------+-------------+------------+
| Vccint    |       1.000 |     0.050 |       0.036 |      0.014 |
| Vccaux    |       1.800 |     0.014 |       0.000 |      0.014 |
| Vcco33    |       3.300 |     0.000 |       0.000 |      0.000 |
| Vcco25    |       2.500 |     0.000 |       0.000 |      0.000 |
| Vcco18    |       1.800 |     0.000 |       0.000 |      0.000 |
| Vcco15    |       1.500 |     0.000 |       0.000 |      0.000 |
| Vcco135   |       1.350 |     0.000 |       0.000 |      0.000 |
| Vcco12    |       1.200 |     0.000 |       0.000 |      0.000 |
| Vccaux_io |       1.800 |     0.000 |       0.000 |      0.000 |
| Vccbram   |       1.000 |     0.003 |       0.001 |      0.003 |
| MGTAVcc   |       1.000 |     0.000 |       0.000 |      0.000 |
| MGTAVtt   |       1.200 |     0.000 |       0.000 |      0.000 |
| MGTVccaux |       1.800 |     0.000 |       0.000 |      0.000 |
| Vccpint   |       1.000 |     0.674 |       0.647 |      0.027 |
| Vccpaux   |       1.800 |     0.036 |       0.026 |      0.010 |
| Vccpll    |       1.800 |     0.017 |       0.014 |      0.003 |
| Vcco_ddr  |       1.500 |     0.354 |       0.352 |      0.002 |
| Vcco_mio0 |       3.300 |     0.003 |       0.002 |      0.001 |
| Vcco_mio1 |       1.800 |     0.003 |       0.002 |      0.001 |
| Vccadc    |       1.800 |     0.020 |       0.000 |      0.020 |
+-----------+-------------+-----------+-------------+------------+


1.3 Confidence Level
--------------------

+-----------------------------+------------+------------------------------------------------+------------------------------------------------------------------------------------------------------------+
| User Input Data             | Confidence | Details                                        | Action                                                                                                     |
+-----------------------------+------------+------------------------------------------------+------------------------------------------------------------------------------------------------------------+
| Design implementation state | High       | Design is routed                               |                                                                                                            |
| Clock nodes activity        | High       | User specified more than 95% of clocks         |                                                                                                            |
| I/O nodes activity          | High       | User specified more than 95% of inputs         |                                                                                                            |
| Internal nodes activity     | Medium     | User specified less than 25% of internal nodes | Provide missing internal nodes activity with simulation results or by editing the "By Resource Type" views |
| Device models               | High       | Device models are Production                   |                                                                                                            |
|                             |            |                                                |                                                                                                            |
| Overall confidence level    | Medium     |                                                |                                                                                                            |
+-----------------------------+------------+------------------------------------------------+------------------------------------------------------------------------------------------------------------+


2. Settings
-----------

2.1 Environment
---------------

+-----------------------+------------------------+
| Ambient Temp (C)      | 25.0                   |
| ThetaJA (C/W)         | 11.5                   |
| Airflow (LFM)         | 250                    |
| Heat Sink             | none                   |
| ThetaSA (C/W)         | 0.0                    |
| Board Selection       | medium (10"x10")       |
| # of Board Layers     | 8to11 (8 to 11 Layers) |
| Board Temperature (C) | 25.0                   |
+-----------------------+------------------------+


2.2 Clock Constraints
---------------------

+--------------------------------------------------------------------------------------------+-----------------------------------------------------------------------------------------+-----------------+
| Clock                                                                                      | Domain                                                                                  | Constraint (ns) |
+--------------------------------------------------------------------------------------------+-----------------------------------------------------------------------------------------+-----------------+
| clk_fpga_0                                                                                 | embedded_system_i/processing_system7_0/inst/FCLK_CLK_unbuffered[0]                      |            33.0 |
| dbg_hub/inst/BSCANID.u_xsdbm_id/SWITCH_N_EXT_BSCAN.bscan_inst/SERIES7_BSCAN.bscan_inst/TCK | dbg_hub/inst/BSCANID.u_xsdbm_id/SWITCH_N_EXT_BSCAN.bscan_inst/tck_bs                    |            33.0 |
| embedded_system_i/PL_CLASSIFIER_w_VOTI_0/U0/PM_FSM/pm_FSM_Kernel_Bias/State[2]             | embedded_system_i/PL_CLASSIFIER_w_VOTI_0/U0/PM_FSM/pm_FSM_Kernel_Bias/State[2]          |            33.0 |
| embedded_system_i/PL_CLASSIFIER_w_VOTI_0/U0/PM_FSM/pm_FSM_Kernel_Bias/count_reg_n_0_[0]    | embedded_system_i/PL_CLASSIFIER_w_VOTI_0/U0/PM_FSM/pm_FSM_Kernel_Bias/count_reg_n_0_[0] |            33.0 |
| embedded_system_i/PL_CLASSIFIER_w_VOTI_0/U0/PM_FSM/pm_FSM_Kernel_Bias/count_reg_n_0_[1]    | embedded_system_i/PL_CLASSIFIER_w_VOTI_0/U0/PM_FSM/pm_FSM_Kernel_Bias/count_reg_n_0_[1] |            33.0 |
| embedded_system_i/PL_CLASSIFIER_w_VOTI_0/U0/PM_FSM/pm_FSM_Kernel_Bias/count_reg_n_0_[2]    | embedded_system_i/PL_CLASSIFIER_w_VOTI_0/U0/PM_FSM/pm_FSM_Kernel_Bias/count_reg_n_0_[2] |            33.0 |
| embedded_system_i/PL_CLASSIFIER_w_VOTI_0/U0/PM_FSM/pm_FSM_Kernel_Bias/count_reg_n_0_[3]    | embedded_system_i/PL_CLASSIFIER_w_VOTI_0/U0/PM_FSM/pm_FSM_Kernel_Bias/count_reg_n_0_[3] |            33.0 |
| embedded_system_i/PL_CLASSIFIER_w_VOTI_0/U0/PM_FSM/pm_FSM_Kernel_Bias/count_reg_n_0_[4]    | embedded_system_i/PL_CLASSIFIER_w_VOTI_0/U0/PM_FSM/pm_FSM_Kernel_Bias/count_reg_n_0_[4] |            33.0 |
| embedded_system_i/PL_CLASSIFIER_w_VOTI_0/U0/PM_FSM/pm_FSM_Kernel_Bias/count_reg_n_0_[5]    | embedded_system_i/PL_CLASSIFIER_w_VOTI_0/U0/PM_FSM/pm_FSM_Kernel_Bias/count_reg_n_0_[5] |            33.0 |
| embedded_system_i/PL_CLASSIFIER_w_VOTI_0/U0/PM_FSM/pm_FSM_SIPO_PCV/Q[2]                    | embedded_system_i/PL_CLASSIFIER_w_VOTI_0/U0/PM_FSM/pm_FSM_SIPO_PCV/Q[2]                 |            33.0 |
| embedded_system_i/PL_CLASSIFIER_w_VOTI_0/U0/PM_FSM/pm_FSM_Voting/Q[0]                      | embedded_system_i/PL_CLASSIFIER_w_VOTI_0/U0/PM_FSM/pm_FSM_Voting/Q[0]                   |            33.0 |
| embedded_system_i/PL_CLASSIFIER_w_VOTI_0/U0/PM_FSM/pm_FSM_Voting/Q[2]                      | embedded_system_i/PL_CLASSIFIER_w_VOTI_0/U0/PM_FSM/pm_FSM_Voting/Q[2]                   |            33.0 |
| embedded_system_i/PL_CLASSIFIER_w_VOTI_0/U0/PM_FSM/pm_FSM_Voting/count_reg_n_0_[0]         | embedded_system_i/PL_CLASSIFIER_w_VOTI_0/U0/PM_FSM/pm_FSM_Voting/count_reg_n_0_[0]      |            33.0 |
| embedded_system_i/PL_CLASSIFIER_w_VOTI_0/U0/PM_FSM/pm_FSM_Voting/count_reg_n_0_[1]         | embedded_system_i/PL_CLASSIFIER_w_VOTI_0/U0/PM_FSM/pm_FSM_Voting/count_reg_n_0_[1]      |            33.0 |
| embedded_system_i/PL_CLASSIFIER_w_VOTI_0/U0/PM_FSM/pm_FSM_Voting/count_reg_n_0_[2]         | embedded_system_i/PL_CLASSIFIER_w_VOTI_0/U0/PM_FSM/pm_FSM_Voting/count_reg_n_0_[2]      |            33.0 |
| embedded_system_i/PL_CLASSIFIER_w_VOTI_0/U0/PM_FSM/pm_FSM_Voting/count_reg_n_0_[3]         | embedded_system_i/PL_CLASSIFIER_w_VOTI_0/U0/PM_FSM/pm_FSM_Voting/count_reg_n_0_[3]      |            33.0 |
| embedded_system_i/PL_CLASSIFIER_w_VOTI_0/U0/PM_FSM/pm_FSM_Voting/count_reg_n_0_[4]         | embedded_system_i/PL_CLASSIFIER_w_VOTI_0/U0/PM_FSM/pm_FSM_Voting/count_reg_n_0_[4]      |            33.0 |
| embedded_system_i/PL_CLASSIFIER_w_VOTI_0/U0/PM_Voting/Q[0]                                 | embedded_system_i/PL_CLASSIFIER_w_VOTI_0/U0/PM_Voting/Q[0]                              |            33.0 |
| embedded_system_i/PL_CLASSIFIER_w_VOTI_0/U0/PM_Voting/count_clk_reg__0[0]                  | embedded_system_i/PL_CLASSIFIER_w_VOTI_0/U0/PM_Voting/count_clk_reg__0[0]               |            33.0 |
| embedded_system_i/PL_CLASSIFIER_w_VOTI_0/U0/PM_Voting/count_clk_reg__0[1]                  | embedded_system_i/PL_CLASSIFIER_w_VOTI_0/U0/PM_Voting/count_clk_reg__0[1]               |            33.0 |
| embedded_system_i/PL_CLASSIFIER_w_VOTI_0/U0/PM_Voting/count_clk_reg__0[2]                  | embedded_system_i/PL_CLASSIFIER_w_VOTI_0/U0/PM_Voting/count_clk_reg__0[2]               |            33.0 |
| embedded_system_i/PL_CLASSIFIER_w_VOTI_0/U0/PM_Voting/count_clk_reg__0[3]                  | embedded_system_i/PL_CLASSIFIER_w_VOTI_0/U0/PM_Voting/count_clk_reg__0[3]               |            33.0 |
+--------------------------------------------------------------------------------------------+-----------------------------------------------------------------------------------------+-----------------+


3. Detailed Reports
-------------------

3.1 By Hierarchy
----------------

+----------------------------+-----------+
| Name                       | Power (W) |
+----------------------------+-----------+
| embedded_system_wrapper    |     1.293 |
|   dbg_hub                  |     0.002 |
|     inst                   |     0.002 |
|       BSCANID.u_xsdbm_id   |     0.002 |
|   embedded_system_i        |     1.291 |
|     PL_CLASSIFIER_w_VOTI_0 |     0.010 |
|       U0                   |     0.010 |
|     axi_cdma_0             |     0.001 |
|       U0                   |     0.001 |
|     axi_dma_0              |     0.002 |
|       U0                   |     0.002 |
|     axi_dma_1              |     0.001 |
|       U0                   |     0.001 |
|     processing_system7_0   |     1.256 |
|       inst                 |     1.256 |
|     ps7_0_axi_periph       |     0.006 |
|       xbar                 |     0.001 |
|     system_ila_0           |     0.010 |
|       U0                   |     0.010 |
+----------------------------+-----------+


