INFO: [VRFC 10-2263] Analyzing Verilog file "C:/Users/yoxo/OneDrive/Documenti/work_dir/MAIN/PYNQ_SVM_CLASSIFIER/PYNQ_SVM_CLASSIFIER.sim/sim_1/synth/timing/xsim/TB_CLASSIFIER_w_VOTING_time_synth.v" into library xil_defaultlib
INFO: [VRFC 10-311] analyzing module RAM32X1S_UNIQ_BASE_
INFO: [VRFC 10-311] analyzing module RAM32X1S_HD37
INFO: [VRFC 10-311] analyzing module RAM32X1S_HD38
INFO: [VRFC 10-311] analyzing module RAM32X1S_HD39
INFO: [VRFC 10-311] analyzing module RAM32X1S_HD40
INFO: [VRFC 10-311] analyzing module RAM32X1S_HD41
INFO: [VRFC 10-311] analyzing module RAM32X1S_HD42
INFO: [VRFC 10-311] analyzing module RAM32X1S_HD43
INFO: [VRFC 10-311] analyzing module RAM32X1S_HD44
INFO: [VRFC 10-311] analyzing module RAM32X1S_HD45
INFO: [VRFC 10-311] analyzing module RAM32X1S_HD46
INFO: [VRFC 10-311] analyzing module RAM32X1S_HD47
INFO: [VRFC 10-311] analyzing module RAM32X1S_HD48
INFO: [VRFC 10-311] analyzing module RAM32X1S_HD49
INFO: [VRFC 10-311] analyzing module RAM32X1S_HD50
INFO: [VRFC 10-311] analyzing module RAM32X1S_HD51
INFO: [VRFC 10-311] analyzing module RAM32X1S_HD52
INFO: [VRFC 10-311] analyzing module RAM32X1S_HD53
INFO: [VRFC 10-311] analyzing module RAM32X1S_HD54
INFO: [VRFC 10-311] analyzing module Classifier
INFO: [VRFC 10-311] analyzing module DSP_AxB_Cascade
INFO: [VRFC 10-311] analyzing module DSP_AxB_Cascade_10
INFO: [VRFC 10-311] analyzing module DSP_AxB_Cascade_11
INFO: [VRFC 10-311] analyzing module DSP_AxB_Cascade_12
INFO: [VRFC 10-311] analyzing module DSP_AxB_Cascade_13
INFO: [VRFC 10-311] analyzing module DSP_AxB_Cascade_14
INFO: [VRFC 10-311] analyzing module DSP_AxB_Cascade_15
INFO: [VRFC 10-311] analyzing module DSP_AxB_Cascade_16
INFO: [VRFC 10-311] analyzing module DSP_AxB_Cascade_17
INFO: [VRFC 10-311] analyzing module DSP_AxB_Cascade_18
INFO: [VRFC 10-311] analyzing module DSP_AxB_Cascade_19
INFO: [VRFC 10-311] analyzing module DSP_AxB_Cascade_20
INFO: [VRFC 10-311] analyzing module DSP_AxB_Cascade_21
INFO: [VRFC 10-311] analyzing module DSP_AxB_Cascade_22
INFO: [VRFC 10-311] analyzing module DSP_AxB_Cascade_23
INFO: [VRFC 10-311] analyzing module DSP_AxB_Cascade_24
INFO: [VRFC 10-311] analyzing module DSP_AxB_Cascade_25
INFO: [VRFC 10-311] analyzing module DSP_AxB_Cascade_26
INFO: [VRFC 10-311] analyzing module DSP_AxB_Cascade_27
INFO: [VRFC 10-311] analyzing module DSP_AxB_Cascade_28
INFO: [VRFC 10-311] analyzing module DSP_AxB_Cascade_29
INFO: [VRFC 10-311] analyzing module DSP_AxB_Cascade_30
INFO: [VRFC 10-311] analyzing module DSP_AxB_Cascade_31
INFO: [VRFC 10-311] analyzing module DSP_AxB_Cascade_32
INFO: [VRFC 10-311] analyzing module DSP_AxB_Cascade_33
INFO: [VRFC 10-311] analyzing module DSP_AxB_Cascade_34
INFO: [VRFC 10-311] analyzing module DSP_AxB_Cascade_35
INFO: [VRFC 10-311] analyzing module DSP_AxB_Cascade_36
INFO: [VRFC 10-311] analyzing module DSP_AxB_Cascade_5
INFO: [VRFC 10-311] analyzing module DSP_AxB_Cascade_6
INFO: [VRFC 10-311] analyzing module DSP_AxB_Cascade_7
INFO: [VRFC 10-311] analyzing module DSP_AxB_Cascade_8
INFO: [VRFC 10-311] analyzing module DSP_AxB_Cascade_9
INFO: [VRFC 10-311] analyzing module DSP_AxB_Cascade_wo_PCIN
INFO: [VRFC 10-311] analyzing module DSP_AxB_plus_C
INFO: [VRFC 10-311] analyzing module FSM
INFO: [VRFC 10-311] analyzing module FSM_Kernel_Bias
INFO: [VRFC 10-311] analyzing module FSM_SIPO_PCV
INFO: [VRFC 10-311] analyzing module FSM_Voting
INFO: [VRFC 10-311] analyzing module PL_CLASSIFIER_w_VOTING
INFO: [VRFC 10-311] analyzing module RAM_Bias
INFO: [VRFC 10-311] analyzing module RAM_Kernel_Scale
INFO: [VRFC 10-311] analyzing module RAM_Pre_Computed_Vector
INFO: [VRFC 10-311] analyzing module SIPO_buffer
INFO: [VRFC 10-311] analyzing module SVM
INFO: [VRFC 10-311] analyzing module Voting_w_ce
INFO: [VRFC 10-311] analyzing module counter_3b
INFO: [VRFC 10-311] analyzing module counter_3b_0
INFO: [VRFC 10-311] analyzing module counter_3b_1
INFO: [VRFC 10-311] analyzing module counter_3b_2
INFO: [VRFC 10-311] analyzing module counter_3b_3
INFO: [VRFC 10-311] analyzing module counter_3b_4
INFO: [VRFC 10-311] analyzing module double_shift_reg
INFO: [VRFC 10-311] analyzing module double_shift_reg__parameterized1
INFO: [VRFC 10-311] analyzing module double_shift_reg__parameterized11
INFO: [VRFC 10-311] analyzing module double_shift_reg__parameterized13
INFO: [VRFC 10-311] analyzing module double_shift_reg__parameterized15
INFO: [VRFC 10-311] analyzing module double_shift_reg__parameterized17
INFO: [VRFC 10-311] analyzing module double_shift_reg__parameterized19
INFO: [VRFC 10-311] analyzing module double_shift_reg__parameterized21
INFO: [VRFC 10-311] analyzing module double_shift_reg__parameterized23
INFO: [VRFC 10-311] analyzing module double_shift_reg__parameterized25
INFO: [VRFC 10-311] analyzing module double_shift_reg__parameterized27
INFO: [VRFC 10-311] analyzing module double_shift_reg__parameterized29
INFO: [VRFC 10-311] analyzing module double_shift_reg__parameterized3
INFO: [VRFC 10-311] analyzing module double_shift_reg__parameterized31
INFO: [VRFC 10-311] analyzing module double_shift_reg__parameterized33
INFO: [VRFC 10-311] analyzing module double_shift_reg__parameterized35
INFO: [VRFC 10-311] analyzing module double_shift_reg__parameterized37
INFO: [VRFC 10-311] analyzing module double_shift_reg__parameterized39
INFO: [VRFC 10-311] analyzing module double_shift_reg__parameterized41
INFO: [VRFC 10-311] analyzing module double_shift_reg__parameterized43
INFO: [VRFC 10-311] analyzing module double_shift_reg__parameterized45
INFO: [VRFC 10-311] analyzing module double_shift_reg__parameterized47
INFO: [VRFC 10-311] analyzing module double_shift_reg__parameterized49
INFO: [VRFC 10-311] analyzing module double_shift_reg__parameterized5
INFO: [VRFC 10-311] analyzing module double_shift_reg__parameterized51
INFO: [VRFC 10-311] analyzing module double_shift_reg__parameterized53
INFO: [VRFC 10-311] analyzing module double_shift_reg__parameterized55
INFO: [VRFC 10-311] analyzing module double_shift_reg__parameterized57
INFO: [VRFC 10-311] analyzing module double_shift_reg__parameterized59
INFO: [VRFC 10-311] analyzing module double_shift_reg__parameterized61
INFO: [VRFC 10-311] analyzing module double_shift_reg__parameterized63
INFO: [VRFC 10-311] analyzing module double_shift_reg__parameterized7
INFO: [VRFC 10-311] analyzing module double_shift_reg__parameterized9
INFO: [VRFC 10-311] analyzing module incremental_pipe
INFO: [VRFC 10-311] analyzing module xilinx_single_port_ram_no_change
INFO: [VRFC 10-311] analyzing module xilinx_single_port_ram_no_change__parameterized1
INFO: [VRFC 10-311] analyzing module xilinx_single_port_ram_no_change__parameterized3
INFO: [VRFC 10-311] analyzing module glbl
