INFO: [VRFC 10-2263] Analyzing Verilog file "C:/Users/yoxo/Desktop/Giuseppe/Unical/CdL_LM_Tesi/Classifier_HW/PYNQ_SVM_CLASSIFIER/PYNQ_SVM_CLASSIFIER.sim/sim_1/synth/timing/xsim/TB_CLASSIFIER_w_VOTING_time_synth.v" into library xil_defaultlib
INFO: [VRFC 10-311] analyzing module RAM32X1S_UNIQ_BASE_
INFO: [VRFC 10-311] analyzing module RAM32X1S_HD427
INFO: [VRFC 10-311] analyzing module RAM32X1S_HD428
INFO: [VRFC 10-311] analyzing module RAM32X1S_HD429
INFO: [VRFC 10-311] analyzing module RAM32X1S_HD430
INFO: [VRFC 10-311] analyzing module RAM32X1S_HD431
INFO: [VRFC 10-311] analyzing module RAM32X1S_HD432
INFO: [VRFC 10-311] analyzing module RAM32X1S_HD433
INFO: [VRFC 10-311] analyzing module RAM32X1S_HD434
INFO: [VRFC 10-311] analyzing module RAM32X1S_HD435
INFO: [VRFC 10-311] analyzing module RAM32X1S_HD436
INFO: [VRFC 10-311] analyzing module RAM32X1S_HD437
INFO: [VRFC 10-311] analyzing module RAM32X1S_HD438
INFO: [VRFC 10-311] analyzing module RAM32X1S_HD439
INFO: [VRFC 10-311] analyzing module RAM32X1S_HD440
INFO: [VRFC 10-311] analyzing module RAM32X1S_HD441
INFO: [VRFC 10-311] analyzing module RAM32X1S_HD442
INFO: [VRFC 10-311] analyzing module RAM32X1S_HD443
INFO: [VRFC 10-311] analyzing module RAM32X1S_HD444
INFO: [VRFC 10-311] analyzing module Classifier
INFO: [VRFC 10-311] analyzing module DSP_AxB_Cascade
INFO: [VRFC 10-311] analyzing module DSP_AxB_Cascade_10
INFO: [VRFC 10-311] analyzing module DSP_AxB_Cascade_11
INFO: [VRFC 10-311] analyzing module DSP_AxB_Cascade_12
INFO: [VRFC 10-311] analyzing module DSP_AxB_Cascade_13
INFO: [VRFC 10-311] analyzing module DSP_AxB_Cascade_14
INFO: [VRFC 10-311] analyzing module DSP_AxB_Cascade_15
INFO: [VRFC 10-311] analyzing module DSP_AxB_Cascade_16
INFO: [VRFC 10-311] analyzing module DSP_AxB_Cascade_17
INFO: [VRFC 10-311] analyzing module DSP_AxB_Cascade_18
INFO: [VRFC 10-311] analyzing module DSP_AxB_Cascade_19
INFO: [VRFC 10-311] analyzing module DSP_AxB_Cascade_20
INFO: [VRFC 10-311] analyzing module DSP_AxB_Cascade_21
INFO: [VRFC 10-311] analyzing module DSP_AxB_Cascade_22
INFO: [VRFC 10-311] analyzing module DSP_AxB_Cascade_23
INFO: [VRFC 10-311] analyzing module DSP_AxB_Cascade_24
INFO: [VRFC 10-311] analyzing module DSP_AxB_Cascade_25
INFO: [VRFC 10-311] analyzing module DSP_AxB_Cascade_26
INFO: [VRFC 10-311] analyzing module DSP_AxB_Cascade_27
INFO: [VRFC 10-311] analyzing module DSP_AxB_Cascade_28
INFO: [VRFC 10-311] analyzing module DSP_AxB_Cascade_29
INFO: [VRFC 10-311] analyzing module DSP_AxB_Cascade_30
INFO: [VRFC 10-311] analyzing module DSP_AxB_Cascade_31
INFO: [VRFC 10-311] analyzing module DSP_AxB_Cascade_32
INFO: [VRFC 10-311] analyzing module DSP_AxB_Cascade_33
INFO: [VRFC 10-311] analyzing module DSP_AxB_Cascade_34
INFO: [VRFC 10-311] analyzing module DSP_AxB_Cascade_35
INFO: [VRFC 10-311] analyzing module DSP_AxB_Cascade_36
INFO: [VRFC 10-311] analyzing module DSP_AxB_Cascade_5
INFO: [VRFC 10-311] analyzing module DSP_AxB_Cascade_6
INFO: [VRFC 10-311] analyzing module DSP_AxB_Cascade_7
INFO: [VRFC 10-311] analyzing module DSP_AxB_Cascade_8
INFO: [VRFC 10-311] analyzing module DSP_AxB_Cascade_9
INFO: [VRFC 10-311] analyzing module DSP_AxB_Cascade_wo_PCIN
INFO: [VRFC 10-311] analyzing module DSP_AxB_plus_C
INFO: [VRFC 10-311] analyzing module FSM
INFO: [VRFC 10-311] analyzing module FSM_Kernel_Bias
INFO: [VRFC 10-311] analyzing module FSM_SIPO_PCV
INFO: [VRFC 10-311] analyzing module FSM_Voting
INFO: [VRFC 10-311] analyzing module PL_CLASSIFIER_w_VOTING
INFO: [VRFC 10-311] analyzing module RAM_Bias
INFO: [VRFC 10-311] analyzing module RAM_Kernel_Scale
INFO: [VRFC 10-311] analyzing module RAM_Pre_Computed_Vector
INFO: [VRFC 10-311] analyzing module SIPO_buffer
INFO: [VRFC 10-311] analyzing module SVM
INFO: [VRFC 10-311] analyzing module Voting_w_ce
INFO: [VRFC 10-311] analyzing module counter_3b
INFO: [VRFC 10-311] analyzing module counter_3b_0
INFO: [VRFC 10-311] analyzing module counter_3b_1
INFO: [VRFC 10-311] analyzing module counter_3b_2
INFO: [VRFC 10-311] analyzing module counter_3b_3
INFO: [VRFC 10-311] analyzing module counter_3b_4
INFO: [VRFC 10-311] analyzing module double_shift_reg
INFO: [VRFC 10-311] analyzing module double_shift_reg__parameterized1
INFO: [VRFC 10-311] analyzing module double_shift_reg__parameterized11
INFO: [VRFC 10-311] analyzing module double_shift_reg__parameterized13
INFO: [VRFC 10-311] analyzing module double_shift_reg__parameterized15
INFO: [VRFC 10-311] analyzing module double_shift_reg__parameterized17
INFO: [VRFC 10-311] analyzing module double_shift_reg__parameterized19
INFO: [VRFC 10-311] analyzing module double_shift_reg__parameterized21
INFO: [VRFC 10-311] analyzing module double_shift_reg__parameterized23
INFO: [VRFC 10-311] analyzing module double_shift_reg__parameterized25
INFO: [VRFC 10-311] analyzing module double_shift_reg__parameterized27
INFO: [VRFC 10-311] analyzing module double_shift_reg__parameterized29
INFO: [VRFC 10-311] analyzing module double_shift_reg__parameterized3
INFO: [VRFC 10-311] analyzing module double_shift_reg__parameterized31
INFO: [VRFC 10-311] analyzing module double_shift_reg__parameterized33
INFO: [VRFC 10-311] analyzing module double_shift_reg__parameterized35
INFO: [VRFC 10-311] analyzing module double_shift_reg__parameterized37
INFO: [VRFC 10-311] analyzing module double_shift_reg__parameterized39
INFO: [VRFC 10-311] analyzing module double_shift_reg__parameterized41
INFO: [VRFC 10-311] analyzing module double_shift_reg__parameterized43
INFO: [VRFC 10-311] analyzing module double_shift_reg__parameterized45
INFO: [VRFC 10-311] analyzing module double_shift_reg__parameterized47
INFO: [VRFC 10-311] analyzing module double_shift_reg__parameterized49
INFO: [VRFC 10-311] analyzing module double_shift_reg__parameterized5
INFO: [VRFC 10-311] analyzing module double_shift_reg__parameterized51
INFO: [VRFC 10-311] analyzing module double_shift_reg__parameterized53
INFO: [VRFC 10-311] analyzing module double_shift_reg__parameterized55
INFO: [VRFC 10-311] analyzing module double_shift_reg__parameterized57
INFO: [VRFC 10-311] analyzing module double_shift_reg__parameterized59
INFO: [VRFC 10-311] analyzing module double_shift_reg__parameterized61
INFO: [VRFC 10-311] analyzing module double_shift_reg__parameterized63
INFO: [VRFC 10-311] analyzing module double_shift_reg__parameterized7
INFO: [VRFC 10-311] analyzing module double_shift_reg__parameterized9
INFO: [VRFC 10-311] analyzing module incremental_pipe
INFO: [VRFC 10-311] analyzing module xilinx_single_port_ram_no_change
INFO: [VRFC 10-311] analyzing module xilinx_single_port_ram_no_change__parameterized1
INFO: [VRFC 10-311] analyzing module xilinx_single_port_ram_no_change__parameterized3
INFO: [VRFC 10-311] analyzing module glbl
