INFO: [VRFC 10-2263] Analyzing Verilog file "C:/work/Master_Degree_Thesis/HW_SVM/HW_SVM.sim/sim_1/synth/timing/xsim/TB_Top_Level_time_synth.v" into library xil_defaultlib
INFO: [VRFC 10-311] analyzing module RAM32X1S_UNIQ_BASE_
INFO: [VRFC 10-311] analyzing module RAM32X1S_HD2149
INFO: [VRFC 10-311] analyzing module RAM32X1S_HD2150
INFO: [VRFC 10-311] analyzing module RAM32X1S_HD2151
INFO: [VRFC 10-311] analyzing module RAM32X1S_HD2152
INFO: [VRFC 10-311] analyzing module RAM32X1S_HD2153
INFO: [VRFC 10-311] analyzing module RAM32X1S_HD2154
INFO: [VRFC 10-311] analyzing module RAM32X1S_HD2155
INFO: [VRFC 10-311] analyzing module RAM32X1S_HD2156
INFO: [VRFC 10-311] analyzing module RAM32X1S_HD2157
INFO: [VRFC 10-311] analyzing module RAM32X1S_HD2158
INFO: [VRFC 10-311] analyzing module RAM32X1S_HD2159
INFO: [VRFC 10-311] analyzing module RAM32X1S_HD2160
INFO: [VRFC 10-311] analyzing module RAM32X1S_HD2161
INFO: [VRFC 10-311] analyzing module RAM32X1S_HD2162
INFO: [VRFC 10-311] analyzing module RAM32X1S_HD2163
INFO: [VRFC 10-311] analyzing module RAM32X1S_HD2164
INFO: [VRFC 10-311] analyzing module RAM32X1S_HD2165
INFO: [VRFC 10-311] analyzing module RAM32X1S_HD2166
INFO: [VRFC 10-311] analyzing module RAM32X1S_HD2167
INFO: [VRFC 10-311] analyzing module RAM32X1S_HD2168
INFO: [VRFC 10-311] analyzing module RAM32X1S_HD2169
INFO: [VRFC 10-311] analyzing module RAM32X1S_HD2170
INFO: [VRFC 10-311] analyzing module RAM32X1S_HD2171
INFO: [VRFC 10-311] analyzing module RAM32X1S_HD2172
INFO: [VRFC 10-311] analyzing module RAM32X1S_HD2173
INFO: [VRFC 10-311] analyzing module RAM32X1S_HD2174
INFO: [VRFC 10-311] analyzing module RAM32X1S_HD2175
INFO: [VRFC 10-311] analyzing module RAM32X1S_HD2176
INFO: [VRFC 10-311] analyzing module RAM32X1S_HD2177
INFO: [VRFC 10-311] analyzing module RAM32X1S_HD2178
INFO: [VRFC 10-311] analyzing module RAM32X1S_HD2179
INFO: [VRFC 10-311] analyzing module RAM32X1S_HD2180
INFO: [VRFC 10-311] analyzing module RAM32X1S_HD2181
INFO: [VRFC 10-311] analyzing module RAM32X1S_HD2182
INFO: [VRFC 10-311] analyzing module RAM32X1S_HD2183
INFO: [VRFC 10-311] analyzing module RAM32X1S_HD2184
INFO: [VRFC 10-311] analyzing module RAM32X1S_HD2185
INFO: [VRFC 10-311] analyzing module RAM32X1S_HD2186
INFO: [VRFC 10-311] analyzing module RAM32X1S_HD2187
INFO: [VRFC 10-311] analyzing module RAM32X1S_HD2188
INFO: [VRFC 10-311] analyzing module RAM32X1S_HD2189
INFO: [VRFC 10-311] analyzing module RAM32X1S_HD2190
INFO: [VRFC 10-311] analyzing module RAM32X1S_HD2191
INFO: [VRFC 10-311] analyzing module RAM32X1S_HD2192
INFO: [VRFC 10-311] analyzing module RAM32X1S_HD2193
INFO: [VRFC 10-311] analyzing module RAM32X1S_HD2194
INFO: [VRFC 10-311] analyzing module RAM32X1S_HD2195
INFO: [VRFC 10-311] analyzing module RAM32X1S_HD2196
INFO: [VRFC 10-311] analyzing module RAM32X1S_HD2197
INFO: [VRFC 10-311] analyzing module RAM32X1S_HD2198
INFO: [VRFC 10-311] analyzing module RAM32X1S_HD2199
INFO: [VRFC 10-311] analyzing module RAM32X1S_HD2200
INFO: [VRFC 10-311] analyzing module RAM32X1S_HD2201
INFO: [VRFC 10-311] analyzing module RAM32X1S_HD2202
INFO: [VRFC 10-311] analyzing module RAM32X1S_HD2203
INFO: [VRFC 10-311] analyzing module RAM32X1S_HD2204
INFO: [VRFC 10-311] analyzing module RAM32X1S_HD2205
INFO: [VRFC 10-311] analyzing module RAM32X1S_HD2206
INFO: [VRFC 10-311] analyzing module RAM32X1S_HD2207
INFO: [VRFC 10-311] analyzing module RAM32X1S_HD2208
INFO: [VRFC 10-311] analyzing module RAM32X1S_HD2209
INFO: [VRFC 10-311] analyzing module RAM32X1S_HD2210
INFO: [VRFC 10-311] analyzing module RAM32X1S_HD2211
INFO: [VRFC 10-311] analyzing module RAM32X1S_HD2212
INFO: [VRFC 10-311] analyzing module RAM32X1S_HD2213
INFO: [VRFC 10-311] analyzing module RAM32X1S_HD2214
INFO: [VRFC 10-311] analyzing module RAM32X1S_HD2215
INFO: [VRFC 10-311] analyzing module RAM32X1S_HD2216
INFO: [VRFC 10-311] analyzing module RAM32X1S_HD2217
INFO: [VRFC 10-311] analyzing module RAM32X1S_HD2218
INFO: [VRFC 10-311] analyzing module RAM32X1S_HD2219
INFO: [VRFC 10-311] analyzing module RAM32X1S_HD2220
INFO: [VRFC 10-311] analyzing module RAM32X1S_HD2221
INFO: [VRFC 10-311] analyzing module RAM32X1S_HD2222
INFO: [VRFC 10-311] analyzing module RAM32X1S_HD2223
INFO: [VRFC 10-311] analyzing module RAM32X1S_HD2224
INFO: [VRFC 10-311] analyzing module RAM32X1S_HD2225
INFO: [VRFC 10-311] analyzing module RAM32X1S_HD2226
INFO: [VRFC 10-311] analyzing module RAM32X1S_HD2227
INFO: [VRFC 10-311] analyzing module RAM32X1S_HD2228
INFO: [VRFC 10-311] analyzing module RAM32X1S_HD2229
INFO: [VRFC 10-311] analyzing module RAM32X1S_HD2230
INFO: [VRFC 10-311] analyzing module RAM32X1S_HD2231
INFO: [VRFC 10-311] analyzing module RAM32X1S_HD2232
INFO: [VRFC 10-311] analyzing module RAM32X1S_HD2233
INFO: [VRFC 10-311] analyzing module RAM32X1S_HD2234
INFO: [VRFC 10-311] analyzing module RAM32X1S_HD2235
INFO: [VRFC 10-311] analyzing module RAM32X1S_HD2236
INFO: [VRFC 10-311] analyzing module RAM32X1S_HD2237
INFO: [VRFC 10-311] analyzing module RAM32X1S_HD2238
INFO: [VRFC 10-311] analyzing module RAM32X1S_HD2239
INFO: [VRFC 10-311] analyzing module RAM32X1S_HD2240
INFO: [VRFC 10-311] analyzing module RAM32X1S_HD2241
INFO: [VRFC 10-311] analyzing module RAM32X1S_HD2242
INFO: [VRFC 10-311] analyzing module RAM32X1S_HD2243
INFO: [VRFC 10-311] analyzing module RAM32X1S_HD2244
INFO: [VRFC 10-311] analyzing module RAM32X1S_HD2245
INFO: [VRFC 10-311] analyzing module RAM32X1S_HD2246
INFO: [VRFC 10-311] analyzing module RAM32X1S_HD2247
INFO: [VRFC 10-311] analyzing module RAM32X1S_HD2248
INFO: [VRFC 10-311] analyzing module RAM32X1S_HD2249
INFO: [VRFC 10-311] analyzing module RAM32X1S_HD2250
INFO: [VRFC 10-311] analyzing module RAM32X1S_HD2251
INFO: [VRFC 10-311] analyzing module RAM32X1S_HD2252
INFO: [VRFC 10-311] analyzing module RAM32X1S_HD2253
INFO: [VRFC 10-311] analyzing module RAM32X1S_HD2254
INFO: [VRFC 10-311] analyzing module RAM32X1S_HD2255
INFO: [VRFC 10-311] analyzing module RAM32X1S_HD2256
INFO: [VRFC 10-311] analyzing module RAM32X1S_HD2257
INFO: [VRFC 10-311] analyzing module RAM32X1S_HD2258
INFO: [VRFC 10-311] analyzing module RAM32X1S_HD2259
INFO: [VRFC 10-311] analyzing module RAM32X1S_HD2260
INFO: [VRFC 10-311] analyzing module RAM32X1S_HD2261
INFO: [VRFC 10-311] analyzing module RAM32X1S_HD2262
INFO: [VRFC 10-311] analyzing module RAM32X1S_HD2263
INFO: [VRFC 10-311] analyzing module RAM32X1S_HD2264
INFO: [VRFC 10-311] analyzing module RAM32X1S_HD2265
INFO: [VRFC 10-311] analyzing module RAM32X1S_HD2266
INFO: [VRFC 10-311] analyzing module RAM32X1S_HD2267
INFO: [VRFC 10-311] analyzing module RAM32X1S_HD2268
INFO: [VRFC 10-311] analyzing module RAM32X1S_HD2269
INFO: [VRFC 10-311] analyzing module RAM32X1S_HD2270
INFO: [VRFC 10-311] analyzing module RAM32X1S_HD2271
INFO: [VRFC 10-311] analyzing module RAM32X1S_HD2272
INFO: [VRFC 10-311] analyzing module RAM32X1S_HD2273
INFO: [VRFC 10-311] analyzing module RAM32X1S_HD2274
INFO: [VRFC 10-311] analyzing module RAM32X1S_HD2275
INFO: [VRFC 10-311] analyzing module RAM32X1S_HD2276
INFO: [VRFC 10-311] analyzing module RAM32X1S_HD2277
INFO: [VRFC 10-311] analyzing module RAM32X1S_HD2278
INFO: [VRFC 10-311] analyzing module RAM32X1S_HD2279
INFO: [VRFC 10-311] analyzing module RAM32X1S_HD2280
INFO: [VRFC 10-311] analyzing module RAM32X1S_HD2281
INFO: [VRFC 10-311] analyzing module RAM32X1S_HD2282
INFO: [VRFC 10-311] analyzing module RAM32X1S_HD2283
INFO: [VRFC 10-311] analyzing module RAM32X1S_HD2284
INFO: [VRFC 10-311] analyzing module RAM32X1S_HD2285
INFO: [VRFC 10-311] analyzing module RAM32X1S_HD2286
INFO: [VRFC 10-311] analyzing module RAM32X1S_HD2287
INFO: [VRFC 10-311] analyzing module RAM32X1S_HD2288
INFO: [VRFC 10-311] analyzing module RAM32X1S_HD2289
INFO: [VRFC 10-311] analyzing module RAM32X1S_HD2290
INFO: [VRFC 10-311] analyzing module RAM32X1S_HD2291
INFO: [VRFC 10-311] analyzing module RAM32X1S_HD2292
INFO: [VRFC 10-311] analyzing module RAM32X1S_HD2293
INFO: [VRFC 10-311] analyzing module RAM32X1S_HD2294
INFO: [VRFC 10-311] analyzing module RAM32X1S_HD2295
INFO: [VRFC 10-311] analyzing module RAM32X1S_HD2296
INFO: [VRFC 10-311] analyzing module RAM32X1S_HD2297
INFO: [VRFC 10-311] analyzing module RAM32X1S_HD2298
INFO: [VRFC 10-311] analyzing module RAM32X1S_HD2299
INFO: [VRFC 10-311] analyzing module RAM32X1S_HD2300
INFO: [VRFC 10-311] analyzing module RAM32X1S_HD2301
INFO: [VRFC 10-311] analyzing module RAM32X1S_HD2302
INFO: [VRFC 10-311] analyzing module RAM32X1S_HD2303
INFO: [VRFC 10-311] analyzing module RAM32X1S_HD2304
INFO: [VRFC 10-311] analyzing module RAM32X1S_HD2305
INFO: [VRFC 10-311] analyzing module RAM32X1S_HD2306
INFO: [VRFC 10-311] analyzing module RAM32X1S_HD2307
INFO: [VRFC 10-311] analyzing module RAM32X1S_HD2308
INFO: [VRFC 10-311] analyzing module RAM32X1S_HD2309
INFO: [VRFC 10-311] analyzing module RAM32X1S_HD2310
INFO: [VRFC 10-311] analyzing module RAM32X1S_HD2311
INFO: [VRFC 10-311] analyzing module RAM32X1S_HD2312
INFO: [VRFC 10-311] analyzing module RAM32X1S_HD2313
INFO: [VRFC 10-311] analyzing module RAM32X1S_HD2314
INFO: [VRFC 10-311] analyzing module RAM32X1S_HD2315
INFO: [VRFC 10-311] analyzing module RAM32X1S_HD2316
INFO: [VRFC 10-311] analyzing module RAM32X1S_HD2317
INFO: [VRFC 10-311] analyzing module RAM32X1S_HD2318
INFO: [VRFC 10-311] analyzing module RAM32X1S_HD2319
INFO: [VRFC 10-311] analyzing module RAM32X1S_HD2320
INFO: [VRFC 10-311] analyzing module RAM32X1S_HD2321
INFO: [VRFC 10-311] analyzing module RAM32X1S_HD2322
INFO: [VRFC 10-311] analyzing module RAM32X1S_HD2323
INFO: [VRFC 10-311] analyzing module RAM32X1S_HD2324
INFO: [VRFC 10-311] analyzing module RAM32X1S_HD2325
INFO: [VRFC 10-311] analyzing module RAM32X1S_HD2326
INFO: [VRFC 10-311] analyzing module RAM32X1S_HD2327
INFO: [VRFC 10-311] analyzing module RAM32X1S_HD2328
INFO: [VRFC 10-311] analyzing module RAM32X1S_HD2329
INFO: [VRFC 10-311] analyzing module RAM32X1S_HD2330
INFO: [VRFC 10-311] analyzing module RAM32X1S_HD2331
INFO: [VRFC 10-311] analyzing module RAM32X1S_HD2332
INFO: [VRFC 10-311] analyzing module RAM32X1S_HD2333
INFO: [VRFC 10-311] analyzing module RAM32X1S_HD2334
INFO: [VRFC 10-311] analyzing module RAM32X1S_HD2335
INFO: [VRFC 10-311] analyzing module RAM32X1S_HD2336
INFO: [VRFC 10-311] analyzing module RAM32X1S_HD2337
INFO: [VRFC 10-311] analyzing module RAM32X1S_HD2338
INFO: [VRFC 10-311] analyzing module RAM32X1S_HD2339
INFO: [VRFC 10-311] analyzing module RAM32X1S_HD2340
INFO: [VRFC 10-311] analyzing module RAM32X1S_HD2341
INFO: [VRFC 10-311] analyzing module RAM32X1S_HD2342
INFO: [VRFC 10-311] analyzing module RAM32X1S_HD2343
INFO: [VRFC 10-311] analyzing module RAM32X1S_HD2344
INFO: [VRFC 10-311] analyzing module RAM32X1S_HD2345
INFO: [VRFC 10-311] analyzing module RAM32X1S_HD2346
INFO: [VRFC 10-311] analyzing module RAM32X1S_HD2347
INFO: [VRFC 10-311] analyzing module RAM32X1S_HD2348
INFO: [VRFC 10-311] analyzing module RAM32X1S_HD2349
INFO: [VRFC 10-311] analyzing module RAM32X1S_HD2350
INFO: [VRFC 10-311] analyzing module RAM32X1S_HD2351
INFO: [VRFC 10-311] analyzing module RAM32X1S_HD2352
INFO: [VRFC 10-311] analyzing module RAM32X1S_HD2353
INFO: [VRFC 10-311] analyzing module RAM32X1S_HD2354
INFO: [VRFC 10-311] analyzing module RAM32X1S_HD2355
INFO: [VRFC 10-311] analyzing module RAM32X1S_HD2356
INFO: [VRFC 10-311] analyzing module RAM32X1S_HD2357
INFO: [VRFC 10-311] analyzing module RAM32X1S_HD2358
INFO: [VRFC 10-311] analyzing module RAM32X1S_HD2359
INFO: [VRFC 10-311] analyzing module RAM32X1S_HD2360
INFO: [VRFC 10-311] analyzing module RAM32X1S_HD2361
INFO: [VRFC 10-311] analyzing module RAM32X1S_HD2362
INFO: [VRFC 10-311] analyzing module RAM32X1S_HD2363
INFO: [VRFC 10-311] analyzing module RAM32X1S_HD2364
INFO: [VRFC 10-311] analyzing module RAM32X1S_HD2365
INFO: [VRFC 10-311] analyzing module RAM32X1S_HD2366
INFO: [VRFC 10-311] analyzing module RAM32X1S_HD2367
INFO: [VRFC 10-311] analyzing module RAM32X1S_HD2368
INFO: [VRFC 10-311] analyzing module RAM32X1S_HD2369
INFO: [VRFC 10-311] analyzing module RAM32X1S_HD2370
INFO: [VRFC 10-311] analyzing module RAM32X1S_HD2371
INFO: [VRFC 10-311] analyzing module RAM32X1S_HD2372
INFO: [VRFC 10-311] analyzing module RAM32X1S_HD2373
INFO: [VRFC 10-311] analyzing module RAM32X1S_HD2374
INFO: [VRFC 10-311] analyzing module RAM32X1S_HD2375
INFO: [VRFC 10-311] analyzing module RAM32X1S_HD2376
INFO: [VRFC 10-311] analyzing module RAM32X1S_HD2377
INFO: [VRFC 10-311] analyzing module RAM32X1S_HD2378
INFO: [VRFC 10-311] analyzing module RAM32X1S_HD2379
INFO: [VRFC 10-311] analyzing module RAM32X1S_HD2380
INFO: [VRFC 10-311] analyzing module RAM32X1S_HD2381
INFO: [VRFC 10-311] analyzing module RAM32X1S_HD2382
INFO: [VRFC 10-311] analyzing module RAM32X1S_HD2383
INFO: [VRFC 10-311] analyzing module RAM32X1S_HD2384
INFO: [VRFC 10-311] analyzing module RAM32X1S_HD2385
INFO: [VRFC 10-311] analyzing module RAM32X1S_HD2386
INFO: [VRFC 10-311] analyzing module RAM32X1S_HD2387
INFO: [VRFC 10-311] analyzing module RAM32X1S_HD2388
INFO: [VRFC 10-311] analyzing module RAM32X1S_HD2389
INFO: [VRFC 10-311] analyzing module RAM32X1S_HD2390
INFO: [VRFC 10-311] analyzing module RAM32X1S_HD2391
INFO: [VRFC 10-311] analyzing module RAM32X1S_HD2392
INFO: [VRFC 10-311] analyzing module RAM32X1S_HD2393
INFO: [VRFC 10-311] analyzing module RAM32X1S_HD2394
INFO: [VRFC 10-311] analyzing module RAM32X1S_HD2395
INFO: [VRFC 10-311] analyzing module RAM32X1S_HD2396
INFO: [VRFC 10-311] analyzing module RAM32X1S_HD2397
INFO: [VRFC 10-311] analyzing module RAM32X1S_HD2398
INFO: [VRFC 10-311] analyzing module RAM32X1S_HD2399
INFO: [VRFC 10-311] analyzing module RAM32X1S_HD2400
INFO: [VRFC 10-311] analyzing module RAM32X1S_HD2401
INFO: [VRFC 10-311] analyzing module RAM32X1S_HD2402
INFO: [VRFC 10-311] analyzing module RAM32X1S_HD2403
INFO: [VRFC 10-311] analyzing module RAM32X1S_HD2404
INFO: [VRFC 10-311] analyzing module RAM32X1S_HD2405
INFO: [VRFC 10-311] analyzing module RAM32X1S_HD2406
INFO: [VRFC 10-311] analyzing module RAM32X1S_HD2407
INFO: [VRFC 10-311] analyzing module RAM32X1S_HD2408
INFO: [VRFC 10-311] analyzing module RAM32X1S_HD2409
INFO: [VRFC 10-311] analyzing module RAM32X1S_HD2410
INFO: [VRFC 10-311] analyzing module RAM32X1S_HD2411
INFO: [VRFC 10-311] analyzing module RAM32X1S_HD2412
INFO: [VRFC 10-311] analyzing module RAM32X1S_HD2413
INFO: [VRFC 10-311] analyzing module RAM32X1S_HD2414
INFO: [VRFC 10-311] analyzing module RAM32X1S_HD2415
INFO: [VRFC 10-311] analyzing module RAM32X1S_HD2416
INFO: [VRFC 10-311] analyzing module RAM32X1S_HD2417
INFO: [VRFC 10-311] analyzing module RAM32X1S_HD2418
INFO: [VRFC 10-311] analyzing module RAM32X1S_HD2419
INFO: [VRFC 10-311] analyzing module RAM32X1S_HD2420
INFO: [VRFC 10-311] analyzing module RAM32X1S_HD2421
INFO: [VRFC 10-311] analyzing module RAM32X1S_HD2422
INFO: [VRFC 10-311] analyzing module RAM32X1S_HD2423
INFO: [VRFC 10-311] analyzing module RAM32X1S_HD2424
INFO: [VRFC 10-311] analyzing module RAM32X1S_HD2425
INFO: [VRFC 10-311] analyzing module RAM32X1S_HD2426
INFO: [VRFC 10-311] analyzing module RAM32X1S_HD2427
INFO: [VRFC 10-311] analyzing module RAM32X1S_HD2428
INFO: [VRFC 10-311] analyzing module RAM32X1S_HD2429
INFO: [VRFC 10-311] analyzing module RAM32X1S_HD2430
INFO: [VRFC 10-311] analyzing module RAM32X1S_HD2431
INFO: [VRFC 10-311] analyzing module RAM32X1S_HD2432
INFO: [VRFC 10-311] analyzing module RAM32X1S_HD2433
INFO: [VRFC 10-311] analyzing module RAM32X1S_HD2434
INFO: [VRFC 10-311] analyzing module RAM32X1S_HD2435
INFO: [VRFC 10-311] analyzing module RAM32X1S_HD2436
INFO: [VRFC 10-311] analyzing module RAM32X1S_HD2437
INFO: [VRFC 10-311] analyzing module RAM32X1S_HD2438
INFO: [VRFC 10-311] analyzing module RAM32X1S_HD2439
INFO: [VRFC 10-311] analyzing module RAM32X1S_HD2440
INFO: [VRFC 10-311] analyzing module RAM32X1S_HD2441
INFO: [VRFC 10-311] analyzing module RAM32X1S_HD2442
INFO: [VRFC 10-311] analyzing module RAM32X1S_HD2443
INFO: [VRFC 10-311] analyzing module RAM32X1S_HD2444
INFO: [VRFC 10-311] analyzing module RAM32X1S_HD2445
INFO: [VRFC 10-311] analyzing module RAM32X1S_HD2446
INFO: [VRFC 10-311] analyzing module RAM32X1S_HD2447
INFO: [VRFC 10-311] analyzing module RAM32X1S_HD2448
INFO: [VRFC 10-311] analyzing module RAM32X1S_HD2449
INFO: [VRFC 10-311] analyzing module RAM32X1S_HD2450
INFO: [VRFC 10-311] analyzing module RAM32X1S_HD2451
INFO: [VRFC 10-311] analyzing module RAM32X1S_HD2452
INFO: [VRFC 10-311] analyzing module RAM32X1S_HD2453
INFO: [VRFC 10-311] analyzing module RAM32X1S_HD2454
INFO: [VRFC 10-311] analyzing module RAM32X1S_HD2455
INFO: [VRFC 10-311] analyzing module RAM32X1S_HD2456
INFO: [VRFC 10-311] analyzing module RAM32X1S_HD2457
INFO: [VRFC 10-311] analyzing module RAM32X1S_HD2458
INFO: [VRFC 10-311] analyzing module RAM32X1S_HD2459
INFO: [VRFC 10-311] analyzing module RAM32X1S_HD2460
INFO: [VRFC 10-311] analyzing module RAM32X1S_HD2461
INFO: [VRFC 10-311] analyzing module RAM32X1S_HD2462
INFO: [VRFC 10-311] analyzing module RAM32X1S_HD2463
INFO: [VRFC 10-311] analyzing module RAM32X1S_HD2464
INFO: [VRFC 10-311] analyzing module RAM32X1S_HD2465
INFO: [VRFC 10-311] analyzing module RAM32X1S_HD2466
INFO: [VRFC 10-311] analyzing module RAM32X1S_HD2467
INFO: [VRFC 10-311] analyzing module RAM32X1S_HD2468
INFO: [VRFC 10-311] analyzing module RAM32X1S_HD2469
INFO: [VRFC 10-311] analyzing module RAM32X1S_HD2470
INFO: [VRFC 10-311] analyzing module RAM32X1S_HD2471
INFO: [VRFC 10-311] analyzing module RAM32X1S_HD2472
INFO: [VRFC 10-311] analyzing module RAM32X1S_HD2473
INFO: [VRFC 10-311] analyzing module RAM32X1S_HD2474
INFO: [VRFC 10-311] analyzing module RAM32X1S_HD2475
INFO: [VRFC 10-311] analyzing module RAM32X1S_HD2476
INFO: [VRFC 10-311] analyzing module RAM32X1S_HD2477
INFO: [VRFC 10-311] analyzing module RAM32X1S_HD2478
INFO: [VRFC 10-311] analyzing module RAM32X1S_HD2479
INFO: [VRFC 10-311] analyzing module RAM32X1S_HD2480
INFO: [VRFC 10-311] analyzing module RAM32X1S_HD2481
INFO: [VRFC 10-311] analyzing module RAM32X1S_HD2482
INFO: [VRFC 10-311] analyzing module RAM32X1S_HD2483
INFO: [VRFC 10-311] analyzing module RAM32X1S_HD2484
INFO: [VRFC 10-311] analyzing module RAM32X1S_HD2485
INFO: [VRFC 10-311] analyzing module RAM32X1S_HD2486
INFO: [VRFC 10-311] analyzing module RAM32X1S_HD2487
INFO: [VRFC 10-311] analyzing module RAM32X1S_HD2488
INFO: [VRFC 10-311] analyzing module RAM32X1S_HD2489
INFO: [VRFC 10-311] analyzing module RAM32X1S_HD2490
INFO: [VRFC 10-311] analyzing module RAM32X1S_HD2491
INFO: [VRFC 10-311] analyzing module RAM32X1S_HD2492
INFO: [VRFC 10-311] analyzing module RAM32X1S_HD2493
INFO: [VRFC 10-311] analyzing module RAM32X1S_HD2494
INFO: [VRFC 10-311] analyzing module RAM32X1S_HD2495
INFO: [VRFC 10-311] analyzing module RAM32X1S_HD2496
INFO: [VRFC 10-311] analyzing module RAM32X1S_HD2497
INFO: [VRFC 10-311] analyzing module RAM32X1S_HD2498
INFO: [VRFC 10-311] analyzing module RAM32X1S_HD2499
INFO: [VRFC 10-311] analyzing module RAM32X1S_HD2500
INFO: [VRFC 10-311] analyzing module RAM32X1S_HD2501
INFO: [VRFC 10-311] analyzing module RAM32X1S_HD2502
INFO: [VRFC 10-311] analyzing module RAM32X1S_HD2503
INFO: [VRFC 10-311] analyzing module RAM32X1S_HD2504
INFO: [VRFC 10-311] analyzing module RAM32X1S_HD2505
INFO: [VRFC 10-311] analyzing module RAM32X1S_HD2506
INFO: [VRFC 10-311] analyzing module RAM32X1S_HD2507
INFO: [VRFC 10-311] analyzing module RAM32X1S_HD2508
INFO: [VRFC 10-311] analyzing module RAM32X1S_HD2509
INFO: [VRFC 10-311] analyzing module RAM32X1S_HD2510
INFO: [VRFC 10-311] analyzing module RAM32X1S_HD2511
INFO: [VRFC 10-311] analyzing module RAM32X1S_HD2512
INFO: [VRFC 10-311] analyzing module RAM32X1S_HD2513
INFO: [VRFC 10-311] analyzing module RAM32X1S_HD2514
INFO: [VRFC 10-311] analyzing module RAM32X1S_HD2515
INFO: [VRFC 10-311] analyzing module RAM32X1S_HD2516
INFO: [VRFC 10-311] analyzing module RAM32X1S_HD2517
INFO: [VRFC 10-311] analyzing module RAM32X1S_HD2518
INFO: [VRFC 10-311] analyzing module RAM32X1S_HD2519
INFO: [VRFC 10-311] analyzing module RAM32X1S_HD2520
INFO: [VRFC 10-311] analyzing module RAM32X1S_HD2521
INFO: [VRFC 10-311] analyzing module RAM32X1S_HD2522
INFO: [VRFC 10-311] analyzing module RAM32X1S_HD2523
INFO: [VRFC 10-311] analyzing module RAM32X1S_HD2524
INFO: [VRFC 10-311] analyzing module RAM32X1S_HD2525
INFO: [VRFC 10-311] analyzing module RAM32X1S_HD2526
INFO: [VRFC 10-311] analyzing module RAM32X1S_HD2527
INFO: [VRFC 10-311] analyzing module RAM32X1S_HD2528
INFO: [VRFC 10-311] analyzing module RAM32X1S_HD2529
INFO: [VRFC 10-311] analyzing module RAM32X1S_HD2530
INFO: [VRFC 10-311] analyzing module RAM32X1S_HD2531
INFO: [VRFC 10-311] analyzing module RAM32X1S_HD2532
INFO: [VRFC 10-311] analyzing module RAM32X1S_HD2533
INFO: [VRFC 10-311] analyzing module RAM32X1S_HD2534
INFO: [VRFC 10-311] analyzing module RAM32X1S_HD2535
INFO: [VRFC 10-311] analyzing module RAM32X1S_HD2536
INFO: [VRFC 10-311] analyzing module RAM32X1S_HD2537
INFO: [VRFC 10-311] analyzing module RAM32X1S_HD2538
INFO: [VRFC 10-311] analyzing module RAM32X1S_HD2539
INFO: [VRFC 10-311] analyzing module RAM32X1S_HD2540
INFO: [VRFC 10-311] analyzing module RAM32X1S_HD2541
INFO: [VRFC 10-311] analyzing module RAM32X1S_HD2542
INFO: [VRFC 10-311] analyzing module RAM32X1S_HD2543
INFO: [VRFC 10-311] analyzing module RAM32X1S_HD2544
INFO: [VRFC 10-311] analyzing module RAM32X1S_HD2545
INFO: [VRFC 10-311] analyzing module RAM32X1S_HD2546
INFO: [VRFC 10-311] analyzing module RAM32X1S_HD2547
INFO: [VRFC 10-311] analyzing module RAM32X1S_HD2548
INFO: [VRFC 10-311] analyzing module RAM32X1S_HD2549
INFO: [VRFC 10-311] analyzing module RAM32X1S_HD2550
INFO: [VRFC 10-311] analyzing module RAM32X1S_HD2551
INFO: [VRFC 10-311] analyzing module RAM32X1S_HD2552
INFO: [VRFC 10-311] analyzing module RAM32X1S_HD2553
INFO: [VRFC 10-311] analyzing module RAM32X1S_HD2554
INFO: [VRFC 10-311] analyzing module RAM32X1S_HD2555
INFO: [VRFC 10-311] analyzing module RAM32X1S_HD2556
INFO: [VRFC 10-311] analyzing module RAM32X1S_HD2557
INFO: [VRFC 10-311] analyzing module RAM32X1S_HD2558
INFO: [VRFC 10-311] analyzing module RAM32X1S_HD2559
INFO: [VRFC 10-311] analyzing module RAM32X1S_HD2560
INFO: [VRFC 10-311] analyzing module RAM32X1S_HD2561
INFO: [VRFC 10-311] analyzing module RAM32X1S_HD2562
INFO: [VRFC 10-311] analyzing module RAM32X1S_HD2563
INFO: [VRFC 10-311] analyzing module RAM32X1S_HD2564
INFO: [VRFC 10-311] analyzing module RAM32X1S_HD2565
INFO: [VRFC 10-311] analyzing module RAM32X1S_HD2566
INFO: [VRFC 10-311] analyzing module RAM32X1S_HD2567
INFO: [VRFC 10-311] analyzing module RAM32X1S_HD2568
INFO: [VRFC 10-311] analyzing module RAM32X1S_HD2569
INFO: [VRFC 10-311] analyzing module RAM32X1S_HD2570
INFO: [VRFC 10-311] analyzing module RAM32X1S_HD2571
INFO: [VRFC 10-311] analyzing module RAM32X1S_HD2572
INFO: [VRFC 10-311] analyzing module RAM32X1S_HD2573
INFO: [VRFC 10-311] analyzing module RAM32X1S_HD2574
INFO: [VRFC 10-311] analyzing module Classifier
INFO: [VRFC 10-311] analyzing module DSP_AxB_Cascade
INFO: [VRFC 10-311] analyzing module DSP_AxB_Cascade__1
INFO: [VRFC 10-311] analyzing module DSP_AxB_Cascade__10
INFO: [VRFC 10-311] analyzing module DSP_AxB_Cascade__11
INFO: [VRFC 10-311] analyzing module DSP_AxB_Cascade__12
INFO: [VRFC 10-311] analyzing module DSP_AxB_Cascade__13
INFO: [VRFC 10-311] analyzing module DSP_AxB_Cascade__14
INFO: [VRFC 10-311] analyzing module DSP_AxB_Cascade__15
INFO: [VRFC 10-311] analyzing module DSP_AxB_Cascade__16
INFO: [VRFC 10-311] analyzing module DSP_AxB_Cascade__17
INFO: [VRFC 10-311] analyzing module DSP_AxB_Cascade__18
INFO: [VRFC 10-311] analyzing module DSP_AxB_Cascade__19
INFO: [VRFC 10-311] analyzing module DSP_AxB_Cascade__2
INFO: [VRFC 10-311] analyzing module DSP_AxB_Cascade__20
INFO: [VRFC 10-311] analyzing module DSP_AxB_Cascade__21
INFO: [VRFC 10-311] analyzing module DSP_AxB_Cascade__22
INFO: [VRFC 10-311] analyzing module DSP_AxB_Cascade__23
INFO: [VRFC 10-311] analyzing module DSP_AxB_Cascade__24
INFO: [VRFC 10-311] analyzing module DSP_AxB_Cascade__25
INFO: [VRFC 10-311] analyzing module DSP_AxB_Cascade__26
INFO: [VRFC 10-311] analyzing module DSP_AxB_Cascade__27
INFO: [VRFC 10-311] analyzing module DSP_AxB_Cascade__28
INFO: [VRFC 10-311] analyzing module DSP_AxB_Cascade__29
INFO: [VRFC 10-311] analyzing module DSP_AxB_Cascade__3
INFO: [VRFC 10-311] analyzing module DSP_AxB_Cascade__30
INFO: [VRFC 10-311] analyzing module DSP_AxB_Cascade__31
INFO: [VRFC 10-311] analyzing module DSP_AxB_Cascade__32
INFO: [VRFC 10-311] analyzing module DSP_AxB_Cascade__4
INFO: [VRFC 10-311] analyzing module DSP_AxB_Cascade__5
INFO: [VRFC 10-311] analyzing module DSP_AxB_Cascade__6
INFO: [VRFC 10-311] analyzing module DSP_AxB_Cascade__7
INFO: [VRFC 10-311] analyzing module DSP_AxB_Cascade__8
INFO: [VRFC 10-311] analyzing module DSP_AxB_Cascade__9
INFO: [VRFC 10-311] analyzing module DSP_AxB_Cascade_wo_PCIN
INFO: [VRFC 10-311] analyzing module DSP_AxB_plus_C
INFO: [VRFC 10-311] analyzing module FSM
INFO: [VRFC 10-311] analyzing module FSM_Kernel_Bias
INFO: [VRFC 10-311] analyzing module FSM_SIPO_PCV
INFO: [VRFC 10-311] analyzing module FSM_Voting
INFO: [VRFC 10-311] analyzing module PL_CLASSIFIER_w_VOTING
INFO: [VRFC 10-311] analyzing module RAM_Bias
INFO: [VRFC 10-311] analyzing module RAM_Kernel_Scale
INFO: [VRFC 10-311] analyzing module RAM_Pre_Computed_Vector
INFO: [VRFC 10-311] analyzing module SIPO_buffer
INFO: [VRFC 10-311] analyzing module SVM
INFO: [VRFC 10-311] analyzing module Voting_w_ce
INFO: [VRFC 10-311] analyzing module counter_3b
INFO: [VRFC 10-311] analyzing module counter_3b__1
INFO: [VRFC 10-311] analyzing module counter_3b__2
INFO: [VRFC 10-311] analyzing module counter_3b__3
INFO: [VRFC 10-311] analyzing module counter_3b__4
INFO: [VRFC 10-311] analyzing module counter_3b__5
INFO: [VRFC 10-311] analyzing module double_shift_reg
INFO: [VRFC 10-311] analyzing module double_shift_reg__parameterized1
INFO: [VRFC 10-311] analyzing module double_shift_reg__parameterized11
INFO: [VRFC 10-311] analyzing module double_shift_reg__parameterized13
INFO: [VRFC 10-311] analyzing module double_shift_reg__parameterized15
INFO: [VRFC 10-311] analyzing module double_shift_reg__parameterized17
INFO: [VRFC 10-311] analyzing module double_shift_reg__parameterized19
INFO: [VRFC 10-311] analyzing module double_shift_reg__parameterized21
INFO: [VRFC 10-311] analyzing module double_shift_reg__parameterized23
INFO: [VRFC 10-311] analyzing module double_shift_reg__parameterized25
INFO: [VRFC 10-311] analyzing module double_shift_reg__parameterized27
INFO: [VRFC 10-311] analyzing module double_shift_reg__parameterized29
INFO: [VRFC 10-311] analyzing module double_shift_reg__parameterized3
INFO: [VRFC 10-311] analyzing module double_shift_reg__parameterized31
INFO: [VRFC 10-311] analyzing module double_shift_reg__parameterized33
INFO: [VRFC 10-311] analyzing module double_shift_reg__parameterized35
INFO: [VRFC 10-311] analyzing module double_shift_reg__parameterized37
INFO: [VRFC 10-311] analyzing module double_shift_reg__parameterized39
INFO: [VRFC 10-311] analyzing module double_shift_reg__parameterized41
INFO: [VRFC 10-311] analyzing module double_shift_reg__parameterized43
INFO: [VRFC 10-311] analyzing module double_shift_reg__parameterized45
INFO: [VRFC 10-311] analyzing module double_shift_reg__parameterized47
INFO: [VRFC 10-311] analyzing module double_shift_reg__parameterized49
INFO: [VRFC 10-311] analyzing module double_shift_reg__parameterized5
INFO: [VRFC 10-311] analyzing module double_shift_reg__parameterized51
INFO: [VRFC 10-311] analyzing module double_shift_reg__parameterized53
INFO: [VRFC 10-311] analyzing module double_shift_reg__parameterized55
INFO: [VRFC 10-311] analyzing module double_shift_reg__parameterized57
INFO: [VRFC 10-311] analyzing module double_shift_reg__parameterized59
INFO: [VRFC 10-311] analyzing module double_shift_reg__parameterized61
INFO: [VRFC 10-311] analyzing module double_shift_reg__parameterized63
INFO: [VRFC 10-311] analyzing module double_shift_reg__parameterized7
INFO: [VRFC 10-311] analyzing module double_shift_reg__parameterized9
INFO: [VRFC 10-311] analyzing module incremental_pipe
INFO: [VRFC 10-311] analyzing module xilinx_single_port_ram_no_change
INFO: [VRFC 10-311] analyzing module xilinx_single_port_ram_no_change__parameterized1
INFO: [VRFC 10-311] analyzing module xilinx_single_port_ram_no_change__parameterized3
INFO: [VRFC 10-311] analyzing module glbl
INFO: [VRFC 10-163] Analyzing VHDL file "C:/work/Master_Degree_Thesis/HW_SVM/HW_SVM.srcs/sources_1/new/Constant_PKG.vhd" into library xil_defaultlib
INFO: [VRFC 10-163] Analyzing VHDL file "C:/work/Master_Degree_Thesis/HW_SVM/HW_SVM.srcs/sources_1/new/TB_Tester.vhd" into library xil_defaultlib
INFO: [VRFC 10-3107] analyzing entity 'TB_Tester'
INFO: [VRFC 10-163] Analyzing VHDL file "C:/work/Master_Degree_Thesis/HW_SVM/HW_SVM.srcs/sim_1/new/TB_Top_Level.vhd" into library xil_defaultlib
INFO: [VRFC 10-3107] analyzing entity 'TB_Top_Level'
