Vivado Simulator 2018.3
Copyright 1986-1999, 2001-2018 Xilinx, Inc. All Rights Reserved.
Running: C:/Xilinx/Vivado/2018.3/bin/unwrapped/win64.o/xelab.exe -wto 4cb68f95920a487693cc364e614087a3 --incr --debug typical --relax --mt 2 --maxdelay -L xil_defaultlib -L xilinx_vip -L simprims_ver -L secureip --snapshot TB_Top_Level_time_synth -transport_int_delays -pulse_r 0 -pulse_int_r 0 -pulse_e 0 -pulse_int_e 0 xil_defaultlib.TB_Top_Level xil_defaultlib.glbl -log elaborate.log 
Using 2 slave threads.
Starting static elaboration
Completed static elaboration
Starting simulation data flow analysis
Completed simulation data flow analysis
INFO: [XSIM 43-3451] SDF backannotation process started with SDF file "TB_Top_Level_time_synth.sdf", for root module "TB_Top_Level/PL_CLASSIFIER_w_VOTING_inst".
INFO: [XSIM 43-3452] SDF backannotation was successful for SDF file "TB_Top_Level_time_synth.sdf", for root module "TB_Top_Level/PL_CLASSIFIER_w_VOTING_inst".
Time Resolution for simulation is 1ps
Compiling package std.standard
Compiling package std.textio
Compiling package ieee.std_logic_1164
Compiling package ieee.numeric_std
Compiling package xil_defaultlib.constant_pkg
Compiling package ieee.std_logic_arith
Compiling package ieee.std_logic_textio
Compiling package vl.vl_types
Compiling module xil_defaultlib.glbl
Compiling module simprims_ver.GND
Compiling module simprims_ver.DSP48E1(ADREG=0,ALUMODEREG=0,CAR...
Compiling module xil_defaultlib.DSP_AxB_Cascade__11
Compiling module xil_defaultlib.DSP_AxB_Cascade__12
Compiling module xil_defaultlib.DSP_AxB_Cascade__13
Compiling module xil_defaultlib.DSP_AxB_Cascade__14
Compiling module xil_defaultlib.DSP_AxB_Cascade__15
Compiling module xil_defaultlib.DSP_AxB_Cascade__16
Compiling module xil_defaultlib.DSP_AxB_Cascade__17
Compiling module xil_defaultlib.DSP_AxB_Cascade__18
Compiling module xil_defaultlib.DSP_AxB_Cascade__19
Compiling module xil_defaultlib.DSP_AxB_Cascade__20
Compiling module xil_defaultlib.DSP_AxB_Cascade__2
Compiling module xil_defaultlib.DSP_AxB_Cascade__21
Compiling module xil_defaultlib.DSP_AxB_Cascade__22
Compiling module xil_defaultlib.DSP_AxB_Cascade__23
Compiling module xil_defaultlib.DSP_AxB_Cascade__24
Compiling module xil_defaultlib.DSP_AxB_Cascade__25
Compiling module xil_defaultlib.DSP_AxB_Cascade__26
Compiling module xil_defaultlib.DSP_AxB_Cascade__27
Compiling module xil_defaultlib.DSP_AxB_Cascade__28
Compiling module xil_defaultlib.DSP_AxB_Cascade__29
Compiling module xil_defaultlib.DSP_AxB_Cascade__30
Compiling module xil_defaultlib.DSP_AxB_Cascade__3
Compiling module xil_defaultlib.DSP_AxB_Cascade__31
Compiling module xil_defaultlib.DSP_AxB_Cascade__32
Compiling module xil_defaultlib.DSP_AxB_Cascade
Compiling module xil_defaultlib.DSP_AxB_Cascade__4
Compiling module xil_defaultlib.DSP_AxB_Cascade__5
Compiling module xil_defaultlib.DSP_AxB_Cascade__6
Compiling module xil_defaultlib.DSP_AxB_Cascade__7
Compiling module xil_defaultlib.DSP_AxB_Cascade__8
Compiling module xil_defaultlib.DSP_AxB_Cascade__9
Compiling module xil_defaultlib.DSP_AxB_Cascade__10
Compiling module xil_defaultlib.DSP_AxB_Cascade__1
Compiling module simprims_ver.DSP48E1(ADREG=0,ALUMODEREG=0,CAR...
Compiling module xil_defaultlib.DSP_AxB_plus_C
Compiling module xil_defaultlib.DSP_AxB_Cascade_wo_PCIN
Compiling module xil_defaultlib.SVM
Compiling module simprims_ver.SRL16E_default
Compiling module simprims_ver.FDRE_default
Compiling module simprims_ver.x_lut2_mux4
Compiling module simprims_ver.LUT2
Compiling module xil_defaultlib.double_shift_reg__parameterized1...
Compiling module xil_defaultlib.double_shift_reg__parameterized1...
Compiling module xil_defaultlib.double_shift_reg__parameterized2...
Compiling module xil_defaultlib.double_shift_reg__parameterized2...
Compiling module xil_defaultlib.double_shift_reg__parameterized2...
Compiling module xil_defaultlib.double_shift_reg__parameterized2...
Compiling module xil_defaultlib.double_shift_reg__parameterized2...
Compiling module xil_defaultlib.double_shift_reg__parameterized3...
Compiling module xil_defaultlib.double_shift_reg__parameterized3...
Compiling module simprims_ver.SRLC32E_default
Compiling module xil_defaultlib.double_shift_reg__parameterized3...
Compiling module xil_defaultlib.double_shift_reg
Compiling module xil_defaultlib.double_shift_reg__parameterized3...
Compiling module xil_defaultlib.double_shift_reg__parameterized3...
Compiling module xil_defaultlib.double_shift_reg__parameterized4...
Compiling module xil_defaultlib.double_shift_reg__parameterized4...
Compiling module xil_defaultlib.double_shift_reg__parameterized4...
Compiling module xil_defaultlib.double_shift_reg__parameterized4...
Compiling module xil_defaultlib.double_shift_reg__parameterized4...
Compiling module xil_defaultlib.double_shift_reg__parameterized5...
Compiling module xil_defaultlib.double_shift_reg__parameterized5...
Compiling module xil_defaultlib.double_shift_reg__parameterized5...
Compiling module xil_defaultlib.double_shift_reg__parameterized1
Compiling module xil_defaultlib.double_shift_reg__parameterized5...
Compiling module xil_defaultlib.double_shift_reg__parameterized5...
Compiling module xil_defaultlib.double_shift_reg__parameterized6...
Compiling module xil_defaultlib.double_shift_reg__parameterized6...
Compiling module xil_defaultlib.double_shift_reg__parameterized3
Compiling module xil_defaultlib.double_shift_reg__parameterized5
Compiling module xil_defaultlib.double_shift_reg__parameterized7
Compiling module xil_defaultlib.double_shift_reg__parameterized9
Compiling module xil_defaultlib.double_shift_reg__parameterized1...
Compiling module xil_defaultlib.double_shift_reg__parameterized1...
Compiling module xil_defaultlib.double_shift_reg__parameterized1...
Compiling module xil_defaultlib.incremental_pipe
Compiling module xil_defaultlib.Classifier
Compiling module simprims_ver.x_lut3_mux8
Compiling module simprims_ver.LUT3
Compiling module simprims_ver.LUT6
Compiling module simprims_ver.LUT5
Compiling module simprims_ver.x_lut1_mux2
Compiling module simprims_ver.LUT1
Compiling module simprims_ver.FDCE_default
Compiling module simprims_ver.latchsre_ldce
Compiling module simprims_ver.LDCE
Compiling module simprims_ver.LUT4
Compiling module simprims_ver.MUXF7
Compiling module xil_defaultlib.FSM_Kernel_Bias
Compiling module xil_defaultlib.FSM_SIPO_PCV
Compiling module xil_defaultlib.FSM_Voting
Compiling module xil_defaultlib.FSM
Compiling module simprims_ver.RAMS32
Compiling module xil_defaultlib.RAM32X1S_UNIQ_BASE_
Compiling module xil_defaultlib.RAM32X1S_HD2149
Compiling module xil_defaultlib.RAM32X1S_HD2150
Compiling module xil_defaultlib.RAM32X1S_HD2151
Compiling module xil_defaultlib.RAM32X1S_HD2152
Compiling module xil_defaultlib.RAM32X1S_HD2153
Compiling module xil_defaultlib.RAM32X1S_HD2154
Compiling module xil_defaultlib.xilinx_single_port_ram_no_change...
Compiling module xil_defaultlib.RAM_Bias
Compiling module xil_defaultlib.RAM32X1S_HD2155
Compiling module xil_defaultlib.RAM32X1S_HD2156
Compiling module xil_defaultlib.RAM32X1S_HD2157
Compiling module xil_defaultlib.RAM32X1S_HD2158
Compiling module xil_defaultlib.RAM32X1S_HD2159
Compiling module xil_defaultlib.RAM32X1S_HD2160
Compiling module xil_defaultlib.RAM32X1S_HD2161
Compiling module xil_defaultlib.RAM32X1S_HD2162
Compiling module xil_defaultlib.RAM32X1S_HD2163
Compiling module xil_defaultlib.RAM32X1S_HD2164
Compiling module xil_defaultlib.RAM32X1S_HD2165
Compiling module xil_defaultlib.RAM32X1S_HD2166
Compiling module xil_defaultlib.xilinx_single_port_ram_no_change...
Compiling module xil_defaultlib.RAM_Kernel_Scale
Compiling module xil_defaultlib.RAM32X1S_HD2167
Compiling module xil_defaultlib.RAM32X1S_HD2168
Compiling module xil_defaultlib.RAM32X1S_HD2169
Compiling module xil_defaultlib.RAM32X1S_HD2170
Compiling module xil_defaultlib.RAM32X1S_HD2171
Compiling module xil_defaultlib.RAM32X1S_HD2172
Compiling module xil_defaultlib.RAM32X1S_HD2173
Compiling module xil_defaultlib.RAM32X1S_HD2174
Compiling module xil_defaultlib.RAM32X1S_HD2175
Compiling module xil_defaultlib.RAM32X1S_HD2176
Compiling module xil_defaultlib.RAM32X1S_HD2177
Compiling module xil_defaultlib.RAM32X1S_HD2178
Compiling module xil_defaultlib.RAM32X1S_HD2179
Compiling module xil_defaultlib.RAM32X1S_HD2180
Compiling module xil_defaultlib.RAM32X1S_HD2181
Compiling module xil_defaultlib.RAM32X1S_HD2182
Compiling module xil_defaultlib.RAM32X1S_HD2183
Compiling module xil_defaultlib.RAM32X1S_HD2184
Compiling module xil_defaultlib.RAM32X1S_HD2185
Compiling module xil_defaultlib.RAM32X1S_HD2186
Compiling module xil_defaultlib.RAM32X1S_HD2187
Compiling module xil_defaultlib.RAM32X1S_HD2188
Compiling module xil_defaultlib.RAM32X1S_HD2189
Compiling module xil_defaultlib.RAM32X1S_HD2190
Compiling module xil_defaultlib.RAM32X1S_HD2191
Compiling module xil_defaultlib.RAM32X1S_HD2192
Compiling module xil_defaultlib.RAM32X1S_HD2193
Compiling module xil_defaultlib.RAM32X1S_HD2194
Compiling module xil_defaultlib.RAM32X1S_HD2195
Compiling module xil_defaultlib.RAM32X1S_HD2196
Compiling module xil_defaultlib.RAM32X1S_HD2197
Compiling module xil_defaultlib.RAM32X1S_HD2198
Compiling module xil_defaultlib.RAM32X1S_HD2199
Compiling module xil_defaultlib.RAM32X1S_HD2200
Compiling module xil_defaultlib.RAM32X1S_HD2201
Compiling module xil_defaultlib.RAM32X1S_HD2202
Compiling module xil_defaultlib.RAM32X1S_HD2203
Compiling module xil_defaultlib.RAM32X1S_HD2204
Compiling module xil_defaultlib.RAM32X1S_HD2205
Compiling module xil_defaultlib.RAM32X1S_HD2206
Compiling module xil_defaultlib.RAM32X1S_HD2207
Compiling module xil_defaultlib.RAM32X1S_HD2208
Compiling module xil_defaultlib.RAM32X1S_HD2209
Compiling module xil_defaultlib.RAM32X1S_HD2210
Compiling module xil_defaultlib.RAM32X1S_HD2211
Compiling module xil_defaultlib.RAM32X1S_HD2212
Compiling module xil_defaultlib.RAM32X1S_HD2213
Compiling module xil_defaultlib.RAM32X1S_HD2214
Compiling module xil_defaultlib.RAM32X1S_HD2215
Compiling module xil_defaultlib.RAM32X1S_HD2216
Compiling module xil_defaultlib.RAM32X1S_HD2217
Compiling module xil_defaultlib.RAM32X1S_HD2218
Compiling module xil_defaultlib.RAM32X1S_HD2219
Compiling module xil_defaultlib.RAM32X1S_HD2220
Compiling module xil_defaultlib.RAM32X1S_HD2221
Compiling module xil_defaultlib.RAM32X1S_HD2222
Compiling module xil_defaultlib.RAM32X1S_HD2223
Compiling module xil_defaultlib.RAM32X1S_HD2224
Compiling module xil_defaultlib.RAM32X1S_HD2225
Compiling module xil_defaultlib.RAM32X1S_HD2226
Compiling module xil_defaultlib.RAM32X1S_HD2227
Compiling module xil_defaultlib.RAM32X1S_HD2228
Compiling module xil_defaultlib.RAM32X1S_HD2229
Compiling module xil_defaultlib.RAM32X1S_HD2230
Compiling module xil_defaultlib.RAM32X1S_HD2231
Compiling module xil_defaultlib.RAM32X1S_HD2232
Compiling module xil_defaultlib.RAM32X1S_HD2233
Compiling module xil_defaultlib.RAM32X1S_HD2234
Compiling module xil_defaultlib.RAM32X1S_HD2235
Compiling module xil_defaultlib.RAM32X1S_HD2236
Compiling module xil_defaultlib.RAM32X1S_HD2237
Compiling module xil_defaultlib.RAM32X1S_HD2238
Compiling module xil_defaultlib.RAM32X1S_HD2239
Compiling module xil_defaultlib.RAM32X1S_HD2240
Compiling module xil_defaultlib.RAM32X1S_HD2241
Compiling module xil_defaultlib.RAM32X1S_HD2242
Compiling module xil_defaultlib.RAM32X1S_HD2243
Compiling module xil_defaultlib.RAM32X1S_HD2244
Compiling module xil_defaultlib.RAM32X1S_HD2245
Compiling module xil_defaultlib.RAM32X1S_HD2246
Compiling module xil_defaultlib.RAM32X1S_HD2247
Compiling module xil_defaultlib.RAM32X1S_HD2248
Compiling module xil_defaultlib.RAM32X1S_HD2249
Compiling module xil_defaultlib.RAM32X1S_HD2250
Compiling module xil_defaultlib.RAM32X1S_HD2251
Compiling module xil_defaultlib.RAM32X1S_HD2252
Compiling module xil_defaultlib.RAM32X1S_HD2253
Compiling module xil_defaultlib.RAM32X1S_HD2254
Compiling module xil_defaultlib.RAM32X1S_HD2255
Compiling module xil_defaultlib.RAM32X1S_HD2256
Compiling module xil_defaultlib.RAM32X1S_HD2257
Compiling module xil_defaultlib.RAM32X1S_HD2258
Compiling module xil_defaultlib.RAM32X1S_HD2259
Compiling module xil_defaultlib.RAM32X1S_HD2260
Compiling module xil_defaultlib.RAM32X1S_HD2261
Compiling module xil_defaultlib.RAM32X1S_HD2262
Compiling module xil_defaultlib.RAM32X1S_HD2263
Compiling module xil_defaultlib.RAM32X1S_HD2264
Compiling module xil_defaultlib.RAM32X1S_HD2265
Compiling module xil_defaultlib.RAM32X1S_HD2266
Compiling module xil_defaultlib.RAM32X1S_HD2267
Compiling module xil_defaultlib.RAM32X1S_HD2268
Compiling module xil_defaultlib.RAM32X1S_HD2269
Compiling module xil_defaultlib.RAM32X1S_HD2270
Compiling module xil_defaultlib.RAM32X1S_HD2271
Compiling module xil_defaultlib.RAM32X1S_HD2272
Compiling module xil_defaultlib.RAM32X1S_HD2273
Compiling module xil_defaultlib.RAM32X1S_HD2274
Compiling module xil_defaultlib.RAM32X1S_HD2275
Compiling module xil_defaultlib.RAM32X1S_HD2276
Compiling module xil_defaultlib.RAM32X1S_HD2277
Compiling module xil_defaultlib.RAM32X1S_HD2278
Compiling module xil_defaultlib.RAM32X1S_HD2279
Compiling module xil_defaultlib.RAM32X1S_HD2280
Compiling module xil_defaultlib.RAM32X1S_HD2281
Compiling module xil_defaultlib.RAM32X1S_HD2282
Compiling module xil_defaultlib.RAM32X1S_HD2283
Compiling module xil_defaultlib.RAM32X1S_HD2284
Compiling module xil_defaultlib.RAM32X1S_HD2285
Compiling module xil_defaultlib.RAM32X1S_HD2286
Compiling module xil_defaultlib.RAM32X1S_HD2287
Compiling module xil_defaultlib.RAM32X1S_HD2288
Compiling module xil_defaultlib.RAM32X1S_HD2289
Compiling module xil_defaultlib.RAM32X1S_HD2290
Compiling module xil_defaultlib.RAM32X1S_HD2291
Compiling module xil_defaultlib.RAM32X1S_HD2292
Compiling module xil_defaultlib.RAM32X1S_HD2293
Compiling module xil_defaultlib.RAM32X1S_HD2294
Compiling module xil_defaultlib.RAM32X1S_HD2295
Compiling module xil_defaultlib.RAM32X1S_HD2296
Compiling module xil_defaultlib.RAM32X1S_HD2297
Compiling module xil_defaultlib.RAM32X1S_HD2298
Compiling module xil_defaultlib.RAM32X1S_HD2299
Compiling module xil_defaultlib.RAM32X1S_HD2300
Compiling module xil_defaultlib.RAM32X1S_HD2301
Compiling module xil_defaultlib.RAM32X1S_HD2302
Compiling module xil_defaultlib.RAM32X1S_HD2303
Compiling module xil_defaultlib.RAM32X1S_HD2304
Compiling module xil_defaultlib.RAM32X1S_HD2305
Compiling module xil_defaultlib.RAM32X1S_HD2306
Compiling module xil_defaultlib.RAM32X1S_HD2307
Compiling module xil_defaultlib.RAM32X1S_HD2308
Compiling module xil_defaultlib.RAM32X1S_HD2309
Compiling module xil_defaultlib.RAM32X1S_HD2310
Compiling module xil_defaultlib.RAM32X1S_HD2311
Compiling module xil_defaultlib.RAM32X1S_HD2312
Compiling module xil_defaultlib.RAM32X1S_HD2313
Compiling module xil_defaultlib.RAM32X1S_HD2314
Compiling module xil_defaultlib.RAM32X1S_HD2315
Compiling module xil_defaultlib.RAM32X1S_HD2316
Compiling module xil_defaultlib.RAM32X1S_HD2317
Compiling module xil_defaultlib.RAM32X1S_HD2318
Compiling module xil_defaultlib.RAM32X1S_HD2319
Compiling module xil_defaultlib.RAM32X1S_HD2320
Compiling module xil_defaultlib.RAM32X1S_HD2321
Compiling module xil_defaultlib.RAM32X1S_HD2322
Compiling module xil_defaultlib.RAM32X1S_HD2323
Compiling module xil_defaultlib.RAM32X1S_HD2324
Compiling module xil_defaultlib.RAM32X1S_HD2325
Compiling module xil_defaultlib.RAM32X1S_HD2326
Compiling module xil_defaultlib.RAM32X1S_HD2327
Compiling module xil_defaultlib.RAM32X1S_HD2328
Compiling module xil_defaultlib.RAM32X1S_HD2329
Compiling module xil_defaultlib.RAM32X1S_HD2330
Compiling module xil_defaultlib.RAM32X1S_HD2331
Compiling module xil_defaultlib.RAM32X1S_HD2332
Compiling module xil_defaultlib.RAM32X1S_HD2333
Compiling module xil_defaultlib.RAM32X1S_HD2334
Compiling module xil_defaultlib.RAM32X1S_HD2335
Compiling module xil_defaultlib.RAM32X1S_HD2336
Compiling module xil_defaultlib.RAM32X1S_HD2337
Compiling module xil_defaultlib.RAM32X1S_HD2338
Compiling module xil_defaultlib.RAM32X1S_HD2339
Compiling module xil_defaultlib.RAM32X1S_HD2340
Compiling module xil_defaultlib.RAM32X1S_HD2341
Compiling module xil_defaultlib.RAM32X1S_HD2342
Compiling module xil_defaultlib.RAM32X1S_HD2343
Compiling module xil_defaultlib.RAM32X1S_HD2344
Compiling module xil_defaultlib.RAM32X1S_HD2345
Compiling module xil_defaultlib.RAM32X1S_HD2346
Compiling module xil_defaultlib.RAM32X1S_HD2347
Compiling module xil_defaultlib.RAM32X1S_HD2348
Compiling module xil_defaultlib.RAM32X1S_HD2349
Compiling module xil_defaultlib.RAM32X1S_HD2350
Compiling module xil_defaultlib.RAM32X1S_HD2351
Compiling module xil_defaultlib.RAM32X1S_HD2352
Compiling module xil_defaultlib.RAM32X1S_HD2353
Compiling module xil_defaultlib.RAM32X1S_HD2354
Compiling module xil_defaultlib.RAM32X1S_HD2355
Compiling module xil_defaultlib.RAM32X1S_HD2356
Compiling module xil_defaultlib.RAM32X1S_HD2357
Compiling module xil_defaultlib.RAM32X1S_HD2358
Compiling module xil_defaultlib.RAM32X1S_HD2359
Compiling module xil_defaultlib.RAM32X1S_HD2360
Compiling module xil_defaultlib.RAM32X1S_HD2361
Compiling module xil_defaultlib.RAM32X1S_HD2362
Compiling module xil_defaultlib.RAM32X1S_HD2363
Compiling module xil_defaultlib.RAM32X1S_HD2364
Compiling module xil_defaultlib.RAM32X1S_HD2365
Compiling module xil_defaultlib.RAM32X1S_HD2366
Compiling module xil_defaultlib.RAM32X1S_HD2367
Compiling module xil_defaultlib.RAM32X1S_HD2368
Compiling module xil_defaultlib.RAM32X1S_HD2369
Compiling module xil_defaultlib.RAM32X1S_HD2370
Compiling module xil_defaultlib.RAM32X1S_HD2371
Compiling module xil_defaultlib.RAM32X1S_HD2372
Compiling module xil_defaultlib.RAM32X1S_HD2373
Compiling module xil_defaultlib.RAM32X1S_HD2374
Compiling module xil_defaultlib.RAM32X1S_HD2375
Compiling module xil_defaultlib.RAM32X1S_HD2376
Compiling module xil_defaultlib.RAM32X1S_HD2377
Compiling module xil_defaultlib.RAM32X1S_HD2378
Compiling module xil_defaultlib.RAM32X1S_HD2379
Compiling module xil_defaultlib.RAM32X1S_HD2380
Compiling module xil_defaultlib.RAM32X1S_HD2381
Compiling module xil_defaultlib.RAM32X1S_HD2382
Compiling module xil_defaultlib.RAM32X1S_HD2383
Compiling module xil_defaultlib.RAM32X1S_HD2384
Compiling module xil_defaultlib.RAM32X1S_HD2385
Compiling module xil_defaultlib.RAM32X1S_HD2386
Compiling module xil_defaultlib.RAM32X1S_HD2387
Compiling module xil_defaultlib.RAM32X1S_HD2388
Compiling module xil_defaultlib.RAM32X1S_HD2389
Compiling module xil_defaultlib.RAM32X1S_HD2390
Compiling module xil_defaultlib.RAM32X1S_HD2391
Compiling module xil_defaultlib.RAM32X1S_HD2392
Compiling module xil_defaultlib.RAM32X1S_HD2393
Compiling module xil_defaultlib.RAM32X1S_HD2394
Compiling module xil_defaultlib.RAM32X1S_HD2395
Compiling module xil_defaultlib.RAM32X1S_HD2396
Compiling module xil_defaultlib.RAM32X1S_HD2397
Compiling module xil_defaultlib.RAM32X1S_HD2398
Compiling module xil_defaultlib.RAM32X1S_HD2399
Compiling module xil_defaultlib.RAM32X1S_HD2400
Compiling module xil_defaultlib.RAM32X1S_HD2401
Compiling module xil_defaultlib.RAM32X1S_HD2402
Compiling module xil_defaultlib.RAM32X1S_HD2403
Compiling module xil_defaultlib.RAM32X1S_HD2404
Compiling module xil_defaultlib.RAM32X1S_HD2405
Compiling module xil_defaultlib.RAM32X1S_HD2406
Compiling module xil_defaultlib.RAM32X1S_HD2407
Compiling module xil_defaultlib.RAM32X1S_HD2408
Compiling module xil_defaultlib.RAM32X1S_HD2409
Compiling module xil_defaultlib.RAM32X1S_HD2410
Compiling module xil_defaultlib.RAM32X1S_HD2411
Compiling module xil_defaultlib.RAM32X1S_HD2412
Compiling module xil_defaultlib.RAM32X1S_HD2413
Compiling module xil_defaultlib.RAM32X1S_HD2414
Compiling module xil_defaultlib.RAM32X1S_HD2415
Compiling module xil_defaultlib.RAM32X1S_HD2416
Compiling module xil_defaultlib.RAM32X1S_HD2417
Compiling module xil_defaultlib.RAM32X1S_HD2418
Compiling module xil_defaultlib.RAM32X1S_HD2419
Compiling module xil_defaultlib.RAM32X1S_HD2420
Compiling module xil_defaultlib.RAM32X1S_HD2421
Compiling module xil_defaultlib.RAM32X1S_HD2422
Compiling module xil_defaultlib.RAM32X1S_HD2423
Compiling module xil_defaultlib.RAM32X1S_HD2424
Compiling module xil_defaultlib.RAM32X1S_HD2425
Compiling module xil_defaultlib.RAM32X1S_HD2426
Compiling module xil_defaultlib.RAM32X1S_HD2427
Compiling module xil_defaultlib.RAM32X1S_HD2428
Compiling module xil_defaultlib.RAM32X1S_HD2429
Compiling module xil_defaultlib.RAM32X1S_HD2430
Compiling module xil_defaultlib.RAM32X1S_HD2431
Compiling module xil_defaultlib.RAM32X1S_HD2432
Compiling module xil_defaultlib.RAM32X1S_HD2433
Compiling module xil_defaultlib.RAM32X1S_HD2434
Compiling module xil_defaultlib.RAM32X1S_HD2435
Compiling module xil_defaultlib.RAM32X1S_HD2436
Compiling module xil_defaultlib.RAM32X1S_HD2437
Compiling module xil_defaultlib.RAM32X1S_HD2438
Compiling module xil_defaultlib.RAM32X1S_HD2439
Compiling module xil_defaultlib.RAM32X1S_HD2440
Compiling module xil_defaultlib.RAM32X1S_HD2441
Compiling module xil_defaultlib.RAM32X1S_HD2442
Compiling module xil_defaultlib.RAM32X1S_HD2443
Compiling module xil_defaultlib.RAM32X1S_HD2444
Compiling module xil_defaultlib.RAM32X1S_HD2445
Compiling module xil_defaultlib.RAM32X1S_HD2446
Compiling module xil_defaultlib.RAM32X1S_HD2447
Compiling module xil_defaultlib.RAM32X1S_HD2448
Compiling module xil_defaultlib.RAM32X1S_HD2449
Compiling module xil_defaultlib.RAM32X1S_HD2450
Compiling module xil_defaultlib.RAM32X1S_HD2451
Compiling module xil_defaultlib.RAM32X1S_HD2452
Compiling module xil_defaultlib.RAM32X1S_HD2453
Compiling module xil_defaultlib.RAM32X1S_HD2454
Compiling module xil_defaultlib.RAM32X1S_HD2455
Compiling module xil_defaultlib.RAM32X1S_HD2456
Compiling module xil_defaultlib.RAM32X1S_HD2457
Compiling module xil_defaultlib.RAM32X1S_HD2458
Compiling module xil_defaultlib.RAM32X1S_HD2459
Compiling module xil_defaultlib.RAM32X1S_HD2460
Compiling module xil_defaultlib.RAM32X1S_HD2461
Compiling module xil_defaultlib.RAM32X1S_HD2462
Compiling module xil_defaultlib.RAM32X1S_HD2463
Compiling module xil_defaultlib.RAM32X1S_HD2464
Compiling module xil_defaultlib.RAM32X1S_HD2465
Compiling module xil_defaultlib.RAM32X1S_HD2466
Compiling module xil_defaultlib.RAM32X1S_HD2467
Compiling module xil_defaultlib.RAM32X1S_HD2468
Compiling module xil_defaultlib.RAM32X1S_HD2469
Compiling module xil_defaultlib.RAM32X1S_HD2470
Compiling module xil_defaultlib.RAM32X1S_HD2471
Compiling module xil_defaultlib.RAM32X1S_HD2472
Compiling module xil_defaultlib.RAM32X1S_HD2473
Compiling module xil_defaultlib.RAM32X1S_HD2474
Compiling module xil_defaultlib.RAM32X1S_HD2475
Compiling module xil_defaultlib.RAM32X1S_HD2476
Compiling module xil_defaultlib.RAM32X1S_HD2477
Compiling module xil_defaultlib.RAM32X1S_HD2478
Compiling module xil_defaultlib.RAM32X1S_HD2479
Compiling module xil_defaultlib.RAM32X1S_HD2480
Compiling module xil_defaultlib.RAM32X1S_HD2481
Compiling module xil_defaultlib.RAM32X1S_HD2482
Compiling module xil_defaultlib.RAM32X1S_HD2483
Compiling module xil_defaultlib.RAM32X1S_HD2484
Compiling module xil_defaultlib.RAM32X1S_HD2485
Compiling module xil_defaultlib.RAM32X1S_HD2486
Compiling module xil_defaultlib.RAM32X1S_HD2487
Compiling module xil_defaultlib.RAM32X1S_HD2488
Compiling module xil_defaultlib.RAM32X1S_HD2489
Compiling module xil_defaultlib.RAM32X1S_HD2490
Compiling module xil_defaultlib.RAM32X1S_HD2491
Compiling module xil_defaultlib.RAM32X1S_HD2492
Compiling module xil_defaultlib.RAM32X1S_HD2493
Compiling module xil_defaultlib.RAM32X1S_HD2494
Compiling module xil_defaultlib.RAM32X1S_HD2495
Compiling module xil_defaultlib.RAM32X1S_HD2496
Compiling module xil_defaultlib.RAM32X1S_HD2497
Compiling module xil_defaultlib.RAM32X1S_HD2498
Compiling module xil_defaultlib.RAM32X1S_HD2499
Compiling module xil_defaultlib.RAM32X1S_HD2500
Compiling module xil_defaultlib.RAM32X1S_HD2501
Compiling module xil_defaultlib.RAM32X1S_HD2502
Compiling module xil_defaultlib.RAM32X1S_HD2503
Compiling module xil_defaultlib.RAM32X1S_HD2504
Compiling module xil_defaultlib.RAM32X1S_HD2505
Compiling module xil_defaultlib.RAM32X1S_HD2506
Compiling module xil_defaultlib.RAM32X1S_HD2507
Compiling module xil_defaultlib.RAM32X1S_HD2508
Compiling module xil_defaultlib.RAM32X1S_HD2509
Compiling module xil_defaultlib.RAM32X1S_HD2510
Compiling module xil_defaultlib.RAM32X1S_HD2511
Compiling module xil_defaultlib.RAM32X1S_HD2512
Compiling module xil_defaultlib.RAM32X1S_HD2513
Compiling module xil_defaultlib.RAM32X1S_HD2514
Compiling module xil_defaultlib.RAM32X1S_HD2515
Compiling module xil_defaultlib.RAM32X1S_HD2516
Compiling module xil_defaultlib.RAM32X1S_HD2517
Compiling module xil_defaultlib.RAM32X1S_HD2518
Compiling module xil_defaultlib.RAM32X1S_HD2519
Compiling module xil_defaultlib.RAM32X1S_HD2520
Compiling module xil_defaultlib.RAM32X1S_HD2521
Compiling module xil_defaultlib.RAM32X1S_HD2522
Compiling module xil_defaultlib.RAM32X1S_HD2523
Compiling module xil_defaultlib.RAM32X1S_HD2524
Compiling module xil_defaultlib.RAM32X1S_HD2525
Compiling module xil_defaultlib.RAM32X1S_HD2526
Compiling module xil_defaultlib.RAM32X1S_HD2527
Compiling module xil_defaultlib.RAM32X1S_HD2528
Compiling module xil_defaultlib.RAM32X1S_HD2529
Compiling module xil_defaultlib.RAM32X1S_HD2530
Compiling module xil_defaultlib.RAM32X1S_HD2531
Compiling module xil_defaultlib.RAM32X1S_HD2532
Compiling module xil_defaultlib.RAM32X1S_HD2533
Compiling module xil_defaultlib.RAM32X1S_HD2534
Compiling module xil_defaultlib.RAM32X1S_HD2535
Compiling module xil_defaultlib.RAM32X1S_HD2536
Compiling module xil_defaultlib.RAM32X1S_HD2537
Compiling module xil_defaultlib.RAM32X1S_HD2538
Compiling module xil_defaultlib.RAM32X1S_HD2539
Compiling module xil_defaultlib.RAM32X1S_HD2540
Compiling module xil_defaultlib.RAM32X1S_HD2541
Compiling module xil_defaultlib.RAM32X1S_HD2542
Compiling module xil_defaultlib.RAM32X1S_HD2543
Compiling module xil_defaultlib.RAM32X1S_HD2544
Compiling module xil_defaultlib.RAM32X1S_HD2545
Compiling module xil_defaultlib.RAM32X1S_HD2546
Compiling module xil_defaultlib.RAM32X1S_HD2547
Compiling module xil_defaultlib.RAM32X1S_HD2548
Compiling module xil_defaultlib.RAM32X1S_HD2549
Compiling module xil_defaultlib.RAM32X1S_HD2550
Compiling module xil_defaultlib.RAM32X1S_HD2551
Compiling module xil_defaultlib.RAM32X1S_HD2552
Compiling module xil_defaultlib.RAM32X1S_HD2553
Compiling module xil_defaultlib.RAM32X1S_HD2554
Compiling module xil_defaultlib.RAM32X1S_HD2555
Compiling module xil_defaultlib.RAM32X1S_HD2556
Compiling module xil_defaultlib.RAM32X1S_HD2557
Compiling module xil_defaultlib.RAM32X1S_HD2558
Compiling module xil_defaultlib.RAM32X1S_HD2559
Compiling module xil_defaultlib.RAM32X1S_HD2560
Compiling module xil_defaultlib.RAM32X1S_HD2561
Compiling module xil_defaultlib.RAM32X1S_HD2562
Compiling module xil_defaultlib.RAM32X1S_HD2563
Compiling module xil_defaultlib.RAM32X1S_HD2564
Compiling module xil_defaultlib.RAM32X1S_HD2565
Compiling module xil_defaultlib.RAM32X1S_HD2566
Compiling module xil_defaultlib.RAM32X1S_HD2567
Compiling module xil_defaultlib.RAM32X1S_HD2568
Compiling module xil_defaultlib.RAM32X1S_HD2569
Compiling module xil_defaultlib.RAM32X1S_HD2570
Compiling module xil_defaultlib.RAM32X1S_HD2571
Compiling module xil_defaultlib.RAM32X1S_HD2572
Compiling module xil_defaultlib.RAM32X1S_HD2573
Compiling module xil_defaultlib.RAM32X1S_HD2574
Compiling module xil_defaultlib.xilinx_single_port_ram_no_change
Compiling module xil_defaultlib.RAM_Pre_Computed_Vector
Compiling module xil_defaultlib.SIPO_buffer
Compiling module xil_defaultlib.counter_3b__1
Compiling module xil_defaultlib.counter_3b__2
Compiling module xil_defaultlib.counter_3b__3
Compiling module xil_defaultlib.counter_3b__4
Compiling module xil_defaultlib.counter_3b__5
Compiling module xil_defaultlib.counter_3b
Compiling module xil_defaultlib.Voting_w_ce
Compiling module xil_defaultlib.PL_CLASSIFIER_w_VOTING
Compiling architecture rtl of entity xil_defaultlib.AXIS_BRAM_mng [axis_bram_mng_default]
Compiling architecture rtl of entity xil_defaultlib.SIPO_shift_reg_w_full [sipo_shift_reg_w_full_default]
Compiling architecture rtl of entity xil_defaultlib.axis_to_bram_PCV [axis_to_bram_pcv_default]
Compiling architecture rtl of entity xil_defaultlib.SIPO_shift_reg_w_full [\SIPO_shift_reg_w_full(depth=1,n...]
Compiling architecture rtl of entity xil_defaultlib.axis_to_bram_Kernel [axis_to_bram_kernel_default]
Compiling architecture rtl of entity xil_defaultlib.SIPO_shift_reg_w_full [\SIPO_shift_reg_w_full(depth=1,n...]
Compiling architecture rtl of entity xil_defaultlib.axis_to_bram_Bias [axis_to_bram_bias_default]
Compiling architecture rtl of entity xil_defaultlib.DMA_MM2S [dma_mm2s_default]
Compiling architecture rtl of entity xil_defaultlib.DMA_MM2S_PCV [dma_mm2s_pcv_default]
Compiling architecture rtl of entity xil_defaultlib.DMA_MM2S_KERNEL [dma_mm2s_kernel_default]
Compiling architecture rtl of entity xil_defaultlib.DMA_MM2S_BIAS [dma_mm2s_bias_default]
Compiling architecture rtl of entity xil_defaultlib.TB_Tester [tb_tester_default]
Compiling architecture rtl of entity xil_defaultlib.tb_top_level
Built simulation snapshot TB_Top_Level_time_synth
