INFO: [VRFC 10-2263] Analyzing Verilog file "C:/work/Master_Degree_Thesis/HW_SVM/HW_SVM.sim/sim_1/impl/timing/xsim/TB_Top_Level_time_impl.v" into library xil_defaultlib
INFO: [VRFC 10-311] analyzing module RAM32X1S_UNIQ_BASE_
INFO: [VRFC 10-311] analyzing module RAM32X1S_HD1279
INFO: [VRFC 10-311] analyzing module RAM32X1S_HD1280
INFO: [VRFC 10-311] analyzing module RAM32X1S_HD1281
INFO: [VRFC 10-311] analyzing module RAM32X1S_HD1282
INFO: [VRFC 10-311] analyzing module RAM32X1S_HD1283
INFO: [VRFC 10-311] analyzing module RAM32X1S_HD1284
INFO: [VRFC 10-311] analyzing module RAM32X1S_HD1285
INFO: [VRFC 10-311] analyzing module RAM32X1S_HD1286
INFO: [VRFC 10-311] analyzing module RAM32X1S_HD1287
INFO: [VRFC 10-311] analyzing module RAM32X1S_HD1288
INFO: [VRFC 10-311] analyzing module RAM32X1S_HD1289
INFO: [VRFC 10-311] analyzing module RAM32X1S_HD1290
INFO: [VRFC 10-311] analyzing module RAM32X1S_HD1291
INFO: [VRFC 10-311] analyzing module RAM32X1S_HD1292
INFO: [VRFC 10-311] analyzing module RAM32X1S_HD1293
INFO: [VRFC 10-311] analyzing module RAM32X1S_HD1294
INFO: [VRFC 10-311] analyzing module RAM32X1S_HD1295
INFO: [VRFC 10-311] analyzing module RAM32X1S_HD1296
INFO: [VRFC 10-311] analyzing module RAM32X1S_HD1297
INFO: [VRFC 10-311] analyzing module RAM32X1S_HD1298
INFO: [VRFC 10-311] analyzing module RAM32X1S_HD1299
INFO: [VRFC 10-311] analyzing module RAM32X1S_HD1300
INFO: [VRFC 10-311] analyzing module RAM32X1S_HD1301
INFO: [VRFC 10-311] analyzing module RAM32X1S_HD1302
INFO: [VRFC 10-311] analyzing module RAM32X1S_HD1303
INFO: [VRFC 10-311] analyzing module RAM32X1S_HD1304
INFO: [VRFC 10-311] analyzing module RAM32X1S_HD1305
INFO: [VRFC 10-311] analyzing module RAM32X1S_HD1306
INFO: [VRFC 10-311] analyzing module RAM32X1S_HD1307
INFO: [VRFC 10-311] analyzing module RAM32X1S_HD1308
INFO: [VRFC 10-311] analyzing module RAM32X1S_HD1309
INFO: [VRFC 10-311] analyzing module RAM32X1S_HD1310
INFO: [VRFC 10-311] analyzing module RAM32X1S_HD1311
INFO: [VRFC 10-311] analyzing module RAM32X1S_HD1312
INFO: [VRFC 10-311] analyzing module RAM32X1S_HD1313
INFO: [VRFC 10-311] analyzing module RAM32X1S_HD1314
INFO: [VRFC 10-311] analyzing module RAM32X1S_HD1315
INFO: [VRFC 10-311] analyzing module RAM32X1S_HD1316
INFO: [VRFC 10-311] analyzing module RAM32X1S_HD1317
INFO: [VRFC 10-311] analyzing module RAM32X1S_HD1318
INFO: [VRFC 10-311] analyzing module RAM32X1S_HD1319
INFO: [VRFC 10-311] analyzing module RAM32X1S_HD1320
INFO: [VRFC 10-311] analyzing module RAM32X1S_HD1321
INFO: [VRFC 10-311] analyzing module RAM32X1S_HD1322
INFO: [VRFC 10-311] analyzing module RAM32X1S_HD1323
INFO: [VRFC 10-311] analyzing module RAM32X1S_HD1324
INFO: [VRFC 10-311] analyzing module RAM32X1S_HD1325
INFO: [VRFC 10-311] analyzing module RAM32X1S_HD1326
INFO: [VRFC 10-311] analyzing module RAM32X1S_HD1327
INFO: [VRFC 10-311] analyzing module RAM32X1S_HD1328
INFO: [VRFC 10-311] analyzing module RAM32X1S_HD1329
INFO: [VRFC 10-311] analyzing module RAM32X1S_HD1330
INFO: [VRFC 10-311] analyzing module RAM32X1S_HD1331
INFO: [VRFC 10-311] analyzing module RAM32X1S_HD1332
INFO: [VRFC 10-311] analyzing module RAM32X1S_HD1333
INFO: [VRFC 10-311] analyzing module RAM32X1S_HD1334
INFO: [VRFC 10-311] analyzing module RAM32X1S_HD1335
INFO: [VRFC 10-311] analyzing module RAM32X1S_HD1336
INFO: [VRFC 10-311] analyzing module RAM32X1S_HD1337
INFO: [VRFC 10-311] analyzing module RAM32X1S_HD1338
INFO: [VRFC 10-311] analyzing module RAM32X1S_HD1339
INFO: [VRFC 10-311] analyzing module RAM32X1S_HD1340
INFO: [VRFC 10-311] analyzing module RAM32X1S_HD1341
INFO: [VRFC 10-311] analyzing module RAM32X1S_HD1342
INFO: [VRFC 10-311] analyzing module RAM32X1S_HD1343
INFO: [VRFC 10-311] analyzing module RAM32X1S_HD1344
INFO: [VRFC 10-311] analyzing module RAM32X1S_HD1345
INFO: [VRFC 10-311] analyzing module RAM32X1S_HD1346
INFO: [VRFC 10-311] analyzing module RAM32X1S_HD1347
INFO: [VRFC 10-311] analyzing module RAM32X1S_HD1348
INFO: [VRFC 10-311] analyzing module RAM32X1S_HD1349
INFO: [VRFC 10-311] analyzing module RAM32X1S_HD1350
INFO: [VRFC 10-311] analyzing module RAM32X1S_HD1351
INFO: [VRFC 10-311] analyzing module RAM32X1S_HD1352
INFO: [VRFC 10-311] analyzing module RAM32X1S_HD1353
INFO: [VRFC 10-311] analyzing module RAM32X1S_HD1354
INFO: [VRFC 10-311] analyzing module RAM32X1S_HD1355
INFO: [VRFC 10-311] analyzing module RAM32X1S_HD1356
INFO: [VRFC 10-311] analyzing module RAM32X1S_HD1357
INFO: [VRFC 10-311] analyzing module RAM32X1S_HD1358
INFO: [VRFC 10-311] analyzing module RAM32X1S_HD1359
INFO: [VRFC 10-311] analyzing module RAM32X1S_HD1360
INFO: [VRFC 10-311] analyzing module RAM32X1S_HD1361
INFO: [VRFC 10-311] analyzing module RAM32X1S_HD1362
INFO: [VRFC 10-311] analyzing module RAM32X1S_HD1363
INFO: [VRFC 10-311] analyzing module RAM32X1S_HD1364
INFO: [VRFC 10-311] analyzing module RAM32X1S_HD1365
INFO: [VRFC 10-311] analyzing module RAM32X1S_HD1366
INFO: [VRFC 10-311] analyzing module RAM32X1S_HD1367
INFO: [VRFC 10-311] analyzing module RAM32X1S_HD1368
INFO: [VRFC 10-311] analyzing module RAM32X1S_HD1369
INFO: [VRFC 10-311] analyzing module RAM32X1S_HD1370
INFO: [VRFC 10-311] analyzing module RAM32X1S_HD1371
INFO: [VRFC 10-311] analyzing module RAM32X1S_HD1372
INFO: [VRFC 10-311] analyzing module RAM32X1S_HD1373
INFO: [VRFC 10-311] analyzing module RAM32X1S_HD1374
INFO: [VRFC 10-311] analyzing module RAM32X1S_HD1375
INFO: [VRFC 10-311] analyzing module RAM32X1S_HD1376
INFO: [VRFC 10-311] analyzing module RAM32X1S_HD1377
INFO: [VRFC 10-311] analyzing module RAM32X1S_HD1378
INFO: [VRFC 10-311] analyzing module RAM32X1S_HD1379
INFO: [VRFC 10-311] analyzing module RAM32X1S_HD1380
INFO: [VRFC 10-311] analyzing module RAM32X1S_HD1381
INFO: [VRFC 10-311] analyzing module RAM32X1S_HD1382
INFO: [VRFC 10-311] analyzing module RAM32X1S_HD1383
INFO: [VRFC 10-311] analyzing module RAM32X1S_HD1384
INFO: [VRFC 10-311] analyzing module RAM32X1S_HD1385
INFO: [VRFC 10-311] analyzing module RAM32X1S_HD1386
INFO: [VRFC 10-311] analyzing module RAM32X1S_HD1387
INFO: [VRFC 10-311] analyzing module RAM32X1S_HD1388
INFO: [VRFC 10-311] analyzing module RAM32X1S_HD1389
INFO: [VRFC 10-311] analyzing module RAM32X1S_HD1390
INFO: [VRFC 10-311] analyzing module RAM32X1S_HD1391
INFO: [VRFC 10-311] analyzing module RAM32X1S_HD1392
INFO: [VRFC 10-311] analyzing module RAM32X1S_HD1393
INFO: [VRFC 10-311] analyzing module RAM32X1S_HD1394
INFO: [VRFC 10-311] analyzing module RAM32X1S_HD1395
INFO: [VRFC 10-311] analyzing module RAM32X1S_HD1396
INFO: [VRFC 10-311] analyzing module RAM32X1S_HD1397
INFO: [VRFC 10-311] analyzing module RAM32X1S_HD1398
INFO: [VRFC 10-311] analyzing module RAM32X1S_HD1399
INFO: [VRFC 10-311] analyzing module RAM32X1S_HD1400
INFO: [VRFC 10-311] analyzing module RAM32X1S_HD1401
INFO: [VRFC 10-311] analyzing module RAM32X1S_HD1402
INFO: [VRFC 10-311] analyzing module RAM32X1S_HD1403
INFO: [VRFC 10-311] analyzing module RAM32X1S_HD1404
INFO: [VRFC 10-311] analyzing module RAM32X1S_HD1405
INFO: [VRFC 10-311] analyzing module RAM32X1S_HD1406
INFO: [VRFC 10-311] analyzing module RAM32X1S_HD1407
INFO: [VRFC 10-311] analyzing module RAM32X1S_HD1408
INFO: [VRFC 10-311] analyzing module RAM32X1S_HD1409
INFO: [VRFC 10-311] analyzing module RAM32X1S_HD1410
INFO: [VRFC 10-311] analyzing module RAM32X1S_HD1411
INFO: [VRFC 10-311] analyzing module RAM32X1S_HD1412
INFO: [VRFC 10-311] analyzing module RAM32X1S_HD1413
INFO: [VRFC 10-311] analyzing module RAM32X1S_HD1414
INFO: [VRFC 10-311] analyzing module RAM32X1S_HD1415
INFO: [VRFC 10-311] analyzing module RAM32X1S_HD1416
INFO: [VRFC 10-311] analyzing module RAM32X1S_HD1417
INFO: [VRFC 10-311] analyzing module RAM32X1S_HD1418
INFO: [VRFC 10-311] analyzing module RAM32X1S_HD1419
INFO: [VRFC 10-311] analyzing module RAM32X1S_HD1420
INFO: [VRFC 10-311] analyzing module RAM32X1S_HD1421
INFO: [VRFC 10-311] analyzing module RAM32X1S_HD1422
INFO: [VRFC 10-311] analyzing module RAM32X1S_HD1423
INFO: [VRFC 10-311] analyzing module RAM32X1S_HD1424
INFO: [VRFC 10-311] analyzing module RAM32X1S_HD1425
INFO: [VRFC 10-311] analyzing module RAM32X1S_HD1426
INFO: [VRFC 10-311] analyzing module RAM32X1S_HD1427
INFO: [VRFC 10-311] analyzing module RAM32X1S_HD1428
INFO: [VRFC 10-311] analyzing module RAM32X1S_HD1429
INFO: [VRFC 10-311] analyzing module RAM32X1S_HD1430
INFO: [VRFC 10-311] analyzing module RAM32X1S_HD1431
INFO: [VRFC 10-311] analyzing module RAM32X1S_HD1432
INFO: [VRFC 10-311] analyzing module RAM32X1S_HD1433
INFO: [VRFC 10-311] analyzing module RAM32X1S_HD1434
INFO: [VRFC 10-311] analyzing module RAM32X1S_HD1435
INFO: [VRFC 10-311] analyzing module RAM32X1S_HD1436
INFO: [VRFC 10-311] analyzing module RAM32X1S_HD1437
INFO: [VRFC 10-311] analyzing module RAM32X1S_HD1438
INFO: [VRFC 10-311] analyzing module RAM32X1S_HD1439
INFO: [VRFC 10-311] analyzing module RAM32X1S_HD1440
INFO: [VRFC 10-311] analyzing module RAM32X1S_HD1441
INFO: [VRFC 10-311] analyzing module RAM32X1S_HD1442
INFO: [VRFC 10-311] analyzing module RAM32X1S_HD1443
INFO: [VRFC 10-311] analyzing module RAM32X1S_HD1444
INFO: [VRFC 10-311] analyzing module RAM32X1S_HD1445
INFO: [VRFC 10-311] analyzing module RAM32X1S_HD1446
INFO: [VRFC 10-311] analyzing module RAM32X1S_HD1447
INFO: [VRFC 10-311] analyzing module RAM32X1S_HD1448
INFO: [VRFC 10-311] analyzing module RAM32X1S_HD1449
INFO: [VRFC 10-311] analyzing module RAM32X1S_HD1450
INFO: [VRFC 10-311] analyzing module RAM32X1S_HD1451
INFO: [VRFC 10-311] analyzing module RAM32X1S_HD1452
INFO: [VRFC 10-311] analyzing module RAM32X1S_HD1453
INFO: [VRFC 10-311] analyzing module RAM32X1S_HD1454
INFO: [VRFC 10-311] analyzing module RAM32X1S_HD1455
INFO: [VRFC 10-311] analyzing module RAM32X1S_HD1456
INFO: [VRFC 10-311] analyzing module RAM32X1S_HD1457
INFO: [VRFC 10-311] analyzing module RAM32X1S_HD1458
INFO: [VRFC 10-311] analyzing module RAM32X1S_HD1459
INFO: [VRFC 10-311] analyzing module RAM32X1S_HD1460
INFO: [VRFC 10-311] analyzing module RAM32X1S_HD1461
INFO: [VRFC 10-311] analyzing module RAM32X1S_HD1462
INFO: [VRFC 10-311] analyzing module RAM32X1S_HD1463
INFO: [VRFC 10-311] analyzing module RAM32X1S_HD1464
INFO: [VRFC 10-311] analyzing module RAM32X1S_HD1465
INFO: [VRFC 10-311] analyzing module RAM32X1S_HD1466
INFO: [VRFC 10-311] analyzing module RAM32X1S_HD1467
INFO: [VRFC 10-311] analyzing module RAM32X1S_HD1468
INFO: [VRFC 10-311] analyzing module RAM32X1S_HD1469
INFO: [VRFC 10-311] analyzing module RAM32X1S_HD1470
INFO: [VRFC 10-311] analyzing module RAM32X1S_HD1471
INFO: [VRFC 10-311] analyzing module RAM32X1S_HD1472
INFO: [VRFC 10-311] analyzing module RAM32X1S_HD1473
INFO: [VRFC 10-311] analyzing module RAM32X1S_HD1474
INFO: [VRFC 10-311] analyzing module RAM32X1S_HD1475
INFO: [VRFC 10-311] analyzing module RAM32X1S_HD1476
INFO: [VRFC 10-311] analyzing module RAM32X1S_HD1477
INFO: [VRFC 10-311] analyzing module RAM32X1S_HD1478
INFO: [VRFC 10-311] analyzing module RAM32X1S_HD1479
INFO: [VRFC 10-311] analyzing module RAM32X1S_HD1480
INFO: [VRFC 10-311] analyzing module RAM32X1S_HD1481
INFO: [VRFC 10-311] analyzing module RAM32X1S_HD1482
INFO: [VRFC 10-311] analyzing module RAM32X1S_HD1483
INFO: [VRFC 10-311] analyzing module RAM32X1S_HD1484
INFO: [VRFC 10-311] analyzing module RAM32X1S_HD1485
INFO: [VRFC 10-311] analyzing module RAM32X1S_HD1486
INFO: [VRFC 10-311] analyzing module RAM32X1S_HD1487
INFO: [VRFC 10-311] analyzing module RAM32X1S_HD1488
INFO: [VRFC 10-311] analyzing module RAM32X1S_HD1489
INFO: [VRFC 10-311] analyzing module RAM32X1S_HD1490
INFO: [VRFC 10-311] analyzing module RAM32X1S_HD1491
INFO: [VRFC 10-311] analyzing module RAM32X1S_HD1492
INFO: [VRFC 10-311] analyzing module RAM32X1S_HD1493
INFO: [VRFC 10-311] analyzing module RAM32X1S_HD1494
INFO: [VRFC 10-311] analyzing module RAM32X1S_HD1495
INFO: [VRFC 10-311] analyzing module RAM32X1S_HD1496
INFO: [VRFC 10-311] analyzing module RAM32X1S_HD1497
INFO: [VRFC 10-311] analyzing module RAM32X1S_HD1498
INFO: [VRFC 10-311] analyzing module RAM32X1S_HD1499
INFO: [VRFC 10-311] analyzing module RAM32X1S_HD1500
INFO: [VRFC 10-311] analyzing module RAM32X1S_HD1501
INFO: [VRFC 10-311] analyzing module RAM32X1S_HD1502
INFO: [VRFC 10-311] analyzing module RAM32X1S_HD1503
INFO: [VRFC 10-311] analyzing module RAM32X1S_HD1504
INFO: [VRFC 10-311] analyzing module RAM32X1S_HD1505
INFO: [VRFC 10-311] analyzing module RAM32X1S_HD1506
INFO: [VRFC 10-311] analyzing module RAM32X1S_HD1507
INFO: [VRFC 10-311] analyzing module RAM32X1S_HD1508
INFO: [VRFC 10-311] analyzing module RAM32X1S_HD1509
INFO: [VRFC 10-311] analyzing module RAM32X1S_HD1510
INFO: [VRFC 10-311] analyzing module RAM32X1S_HD1511
INFO: [VRFC 10-311] analyzing module RAM32X1S_HD1512
INFO: [VRFC 10-311] analyzing module RAM32X1S_HD1513
INFO: [VRFC 10-311] analyzing module RAM32X1S_HD1514
INFO: [VRFC 10-311] analyzing module RAM32X1S_HD1515
INFO: [VRFC 10-311] analyzing module RAM32X1S_HD1516
INFO: [VRFC 10-311] analyzing module RAM32X1S_HD1517
INFO: [VRFC 10-311] analyzing module RAM32X1S_HD1518
INFO: [VRFC 10-311] analyzing module RAM32X1S_HD1519
INFO: [VRFC 10-311] analyzing module RAM32X1S_HD1520
INFO: [VRFC 10-311] analyzing module RAM32X1S_HD1521
INFO: [VRFC 10-311] analyzing module RAM32X1S_HD1522
INFO: [VRFC 10-311] analyzing module RAM32X1S_HD1523
INFO: [VRFC 10-311] analyzing module RAM32X1S_HD1524
INFO: [VRFC 10-311] analyzing module RAM32X1S_HD1525
INFO: [VRFC 10-311] analyzing module RAM32X1S_HD1526
INFO: [VRFC 10-311] analyzing module RAM32X1S_HD1527
INFO: [VRFC 10-311] analyzing module RAM32X1S_HD1528
INFO: [VRFC 10-311] analyzing module RAM32X1S_HD1529
INFO: [VRFC 10-311] analyzing module RAM32X1S_HD1530
INFO: [VRFC 10-311] analyzing module RAM32X1S_HD1531
INFO: [VRFC 10-311] analyzing module RAM32X1S_HD1532
INFO: [VRFC 10-311] analyzing module RAM32X1S_HD1533
INFO: [VRFC 10-311] analyzing module RAM32X1S_HD1534
INFO: [VRFC 10-311] analyzing module RAM32X1S_HD1535
INFO: [VRFC 10-311] analyzing module RAM32X1S_HD1536
INFO: [VRFC 10-311] analyzing module RAM32X1S_HD1537
INFO: [VRFC 10-311] analyzing module RAM32X1S_HD1538
INFO: [VRFC 10-311] analyzing module RAM32X1S_HD1539
INFO: [VRFC 10-311] analyzing module RAM32X1S_HD1540
INFO: [VRFC 10-311] analyzing module RAM32X1S_HD1541
INFO: [VRFC 10-311] analyzing module RAM32X1S_HD1542
INFO: [VRFC 10-311] analyzing module RAM32X1S_HD1543
INFO: [VRFC 10-311] analyzing module RAM32X1S_HD1544
INFO: [VRFC 10-311] analyzing module RAM32X1S_HD1545
INFO: [VRFC 10-311] analyzing module RAM32X1S_HD1546
INFO: [VRFC 10-311] analyzing module RAM32X1S_HD1547
INFO: [VRFC 10-311] analyzing module RAM32X1S_HD1548
INFO: [VRFC 10-311] analyzing module RAM32X1S_HD1549
INFO: [VRFC 10-311] analyzing module RAM32X1S_HD1550
INFO: [VRFC 10-311] analyzing module RAM32X1S_HD1551
INFO: [VRFC 10-311] analyzing module RAM32X1S_HD1552
INFO: [VRFC 10-311] analyzing module RAM32X1S_HD1553
INFO: [VRFC 10-311] analyzing module RAM32X1S_HD1554
INFO: [VRFC 10-311] analyzing module RAM32X1S_HD1555
INFO: [VRFC 10-311] analyzing module RAM32X1S_HD1556
INFO: [VRFC 10-311] analyzing module RAM32X1S_HD1557
INFO: [VRFC 10-311] analyzing module RAM32X1S_HD1558
INFO: [VRFC 10-311] analyzing module RAM32X1S_HD1559
INFO: [VRFC 10-311] analyzing module RAM32X1S_HD1560
INFO: [VRFC 10-311] analyzing module RAM32X1S_HD1561
INFO: [VRFC 10-311] analyzing module RAM32X1S_HD1562
INFO: [VRFC 10-311] analyzing module RAM32X1S_HD1563
INFO: [VRFC 10-311] analyzing module RAM32X1S_HD1564
INFO: [VRFC 10-311] analyzing module RAM32X1S_HD1565
INFO: [VRFC 10-311] analyzing module RAM32X1S_HD1566
INFO: [VRFC 10-311] analyzing module RAM32X1S_HD1567
INFO: [VRFC 10-311] analyzing module RAM32X1S_HD1568
INFO: [VRFC 10-311] analyzing module RAM32X1S_HD1569
INFO: [VRFC 10-311] analyzing module RAM32X1S_HD1570
INFO: [VRFC 10-311] analyzing module RAM32X1S_HD1571
INFO: [VRFC 10-311] analyzing module RAM32X1S_HD1572
INFO: [VRFC 10-311] analyzing module RAM32X1S_HD1573
INFO: [VRFC 10-311] analyzing module RAM32X1S_HD1574
INFO: [VRFC 10-311] analyzing module RAM32X1S_HD1575
INFO: [VRFC 10-311] analyzing module RAM32X1S_HD1576
INFO: [VRFC 10-311] analyzing module RAM32X1S_HD1577
INFO: [VRFC 10-311] analyzing module RAM32X1S_HD1578
INFO: [VRFC 10-311] analyzing module RAM32X1S_HD1579
INFO: [VRFC 10-311] analyzing module RAM32X1S_HD1580
INFO: [VRFC 10-311] analyzing module RAM32X1S_HD1581
INFO: [VRFC 10-311] analyzing module RAM32X1S_HD1582
INFO: [VRFC 10-311] analyzing module RAM32X1S_HD1583
INFO: [VRFC 10-311] analyzing module RAM32X1S_HD1584
INFO: [VRFC 10-311] analyzing module RAM32X1S_HD1585
INFO: [VRFC 10-311] analyzing module RAM32X1S_HD1586
INFO: [VRFC 10-311] analyzing module RAM32X1S_HD1587
INFO: [VRFC 10-311] analyzing module RAM32X1S_HD1588
INFO: [VRFC 10-311] analyzing module RAM32X1S_HD1589
INFO: [VRFC 10-311] analyzing module RAM32X1S_HD1590
INFO: [VRFC 10-311] analyzing module RAM32X1S_HD1591
INFO: [VRFC 10-311] analyzing module RAM32X1S_HD1592
INFO: [VRFC 10-311] analyzing module RAM32X1S_HD1593
INFO: [VRFC 10-311] analyzing module RAM32X1S_HD1594
INFO: [VRFC 10-311] analyzing module RAM32X1S_HD1595
INFO: [VRFC 10-311] analyzing module RAM32X1S_HD1596
INFO: [VRFC 10-311] analyzing module RAM32X1S_HD1597
INFO: [VRFC 10-311] analyzing module RAM32X1S_HD1598
INFO: [VRFC 10-311] analyzing module RAM32X1S_HD1599
INFO: [VRFC 10-311] analyzing module RAM32X1S_HD1600
INFO: [VRFC 10-311] analyzing module RAM32X1S_HD1601
INFO: [VRFC 10-311] analyzing module RAM32X1S_HD1602
INFO: [VRFC 10-311] analyzing module RAM32X1S_HD1603
INFO: [VRFC 10-311] analyzing module RAM32X1S_HD1604
INFO: [VRFC 10-311] analyzing module RAM32X1S_HD1605
INFO: [VRFC 10-311] analyzing module RAM32X1S_HD1606
INFO: [VRFC 10-311] analyzing module RAM32X1S_HD1607
INFO: [VRFC 10-311] analyzing module RAM32X1S_HD1608
INFO: [VRFC 10-311] analyzing module RAM32X1S_HD1609
INFO: [VRFC 10-311] analyzing module RAM32X1S_HD1610
INFO: [VRFC 10-311] analyzing module RAM32X1S_HD1611
INFO: [VRFC 10-311] analyzing module RAM32X1S_HD1612
INFO: [VRFC 10-311] analyzing module RAM32X1S_HD1613
INFO: [VRFC 10-311] analyzing module RAM32X1S_HD1614
INFO: [VRFC 10-311] analyzing module RAM32X1S_HD1615
INFO: [VRFC 10-311] analyzing module RAM32X1S_HD1616
INFO: [VRFC 10-311] analyzing module RAM32X1S_HD1617
INFO: [VRFC 10-311] analyzing module RAM32X1S_HD1618
INFO: [VRFC 10-311] analyzing module RAM32X1S_HD1619
INFO: [VRFC 10-311] analyzing module RAM32X1S_HD1620
INFO: [VRFC 10-311] analyzing module RAM32X1S_HD1621
INFO: [VRFC 10-311] analyzing module RAM32X1S_HD1622
INFO: [VRFC 10-311] analyzing module RAM32X1S_HD1623
INFO: [VRFC 10-311] analyzing module RAM32X1S_HD1624
INFO: [VRFC 10-311] analyzing module RAM32X1S_HD1625
INFO: [VRFC 10-311] analyzing module RAM32X1S_HD1626
INFO: [VRFC 10-311] analyzing module RAM32X1S_HD1627
INFO: [VRFC 10-311] analyzing module RAM32X1S_HD1628
INFO: [VRFC 10-311] analyzing module RAM32X1S_HD1629
INFO: [VRFC 10-311] analyzing module RAM32X1S_HD1630
INFO: [VRFC 10-311] analyzing module RAM32X1S_HD1631
INFO: [VRFC 10-311] analyzing module RAM32X1S_HD1632
INFO: [VRFC 10-311] analyzing module RAM32X1S_HD1633
INFO: [VRFC 10-311] analyzing module RAM32X1S_HD1634
INFO: [VRFC 10-311] analyzing module RAM32X1S_HD1635
INFO: [VRFC 10-311] analyzing module RAM32X1S_HD1636
INFO: [VRFC 10-311] analyzing module RAM32X1S_HD1637
INFO: [VRFC 10-311] analyzing module RAM32X1S_HD1638
INFO: [VRFC 10-311] analyzing module RAM32X1S_HD1639
INFO: [VRFC 10-311] analyzing module RAM32X1S_HD1640
INFO: [VRFC 10-311] analyzing module RAM32X1S_HD1641
INFO: [VRFC 10-311] analyzing module RAM32X1S_HD1642
INFO: [VRFC 10-311] analyzing module RAM32X1S_HD1643
INFO: [VRFC 10-311] analyzing module RAM32X1S_HD1644
INFO: [VRFC 10-311] analyzing module RAM32X1S_HD1645
INFO: [VRFC 10-311] analyzing module RAM32X1S_HD1646
INFO: [VRFC 10-311] analyzing module RAM32X1S_HD1647
INFO: [VRFC 10-311] analyzing module RAM32X1S_HD1648
INFO: [VRFC 10-311] analyzing module RAM32X1S_HD1649
INFO: [VRFC 10-311] analyzing module RAM32X1S_HD1650
INFO: [VRFC 10-311] analyzing module RAM32X1S_HD1651
INFO: [VRFC 10-311] analyzing module RAM32X1S_HD1652
INFO: [VRFC 10-311] analyzing module RAM32X1S_HD1653
INFO: [VRFC 10-311] analyzing module RAM32X1S_HD1654
INFO: [VRFC 10-311] analyzing module RAM32X1S_HD1655
INFO: [VRFC 10-311] analyzing module RAM32X1S_HD1656
INFO: [VRFC 10-311] analyzing module RAM32X1S_HD1657
INFO: [VRFC 10-311] analyzing module RAM32X1S_HD1658
INFO: [VRFC 10-311] analyzing module RAM32X1S_HD1659
INFO: [VRFC 10-311] analyzing module RAM32X1S_HD1660
INFO: [VRFC 10-311] analyzing module RAM32X1S_HD1661
INFO: [VRFC 10-311] analyzing module RAM32X1S_HD1662
INFO: [VRFC 10-311] analyzing module RAM32X1S_HD1663
INFO: [VRFC 10-311] analyzing module RAM32X1S_HD1664
INFO: [VRFC 10-311] analyzing module RAM32X1S_HD1665
INFO: [VRFC 10-311] analyzing module RAM32X1S_HD1666
INFO: [VRFC 10-311] analyzing module RAM32X1S_HD1667
INFO: [VRFC 10-311] analyzing module RAM32X1S_HD1668
INFO: [VRFC 10-311] analyzing module RAM32X1S_HD1669
INFO: [VRFC 10-311] analyzing module RAM32X1S_HD1670
INFO: [VRFC 10-311] analyzing module RAM32X1S_HD1671
INFO: [VRFC 10-311] analyzing module RAM32X1S_HD1672
INFO: [VRFC 10-311] analyzing module RAM32X1S_HD1673
INFO: [VRFC 10-311] analyzing module RAM32X1S_HD1674
INFO: [VRFC 10-311] analyzing module RAM32X1S_HD1675
INFO: [VRFC 10-311] analyzing module RAM32X1S_HD1676
INFO: [VRFC 10-311] analyzing module RAM32X1S_HD1677
INFO: [VRFC 10-311] analyzing module RAM32X1S_HD1678
INFO: [VRFC 10-311] analyzing module RAM32X1S_HD1679
INFO: [VRFC 10-311] analyzing module RAM32X1S_HD1680
INFO: [VRFC 10-311] analyzing module RAM32X1S_HD1681
INFO: [VRFC 10-311] analyzing module RAM32X1S_HD1682
INFO: [VRFC 10-311] analyzing module RAM32X1S_HD1683
INFO: [VRFC 10-311] analyzing module RAM32X1S_HD1684
INFO: [VRFC 10-311] analyzing module RAM32X1S_HD1685
INFO: [VRFC 10-311] analyzing module RAM32X1S_HD1686
INFO: [VRFC 10-311] analyzing module RAM32X1S_HD1687
INFO: [VRFC 10-311] analyzing module RAM32X1S_HD1688
INFO: [VRFC 10-311] analyzing module RAM32X1S_HD1689
INFO: [VRFC 10-311] analyzing module RAM32X1S_HD1690
INFO: [VRFC 10-311] analyzing module RAM32X1S_HD1691
INFO: [VRFC 10-311] analyzing module RAM32X1S_HD1692
INFO: [VRFC 10-311] analyzing module RAM32X1S_HD1693
INFO: [VRFC 10-311] analyzing module RAM32X1S_HD1694
INFO: [VRFC 10-311] analyzing module RAM32X1S_HD1695
INFO: [VRFC 10-311] analyzing module RAM32X1S_HD1696
INFO: [VRFC 10-311] analyzing module RAM32X1S_HD1697
INFO: [VRFC 10-311] analyzing module RAM32X1S_HD1698
INFO: [VRFC 10-311] analyzing module RAM32X1S_HD1699
INFO: [VRFC 10-311] analyzing module RAM32X1S_HD1700
INFO: [VRFC 10-311] analyzing module RAM32X1S_HD1701
INFO: [VRFC 10-311] analyzing module RAM32X1S_HD1702
INFO: [VRFC 10-311] analyzing module RAM32X1S_HD1703
INFO: [VRFC 10-311] analyzing module RAM32X1S_HD1704
INFO: [VRFC 10-311] analyzing module Classifier
INFO: [VRFC 10-311] analyzing module DSP_AxB_Cascade
INFO: [VRFC 10-311] analyzing module DSP_AxB_Cascade__1
INFO: [VRFC 10-311] analyzing module DSP_AxB_Cascade__10
INFO: [VRFC 10-311] analyzing module DSP_AxB_Cascade__11
INFO: [VRFC 10-311] analyzing module DSP_AxB_Cascade__12
INFO: [VRFC 10-311] analyzing module DSP_AxB_Cascade__13
INFO: [VRFC 10-311] analyzing module DSP_AxB_Cascade__14
INFO: [VRFC 10-311] analyzing module DSP_AxB_Cascade__15
INFO: [VRFC 10-311] analyzing module DSP_AxB_Cascade__16
INFO: [VRFC 10-311] analyzing module DSP_AxB_Cascade__17
INFO: [VRFC 10-311] analyzing module DSP_AxB_Cascade__18
INFO: [VRFC 10-311] analyzing module DSP_AxB_Cascade__19
INFO: [VRFC 10-311] analyzing module DSP_AxB_Cascade__2
INFO: [VRFC 10-311] analyzing module DSP_AxB_Cascade__20
INFO: [VRFC 10-311] analyzing module DSP_AxB_Cascade__21
INFO: [VRFC 10-311] analyzing module DSP_AxB_Cascade__22
INFO: [VRFC 10-311] analyzing module DSP_AxB_Cascade__23
INFO: [VRFC 10-311] analyzing module DSP_AxB_Cascade__24
INFO: [VRFC 10-311] analyzing module DSP_AxB_Cascade__25
INFO: [VRFC 10-311] analyzing module DSP_AxB_Cascade__26
INFO: [VRFC 10-311] analyzing module DSP_AxB_Cascade__27
INFO: [VRFC 10-311] analyzing module DSP_AxB_Cascade__28
INFO: [VRFC 10-311] analyzing module DSP_AxB_Cascade__29
INFO: [VRFC 10-311] analyzing module DSP_AxB_Cascade__3
INFO: [VRFC 10-311] analyzing module DSP_AxB_Cascade__30
INFO: [VRFC 10-311] analyzing module DSP_AxB_Cascade__31
INFO: [VRFC 10-311] analyzing module DSP_AxB_Cascade__32
INFO: [VRFC 10-311] analyzing module DSP_AxB_Cascade__4
INFO: [VRFC 10-311] analyzing module DSP_AxB_Cascade__5
INFO: [VRFC 10-311] analyzing module DSP_AxB_Cascade__6
INFO: [VRFC 10-311] analyzing module DSP_AxB_Cascade__7
INFO: [VRFC 10-311] analyzing module DSP_AxB_Cascade__8
INFO: [VRFC 10-311] analyzing module DSP_AxB_Cascade__9
INFO: [VRFC 10-311] analyzing module DSP_AxB_Cascade_wo_PCIN
INFO: [VRFC 10-311] analyzing module DSP_AxB_plus_C
INFO: [VRFC 10-311] analyzing module FSM
INFO: [VRFC 10-311] analyzing module FSM_Kernel_Bias
INFO: [VRFC 10-311] analyzing module FSM_SIPO_PCV
INFO: [VRFC 10-311] analyzing module FSM_Voting
INFO: [VRFC 10-311] analyzing module PL_CLASSIFIER_w_VOTING
INFO: [VRFC 10-311] analyzing module RAM_Bias
INFO: [VRFC 10-311] analyzing module RAM_Kernel_Scale
INFO: [VRFC 10-311] analyzing module RAM_Pre_Computed_Vector
INFO: [VRFC 10-311] analyzing module SIPO_buffer
INFO: [VRFC 10-311] analyzing module SVM
INFO: [VRFC 10-311] analyzing module Voting_w_ce
INFO: [VRFC 10-311] analyzing module counter_3b
INFO: [VRFC 10-311] analyzing module counter_3b__1
INFO: [VRFC 10-311] analyzing module counter_3b__2
INFO: [VRFC 10-311] analyzing module counter_3b__3
INFO: [VRFC 10-311] analyzing module counter_3b__4
INFO: [VRFC 10-311] analyzing module counter_3b__5
INFO: [VRFC 10-311] analyzing module double_shift_reg
INFO: [VRFC 10-311] analyzing module double_shift_reg__parameterized1
INFO: [VRFC 10-311] analyzing module double_shift_reg__parameterized11
INFO: [VRFC 10-311] analyzing module double_shift_reg__parameterized13
INFO: [VRFC 10-311] analyzing module double_shift_reg__parameterized15
INFO: [VRFC 10-311] analyzing module double_shift_reg__parameterized17
INFO: [VRFC 10-311] analyzing module double_shift_reg__parameterized19
INFO: [VRFC 10-311] analyzing module double_shift_reg__parameterized21
INFO: [VRFC 10-311] analyzing module double_shift_reg__parameterized23
INFO: [VRFC 10-311] analyzing module double_shift_reg__parameterized25
INFO: [VRFC 10-311] analyzing module double_shift_reg__parameterized27
INFO: [VRFC 10-311] analyzing module double_shift_reg__parameterized29
INFO: [VRFC 10-311] analyzing module double_shift_reg__parameterized3
INFO: [VRFC 10-311] analyzing module double_shift_reg__parameterized31
INFO: [VRFC 10-311] analyzing module double_shift_reg__parameterized33
INFO: [VRFC 10-311] analyzing module double_shift_reg__parameterized35
INFO: [VRFC 10-311] analyzing module double_shift_reg__parameterized37
INFO: [VRFC 10-311] analyzing module double_shift_reg__parameterized39
INFO: [VRFC 10-311] analyzing module double_shift_reg__parameterized41
INFO: [VRFC 10-311] analyzing module double_shift_reg__parameterized43
INFO: [VRFC 10-311] analyzing module double_shift_reg__parameterized45
INFO: [VRFC 10-311] analyzing module double_shift_reg__parameterized47
INFO: [VRFC 10-311] analyzing module double_shift_reg__parameterized49
INFO: [VRFC 10-311] analyzing module double_shift_reg__parameterized5
INFO: [VRFC 10-311] analyzing module double_shift_reg__parameterized51
INFO: [VRFC 10-311] analyzing module double_shift_reg__parameterized53
INFO: [VRFC 10-311] analyzing module double_shift_reg__parameterized55
INFO: [VRFC 10-311] analyzing module double_shift_reg__parameterized57
INFO: [VRFC 10-311] analyzing module double_shift_reg__parameterized59
INFO: [VRFC 10-311] analyzing module double_shift_reg__parameterized61
INFO: [VRFC 10-311] analyzing module double_shift_reg__parameterized63
INFO: [VRFC 10-311] analyzing module double_shift_reg__parameterized7
INFO: [VRFC 10-311] analyzing module double_shift_reg__parameterized9
INFO: [VRFC 10-311] analyzing module incremental_pipe
INFO: [VRFC 10-311] analyzing module xilinx_single_port_ram_no_change
INFO: [VRFC 10-311] analyzing module xilinx_single_port_ram_no_change__parameterized1
INFO: [VRFC 10-311] analyzing module xilinx_single_port_ram_no_change__parameterized3
INFO: [VRFC 10-311] analyzing module glbl
