Vivado Simulator 2018.3
Copyright 1986-1999, 2001-2018 Xilinx, Inc. All Rights Reserved.
Running: C:/Xilinx/Vivado/2018.3/bin/unwrapped/win64.o/xelab.exe -wto 4cb68f95920a487693cc364e614087a3 --incr --debug typical --relax --mt 2 --maxdelay -L xil_defaultlib -L xilinx_vip -L simprims_ver -L secureip --snapshot TB_Top_Level_time_impl -transport_int_delays -pulse_r 0 -pulse_int_r 0 -pulse_e 0 -pulse_int_e 0 xil_defaultlib.TB_Top_Level xil_defaultlib.glbl -log elaborate.log 
Using 2 slave threads.
Starting static elaboration
Completed static elaboration
Starting simulation data flow analysis
Completed simulation data flow analysis
INFO: [XSIM 43-3451] SDF backannotation process started with SDF file "TB_Top_Level_time_impl.sdf", for root module "TB_Top_Level/PL_CLASSIFIER_w_VOTING_inst".
INFO: [XSIM 43-3452] SDF backannotation was successful for SDF file "TB_Top_Level_time_impl.sdf", for root module "TB_Top_Level/PL_CLASSIFIER_w_VOTING_inst".
Time Resolution for simulation is 1ps
Compiling package std.standard
Compiling package std.textio
Compiling package ieee.std_logic_1164
Compiling package ieee.numeric_std
Compiling package xil_defaultlib.constant_pkg
Compiling package ieee.std_logic_arith
Compiling package ieee.std_logic_textio
Compiling package vl.vl_types
Compiling module xil_defaultlib.glbl
Compiling module simprims_ver.GND
Compiling module simprims_ver.DSP48E1(ADREG=0,ALUMODEREG=0,CAR...
Compiling module xil_defaultlib.DSP_AxB_Cascade__11
Compiling module xil_defaultlib.DSP_AxB_Cascade__12
Compiling module xil_defaultlib.DSP_AxB_Cascade__13
Compiling module xil_defaultlib.DSP_AxB_Cascade__14
Compiling module xil_defaultlib.DSP_AxB_Cascade__15
Compiling module xil_defaultlib.DSP_AxB_Cascade__16
Compiling module xil_defaultlib.DSP_AxB_Cascade__17
Compiling module xil_defaultlib.DSP_AxB_Cascade__18
Compiling module xil_defaultlib.DSP_AxB_Cascade__19
Compiling module xil_defaultlib.DSP_AxB_Cascade__20
Compiling module xil_defaultlib.DSP_AxB_Cascade__2
Compiling module xil_defaultlib.DSP_AxB_Cascade__21
Compiling module xil_defaultlib.DSP_AxB_Cascade__22
Compiling module xil_defaultlib.DSP_AxB_Cascade__23
Compiling module xil_defaultlib.DSP_AxB_Cascade__24
Compiling module xil_defaultlib.DSP_AxB_Cascade__25
Compiling module xil_defaultlib.DSP_AxB_Cascade__26
Compiling module xil_defaultlib.DSP_AxB_Cascade__27
Compiling module xil_defaultlib.DSP_AxB_Cascade__28
Compiling module xil_defaultlib.DSP_AxB_Cascade__29
Compiling module xil_defaultlib.DSP_AxB_Cascade__30
Compiling module xil_defaultlib.DSP_AxB_Cascade__3
Compiling module xil_defaultlib.DSP_AxB_Cascade__31
Compiling module xil_defaultlib.DSP_AxB_Cascade__32
Compiling module xil_defaultlib.DSP_AxB_Cascade
Compiling module xil_defaultlib.DSP_AxB_Cascade__4
Compiling module xil_defaultlib.DSP_AxB_Cascade__5
Compiling module xil_defaultlib.DSP_AxB_Cascade__6
Compiling module xil_defaultlib.DSP_AxB_Cascade__7
Compiling module xil_defaultlib.DSP_AxB_Cascade__8
Compiling module xil_defaultlib.DSP_AxB_Cascade__9
Compiling module xil_defaultlib.DSP_AxB_Cascade__10
Compiling module xil_defaultlib.DSP_AxB_Cascade__1
Compiling module simprims_ver.DSP48E1(ADREG=0,ALUMODEREG=0,CAR...
Compiling module xil_defaultlib.DSP_AxB_plus_C
Compiling module xil_defaultlib.DSP_AxB_Cascade_wo_PCIN
Compiling module xil_defaultlib.SVM
Compiling module simprims_ver.SRL16E_default
Compiling module simprims_ver.FDRE_default
Compiling module simprims_ver.x_lut2_mux4
Compiling module simprims_ver.LUT2
Compiling module xil_defaultlib.double_shift_reg__parameterized1...
Compiling module xil_defaultlib.double_shift_reg__parameterized1...
Compiling module xil_defaultlib.double_shift_reg__parameterized2...
Compiling module xil_defaultlib.double_shift_reg__parameterized2...
Compiling module xil_defaultlib.double_shift_reg__parameterized2...
Compiling module xil_defaultlib.double_shift_reg__parameterized2...
Compiling module xil_defaultlib.double_shift_reg__parameterized2...
Compiling module xil_defaultlib.double_shift_reg__parameterized3...
Compiling module xil_defaultlib.double_shift_reg__parameterized3...
Compiling module simprims_ver.SRLC32E_default
Compiling module xil_defaultlib.double_shift_reg__parameterized3...
Compiling module xil_defaultlib.double_shift_reg
Compiling module xil_defaultlib.double_shift_reg__parameterized3...
Compiling module xil_defaultlib.double_shift_reg__parameterized3...
Compiling module xil_defaultlib.double_shift_reg__parameterized4...
Compiling module xil_defaultlib.double_shift_reg__parameterized4...
Compiling module xil_defaultlib.double_shift_reg__parameterized4...
Compiling module xil_defaultlib.double_shift_reg__parameterized4...
Compiling module xil_defaultlib.double_shift_reg__parameterized4...
Compiling module xil_defaultlib.double_shift_reg__parameterized5...
Compiling module xil_defaultlib.double_shift_reg__parameterized5...
Compiling module xil_defaultlib.double_shift_reg__parameterized5...
Compiling module xil_defaultlib.double_shift_reg__parameterized1
Compiling module xil_defaultlib.double_shift_reg__parameterized5...
Compiling module xil_defaultlib.double_shift_reg__parameterized5...
Compiling module xil_defaultlib.double_shift_reg__parameterized6...
Compiling module xil_defaultlib.double_shift_reg__parameterized6...
Compiling module xil_defaultlib.double_shift_reg__parameterized3
Compiling module xil_defaultlib.double_shift_reg__parameterized5
Compiling module xil_defaultlib.double_shift_reg__parameterized7
Compiling module xil_defaultlib.double_shift_reg__parameterized9
Compiling module xil_defaultlib.double_shift_reg__parameterized1...
Compiling module xil_defaultlib.double_shift_reg__parameterized1...
Compiling module xil_defaultlib.double_shift_reg__parameterized1...
Compiling module xil_defaultlib.incremental_pipe
Compiling module xil_defaultlib.Classifier
Compiling module simprims_ver.x_lut3_mux8
Compiling module simprims_ver.LUT3
Compiling module simprims_ver.LUT6
Compiling module simprims_ver.LUT5
Compiling module simprims_ver.x_lut1_mux2
Compiling module simprims_ver.LUT1
Compiling module simprims_ver.FDCE_default
Compiling module simprims_ver.latchsre_ldce
Compiling module simprims_ver.LDCE
Compiling module simprims_ver.LUT4
Compiling module simprims_ver.MUXF7
Compiling module xil_defaultlib.FSM_Kernel_Bias
Compiling module xil_defaultlib.FSM_SIPO_PCV
Compiling module xil_defaultlib.FSM_Voting
Compiling module xil_defaultlib.FSM
Compiling module simprims_ver.RAMS32
Compiling module xil_defaultlib.RAM32X1S_UNIQ_BASE_
Compiling module xil_defaultlib.RAM32X1S_HD1279
Compiling module xil_defaultlib.RAM32X1S_HD1280
Compiling module xil_defaultlib.RAM32X1S_HD1281
Compiling module xil_defaultlib.RAM32X1S_HD1282
Compiling module xil_defaultlib.RAM32X1S_HD1283
Compiling module xil_defaultlib.RAM32X1S_HD1284
Compiling module xil_defaultlib.xilinx_single_port_ram_no_change...
Compiling module xil_defaultlib.RAM_Bias
Compiling module xil_defaultlib.RAM32X1S_HD1285
Compiling module xil_defaultlib.RAM32X1S_HD1286
Compiling module xil_defaultlib.RAM32X1S_HD1287
Compiling module xil_defaultlib.RAM32X1S_HD1288
Compiling module xil_defaultlib.RAM32X1S_HD1289
Compiling module xil_defaultlib.RAM32X1S_HD1290
Compiling module xil_defaultlib.RAM32X1S_HD1291
Compiling module xil_defaultlib.RAM32X1S_HD1292
Compiling module xil_defaultlib.RAM32X1S_HD1293
Compiling module xil_defaultlib.RAM32X1S_HD1294
Compiling module xil_defaultlib.RAM32X1S_HD1295
Compiling module xil_defaultlib.RAM32X1S_HD1296
Compiling module xil_defaultlib.xilinx_single_port_ram_no_change...
Compiling module xil_defaultlib.RAM_Kernel_Scale
Compiling module xil_defaultlib.RAM32X1S_HD1297
Compiling module xil_defaultlib.RAM32X1S_HD1298
Compiling module xil_defaultlib.RAM32X1S_HD1299
Compiling module xil_defaultlib.RAM32X1S_HD1300
Compiling module xil_defaultlib.RAM32X1S_HD1301
Compiling module xil_defaultlib.RAM32X1S_HD1302
Compiling module xil_defaultlib.RAM32X1S_HD1303
Compiling module xil_defaultlib.RAM32X1S_HD1304
Compiling module xil_defaultlib.RAM32X1S_HD1305
Compiling module xil_defaultlib.RAM32X1S_HD1306
Compiling module xil_defaultlib.RAM32X1S_HD1307
Compiling module xil_defaultlib.RAM32X1S_HD1308
Compiling module xil_defaultlib.RAM32X1S_HD1309
Compiling module xil_defaultlib.RAM32X1S_HD1310
Compiling module xil_defaultlib.RAM32X1S_HD1311
Compiling module xil_defaultlib.RAM32X1S_HD1312
Compiling module xil_defaultlib.RAM32X1S_HD1313
Compiling module xil_defaultlib.RAM32X1S_HD1314
Compiling module xil_defaultlib.RAM32X1S_HD1315
Compiling module xil_defaultlib.RAM32X1S_HD1316
Compiling module xil_defaultlib.RAM32X1S_HD1317
Compiling module xil_defaultlib.RAM32X1S_HD1318
Compiling module xil_defaultlib.RAM32X1S_HD1319
Compiling module xil_defaultlib.RAM32X1S_HD1320
Compiling module xil_defaultlib.RAM32X1S_HD1321
Compiling module xil_defaultlib.RAM32X1S_HD1322
Compiling module xil_defaultlib.RAM32X1S_HD1323
Compiling module xil_defaultlib.RAM32X1S_HD1324
Compiling module xil_defaultlib.RAM32X1S_HD1325
Compiling module xil_defaultlib.RAM32X1S_HD1326
Compiling module xil_defaultlib.RAM32X1S_HD1327
Compiling module xil_defaultlib.RAM32X1S_HD1328
Compiling module xil_defaultlib.RAM32X1S_HD1329
Compiling module xil_defaultlib.RAM32X1S_HD1330
Compiling module xil_defaultlib.RAM32X1S_HD1331
Compiling module xil_defaultlib.RAM32X1S_HD1332
Compiling module xil_defaultlib.RAM32X1S_HD1333
Compiling module xil_defaultlib.RAM32X1S_HD1334
Compiling module xil_defaultlib.RAM32X1S_HD1335
Compiling module xil_defaultlib.RAM32X1S_HD1336
Compiling module xil_defaultlib.RAM32X1S_HD1337
Compiling module xil_defaultlib.RAM32X1S_HD1338
Compiling module xil_defaultlib.RAM32X1S_HD1339
Compiling module xil_defaultlib.RAM32X1S_HD1340
Compiling module xil_defaultlib.RAM32X1S_HD1341
Compiling module xil_defaultlib.RAM32X1S_HD1342
Compiling module xil_defaultlib.RAM32X1S_HD1343
Compiling module xil_defaultlib.RAM32X1S_HD1344
Compiling module xil_defaultlib.RAM32X1S_HD1345
Compiling module xil_defaultlib.RAM32X1S_HD1346
Compiling module xil_defaultlib.RAM32X1S_HD1347
Compiling module xil_defaultlib.RAM32X1S_HD1348
Compiling module xil_defaultlib.RAM32X1S_HD1349
Compiling module xil_defaultlib.RAM32X1S_HD1350
Compiling module xil_defaultlib.RAM32X1S_HD1351
Compiling module xil_defaultlib.RAM32X1S_HD1352
Compiling module xil_defaultlib.RAM32X1S_HD1353
Compiling module xil_defaultlib.RAM32X1S_HD1354
Compiling module xil_defaultlib.RAM32X1S_HD1355
Compiling module xil_defaultlib.RAM32X1S_HD1356
Compiling module xil_defaultlib.RAM32X1S_HD1357
Compiling module xil_defaultlib.RAM32X1S_HD1358
Compiling module xil_defaultlib.RAM32X1S_HD1359
Compiling module xil_defaultlib.RAM32X1S_HD1360
Compiling module xil_defaultlib.RAM32X1S_HD1361
Compiling module xil_defaultlib.RAM32X1S_HD1362
Compiling module xil_defaultlib.RAM32X1S_HD1363
Compiling module xil_defaultlib.RAM32X1S_HD1364
Compiling module xil_defaultlib.RAM32X1S_HD1365
Compiling module xil_defaultlib.RAM32X1S_HD1366
Compiling module xil_defaultlib.RAM32X1S_HD1367
Compiling module xil_defaultlib.RAM32X1S_HD1368
Compiling module xil_defaultlib.RAM32X1S_HD1369
Compiling module xil_defaultlib.RAM32X1S_HD1370
Compiling module xil_defaultlib.RAM32X1S_HD1371
Compiling module xil_defaultlib.RAM32X1S_HD1372
Compiling module xil_defaultlib.RAM32X1S_HD1373
Compiling module xil_defaultlib.RAM32X1S_HD1374
Compiling module xil_defaultlib.RAM32X1S_HD1375
Compiling module xil_defaultlib.RAM32X1S_HD1376
Compiling module xil_defaultlib.RAM32X1S_HD1377
Compiling module xil_defaultlib.RAM32X1S_HD1378
Compiling module xil_defaultlib.RAM32X1S_HD1379
Compiling module xil_defaultlib.RAM32X1S_HD1380
Compiling module xil_defaultlib.RAM32X1S_HD1381
Compiling module xil_defaultlib.RAM32X1S_HD1382
Compiling module xil_defaultlib.RAM32X1S_HD1383
Compiling module xil_defaultlib.RAM32X1S_HD1384
Compiling module xil_defaultlib.RAM32X1S_HD1385
Compiling module xil_defaultlib.RAM32X1S_HD1386
Compiling module xil_defaultlib.RAM32X1S_HD1387
Compiling module xil_defaultlib.RAM32X1S_HD1388
Compiling module xil_defaultlib.RAM32X1S_HD1389
Compiling module xil_defaultlib.RAM32X1S_HD1390
Compiling module xil_defaultlib.RAM32X1S_HD1391
Compiling module xil_defaultlib.RAM32X1S_HD1392
Compiling module xil_defaultlib.RAM32X1S_HD1393
Compiling module xil_defaultlib.RAM32X1S_HD1394
Compiling module xil_defaultlib.RAM32X1S_HD1395
Compiling module xil_defaultlib.RAM32X1S_HD1396
Compiling module xil_defaultlib.RAM32X1S_HD1397
Compiling module xil_defaultlib.RAM32X1S_HD1398
Compiling module xil_defaultlib.RAM32X1S_HD1399
Compiling module xil_defaultlib.RAM32X1S_HD1400
Compiling module xil_defaultlib.RAM32X1S_HD1401
Compiling module xil_defaultlib.RAM32X1S_HD1402
Compiling module xil_defaultlib.RAM32X1S_HD1403
Compiling module xil_defaultlib.RAM32X1S_HD1404
Compiling module xil_defaultlib.RAM32X1S_HD1405
Compiling module xil_defaultlib.RAM32X1S_HD1406
Compiling module xil_defaultlib.RAM32X1S_HD1407
Compiling module xil_defaultlib.RAM32X1S_HD1408
Compiling module xil_defaultlib.RAM32X1S_HD1409
Compiling module xil_defaultlib.RAM32X1S_HD1410
Compiling module xil_defaultlib.RAM32X1S_HD1411
Compiling module xil_defaultlib.RAM32X1S_HD1412
Compiling module xil_defaultlib.RAM32X1S_HD1413
Compiling module xil_defaultlib.RAM32X1S_HD1414
Compiling module xil_defaultlib.RAM32X1S_HD1415
Compiling module xil_defaultlib.RAM32X1S_HD1416
Compiling module xil_defaultlib.RAM32X1S_HD1417
Compiling module xil_defaultlib.RAM32X1S_HD1418
Compiling module xil_defaultlib.RAM32X1S_HD1419
Compiling module xil_defaultlib.RAM32X1S_HD1420
Compiling module xil_defaultlib.RAM32X1S_HD1421
Compiling module xil_defaultlib.RAM32X1S_HD1422
Compiling module xil_defaultlib.RAM32X1S_HD1423
Compiling module xil_defaultlib.RAM32X1S_HD1424
Compiling module xil_defaultlib.RAM32X1S_HD1425
Compiling module xil_defaultlib.RAM32X1S_HD1426
Compiling module xil_defaultlib.RAM32X1S_HD1427
Compiling module xil_defaultlib.RAM32X1S_HD1428
Compiling module xil_defaultlib.RAM32X1S_HD1429
Compiling module xil_defaultlib.RAM32X1S_HD1430
Compiling module xil_defaultlib.RAM32X1S_HD1431
Compiling module xil_defaultlib.RAM32X1S_HD1432
Compiling module xil_defaultlib.RAM32X1S_HD1433
Compiling module xil_defaultlib.RAM32X1S_HD1434
Compiling module xil_defaultlib.RAM32X1S_HD1435
Compiling module xil_defaultlib.RAM32X1S_HD1436
Compiling module xil_defaultlib.RAM32X1S_HD1437
Compiling module xil_defaultlib.RAM32X1S_HD1438
Compiling module xil_defaultlib.RAM32X1S_HD1439
Compiling module xil_defaultlib.RAM32X1S_HD1440
Compiling module xil_defaultlib.RAM32X1S_HD1441
Compiling module xil_defaultlib.RAM32X1S_HD1442
Compiling module xil_defaultlib.RAM32X1S_HD1443
Compiling module xil_defaultlib.RAM32X1S_HD1444
Compiling module xil_defaultlib.RAM32X1S_HD1445
Compiling module xil_defaultlib.RAM32X1S_HD1446
Compiling module xil_defaultlib.RAM32X1S_HD1447
Compiling module xil_defaultlib.RAM32X1S_HD1448
Compiling module xil_defaultlib.RAM32X1S_HD1449
Compiling module xil_defaultlib.RAM32X1S_HD1450
Compiling module xil_defaultlib.RAM32X1S_HD1451
Compiling module xil_defaultlib.RAM32X1S_HD1452
Compiling module xil_defaultlib.RAM32X1S_HD1453
Compiling module xil_defaultlib.RAM32X1S_HD1454
Compiling module xil_defaultlib.RAM32X1S_HD1455
Compiling module xil_defaultlib.RAM32X1S_HD1456
Compiling module xil_defaultlib.RAM32X1S_HD1457
Compiling module xil_defaultlib.RAM32X1S_HD1458
Compiling module xil_defaultlib.RAM32X1S_HD1459
Compiling module xil_defaultlib.RAM32X1S_HD1460
Compiling module xil_defaultlib.RAM32X1S_HD1461
Compiling module xil_defaultlib.RAM32X1S_HD1462
Compiling module xil_defaultlib.RAM32X1S_HD1463
Compiling module xil_defaultlib.RAM32X1S_HD1464
Compiling module xil_defaultlib.RAM32X1S_HD1465
Compiling module xil_defaultlib.RAM32X1S_HD1466
Compiling module xil_defaultlib.RAM32X1S_HD1467
Compiling module xil_defaultlib.RAM32X1S_HD1468
Compiling module xil_defaultlib.RAM32X1S_HD1469
Compiling module xil_defaultlib.RAM32X1S_HD1470
Compiling module xil_defaultlib.RAM32X1S_HD1471
Compiling module xil_defaultlib.RAM32X1S_HD1472
Compiling module xil_defaultlib.RAM32X1S_HD1473
Compiling module xil_defaultlib.RAM32X1S_HD1474
Compiling module xil_defaultlib.RAM32X1S_HD1475
Compiling module xil_defaultlib.RAM32X1S_HD1476
Compiling module xil_defaultlib.RAM32X1S_HD1477
Compiling module xil_defaultlib.RAM32X1S_HD1478
Compiling module xil_defaultlib.RAM32X1S_HD1479
Compiling module xil_defaultlib.RAM32X1S_HD1480
Compiling module xil_defaultlib.RAM32X1S_HD1481
Compiling module xil_defaultlib.RAM32X1S_HD1482
Compiling module xil_defaultlib.RAM32X1S_HD1483
Compiling module xil_defaultlib.RAM32X1S_HD1484
Compiling module xil_defaultlib.RAM32X1S_HD1485
Compiling module xil_defaultlib.RAM32X1S_HD1486
Compiling module xil_defaultlib.RAM32X1S_HD1487
Compiling module xil_defaultlib.RAM32X1S_HD1488
Compiling module xil_defaultlib.RAM32X1S_HD1489
Compiling module xil_defaultlib.RAM32X1S_HD1490
Compiling module xil_defaultlib.RAM32X1S_HD1491
Compiling module xil_defaultlib.RAM32X1S_HD1492
Compiling module xil_defaultlib.RAM32X1S_HD1493
Compiling module xil_defaultlib.RAM32X1S_HD1494
Compiling module xil_defaultlib.RAM32X1S_HD1495
Compiling module xil_defaultlib.RAM32X1S_HD1496
Compiling module xil_defaultlib.RAM32X1S_HD1497
Compiling module xil_defaultlib.RAM32X1S_HD1498
Compiling module xil_defaultlib.RAM32X1S_HD1499
Compiling module xil_defaultlib.RAM32X1S_HD1500
Compiling module xil_defaultlib.RAM32X1S_HD1501
Compiling module xil_defaultlib.RAM32X1S_HD1502
Compiling module xil_defaultlib.RAM32X1S_HD1503
Compiling module xil_defaultlib.RAM32X1S_HD1504
Compiling module xil_defaultlib.RAM32X1S_HD1505
Compiling module xil_defaultlib.RAM32X1S_HD1506
Compiling module xil_defaultlib.RAM32X1S_HD1507
Compiling module xil_defaultlib.RAM32X1S_HD1508
Compiling module xil_defaultlib.RAM32X1S_HD1509
Compiling module xil_defaultlib.RAM32X1S_HD1510
Compiling module xil_defaultlib.RAM32X1S_HD1511
Compiling module xil_defaultlib.RAM32X1S_HD1512
Compiling module xil_defaultlib.RAM32X1S_HD1513
Compiling module xil_defaultlib.RAM32X1S_HD1514
Compiling module xil_defaultlib.RAM32X1S_HD1515
Compiling module xil_defaultlib.RAM32X1S_HD1516
Compiling module xil_defaultlib.RAM32X1S_HD1517
Compiling module xil_defaultlib.RAM32X1S_HD1518
Compiling module xil_defaultlib.RAM32X1S_HD1519
Compiling module xil_defaultlib.RAM32X1S_HD1520
Compiling module xil_defaultlib.RAM32X1S_HD1521
Compiling module xil_defaultlib.RAM32X1S_HD1522
Compiling module xil_defaultlib.RAM32X1S_HD1523
Compiling module xil_defaultlib.RAM32X1S_HD1524
Compiling module xil_defaultlib.RAM32X1S_HD1525
Compiling module xil_defaultlib.RAM32X1S_HD1526
Compiling module xil_defaultlib.RAM32X1S_HD1527
Compiling module xil_defaultlib.RAM32X1S_HD1528
Compiling module xil_defaultlib.RAM32X1S_HD1529
Compiling module xil_defaultlib.RAM32X1S_HD1530
Compiling module xil_defaultlib.RAM32X1S_HD1531
Compiling module xil_defaultlib.RAM32X1S_HD1532
Compiling module xil_defaultlib.RAM32X1S_HD1533
Compiling module xil_defaultlib.RAM32X1S_HD1534
Compiling module xil_defaultlib.RAM32X1S_HD1535
Compiling module xil_defaultlib.RAM32X1S_HD1536
Compiling module xil_defaultlib.RAM32X1S_HD1537
Compiling module xil_defaultlib.RAM32X1S_HD1538
Compiling module xil_defaultlib.RAM32X1S_HD1539
Compiling module xil_defaultlib.RAM32X1S_HD1540
Compiling module xil_defaultlib.RAM32X1S_HD1541
Compiling module xil_defaultlib.RAM32X1S_HD1542
Compiling module xil_defaultlib.RAM32X1S_HD1543
Compiling module xil_defaultlib.RAM32X1S_HD1544
Compiling module xil_defaultlib.RAM32X1S_HD1545
Compiling module xil_defaultlib.RAM32X1S_HD1546
Compiling module xil_defaultlib.RAM32X1S_HD1547
Compiling module xil_defaultlib.RAM32X1S_HD1548
Compiling module xil_defaultlib.RAM32X1S_HD1549
Compiling module xil_defaultlib.RAM32X1S_HD1550
Compiling module xil_defaultlib.RAM32X1S_HD1551
Compiling module xil_defaultlib.RAM32X1S_HD1552
Compiling module xil_defaultlib.RAM32X1S_HD1553
Compiling module xil_defaultlib.RAM32X1S_HD1554
Compiling module xil_defaultlib.RAM32X1S_HD1555
Compiling module xil_defaultlib.RAM32X1S_HD1556
Compiling module xil_defaultlib.RAM32X1S_HD1557
Compiling module xil_defaultlib.RAM32X1S_HD1558
Compiling module xil_defaultlib.RAM32X1S_HD1559
Compiling module xil_defaultlib.RAM32X1S_HD1560
Compiling module xil_defaultlib.RAM32X1S_HD1561
Compiling module xil_defaultlib.RAM32X1S_HD1562
Compiling module xil_defaultlib.RAM32X1S_HD1563
Compiling module xil_defaultlib.RAM32X1S_HD1564
Compiling module xil_defaultlib.RAM32X1S_HD1565
Compiling module xil_defaultlib.RAM32X1S_HD1566
Compiling module xil_defaultlib.RAM32X1S_HD1567
Compiling module xil_defaultlib.RAM32X1S_HD1568
Compiling module xil_defaultlib.RAM32X1S_HD1569
Compiling module xil_defaultlib.RAM32X1S_HD1570
Compiling module xil_defaultlib.RAM32X1S_HD1571
Compiling module xil_defaultlib.RAM32X1S_HD1572
Compiling module xil_defaultlib.RAM32X1S_HD1573
Compiling module xil_defaultlib.RAM32X1S_HD1574
Compiling module xil_defaultlib.RAM32X1S_HD1575
Compiling module xil_defaultlib.RAM32X1S_HD1576
Compiling module xil_defaultlib.RAM32X1S_HD1577
Compiling module xil_defaultlib.RAM32X1S_HD1578
Compiling module xil_defaultlib.RAM32X1S_HD1579
Compiling module xil_defaultlib.RAM32X1S_HD1580
Compiling module xil_defaultlib.RAM32X1S_HD1581
Compiling module xil_defaultlib.RAM32X1S_HD1582
Compiling module xil_defaultlib.RAM32X1S_HD1583
Compiling module xil_defaultlib.RAM32X1S_HD1584
Compiling module xil_defaultlib.RAM32X1S_HD1585
Compiling module xil_defaultlib.RAM32X1S_HD1586
Compiling module xil_defaultlib.RAM32X1S_HD1587
Compiling module xil_defaultlib.RAM32X1S_HD1588
Compiling module xil_defaultlib.RAM32X1S_HD1589
Compiling module xil_defaultlib.RAM32X1S_HD1590
Compiling module xil_defaultlib.RAM32X1S_HD1591
Compiling module xil_defaultlib.RAM32X1S_HD1592
Compiling module xil_defaultlib.RAM32X1S_HD1593
Compiling module xil_defaultlib.RAM32X1S_HD1594
Compiling module xil_defaultlib.RAM32X1S_HD1595
Compiling module xil_defaultlib.RAM32X1S_HD1596
Compiling module xil_defaultlib.RAM32X1S_HD1597
Compiling module xil_defaultlib.RAM32X1S_HD1598
Compiling module xil_defaultlib.RAM32X1S_HD1599
Compiling module xil_defaultlib.RAM32X1S_HD1600
Compiling module xil_defaultlib.RAM32X1S_HD1601
Compiling module xil_defaultlib.RAM32X1S_HD1602
Compiling module xil_defaultlib.RAM32X1S_HD1603
Compiling module xil_defaultlib.RAM32X1S_HD1604
Compiling module xil_defaultlib.RAM32X1S_HD1605
Compiling module xil_defaultlib.RAM32X1S_HD1606
Compiling module xil_defaultlib.RAM32X1S_HD1607
Compiling module xil_defaultlib.RAM32X1S_HD1608
Compiling module xil_defaultlib.RAM32X1S_HD1609
Compiling module xil_defaultlib.RAM32X1S_HD1610
Compiling module xil_defaultlib.RAM32X1S_HD1611
Compiling module xil_defaultlib.RAM32X1S_HD1612
Compiling module xil_defaultlib.RAM32X1S_HD1613
Compiling module xil_defaultlib.RAM32X1S_HD1614
Compiling module xil_defaultlib.RAM32X1S_HD1615
Compiling module xil_defaultlib.RAM32X1S_HD1616
Compiling module xil_defaultlib.RAM32X1S_HD1617
Compiling module xil_defaultlib.RAM32X1S_HD1618
Compiling module xil_defaultlib.RAM32X1S_HD1619
Compiling module xil_defaultlib.RAM32X1S_HD1620
Compiling module xil_defaultlib.RAM32X1S_HD1621
Compiling module xil_defaultlib.RAM32X1S_HD1622
Compiling module xil_defaultlib.RAM32X1S_HD1623
Compiling module xil_defaultlib.RAM32X1S_HD1624
Compiling module xil_defaultlib.RAM32X1S_HD1625
Compiling module xil_defaultlib.RAM32X1S_HD1626
Compiling module xil_defaultlib.RAM32X1S_HD1627
Compiling module xil_defaultlib.RAM32X1S_HD1628
Compiling module xil_defaultlib.RAM32X1S_HD1629
Compiling module xil_defaultlib.RAM32X1S_HD1630
Compiling module xil_defaultlib.RAM32X1S_HD1631
Compiling module xil_defaultlib.RAM32X1S_HD1632
Compiling module xil_defaultlib.RAM32X1S_HD1633
Compiling module xil_defaultlib.RAM32X1S_HD1634
Compiling module xil_defaultlib.RAM32X1S_HD1635
Compiling module xil_defaultlib.RAM32X1S_HD1636
Compiling module xil_defaultlib.RAM32X1S_HD1637
Compiling module xil_defaultlib.RAM32X1S_HD1638
Compiling module xil_defaultlib.RAM32X1S_HD1639
Compiling module xil_defaultlib.RAM32X1S_HD1640
Compiling module xil_defaultlib.RAM32X1S_HD1641
Compiling module xil_defaultlib.RAM32X1S_HD1642
Compiling module xil_defaultlib.RAM32X1S_HD1643
Compiling module xil_defaultlib.RAM32X1S_HD1644
Compiling module xil_defaultlib.RAM32X1S_HD1645
Compiling module xil_defaultlib.RAM32X1S_HD1646
Compiling module xil_defaultlib.RAM32X1S_HD1647
Compiling module xil_defaultlib.RAM32X1S_HD1648
Compiling module xil_defaultlib.RAM32X1S_HD1649
Compiling module xil_defaultlib.RAM32X1S_HD1650
Compiling module xil_defaultlib.RAM32X1S_HD1651
Compiling module xil_defaultlib.RAM32X1S_HD1652
Compiling module xil_defaultlib.RAM32X1S_HD1653
Compiling module xil_defaultlib.RAM32X1S_HD1654
Compiling module xil_defaultlib.RAM32X1S_HD1655
Compiling module xil_defaultlib.RAM32X1S_HD1656
Compiling module xil_defaultlib.RAM32X1S_HD1657
Compiling module xil_defaultlib.RAM32X1S_HD1658
Compiling module xil_defaultlib.RAM32X1S_HD1659
Compiling module xil_defaultlib.RAM32X1S_HD1660
Compiling module xil_defaultlib.RAM32X1S_HD1661
Compiling module xil_defaultlib.RAM32X1S_HD1662
Compiling module xil_defaultlib.RAM32X1S_HD1663
Compiling module xil_defaultlib.RAM32X1S_HD1664
Compiling module xil_defaultlib.RAM32X1S_HD1665
Compiling module xil_defaultlib.RAM32X1S_HD1666
Compiling module xil_defaultlib.RAM32X1S_HD1667
Compiling module xil_defaultlib.RAM32X1S_HD1668
Compiling module xil_defaultlib.RAM32X1S_HD1669
Compiling module xil_defaultlib.RAM32X1S_HD1670
Compiling module xil_defaultlib.RAM32X1S_HD1671
Compiling module xil_defaultlib.RAM32X1S_HD1672
Compiling module xil_defaultlib.RAM32X1S_HD1673
Compiling module xil_defaultlib.RAM32X1S_HD1674
Compiling module xil_defaultlib.RAM32X1S_HD1675
Compiling module xil_defaultlib.RAM32X1S_HD1676
Compiling module xil_defaultlib.RAM32X1S_HD1677
Compiling module xil_defaultlib.RAM32X1S_HD1678
Compiling module xil_defaultlib.RAM32X1S_HD1679
Compiling module xil_defaultlib.RAM32X1S_HD1680
Compiling module xil_defaultlib.RAM32X1S_HD1681
Compiling module xil_defaultlib.RAM32X1S_HD1682
Compiling module xil_defaultlib.RAM32X1S_HD1683
Compiling module xil_defaultlib.RAM32X1S_HD1684
Compiling module xil_defaultlib.RAM32X1S_HD1685
Compiling module xil_defaultlib.RAM32X1S_HD1686
Compiling module xil_defaultlib.RAM32X1S_HD1687
Compiling module xil_defaultlib.RAM32X1S_HD1688
Compiling module xil_defaultlib.RAM32X1S_HD1689
Compiling module xil_defaultlib.RAM32X1S_HD1690
Compiling module xil_defaultlib.RAM32X1S_HD1691
Compiling module xil_defaultlib.RAM32X1S_HD1692
Compiling module xil_defaultlib.RAM32X1S_HD1693
Compiling module xil_defaultlib.RAM32X1S_HD1694
Compiling module xil_defaultlib.RAM32X1S_HD1695
Compiling module xil_defaultlib.RAM32X1S_HD1696
Compiling module xil_defaultlib.RAM32X1S_HD1697
Compiling module xil_defaultlib.RAM32X1S_HD1698
Compiling module xil_defaultlib.RAM32X1S_HD1699
Compiling module xil_defaultlib.RAM32X1S_HD1700
Compiling module xil_defaultlib.RAM32X1S_HD1701
Compiling module xil_defaultlib.RAM32X1S_HD1702
Compiling module xil_defaultlib.RAM32X1S_HD1703
Compiling module xil_defaultlib.RAM32X1S_HD1704
Compiling module xil_defaultlib.xilinx_single_port_ram_no_change
Compiling module xil_defaultlib.RAM_Pre_Computed_Vector
Compiling module xil_defaultlib.SIPO_buffer
Compiling module xil_defaultlib.counter_3b__1
Compiling module xil_defaultlib.counter_3b__2
Compiling module xil_defaultlib.counter_3b__3
Compiling module xil_defaultlib.counter_3b__4
Compiling module xil_defaultlib.counter_3b__5
Compiling module xil_defaultlib.counter_3b
Compiling module xil_defaultlib.Voting_w_ce
Compiling module xil_defaultlib.PL_CLASSIFIER_w_VOTING
Compiling architecture rtl of entity xil_defaultlib.AXIS_BRAM_mng [axis_bram_mng_default]
Compiling architecture rtl of entity xil_defaultlib.SIPO_shift_reg_w_full [sipo_shift_reg_w_full_default]
Compiling architecture rtl of entity xil_defaultlib.axis_to_bram_PCV [axis_to_bram_pcv_default]
Compiling architecture rtl of entity xil_defaultlib.SIPO_shift_reg_w_full [\SIPO_shift_reg_w_full(depth=1,n...]
Compiling architecture rtl of entity xil_defaultlib.axis_to_bram_Kernel [axis_to_bram_kernel_default]
Compiling architecture rtl of entity xil_defaultlib.SIPO_shift_reg_w_full [\SIPO_shift_reg_w_full(depth=1,n...]
Compiling architecture rtl of entity xil_defaultlib.axis_to_bram_Bias [axis_to_bram_bias_default]
Compiling architecture rtl of entity xil_defaultlib.DMA_MM2S [dma_mm2s_default]
Compiling architecture rtl of entity xil_defaultlib.DMA_MM2S_PCV [dma_mm2s_pcv_default]
Compiling architecture rtl of entity xil_defaultlib.DMA_MM2S_KERNEL [dma_mm2s_kernel_default]
Compiling architecture rtl of entity xil_defaultlib.DMA_MM2S_BIAS [dma_mm2s_bias_default]
Compiling architecture rtl of entity xil_defaultlib.TB_Tester [tb_tester_default]
Compiling architecture rtl of entity xil_defaultlib.tb_top_level
Built simulation snapshot TB_Top_Level_time_impl
